#
# A fatal error has been detected by the Java Runtime Environment:
#
#  EXCEPTION_ACCESS_VIOLATION (0xc0000005) at pc=0x0000000071619575, pid=8980, tid=0x00000000000058d0
#
# JRE version: Java(TM) SE Runtime Environment (8.0_92-b14) (build 1.8.0_92-b14)
# Java VM: Java HotSpot(TM) 64-Bit Server VM (25.92-b14 mixed mode windows-amd64 compressed oops)
# Problematic frame:
# V  [jvm.dll+0x129575]
#
# Failed to write core dump. Minidumps are not enabled by default on client versions of Windows
#
# If you would like to submit a bug report, please visit:
#   http://bugreport.java.com/bugreport/crash.jsp
#

---------------  T H R E A D  ---------------

Current thread (0x0000000019243000):  JavaThread "JDWP Transport Listener: dt_socket" daemon [_thread_in_vm, id=22736, stack(0x000000001abd0000,0x000000001acd0000)]

siginfo: ExceptionCode=0xc0000005, reading address 0x00003b656c626172

Registers:
RAX=0x000000001accf701, RBX=0x0000000019243000, RCX=0x00003b656c626172, RDX=0x0000000000000000
RSP=0x000000001accf780, RBP=0x00003b656c626172, RSI=0x000000001accf898, RDI=0x000000000282c9f0
R8 =0x0000000019243000, R9 =0x0000000000000029, R10=0x0000000000000000, R11=0x000000001accf9f4
R12=0x0000000000000000, R13=0x0000000019240578, R14=0x0000000000000000, R15=0x0000000000000000
RIP=0x0000000071619575, EFLAGS=0x0000000000010206

Top of Stack: (sp=0x000000001accf780)
0x000000001accf780:   0000000019243000 0000000019243000
0x000000001accf790:   000000001accf848 000000007181fbab
0x000000001accf7a0:   0000000019243000 000000007183c40d
0x000000001accf7b0:   0000000000000000 0000000071229155
0x000000001accf7c0:   000000001c56c8b8 000000007123291e
0x000000001accf7d0:   0000000019243000 0000000000000000
0x000000001accf7e0:   0000000000000000 0000000000000000
0x000000001accf7f0:   00003b656c626172 0000000071231a15
0x000000001accf800:   000000001accf898 000000001accf870
0x000000001accf810:   0000000000000001 000000001c56c8b8
0x000000001accf820:   00003b656c626172 00000000712153b3
0x000000001accf830:   000000001accf960 0000000000000001
0x000000001accf840:   0000000000000001 000000001c56c8b8
0x000000001accf850:   0000000000000001 0000000000000000
0x000000001accf860:   0000000000000000 0000000000000000
0x000000001accf870:   0000000000000001 0000000071215571 

Instructions: (pc=0x0000000071619575)
0x0000000071619555:   cc cc cc cc cc cc cc cc cc cc cc 48 83 ec 28 48
0x0000000071619565:   85 c9 75 07 33 c0 48 83 c4 28 c3 48 89 5c 24 20
0x0000000071619575:   48 8b 19 48 85 db 74 20 48 83 fb 37 74 1a 48 8b
0x0000000071619585:   13 48 8b cb ff 52 10 84 c0 74 0d 48 8b c3 48 8b 


Register to memory mapping:

RAX=0x000000001accf701 is pointing into the stack for thread: 0x0000000019243000
RBX=0x0000000019243000 is a thread
RCX=0x00003b656c626172 is an unknown value
RDX=0x0000000000000000 is an unknown value
RSP=0x000000001accf780 is pointing into the stack for thread: 0x0000000019243000
RBP=0x00003b656c626172 is an unknown value
RSI=0x000000001accf898 is pointing into the stack for thread: 0x0000000019243000
RDI=0x000000000282c9f0 is an unknown value
R8 =0x0000000019243000 is a thread
R9 =0x0000000000000029 is an unknown value
R10=0x0000000000000000 is an unknown value
R11=0x000000001accf9f4 is pointing into the stack for thread: 0x0000000019243000
R12=0x0000000000000000 is an unknown value
R13=0x0000000019240578 is an unknown value
R14=0x0000000000000000 is an unknown value
R15=0x0000000000000000 is an unknown value


Stack: [0x000000001abd0000,0x000000001acd0000],  sp=0x000000001accf780,  free space=1021k
Native frames: (J=compiled Java code, j=interpreted, Vv=VM code, C=native code)
V  [jvm.dll+0x129575]
V  [jvm.dll+0x34c40d]
C  [jdwp.dll+0x21a15]
C  [jdwp.dll+0x53b3]
C  [jdwp.dll+0x5571]
C  [jdwp.dll+0xf0a8]
C  [jdwp.dll+0x1f2d5]
C  [jdwp.dll+0x1f4aa]
V  [jvm.dll+0x1bc3e8]
V  [jvm.dll+0x244314]
V  [jvm.dll+0x29b34a]
C  [msvcr100.dll+0x21d9f]
C  [msvcr100.dll+0x21e3b]
C  [KERNEL32.DLL+0x17e94]
C  [ntdll.dll+0x6a251]


---------------  P R O C E S S  ---------------

Java Threads: ( => current thread )
  0x000000001caa9000 JavaThread "AS400 Read Daemon [system:172.16.10.15;job:510704/QUSER/QZDASOINIT]" daemon [_thread_in_native, id=8424, stack(0x00000000280a0000,0x00000000281a0000)]
  0x000000001caaa000 JavaThread "AS400 Read Daemon [system:172.16.10.15;job:510703/QUSER/QZDASOINIT]" daemon [_thread_in_native, id=23088, stack(0x0000000027fa0000,0x00000000280a0000)]
  0x000000001caa0000 JavaThread "AS400 Read Daemon [system:172.16.10.15;job:510701/QUSER/QZDASOINIT]" daemon [_thread_in_native, id=26968, stack(0x0000000027ea0000,0x0000000027fa0000)]
  0x000000001caa7000 JavaThread "AS400 Read Daemon [system:172.16.10.15;job:510702/QUSER/QZDASOINIT]" daemon [_thread_in_native, id=13924, stack(0x0000000027da0000,0x0000000027ea0000)]
  0x000000001caa6000 JavaThread "AS400 Read Daemon [system:172.16.10.15;job:510699/QUSER/QZDASOINIT]" daemon [_thread_in_native, id=18012, stack(0x0000000027ca0000,0x0000000027da0000)]
  0x000000001ca9e800 JavaThread "AS400 Read Daemon [system:172.16.10.15;job:510700/QUSER/QZDASOINIT]" daemon [_thread_in_native, id=20124, stack(0x0000000027ba0000,0x0000000027ca0000)]
  0x000000001ca9f800 JavaThread "AS400 Read Daemon [system:172.16.10.15;job:510697/QUSER/QZDASOINIT]" daemon [_thread_in_native, id=25692, stack(0x0000000027aa0000,0x0000000027ba0000)]
  0x000000001caa4800 JavaThread "AS400 Read Daemon [system:172.16.10.15;job:510698/QUSER/QZDASOINIT]" daemon [_thread_in_native, id=15508, stack(0x00000000279a0000,0x0000000027aa0000)]
  0x000000001caa1800 JavaThread "AS400 Read Daemon [system:172.16.10.15;job:510695/QUSER/QZDASOINIT]" daemon [_thread_in_native, id=12784, stack(0x00000000278a0000,0x00000000279a0000)]
  0x000000001caa5800 JavaThread "AS400 Read Daemon [system:172.16.10.15;job:510696/QUSER/QZDASOINIT]" daemon [_thread_in_native, id=26920, stack(0x00000000277a0000,0x00000000278a0000)]
  0x000000001caa4000 JavaThread "Abandoned connection cleanup thread" daemon [_thread_blocked, id=19424, stack(0x00000000275a0000,0x00000000276a0000)]
  0x000000001caa1000 JavaThread "Tomcat JDBC Pool Cleaner[414493378:1620398401906]" daemon [_thread_blocked, id=12056, stack(0x00000000274a0000,0x00000000275a0000)]
  0x000000001caa3000 JavaThread "DestroyJavaVM" [_thread_blocked, id=12668, stack(0x0000000002630000,0x0000000002730000)]
  0x000000001caa2800 JavaThread "http-nio-8080-AsyncTimeout" daemon [_thread_blocked, id=11032, stack(0x00000000271a0000,0x00000000272a0000)]
  0x0000000023b9b800 JavaThread "http-nio-8080-Acceptor-0" daemon [_thread_in_native, id=19952, stack(0x00000000270a0000,0x00000000271a0000)]
  0x0000000023ba1800 JavaThread "http-nio-8080-ClientPoller-1" daemon [_thread_in_native, id=10228, stack(0x0000000026fa0000,0x00000000270a0000)]
  0x0000000023b9f800 JavaThread "http-nio-8080-ClientPoller-0" daemon [_thread_in_native, id=11504, stack(0x0000000026ea0000,0x0000000026fa0000)]
  0x0000000023b9d000 JavaThread "http-nio-8080-exec-10" daemon [_thread_blocked, id=13672, stack(0x0000000026da0000,0x0000000026ea0000)]
  0x0000000023ba1000 JavaThread "http-nio-8080-exec-9" daemon [_thread_blocked, id=24612, stack(0x0000000026ca0000,0x0000000026da0000)]
  0x0000000023b9b000 JavaThread "http-nio-8080-exec-8" daemon [_thread_blocked, id=18260, stack(0x0000000026ba0000,0x0000000026ca0000)]
  0x0000000023ba0000 JavaThread "http-nio-8080-exec-7" daemon [_thread_blocked, id=16396, stack(0x0000000026aa0000,0x0000000026ba0000)]
  0x0000000020f4c000 JavaThread "http-nio-8080-exec-6" daemon [_thread_blocked, id=19364, stack(0x00000000269a0000,0x0000000026aa0000)]
  0x000000001b593000 JavaThread "http-nio-8080-exec-5" daemon [_thread_blocked, id=14420, stack(0x00000000258a0000,0x00000000259a0000)]
  0x0000000023da9000 JavaThread "http-nio-8080-exec-4" daemon [_thread_blocked, id=14968, stack(0x00000000257a0000,0x00000000258a0000)]
  0x000000001e6d8800 JavaThread "http-nio-8080-exec-3" daemon [_thread_blocked, id=27400, stack(0x00000000256a0000,0x00000000257a0000)]
  0x00000000216fc800 JavaThread "http-nio-8080-exec-2" daemon [_thread_blocked, id=15936, stack(0x00000000255a0000,0x00000000256a0000)]
  0x000000001d18d800 JavaThread "http-nio-8080-exec-1" daemon [_thread_blocked, id=11788, stack(0x00000000254a0000,0x00000000255a0000)]
  0x000000001cfcd000 JavaThread "NioBlockingSelector.BlockPoller-1" daemon [_thread_in_native, id=26500, stack(0x00000000253a0000,0x00000000254a0000)]
  0x0000000023e83800 JavaThread "container-0" [_thread_blocked, id=25456, stack(0x00000000252a0000,0x00000000253a0000)]
  0x0000000023cd2800 JavaThread "ContainerBackgroundProcessor[StandardEngine[Tomcat]]" daemon [_thread_blocked, id=24164, stack(0x0000000024f80000,0x0000000025080000)]
  0x000000001f5f9000 JavaThread "Log4j2-TF-6-Scheduled-2" daemon [_thread_blocked, id=26096, stack(0x000000001f780000,0x000000001f880000)]
  0x00000000195bd800 JavaThread "Service Thread" daemon [_thread_blocked, id=5704, stack(0x000000001bad0000,0x000000001bbd0000)]
  0x0000000019591800 JavaThread "C1 CompilerThread3" daemon [_thread_blocked, id=11128, stack(0x000000001b1d0000,0x000000001b2d0000)]
  0x0000000019591000 JavaThread "C2 CompilerThread2" daemon [_thread_blocked, id=21736, stack(0x000000001b0d0000,0x000000001b1d0000)]
  0x000000001958c000 JavaThread "C2 CompilerThread1" daemon [_thread_blocked, id=23016, stack(0x000000001afd0000,0x000000001b0d0000)]
  0x00000000195a1000 JavaThread "C2 CompilerThread0" daemon [_thread_blocked, id=20656, stack(0x000000001aed0000,0x000000001afd0000)]
  0x000000001924d800 JavaThread "JDWP Command Reader" daemon [_thread_in_native, id=12444, stack(0x000000001add0000,0x000000001aed0000)]
  0x000000001924a800 JavaThread "JDWP Event Helper Thread" daemon [_thread_blocked, id=12824, stack(0x000000001acd0000,0x000000001add0000)]
=>0x0000000019243000 JavaThread "JDWP Transport Listener: dt_socket" daemon [_thread_in_vm, id=22736, stack(0x000000001abd0000,0x000000001acd0000)]
  0x0000000019234800 JavaThread "Attach Listener" daemon [_thread_blocked, id=17012, stack(0x000000001a790000,0x000000001a890000)]
  0x0000000019233000 JavaThread "Signal Dispatcher" daemon [_thread_blocked, id=18620, stack(0x000000001a690000,0x000000001a790000)]
  0x0000000019223000 JavaThread "Finalizer" daemon [_thread_blocked, id=15860, stack(0x000000001a490000,0x000000001a590000)]
  0x0000000017b2d800 JavaThread "Reference Handler" daemon [_thread_blocked, id=22148, stack(0x000000001a390000,0x000000001a490000)]

Other Threads:
  0x0000000017b26800 VMThread [stack: 0x000000001a290000,0x000000001a390000] [id=26104]
  0x00000000195be800 WatcherThread [stack: 0x000000001bbd0000,0x000000001bcd0000] [id=14240]

VM state:not at safepoint (normal execution)

VM Mutex/Monitor currently owned by a thread: None

Heap:
 PSYoungGen      total 229376K, used 167082K [0x00000000d6700000, 0x00000000ea900000, 0x0000000100000000)
  eden space 216064K, 77% used [0x00000000d6700000,0x00000000e0a2aa78,0x00000000e3a00000)
  from space 13312K, 0% used [0x00000000e3a00000,0x00000000e3a00000,0x00000000e4700000)
  to   space 16384K, 0% used [0x00000000e9900000,0x00000000e9900000,0x00000000ea900000)
 ParOldGen       total 89600K, used 22968K [0x0000000083400000, 0x0000000088b80000, 0x00000000d6700000)
  object space 89600K, 25% used [0x0000000083400000,0x0000000084a6e310,0x0000000088b80000)
 Metaspace       used 41901K, capacity 42430K, committed 42624K, reserved 1087488K
  class space    used 5091K, capacity 5215K, committed 5248K, reserved 1048576K

Card table byte_map: [0x0000000011e60000,0x0000000012250000] byte_map_base: 0x0000000011a46000

Marking Bits: (ParMarkBitMap*) 0x0000000071d064f0
 Begin Bits: [0x0000000012ef0000, 0x0000000014e20000)
 End Bits:   [0x0000000014e20000, 0x0000000016d50000)

Polling page: 0x0000000000840000

CodeCache: size=245760Kb used=15151Kb max_used=16009Kb free=230608Kb
 bounds [0x0000000002aa0000, 0x0000000003a60000, 0x0000000011aa0000]
 total_blobs=4318 nmethods=3827 adapters=411
 compilation: enabled

Compilation events (10 events):
Event: 2852.923 Thread 0x0000000019591800 4580   !   3       org.apache.catalina.core.StandardContext::getLoader (38 bytes)
Event: 2852.924 Thread 0x0000000019591800 nmethod 4580 0x000000000339b350 code [0x000000000339b560, 0x000000000339bf78]
Event: 2912.924 Thread 0x0000000019591800 4581       3       java.lang.Thread::setContextClassLoader (27 bytes)
Event: 2912.925 Thread 0x0000000019591800 nmethod 4581 0x00000000031e9290 code [0x00000000031e9440, 0x00000000031e99d8]
Event: 2964.164 Thread 0x0000000019591000 4582   !   4       sun.misc.URLClassPath::check (123 bytes)
Event: 2964.166 Thread 0x0000000019591000 nmethod 4582 0x0000000002e20590 code [0x0000000002e206c0, 0x0000000002e20738]
Event: 3001.090 Thread 0x0000000019591800 4583       3       java.util.concurrent.ThreadPoolExecutor::workerCountOf (5 bytes)
Event: 3001.090 Thread 0x0000000019591800 nmethod 4583 0x000000000339b050 code [0x000000000339b1a0, 0x000000000339b2d0]
Event: 3121.094 Thread 0x0000000019591000 4584       4       java.lang.Thread::interrupted (8 bytes)
Event: 3121.095 Thread 0x0000000019591000 nmethod 4584 0x0000000002e1fa10 code [0x0000000002e1fb60, 0x0000000002e1fbe8]

GC Heap History (10 events):
Event: 1.311 GC heap before
{Heap before GC invocations=7 (full 1):
 PSYoungGen      total 139776K, used 5761K [0x00000000d6700000, 0x00000000df800000, 0x0000000100000000)
  eden space 131072K, 0% used [0x00000000d6700000,0x00000000d6700000,0x00000000de700000)
  from space 8704K, 66% used [0x00000000def80000,0x00000000df5207a8,0x00000000df800000)
  to   space 8704K, 0% used [0x00000000de700000,0x00000000de700000,0x00000000def80000)
 ParOldGen       total 86016K, used 3609K [0x0000000083400000, 0x0000000088800000, 0x00000000d6700000)
  object space 86016K, 4% used [0x0000000083400000,0x0000000083786480,0x0000000088800000)
 Metaspace       used 20959K, capacity 21164K, committed 21296K, reserved 1069056K
  class space    used 2555K, capacity 2630K, committed 2688K, reserved 1048576K
Event: 1.329 GC heap after
Heap after GC invocations=7 (full 1):
 PSYoungGen      total 139776K, used 0K [0x00000000d6700000, 0x00000000df800000, 0x0000000100000000)
  eden space 131072K, 0% used [0x00000000d6700000,0x00000000d6700000,0x00000000de700000)
  from space 8704K, 0% used [0x00000000def80000,0x00000000def80000,0x00000000df800000)
  to   space 8704K, 0% used [0x00000000de700000,0x00000000de700000,0x00000000def80000)
 ParOldGen       total 50688K, used 6087K [0x0000000083400000, 0x0000000086580000, 0x00000000d6700000)
  object space 50688K, 12% used [0x0000000083400000,0x00000000839f1d10,0x0000000086580000)
 Metaspace       used 20959K, capacity 21164K, committed 21296K, reserved 1069056K
  class space    used 2555K, capacity 2630K, committed 2688K, reserved 1048576K
}
Event: 2.054 GC heap before
{Heap before GC invocations=8 (full 1):
 PSYoungGen      total 139776K, used 131072K [0x00000000d6700000, 0x00000000df800000, 0x0000000100000000)
  eden space 131072K, 100% used [0x00000000d6700000,0x00000000de700000,0x00000000de700000)
  from space 8704K, 0% used [0x00000000def80000,0x00000000def80000,0x00000000df800000)
  to   space 8704K, 0% used [0x00000000de700000,0x00000000de700000,0x00000000def80000)
 ParOldGen       total 50688K, used 6087K [0x0000000083400000, 0x0000000086580000, 0x00000000d6700000)
  object space 50688K, 12% used [0x0000000083400000,0x00000000839f1d10,0x0000000086580000)
 Metaspace       used 26503K, capacity 26806K, committed 27008K, reserved 1073152K
  class space    used 3264K, capacity 3367K, committed 3456K, reserved 1048576K
Event: 2.061 GC heap after
Heap after GC invocations=8 (full 1):
 PSYoungGen      total 139776K, used 8237K [0x00000000d6700000, 0x00000000e5200000, 0x0000000100000000)
  eden space 131072K, 0% used [0x00000000d6700000,0x00000000d6700000,0x00000000de700000)
  from space 8704K, 94% used [0x00000000de700000,0x00000000def0b580,0x00000000def80000)
  to   space 9728K, 0% used [0x00000000e4880000,0x00000000e4880000,0x00000000e5200000)
 ParOldGen       total 50688K, used 6095K [0x0000000083400000, 0x0000000086580000, 0x00000000d6700000)
  object space 50688K, 12% used [0x0000000083400000,0x00000000839f3d10,0x0000000086580000)
 Metaspace       used 26503K, capacity 26806K, committed 27008K, reserved 1073152K
  class space    used 3264K, capacity 3367K, committed 3456K, reserved 1048576K
}
Event: 3.088 GC heap before
{Heap before GC invocations=9 (full 1):
 PSYoungGen      total 139776K, used 139309K [0x00000000d6700000, 0x00000000e5200000, 0x0000000100000000)
  eden space 131072K, 100% used [0x00000000d6700000,0x00000000de700000,0x00000000de700000)
  from space 8704K, 94% used [0x00000000de700000,0x00000000def0b580,0x00000000def80000)
  to   space 9728K, 0% used [0x00000000e4880000,0x00000000e4880000,0x00000000e5200000)
 ParOldGen       total 50688K, used 6095K [0x0000000083400000, 0x0000000086580000, 0x00000000d6700000)
  object space 50688K, 12% used [0x0000000083400000,0x00000000839f3d10,0x0000000086580000)
 Metaspace       used 31911K, capacity 32274K, committed 32512K, reserved 1077248K
  class space    used 3942K, capacity 4049K, committed 4096K, reserved 1048576K
Event: 3.099 GC heap after
Heap after GC invocations=9 (full 1):
 PSYoungGen      total 225792K, used 9712K [0x00000000d6700000, 0x00000000e5400000, 0x0000000100000000)
  eden space 216064K, 0% used [0x00000000d6700000,0x00000000d6700000,0x00000000e3a00000)
  from space 9728K, 99% used [0x00000000e4880000,0x00000000e51fc280,0x00000000e5200000)
  to   space 13312K, 0% used [0x00000000e3a00000,0x00000000e3a00000,0x00000000e4700000)
 ParOldGen       total 50688K, used 11489K [0x0000000083400000, 0x0000000086580000, 0x00000000d6700000)
  object space 50688K, 22% used [0x0000000083400000,0x0000000083f385f0,0x0000000086580000)
 Metaspace       used 31911K, capacity 32274K, committed 32512K, reserved 1077248K
  class space    used 3942K, capacity 4049K, committed 4096K, reserved 1048576K
}
Event: 3.782 GC heap before
{Heap before GC invocations=10 (full 1):
 PSYoungGen      total 225792K, used 141396K [0x00000000d6700000, 0x00000000e5400000, 0x0000000100000000)
  eden space 216064K, 60% used [0x00000000d6700000,0x00000000de7990b8,0x00000000e3a00000)
  from space 9728K, 99% used [0x00000000e4880000,0x00000000e51fc280,0x00000000e5200000)
  to   space 13312K, 0% used [0x00000000e3a00000,0x00000000e3a00000,0x00000000e4700000)
 ParOldGen       total 50688K, used 11489K [0x0000000083400000, 0x0000000086580000, 0x00000000d6700000)
  object space 50688K, 22% used [0x0000000083400000,0x0000000083f385f0,0x0000000086580000)
 Metaspace       used 34963K, capacity 35362K, committed 35456K, reserved 1081344K
  class space    used 4364K, capacity 4473K, committed 4480K, reserved 1048576K
Event: 3.793 GC heap after
Heap after GC invocations=10 (full 1):
 PSYoungGen      total 229376K, used 13303K [0x00000000d6700000, 0x00000000ea900000, 0x0000000100000000)
  eden space 216064K, 0% used [0x00000000d6700000,0x00000000d6700000,0x00000000e3a00000)
  from space 13312K, 99% used [0x00000000e3a00000,0x00000000e46fdc50,0x00000000e4700000)
  to   space 16384K, 0% used [0x00000000e9900000,0x00000000e9900000,0x00000000ea900000)
 ParOldGen       total 50688K, used 14376K [0x0000000083400000, 0x0000000086580000, 0x00000000d6700000)
  object space 50688K, 28% used [0x0000000083400000,0x000000008420a290,0x0000000086580000)
 Metaspace       used 34963K, capacity 35362K, committed 35456K, reserved 1081344K
  class space    used 4364K, capacity 4473K, committed 4480K, reserved 1048576K
}
Event: 3.793 GC heap before
{Heap before GC invocations=11 (full 2):
 PSYoungGen      total 229376K, used 13303K [0x00000000d6700000, 0x00000000ea900000, 0x0000000100000000)
  eden space 216064K, 0% used [0x00000000d6700000,0x00000000d6700000,0x00000000e3a00000)
  from space 13312K, 99% used [0x00000000e3a00000,0x00000000e46fdc50,0x00000000e4700000)
  to   space 16384K, 0% used [0x00000000e9900000,0x00000000e9900000,0x00000000ea900000)
 ParOldGen       total 50688K, used 14376K [0x0000000083400000, 0x0000000086580000, 0x00000000d6700000)
  object space 50688K, 28% used [0x0000000083400000,0x000000008420a290,0x0000000086580000)
 Metaspace       used 34963K, capacity 35362K, committed 35456K, reserved 1081344K
  class space    used 4364K, capacity 4473K, committed 4480K, reserved 1048576K
Event: 3.862 GC heap after
Heap after GC invocations=11 (full 2):
 PSYoungGen      total 229376K, used 0K [0x00000000d6700000, 0x00000000ea900000, 0x0000000100000000)
  eden space 216064K, 0% used [0x00000000d6700000,0x00000000d6700000,0x00000000e3a00000)
  from space 13312K, 0% used [0x00000000e3a00000,0x00000000e3a00000,0x00000000e4700000)
  to   space 16384K, 0% used [0x00000000e9900000,0x00000000e9900000,0x00000000ea900000)
 ParOldGen       total 89600K, used 22968K [0x0000000083400000, 0x0000000088b80000, 0x00000000d6700000)
  object space 89600K, 25% used [0x0000000083400000,0x0000000084a6e310,0x0000000088b80000)
 Metaspace       used 34963K, capacity 35362K, committed 35456K, reserved 1081344K
  class space    used 4364K, capacity 4473K, committed 4480K, reserved 1048576K
}

Deoptimization events (10 events):
Event: 183.030 Thread 0x000000001d18d800 Uncommon trap: reason=unhandled action=none pc=0x00000000039556b8 method=java.net.URLClassLoader.findClass(Ljava/lang/String;)Ljava/lang/Class; @ 44
Event: 183.031 Thread 0x000000001d18d800 Uncommon trap: reason=range_check action=none pc=0x0000000002e3979c method=sun.reflect.generics.parser.SignatureParser.current()C @ 34
Event: 183.031 Thread 0x000000001d18d800 Uncommon trap: reason=unhandled action=none pc=0x00000000039556b8 method=java.net.URLClassLoader.findClass(Ljava/lang/String;)Ljava/lang/Class; @ 44
Event: 183.031 Thread 0x000000001d18d800 Uncommon trap: reason=unhandled action=none pc=0x00000000039556b8 method=java.net.URLClassLoader.findClass(Ljava/lang/String;)Ljava/lang/Class; @ 44
Event: 183.033 Thread 0x000000001d18d800 Uncommon trap: reason=range_check action=none pc=0x0000000002e3979c method=sun.reflect.generics.parser.SignatureParser.current()C @ 34
Event: 183.034 Thread 0x000000001d18d800 Uncommon trap: reason=unhandled action=none pc=0x00000000039556b8 method=java.net.URLClassLoader.findClass(Ljava/lang/String;)Ljava/lang/Class; @ 44
Event: 183.036 Thread 0x000000001d18d800 Uncommon trap: reason=unhandled action=none pc=0x00000000039556b8 method=java.net.URLClassLoader.findClass(Ljava/lang/String;)Ljava/lang/Class; @ 44
Event: 183.036 Thread 0x000000001d18d800 Uncommon trap: reason=unhandled action=none pc=0x00000000039556b8 method=java.net.URLClassLoader.findClass(Ljava/lang/String;)Ljava/lang/Class; @ 44
Event: 232.260 Thread 0x00000000216fc800 Uncommon trap: reason=range_check action=make_not_entrant pc=0x0000000002ce4bc8 method=com.ibm.as400.access.DataStreamCompression.compressRLEInternal([BII[BIB)I @ 243
Event: 553.977 Thread 0x00000000216fc800 Uncommon trap: reason=bimorphic action=maybe_recompile pc=0x00000000038f2ac0 method=java.util.AbstractList$Itr.next()Ljava/lang/Object; @ 14

Internal exceptions (10 events):
Event: 58.673 Thread 0x000000001d18d800 Exception <a 'java/lang/ArrayIndexOutOfBoundsException': 39> (0x00000000db77ffb0) thrown at [D:\re\workspace\8-2-build-windows-amd64-cygwin\jdk8u92\6642\hotspot\src\share\vm\interpreter\interpreterRuntime.cpp, line 366]
Event: 58.673 Thread 0x000000001d18d800 Exception <a 'java/lang/ArrayIndexOutOfBoundsException': 58> (0x00000000db781918) thrown at [D:\re\workspace\8-2-build-windows-amd64-cygwin\jdk8u92\6642\hotspot\src\share\vm\interpreter\interpreterRuntime.cpp, line 366]
Event: 58.679 Thread 0x000000001d18d800 Exception <a 'java/lang/ArrayIndexOutOfBoundsException': 67> (0x00000000db870e58) thrown at [D:\re\workspace\8-2-build-windows-amd64-cygwin\jdk8u92\6642\hotspot\src\share\vm\interpreter\interpreterRuntime.cpp, line 366]
Event: 58.680 Thread 0x000000001d18d800 Exception <a 'java/lang/ArrayIndexOutOfBoundsException': 31> (0x00000000db887d68) thrown at [D:\re\workspace\8-2-build-windows-amd64-cygwin\jdk8u92\6642\hotspot\src\share\vm\interpreter\interpreterRuntime.cpp, line 366]
Event: 58.681 Thread 0x000000001d18d800 Exception <a 'java/lang/ArrayIndexOutOfBoundsException': 31> (0x00000000db88ba38) thrown at [D:\re\workspace\8-2-build-windows-amd64-cygwin\jdk8u92\6642\hotspot\src\share\vm\interpreter\interpreterRuntime.cpp, line 366]
Event: 58.681 Thread 0x000000001d18d800 Exception <a 'java/lang/ArrayIndexOutOfBoundsException': 31> (0x00000000db88f168) thrown at [D:\re\workspace\8-2-build-windows-amd64-cygwin\jdk8u92\6642\hotspot\src\share\vm\interpreter\interpreterRuntime.cpp, line 366]
Event: 183.021 Thread 0x000000001d18d800 Exception <a 'java/lang/ArrayIndexOutOfBoundsException': 66> (0x00000000e02614f0) thrown at [D:\re\workspace\8-2-build-windows-amd64-cygwin\jdk8u92\6642\hotspot\src\share\vm\interpreter\interpreterRuntime.cpp, line 366]
Event: 183.023 Thread 0x000000001d18d800 Exception <a 'java/lang/ArrayIndexOutOfBoundsException': 66> (0x00000000e02b17f0) thrown at [D:\re\workspace\8-2-build-windows-amd64-cygwin\jdk8u92\6642\hotspot\src\share\vm\interpreter\interpreterRuntime.cpp, line 366]
Event: 183.031 Thread 0x000000001d18d800 Exception <a 'java/lang/ArrayIndexOutOfBoundsException': 64> (0x00000000e0386828) thrown at [D:\re\workspace\8-2-build-windows-amd64-cygwin\jdk8u92\6642\hotspot\src\share\vm\interpreter\interpreterRuntime.cpp, line 366]
Event: 183.033 Thread 0x000000001d18d800 Exception <a 'java/lang/ArrayIndexOutOfBoundsException': 64> (0x00000000e03cf208) thrown at [D:\re\workspace\8-2-build-windows-amd64-cygwin\jdk8u92\6642\hotspot\src\share\vm\interpreter\interpreterRuntime.cpp, line 366]

Events (10 events):
Event: 553.977 Thread 0x00000000216fc800 DEOPT PACKING pc=0x00000000038f2ac0 sp=0x000000002569c650
Event: 553.977 Thread 0x00000000216fc800 DEOPT UNPACKING pc=0x0000000002ae582a sp=0x000000002569c5f0 mode 2
Event: 553.978 Executing VM operation: RevokeBias
Event: 553.978 Executing VM operation: RevokeBias done
Event: 553.979 Executing VM operation: RevokeBias
Event: 553.979 Executing VM operation: RevokeBias done
Event: 553.979 Executing VM operation: RevokeBias
Event: 553.979 Executing VM operation: RevokeBias done
Event: 3141.707 Executing VM operation: RedefineClasses
Event: 3141.748 Executing VM operation: RedefineClasses done


Dynamic libraries:
0x00007ff7c5c30000 - 0x00007ff7c5c67000 	C:\Program Files\Java\jre1.8.0_92\bin\javaw.exe
0x00007fff526b0000 - 0x00007fff5289d000 	C:\Windows\SYSTEM32\ntdll.dll
0x00007fff4f8e0000 - 0x00007fff4f993000 	C:\Windows\System32\KERNEL32.DLL
0x00007fff4e9e0000 - 0x00007fff4ec73000 	C:\Windows\System32\KERNELBASE.dll
0x00007fff52340000 - 0x00007fff523e3000 	C:\Windows\System32\ADVAPI32.dll
0x00007fff4fbb0000 - 0x00007fff4fc4e000 	C:\Windows\System32\msvcrt.dll
0x00007fff4fcb0000 - 0x00007fff4fd4e000 	C:\Windows\System32\sechost.dll
0x00007fff50100000 - 0x00007fff50222000 	C:\Windows\System32\RPCRT4.dll
0x00007fff523f0000 - 0x00007fff52587000 	C:\Windows\System32\USER32.dll
0x00007fff4e990000 - 0x00007fff4e9b0000 	C:\Windows\System32\win32u.dll
0x00007fff50c80000 - 0x00007fff50ca9000 	C:\Windows\System32\GDI32.dll
0x00007fff4f6f0000 - 0x00007fff4f88a000 	C:\Windows\System32\gdi32full.dll
0x00007fff4f5d0000 - 0x00007fff4f670000 	C:\Windows\System32\msvcp_win.dll
0x00007fff4e7e0000 - 0x00007fff4e8dc000 	C:\Windows\System32\ucrtbase.dll
0x00007fff44690000 - 0x00007fff44909000 	C:\Windows\WinSxS\amd64_microsoft.windows.common-controls_6595b64144ccf1df_6.0.17763.253_none_05b2388e0721fece\COMCTL32.dll
0x00007fff50230000 - 0x00007fff5055d000 	C:\Windows\System32\combase.dll
0x00007fff4f670000 - 0x00007fff4f6ee000 	C:\Windows\System32\bcryptPrimitives.dll
0x00007fff50cb0000 - 0x00007fff50cde000 	C:\Windows\System32\IMM32.DLL
0x00007fff15570000 - 0x00007fff15614000 	C:\Program Files\McAfee\Endpoint Security\Threat Prevention\Ips\EpMPApi.dll
0x00007fff4e780000 - 0x00007fff4e7d8000 	C:\Windows\System32\WINTRUST.dll
0x00007fff4e6b0000 - 0x00007fff4e6c2000 	C:\Windows\System32\MSASN1.dll
0x00007fff4f3f0000 - 0x00007fff4f5cb000 	C:\Windows\System32\CRYPT32.dll
0x0000000072570000 - 0x000000007257c000 	C:\Program Files\McAfee\Endpoint Security\Threat Prevention\Ips\EpMPThe.dll
0x0000000070b40000 - 0x0000000070c12000 	C:\Program Files\Java\jre1.8.0_92\bin\msvcr100.dll
0x00000000714f0000 - 0x0000000071d86000 	C:\Program Files\Java\jre1.8.0_92\bin\server\jvm.dll
0x00007fff4f9a0000 - 0x00007fff4f9a8000 	C:\Windows\System32\PSAPI.DLL
0x00007fff4c8a0000 - 0x00007fff4c8c4000 	C:\Windows\SYSTEM32\WINMM.dll
0x00007fff3bb70000 - 0x00007fff3bb79000 	C:\Windows\SYSTEM32\WSOCK32.dll
0x00007fff46b90000 - 0x00007fff46b9a000 	C:\Windows\SYSTEM32\VERSION.dll
0x00007fff50560000 - 0x00007fff505cd000 	C:\Windows\System32\WS2_32.dll
0x00007fff4c870000 - 0x00007fff4c89d000 	C:\Windows\SYSTEM32\WINMMBASE.dll
0x00007fff4f890000 - 0x00007fff4f8da000 	C:\Windows\System32\cfgmgr32.dll
0x0000000072180000 - 0x000000007218f000 	C:\Program Files\Java\jre1.8.0_92\bin\verify.dll
0x0000000072150000 - 0x0000000072179000 	C:\Program Files\Java\jre1.8.0_92\bin\java.dll
0x0000000071210000 - 0x0000000071245000 	C:\Program Files\Java\jre1.8.0_92\bin\jdwp.dll
0x00000000712f0000 - 0x00000000712f8000 	C:\Program Files\Java\jre1.8.0_92\bin\npt.dll
0x00000000711e0000 - 0x0000000071203000 	C:\Program Files\Java\jre1.8.0_92\bin\instrument.dll
0x0000000072130000 - 0x0000000072146000 	C:\Program Files\Java\jre1.8.0_92\bin\zip.dll
0x00007fff50ce0000 - 0x00007fff521cf000 	C:\Windows\System32\SHELL32.dll
0x00007fff4fa50000 - 0x00007fff4faf8000 	C:\Windows\System32\shcore.dll
0x00007fff4eca0000 - 0x00007fff4f3ea000 	C:\Windows\System32\windows.storage.dll
0x00007fff4e6f0000 - 0x00007fff4e714000 	C:\Windows\System32\profapi.dll
0x00007fff4e720000 - 0x00007fff4e77d000 	C:\Windows\System32\powrprof.dll
0x00000000027a0000 - 0x00000000027f2000 	C:\Windows\System32\shlwapi.dll
0x00007fff4e6d0000 - 0x00007fff4e6e1000 	C:\Windows\System32\kernel.appcore.dll
0x00007fff4ec80000 - 0x00007fff4ec97000 	C:\Windows\System32\cryptsp.dll
0x00000000712e0000 - 0x00000000712e9000 	C:\Program Files\Java\jre1.8.0_92\bin\dt_socket.dll
0x00007fff45ca0000 - 0x00007fff45cb6000 	C:\Windows\system32\napinsp.dll
0x00007fff45c80000 - 0x00007fff45c9a000 	C:\Windows\system32\pnrpnsp.dll
0x00007fff4dee0000 - 0x00007fff4df47000 	C:\Windows\System32\mswsock.dll
0x00007fff4dc80000 - 0x00007fff4dd46000 	C:\Windows\SYSTEM32\DNSAPI.dll
0x00007fff52590000 - 0x00007fff52598000 	C:\Windows\System32\NSI.dll
0x00007fff4dc40000 - 0x00007fff4dc7d000 	C:\Windows\SYSTEM32\IPHLPAPI.DLL
0x00007fff45bd0000 - 0x00007fff45bde000 	C:\Windows\System32\winrnr.dll
0x00007fff4bdf0000 - 0x00007fff4be0b000 	C:\Windows\system32\NLAapi.dll
0x00007fff45dd0000 - 0x00007fff45de5000 	C:\Windows\system32\wshbth.dll
0x00007fff49ba0000 - 0x00007fff49c19000 	C:\Windows\System32\fwpuclnt.dll
0x00007fff4e9b0000 - 0x00007fff4e9d6000 	C:\Windows\System32\bcrypt.dll
0x00007fff476d0000 - 0x00007fff476da000 	C:\Windows\System32\rasadhlp.dll
0x0000000071300000 - 0x000000007130d000 	C:\Program Files\Java\jre1.8.0_92\bin\management.dll
0x0000000072110000 - 0x000000007212a000 	C:\Program Files\Java\jre1.8.0_92\bin\net.dll
0x00000000720f0000 - 0x0000000072101000 	C:\Program Files\Java\jre1.8.0_92\bin\nio.dll
0x00007fff4daa0000 - 0x00007fff4dad3000 	C:\Windows\system32\rsaenh.dll
0x00007fff4e5e0000 - 0x00007fff4e608000 	C:\Windows\SYSTEM32\USERENV.dll
0x00007fff4e0b0000 - 0x00007fff4e0bc000 	C:\Windows\SYSTEM32\CRYPTBASE.dll
0x00007fff49b80000 - 0x00007fff49b96000 	C:\Windows\SYSTEM32\dhcpcsvc6.DLL
0x00007fff49b60000 - 0x00007fff49b7c000 	C:\Windows\SYSTEM32\dhcpcsvc.DLL
0x00007fff3ca30000 - 0x00007fff3cc1d000 	C:\Windows\SYSTEM32\dbghelp.dll

VM Arguments:
jvm_args: -agentlib:jdwp=transport=dt_socket,suspend=y,address=localhost:62652 -javaagent:E:\UtahHousingCorp-MGLD\eclipse-jee-2019-12-R-win32-x86_64\eclipse\configuration\org.eclipse.osgi\411\0\.cp\lib\javaagent-shaded.jar -Dfile.encoding=UTF-8 
java_command: org.uhc.PhonePayAPIApplication
java_class_path (initial): E:\UtahHousingCorp-MGLD\PhonePayWorkspace_12April\PhonePayBackend\target\classes;C:\Users\pradeepy\.m2\repository\org\springframework\boot\spring-boot-starter-web\1.5.6.RELEASE\spring-boot-starter-web-1.5.6.RELEASE.jar;C:\Users\pradeepy\.m2\repository\org\springframework\boot\spring-boot-starter\1.5.6.RELEASE\spring-boot-starter-1.5.6.RELEASE.jar;C:\Users\pradeepy\.m2\repository\org\springframework\boot\spring-boot\1.5.6.RELEASE\spring-boot-1.5.6.RELEASE.jar;C:\Users\pradeepy\.m2\repository\org\springframework\boot\spring-boot-autoconfigure\1.5.6.RELEASE\spring-boot-autoconfigure-1.5.6.RELEASE.jar;C:\Users\pradeepy\.m2\repository\org\yaml\snakeyaml\1.17\snakeyaml-1.17.jar;C:\Users\pradeepy\.m2\repository\org\hibernate\hibernate-validator\5.3.5.Final\hibernate-validator-5.3.5.Final.jar;C:\Users\pradeepy\.m2\repository\javax\validation\validation-api\1.1.0.Final\validation-api-1.1.0.Final.jar;C:\Users\pradeepy\.m2\repository\org\jboss\logging\jboss-logging\3.3.1.Final\jboss-logging-3.3.1.Final.jar;C:\Users\pradeepy\.m2\repository\com\fasterxml\classmate\1.3.3\classmate-1.3.3.jar;C:\Users\pradeepy\.m2\repository\com\fasterxml\jackson\core\jackson-databind\2.8.9\jackson-databind-2.8.9.jar;C:\Users\pradeepy\.m2\repository\com\fasterxml\jackson\core\jackson-annotations\2.8.0\jackson-annotations-2.8.0.jar;C:\Users\pradeepy\.m2\repository\com\fasterxml\jackson\core\jackson-core\2.8.9\jackson-core-2.8.9.jar;C:\Users\pradeepy\.m2\repository\org\springframework\spring-web\4.3.10.RELEASE\spring-web-4.3.10.RELEASE.jar;C:\Users\pradeepy\.m2\repository\org\springframework\spring-beans\4.3.10.RELEASE\spring-beans-4.3.10.RELEASE.jar;C:\Users\pradeepy\.m2\repository\org\springframework\spring-context\4.3.10.RELEASE\spring-context-4.3.10.RELEASE.jar;C:\Users\pradeepy\.m2\repository\org\springframework\spring-webmvc\4.3.10.RELEASE\spring-webmvc-4.3.10.RELEASE.jar;C:\Users\pradeepy\.m2\repository\org\springframework\spring-expression\4.3.10.RELEASE\spring-ex
Launcher Type: SUN_STANDARD

Environment Variables:
JAVA_HOME=C:\Program Files\Java\jdk1.8.0_92
CLASSPATH=.;C:\PROGRA~1\IBM\SQLLIB\java\db2java.zip;C:\PROGRA~1\IBM\SQLLIB\java\db2jcc.jar;C:\PROGRA~1\IBM\SQLLIB\java\sqlj.zip;C:\PROGRA~1\IBM\SQLLIB\java\db2jcc_license_cu.jar;C:\PROGRA~1\IBM\SQLLIB\bin;C:\PROGRA~1\IBM\SQLLIB\java\common.jar
PATH=C:/Program Files/Java/jre1.8.0_92/bin/server;C:/Program Files/Java/jre1.8.0_92/bin;C:/Program Files/Java/jre1.8.0_92/lib/amd64;C:\ProgramData\Oracle\Java\javapath;C:\Windows\system32;C:\Windows;C:\Windows\System32\Wbem;C:\Windows\System32\WindowsPowerShell\v1.0\;C:\Windows\System32\OpenSSH\;C:\Program Files\Microsoft SQL Server\120\Tools\Binn\;C:\Program Files\Microsoft SQL Server\Client SDK\ODBC\110\Tools\Binn\;C:\Program Files (x86)\Microsoft SQL Server\120\Tools\Binn\;C:\Program Files\Microsoft SQL Server\120\DTS\Binn\;C:\Program Files (x86)\Microsoft SQL Server\120\Tools\Binn\ManagementStudio\;C:\Program Files (x86)\Microsoft SQL Server\120\DTS\Binn\;C:\Program Files\Java\jdk1.8.0_92\bin;C:\Program Files\TortoiseSVN\bin;C:\Program Files\nodejs\;C:\Program Files\ibm\gsk8\lib64;C:\Program Files (x86)\ibm\gsk8\lib;C:\PROGRA~1\IBM\SQLLIB\BIN;C:\PROGRA~1\IBM\SQLLIB\FUNCTION;C:\PROGRA~1\IBM\SQLLIB\SAMPLES\REPL;C:\Users\pradeepy\AppData\Local\Microsoft\WindowsApps;C:\Users\pradeepy\AppData\Roaming\npm;C:\Users\pradeepy\AppData\Local\Programs\Microsoft VS Code\bin;C:\Users\pradeepy\AppData\Local\Programs\Git\cmd;E:\UtahHousingCorp-MGLD\eclipse-jee-2019-12-R-win32-x86_64\eclipse;
USERNAME=pradeepy
OS=Windows_NT
PROCESSOR_IDENTIFIER=Intel64 Family 6 Model 158 Stepping 10, GenuineIntel



---------------  S Y S T E M  ---------------

OS: Windows 10.0 , 64 bit Build 17763 (10.0.17763.1)

CPU:total 12 (6 cores per cpu, 2 threads per core) family 6 model 158 stepping 10, cmov, cx8, fxsr, mmx, sse, sse2, sse3, ssse3, sse4.1, sse4.2, popcnt, avx, avx2, aes, clmul, erms, rtm, 3dnowpref, lzcnt, ht, tsc, tscinvbit, bmi1, bmi2, adx

Memory: 4k page, physical 8168860k(1640596k free), swap 17601144k(2930296k free)

vm_info: Java HotSpot(TM) 64-Bit Server VM (25.92-b14) for windows-amd64 JRE (1.8.0_92-b14), built on Mar 31 2016 21:03:04 by "java_re" with MS VC++ 10.0 (VS2010)

time: Fri May 07 21:01:24 2021
elapsed time: 3141 seconds (0d 0h 52m 21s)

