#
# A fatal error has been detected by the Java Runtime Environment:
#
#  EXCEPTION_ACCESS_VIOLATION (0xc0000005) at pc=0x0000000071619575, pid=22684, tid=0x00000000000056f0
#
# JRE version: Java(TM) SE Runtime Environment (8.0_92-b14) (build 1.8.0_92-b14)
# Java VM: Java HotSpot(TM) 64-Bit Server VM (25.92-b14 mixed mode windows-amd64 compressed oops)
# Problematic frame:
# V  [jvm.dll+0x129575]
#
# Failed to write core dump. Minidumps are not enabled by default on client versions of Windows
#
# If you would like to submit a bug report, please visit:
#   http://bugreport.java.com/bugreport/crash.jsp
#

---------------  T H R E A D  ---------------

Current thread (0x00000000191b3000):  JavaThread "JDWP Transport Listener: dt_socket" daemon [_thread_in_vm, id=22256, stack(0x000000001ab40000,0x000000001ac40000)]

siginfo: ExceptionCode=0xc0000005, reading address 0xffffffffffffffff

Registers:
RAX=0x000000001ac3f801, RBX=0x00000000191b3000, RCX=0x6574616369666900, RDX=0x0000000000000000
RSP=0x000000001ac3f7c0, RBP=0x6574616369666900, RSI=0x000000001ac3f8d8, RDI=0x000000000281c9f0
R8 =0x00000000191b3000, R9 =0x0000000000008000, R10=0x0000000000000000, R11=0x000000002206bd36
R12=0x0000000000000000, R13=0x00000000191b0578, R14=0x0000000000000000, R15=0x0000000000000000
RIP=0x0000000071619575, EFLAGS=0x0000000000010206

Top of Stack: (sp=0x000000001ac3f7c0)
0x000000001ac3f7c0:   00000000191b3000 00000000191b3000
0x000000001ac3f7d0:   000000001ac3f888 000000007181fbab
0x000000001ac3f7e0:   00000000191b3000 000000007183c40d
0x000000001ac3f7f0:   0000000000000000 0000000071229155
0x000000001ac3f800:   000000001f530530 000000007123291e
0x000000001ac3f810:   00000000191b3000 0000000000000000
0x000000001ac3f820:   0000000000000000 0000000000000000
0x000000001ac3f830:   6574616369666900 0000000071231a15
0x000000001ac3f840:   000000001ac3f8d8 000000001ac3f8b0
0x000000001ac3f850:   0000000000000001 000000001f530530
0x000000001ac3f860:   6574616369666900 00000000712153b3
0x000000001ac3f870:   000000001ac3f9a0 0000000000000001
0x000000001ac3f880:   0000000000000001 000000001f530530
0x000000001ac3f890:   0000000000000001 0000000000000000
0x000000001ac3f8a0:   0000000000000000 0000000000000000
0x000000001ac3f8b0:   0000000000000001 0000000071215571 

Instructions: (pc=0x0000000071619575)
0x0000000071619555:   cc cc cc cc cc cc cc cc cc cc cc 48 83 ec 28 48
0x0000000071619565:   85 c9 75 07 33 c0 48 83 c4 28 c3 48 89 5c 24 20
0x0000000071619575:   48 8b 19 48 85 db 74 20 48 83 fb 37 74 1a 48 8b
0x0000000071619585:   13 48 8b cb ff 52 10 84 c0 74 0d 48 8b c3 48 8b 


Register to memory mapping:

RAX=0x000000001ac3f801 is pointing into the stack for thread: 0x00000000191b3000
RBX=0x00000000191b3000 is a thread
RCX=0x6574616369666900 is an unknown value
RDX=0x0000000000000000 is an unknown value
RSP=0x000000001ac3f7c0 is pointing into the stack for thread: 0x00000000191b3000
RBP=0x6574616369666900 is an unknown value
RSI=0x000000001ac3f8d8 is pointing into the stack for thread: 0x00000000191b3000
RDI=0x000000000281c9f0 is an unknown value
R8 =0x00000000191b3000 is a thread
R9 =0x0000000000008000 is an unknown value
R10=0x0000000000000000 is an unknown value
R11=0x000000002206bd36 is an unknown value
R12=0x0000000000000000 is an unknown value
R13=0x00000000191b0578 is an unknown value
R14=0x0000000000000000 is an unknown value
R15=0x0000000000000000 is an unknown value


Stack: [0x000000001ab40000,0x000000001ac40000],  sp=0x000000001ac3f7c0,  free space=1021k
Native frames: (J=compiled Java code, j=interpreted, Vv=VM code, C=native code)
V  [jvm.dll+0x129575]
V  [jvm.dll+0x34c40d]
C  [jdwp.dll+0x21a15]
C  [jdwp.dll+0x53b3]
C  [jdwp.dll+0x5571]
C  [jdwp.dll+0xf0a8]
C  [jdwp.dll+0x1f2d5]
C  [jdwp.dll+0x1f4aa]
V  [jvm.dll+0x1bc3e8]
V  [jvm.dll+0x244314]
V  [jvm.dll+0x29b34a]
C  [msvcr100.dll+0x21d9f]
C  [msvcr100.dll+0x21e3b]
C  [KERNEL32.DLL+0x17e94]
C  [ntdll.dll+0x6a251]


---------------  P R O C E S S  ---------------

Java Threads: ( => current thread )
  0x0000000025776000 JavaThread "AS400 Read Daemon [system:172.16.10.15;job:510156/QUSER/QZDASOINIT]" daemon [_thread_in_native, id=16972, stack(0x000000002bc90000,0x000000002bd90000)]
  0x0000000025768800 JavaThread "AS400 Read Daemon [system:172.16.10.15;job:510153/QUSER/QZDASOINIT]" daemon [_thread_in_native, id=10364, stack(0x000000002bb90000,0x000000002bc90000)]
  0x000000002576f800 JavaThread "AS400 Read Daemon [system:172.16.10.15;job:510154/QUSER/QZDASOINIT]" daemon [_thread_in_native, id=5580, stack(0x000000002ba90000,0x000000002bb90000)]
  0x0000000025767800 JavaThread "AS400 Read Daemon [system:172.16.10.15;job:510151/QUSER/QZDASOINIT]" daemon [_thread_in_native, id=25192, stack(0x000000002b990000,0x000000002ba90000)]
  0x000000002576d800 JavaThread "AS400 Read Daemon [system:172.16.10.15;job:510152/QUSER/QZDASOINIT]" daemon [_thread_in_native, id=26056, stack(0x000000002b690000,0x000000002b790000)]
  0x000000002576d000 JavaThread "AS400 Read Daemon [system:172.16.10.15;job:510149/QUSER/QZDASOINIT]" daemon [_thread_in_native, id=27612, stack(0x000000002b590000,0x000000002b690000)]
  0x000000002576e800 JavaThread "AS400 Read Daemon [system:172.16.10.15;job:510150/QUSER/QZDASOINIT]" daemon [_thread_in_native, id=23264, stack(0x000000002b490000,0x000000002b590000)]
  0x000000002576c000 JavaThread "AS400 Read Daemon [system:172.16.10.15;job:510143/QUSER/QZDASOINIT]" daemon [_thread_in_native, id=16564, stack(0x000000002b390000,0x000000002b490000)]
  0x000000002576b800 JavaThread "AS400 Read Daemon [system:172.16.10.15;job:510141/QUSER/QZDASOINIT]" daemon [_thread_in_native, id=17520, stack(0x000000002b290000,0x000000002b390000)]
  0x0000000025767000 JavaThread "AS400 Read Daemon [system:172.16.10.15;job:510140/QUSER/QZDASOINIT]" daemon [_thread_in_native, id=22900, stack(0x000000002b190000,0x000000002b290000)]
  0x0000000025769000 JavaThread "Abandoned connection cleanup thread" daemon [_thread_blocked, id=18312, stack(0x000000002acc0000,0x000000002adc0000)]
  0x000000002576a800 JavaThread "Tomcat JDBC Pool Cleaner[414493378:1620212335185]" daemon [_thread_blocked, id=27300, stack(0x000000002abc0000,0x000000002acc0000)]
  0x000000002576a000 JavaThread "DestroyJavaVM" [_thread_blocked, id=22368, stack(0x0000000002570000,0x0000000002670000)]
  0x000000002034b000 JavaThread "http-nio-8080-AsyncTimeout" daemon [_thread_blocked, id=8896, stack(0x000000002a8c0000,0x000000002a9c0000)]
  0x0000000020351800 JavaThread "http-nio-8080-Acceptor-0" daemon [_thread_in_native, id=17700, stack(0x000000002a7c0000,0x000000002a8c0000)]
  0x000000002034e000 JavaThread "http-nio-8080-ClientPoller-1" daemon [_thread_in_native, id=14816, stack(0x00000000280d0000,0x00000000281d0000)]
  0x0000000020351000 JavaThread "http-nio-8080-ClientPoller-0" daemon [_thread_in_native, id=17748, stack(0x0000000027fd0000,0x00000000280d0000)]
  0x0000000020350000 JavaThread "http-nio-8080-exec-10" daemon [_thread_blocked, id=15908, stack(0x0000000027ed0000,0x0000000027fd0000)]
  0x000000002034e800 JavaThread "http-nio-8080-exec-9" daemon [_thread_blocked, id=24184, stack(0x0000000026d50000,0x0000000026e50000)]
  0x000000002034b800 JavaThread "http-nio-8080-exec-8" daemon [_thread_blocked, id=2508, stack(0x0000000026c50000,0x0000000026d50000)]
  0x000000002034d000 JavaThread "http-nio-8080-exec-7" daemon [_thread_blocked, id=15672, stack(0x0000000026b50000,0x0000000026c50000)]
  0x000000002034f800 JavaThread "http-nio-8080-exec-6" daemon [_thread_blocked, id=25528, stack(0x0000000026a50000,0x0000000026b50000)]
  0x000000002034c800 JavaThread "http-nio-8080-exec-5" daemon [_thread_blocked, id=17136, stack(0x0000000026950000,0x0000000026a50000)]
  0x000000001b561800 JavaThread "http-nio-8080-exec-4" daemon [_thread_blocked, id=18816, stack(0x0000000026850000,0x0000000026950000)]
  0x000000001d1aa000 JavaThread "http-nio-8080-exec-3" daemon [_thread_blocked, id=16224, stack(0x0000000026750000,0x0000000026850000)]
  0x000000001d5d3000 JavaThread "http-nio-8080-exec-2" daemon [_thread_blocked, id=14448, stack(0x0000000026650000,0x0000000026750000)]
  0x00000000259dc800 JavaThread "http-nio-8080-exec-1" daemon [_thread_blocked, id=11508, stack(0x0000000026550000,0x0000000026650000)]
  0x0000000020310800 JavaThread "NioBlockingSelector.BlockPoller-1" daemon [_thread_in_native, id=15952, stack(0x00000000250d0000,0x00000000251d0000)]
  0x0000000020092800 JavaThread "container-0" [_thread_blocked, id=1008, stack(0x0000000022b20000,0x0000000022c20000)]
  0x000000001fcbb000 JavaThread "ContainerBackgroundProcessor[StandardEngine[Tomcat]]" daemon [_thread_blocked, id=10412, stack(0x0000000022a20000,0x0000000022b20000)]
  0x000000001c97e800 JavaThread "Log4j2-TF-6-Scheduled-2" daemon [_thread_blocked, id=8660, stack(0x000000001e590000,0x000000001e690000)]
  0x000000001952d800 JavaThread "Service Thread" daemon [_thread_blocked, id=10380, stack(0x000000001ba40000,0x000000001bb40000)]
  0x0000000019508000 JavaThread "C1 CompilerThread3" daemon [_thread_blocked, id=18504, stack(0x000000001b140000,0x000000001b240000)]
  0x0000000019507800 JavaThread "C2 CompilerThread2" daemon [_thread_blocked, id=18184, stack(0x000000001b040000,0x000000001b140000)]
  0x0000000019502800 JavaThread "C2 CompilerThread1" daemon [_thread_blocked, id=15576, stack(0x000000001af40000,0x000000001b040000)]
  0x00000000194fc800 JavaThread "C2 CompilerThread0" daemon [_thread_blocked, id=8028, stack(0x000000001ae40000,0x000000001af40000)]
  0x00000000191bd800 JavaThread "JDWP Command Reader" daemon [_thread_in_native, id=10772, stack(0x000000001ad40000,0x000000001ae40000)]
  0x00000000191ba800 JavaThread "JDWP Event Helper Thread" daemon [_thread_blocked, id=21124, stack(0x000000001ac40000,0x000000001ad40000)]
=>0x00000000191b3000 JavaThread "JDWP Transport Listener: dt_socket" daemon [_thread_in_vm, id=22256, stack(0x000000001ab40000,0x000000001ac40000)]
  0x00000000191a4800 JavaThread "Attach Listener" daemon [_thread_blocked, id=23744, stack(0x000000001a700000,0x000000001a800000)]
  0x00000000191a3000 JavaThread "Signal Dispatcher" daemon [_thread_blocked, id=18080, stack(0x000000001a600000,0x000000001a700000)]
  0x0000000019193000 JavaThread "Finalizer" daemon [_thread_blocked, id=19124, stack(0x000000001a400000,0x000000001a500000)]
  0x0000000017aad800 JavaThread "Reference Handler" daemon [_thread_blocked, id=1172, stack(0x000000001a300000,0x000000001a400000)]

Other Threads:
  0x0000000017aa6800 VMThread [stack: 0x000000001a200000,0x000000001a300000] [id=8544]
  0x000000001952e800 WatcherThread [stack: 0x000000001bb40000,0x000000001bc40000] [id=26512]

VM state:not at safepoint (normal execution)

VM Mutex/Monitor currently owned by a thread: None

Heap:
 PSYoungGen      total 232960K, used 192106K [0x00000000d6700000, 0x00000000eae00000, 0x0000000100000000)
  eden space 219648K, 87% used [0x00000000d6700000,0x00000000e229a890,0x00000000e3d80000)
  from space 13312K, 0% used [0x00000000e3d80000,0x00000000e3d80000,0x00000000e4a80000)
  to   space 16384K, 0% used [0x00000000e9e00000,0x00000000e9e00000,0x00000000eae00000)
 ParOldGen       total 87040K, used 22998K [0x0000000083400000, 0x0000000088900000, 0x00000000d6700000)
  object space 87040K, 26% used [0x0000000083400000,0x0000000084a759e0,0x0000000088900000)
 Metaspace       used 42986K, capacity 43576K, committed 43776K, reserved 1087488K
  class space    used 5117K, capacity 5262K, committed 5376K, reserved 1048576K

Card table byte_map: [0x0000000011de0000,0x00000000121d0000] byte_map_base: 0x00000000119c6000

Marking Bits: (ParMarkBitMap*) 0x0000000071d064f0
 Begin Bits: [0x0000000012e70000, 0x0000000014da0000)
 End Bits:   [0x0000000014da0000, 0x0000000016cd0000)

Polling page: 0x0000000000c80000

CodeCache: size=245760Kb used=19982Kb max_used=20009Kb free=225777Kb
 bounds [0x0000000002a20000, 0x0000000003dc0000, 0x0000000011a20000]
 total_blobs=5387 nmethods=4895 adapters=411
 compilation: enabled

Compilation events (10 events):
Event: 12220.120 Thread 0x0000000019508000 5782       1       java.util.Collections$EmptyMap::containsKey (2 bytes)
Event: 12220.121 Thread 0x0000000019508000 nmethod 5782 0x0000000003d92ed0 code [0x0000000003d93020, 0x0000000003d93130]
Event: 12220.121 Thread 0x0000000019508000 5783       3       org.springframework.web.util.UrlPathHelper::decodeAndCleanUriString (21 bytes)
Event: 12220.122 Thread 0x0000000019508000 nmethod 5783 0x0000000003da3b50 code [0x0000000003da3d00, 0x0000000003da4118]
Event: 12220.122 Thread 0x0000000019508000 5784       3       org.springframework.web.util.UrlPathHelper::removeSemicolonContent (21 bytes)
Event: 12220.122 Thread 0x0000000019508000 nmethod 5784 0x0000000003da36d0 code [0x0000000003da3840, 0x0000000003da3a78]
Event: 13204.946 Thread 0x0000000019507800 5785       4       java.net.URLStreamHandler::parseURL (1158 bytes)
Event: 13205.033 Thread 0x0000000019507800 nmethod 5785 0x0000000003db3550 code [0x0000000003db38a0, 0x0000000003db8050]
Event: 13597.076 Thread 0x0000000019502800 5786       4       java.util.TaskQueue::rescheduleMin (16 bytes)
Event: 13597.079 Thread 0x0000000019502800 nmethod 5786 0x0000000003dafc90 code [0x0000000003dafde0, 0x0000000003db01d8]

GC Heap History (10 events):
Event: 1.343 GC heap before
{Heap before GC invocations=7 (full 1):
 PSYoungGen      total 138752K, used 5665K [0x00000000d6700000, 0x00000000df700000, 0x0000000100000000)
  eden space 131072K, 0% used [0x00000000d6700000,0x00000000d6700000,0x00000000de700000)
  from space 7680K, 73% used [0x00000000def80000,0x00000000df5087a8,0x00000000df700000)
  to   space 8192K, 0% used [0x00000000de700000,0x00000000de700000,0x00000000def00000)
 ParOldGen       total 86016K, used 3589K [0x0000000083400000, 0x0000000088800000, 0x00000000d6700000)
  object space 86016K, 4% used [0x0000000083400000,0x0000000083781780,0x0000000088800000)
 Metaspace       used 20955K, capacity 21132K, committed 21296K, reserved 1069056K
  class space    used 2553K, capacity 2598K, committed 2688K, reserved 1048576K
Event: 1.359 GC heap after
Heap after GC invocations=7 (full 1):
 PSYoungGen      total 138752K, used 0K [0x00000000d6700000, 0x00000000df700000, 0x0000000100000000)
  eden space 131072K, 0% used [0x00000000d6700000,0x00000000d6700000,0x00000000de700000)
  from space 7680K, 0% used [0x00000000def80000,0x00000000def80000,0x00000000df700000)
  to   space 8192K, 0% used [0x00000000de700000,0x00000000de700000,0x00000000def00000)
 ParOldGen       total 50176K, used 6006K [0x0000000083400000, 0x0000000086500000, 0x00000000d6700000)
  object space 50176K, 11% used [0x0000000083400000,0x00000000839ddbd0,0x0000000086500000)
 Metaspace       used 20955K, capacity 21132K, committed 21296K, reserved 1069056K
  class space    used 2553K, capacity 2598K, committed 2688K, reserved 1048576K
}
Event: 2.126 GC heap before
{Heap before GC invocations=8 (full 1):
 PSYoungGen      total 138752K, used 131072K [0x00000000d6700000, 0x00000000df700000, 0x0000000100000000)
  eden space 131072K, 100% used [0x00000000d6700000,0x00000000de700000,0x00000000de700000)
  from space 7680K, 0% used [0x00000000def80000,0x00000000def80000,0x00000000df700000)
  to   space 8192K, 0% used [0x00000000de700000,0x00000000de700000,0x00000000def00000)
 ParOldGen       total 50176K, used 6006K [0x0000000083400000, 0x0000000086500000, 0x00000000d6700000)
  object space 50176K, 11% used [0x0000000083400000,0x00000000839ddbd0,0x0000000086500000)
 Metaspace       used 26462K, capacity 26806K, committed 27008K, reserved 1073152K
  class space    used 3255K, capacity 3367K, committed 3456K, reserved 1048576K
Event: 2.135 GC heap after
Heap after GC invocations=8 (full 1):
 PSYoungGen      total 139264K, used 8159K [0x00000000d6700000, 0x00000000e5400000, 0x0000000100000000)
  eden space 131072K, 0% used [0x00000000d6700000,0x00000000d6700000,0x00000000de700000)
  from space 8192K, 99% used [0x00000000de700000,0x00000000deef7da8,0x00000000def00000)
  to   space 9216K, 0% used [0x00000000e4b00000,0x00000000e4b00000,0x00000000e5400000)
 ParOldGen       total 50176K, used 6014K [0x0000000083400000, 0x0000000086500000, 0x00000000d6700000)
  object space 50176K, 11% used [0x0000000083400000,0x00000000839dfbd0,0x0000000086500000)
 Metaspace       used 26462K, capacity 26806K, committed 27008K, reserved 1073152K
  class space    used 3255K, capacity 3367K, committed 3456K, reserved 1048576K
}
Event: 3.180 GC heap before
{Heap before GC invocations=9 (full 1):
 PSYoungGen      total 139264K, used 139231K [0x00000000d6700000, 0x00000000e5400000, 0x0000000100000000)
  eden space 131072K, 100% used [0x00000000d6700000,0x00000000de700000,0x00000000de700000)
  from space 8192K, 99% used [0x00000000de700000,0x00000000deef7da8,0x00000000def00000)
  to   space 9216K, 0% used [0x00000000e4b00000,0x00000000e4b00000,0x00000000e5400000)
 ParOldGen       total 50176K, used 6014K [0x0000000083400000, 0x0000000086500000, 0x00000000d6700000)
  object space 50176K, 11% used [0x0000000083400000,0x00000000839dfbd0,0x0000000086500000)
 Metaspace       used 31890K, capacity 32306K, committed 32512K, reserved 1077248K
  class space    used 3931K, capacity 4017K, committed 4096K, reserved 1048576K
Event: 3.192 GC heap after
Heap after GC invocations=9 (full 1):
 PSYoungGen      total 228864K, used 9200K [0x00000000d6700000, 0x00000000e5780000, 0x0000000100000000)
  eden space 219648K, 0% used [0x00000000d6700000,0x00000000d6700000,0x00000000e3d80000)
  from space 9216K, 99% used [0x00000000e4b00000,0x00000000e53fc030,0x00000000e5400000)
  to   space 13312K, 0% used [0x00000000e3d80000,0x00000000e3d80000,0x00000000e4a80000)
 ParOldGen       total 50176K, used 11813K [0x0000000083400000, 0x0000000086500000, 0x00000000d6700000)
  object space 50176K, 23% used [0x0000000083400000,0x0000000083f89478,0x0000000086500000)
 Metaspace       used 31890K, capacity 32306K, committed 32512K, reserved 1077248K
  class space    used 3931K, capacity 4017K, committed 4096K, reserved 1048576K
}
Event: 5.266 GC heap before
{Heap before GC invocations=10 (full 1):
 PSYoungGen      total 228864K, used 142714K [0x00000000d6700000, 0x00000000e5780000, 0x0000000100000000)
  eden space 219648K, 60% used [0x00000000d6700000,0x00000000de962970,0x00000000e3d80000)
  from space 9216K, 99% used [0x00000000e4b00000,0x00000000e53fc030,0x00000000e5400000)
  to   space 13312K, 0% used [0x00000000e3d80000,0x00000000e3d80000,0x00000000e4a80000)
 ParOldGen       total 50176K, used 11813K [0x0000000083400000, 0x0000000086500000, 0x00000000d6700000)
  object space 50176K, 23% used [0x0000000083400000,0x0000000083f89478,0x0000000086500000)
 Metaspace       used 34969K, capacity 35362K, committed 35456K, reserved 1081344K
  class space    used 4364K, capacity 4473K, committed 4480K, reserved 1048576K
Event: 5.277 GC heap after
Heap after GC invocations=10 (full 1):
 PSYoungGen      total 232960K, used 13284K [0x00000000d6700000, 0x00000000eae00000, 0x0000000100000000)
  eden space 219648K, 0% used [0x00000000d6700000,0x00000000d6700000,0x00000000e3d80000)
  from space 13312K, 99% used [0x00000000e3d80000,0x00000000e4a79040,0x00000000e4a80000)
  to   space 16384K, 0% used [0x00000000e9e00000,0x00000000e9e00000,0x00000000eae00000)
 ParOldGen       total 50176K, used 14492K [0x0000000083400000, 0x0000000086500000, 0x00000000d6700000)
  object space 50176K, 28% used [0x0000000083400000,0x0000000084227068,0x0000000086500000)
 Metaspace       used 34969K, capacity 35362K, committed 35456K, reserved 1081344K
  class space    used 4364K, capacity 4473K, committed 4480K, reserved 1048576K
}
Event: 5.277 GC heap before
{Heap before GC invocations=11 (full 2):
 PSYoungGen      total 232960K, used 13284K [0x00000000d6700000, 0x00000000eae00000, 0x0000000100000000)
  eden space 219648K, 0% used [0x00000000d6700000,0x00000000d6700000,0x00000000e3d80000)
  from space 13312K, 99% used [0x00000000e3d80000,0x00000000e4a79040,0x00000000e4a80000)
  to   space 16384K, 0% used [0x00000000e9e00000,0x00000000e9e00000,0x00000000eae00000)
 ParOldGen       total 50176K, used 14492K [0x0000000083400000, 0x0000000086500000, 0x00000000d6700000)
  object space 50176K, 28% used [0x0000000083400000,0x0000000084227068,0x0000000086500000)
 Metaspace       used 34969K, capacity 35362K, committed 35456K, reserved 1081344K
  class space    used 4364K, capacity 4473K, committed 4480K, reserved 1048576K
Event: 5.344 GC heap after
Heap after GC invocations=11 (full 2):
 PSYoungGen      total 232960K, used 0K [0x00000000d6700000, 0x00000000eae00000, 0x0000000100000000)
  eden space 219648K, 0% used [0x00000000d6700000,0x00000000d6700000,0x00000000e3d80000)
  from space 13312K, 0% used [0x00000000e3d80000,0x00000000e3d80000,0x00000000e4a80000)
  to   space 16384K, 0% used [0x00000000e9e00000,0x00000000e9e00000,0x00000000eae00000)
 ParOldGen       total 87040K, used 22998K [0x0000000083400000, 0x0000000088900000, 0x00000000d6700000)
  object space 87040K, 26% used [0x0000000083400000,0x0000000084a759e0,0x0000000088900000)
 Metaspace       used 34969K, capacity 35362K, committed 35456K, reserved 1081344K
  class space    used 4364K, capacity 4473K, committed 4480K, reserved 1048576K
}

Deoptimization events (10 events):
Event: 7929.359 Thread 0x000000002034f800 Uncommon trap: reason=range_check action=none pc=0x0000000002dbf11c method=sun.reflect.generics.parser.SignatureParser.current()C @ 34
Event: 7929.362 Thread 0x000000002034f800 Uncommon trap: reason=range_check action=none pc=0x0000000002dbf11c method=sun.reflect.generics.parser.SignatureParser.current()C @ 34
Event: 7929.362 Thread 0x000000002034f800 Uncommon trap: reason=range_check action=none pc=0x0000000002dbf11c method=sun.reflect.generics.parser.SignatureParser.current()C @ 34
Event: 7929.363 Thread 0x000000002034f800 Uncommon trap: reason=range_check action=none pc=0x0000000002dbf11c method=sun.reflect.generics.parser.SignatureParser.current()C @ 34
Event: 7948.297 Thread 0x000000002034d000 Uncommon trap: reason=unstable_if action=reinterpret pc=0x000000000313cd40 method=java.nio.Buffer.limit(I)Ljava/nio/Buffer; @ 33
Event: 7948.315 Thread 0x000000002034b800 Uncommon trap: reason=unhandled action=none pc=0x000000000384f5dc method=java.net.URLClassLoader.findClass(Ljava/lang/String;)Ljava/lang/Class; @ 44
Event: 7948.906 Thread 0x000000002034b800 Uncommon trap: reason=class_check action=maybe_recompile pc=0x00000000038ecc2c method=com.ibm.as400.access.AS400JDBCPreparedStatement.commonExecuteBefore(Lcom/ibm/as400/access/JDSQLStatement;Lcom/ibm/as400/access/DBSQLRequestDS;)V @ 1438
Event: 7949.501 Thread 0x000000002034b800 Uncommon trap: reason=unhandled action=none pc=0x000000000384f5dc method=java.net.URLClassLoader.findClass(Ljava/lang/String;)Ljava/lang/Class; @ 44
Event: 7950.089 Thread 0x000000002034b800 Uncommon trap: reason=unhandled action=none pc=0x000000000384f5dc method=java.net.URLClassLoader.findClass(Ljava/lang/String;)Ljava/lang/Class; @ 44
Event: 7957.722 Thread 0x0000000020350000 Uncommon trap: reason=bimorphic action=maybe_recompile pc=0x0000000002ff5374 method=java.util.regex.Matcher.match(II)Z @ 86

Internal exceptions (10 events):
Event: 223.675 Thread 0x000000001d5d3000 Exception <a 'java/lang/ArrayIndexOutOfBoundsException': 66> (0x00000000e0617648) thrown at [D:\re\workspace\8-2-build-windows-amd64-cygwin\jdk8u92\6642\hotspot\src\share\vm\interpreter\interpreterRuntime.cpp, line 366]
Event: 223.678 Thread 0x000000001d5d3000 Exception <a 'java/lang/ArrayIndexOutOfBoundsException': 66> (0x00000000e06685d8) thrown at [D:\re\workspace\8-2-build-windows-amd64-cygwin\jdk8u92\6642\hotspot\src\share\vm\interpreter\interpreterRuntime.cpp, line 366]
Event: 223.687 Thread 0x000000001d5d3000 Exception <a 'java/lang/ArrayIndexOutOfBoundsException': 64> (0x00000000e073f888) thrown at [D:\re\workspace\8-2-build-windows-amd64-cygwin\jdk8u92\6642\hotspot\src\share\vm\interpreter\interpreterRuntime.cpp, line 366]
Event: 223.690 Thread 0x000000001d5d3000 Exception <a 'java/lang/ArrayIndexOutOfBoundsException': 64> (0x00000000e07888e0) thrown at [D:\re\workspace\8-2-build-windows-amd64-cygwin\jdk8u92\6642\hotspot\src\share\vm\interpreter\interpreterRuntime.cpp, line 366]
Event: 7929.357 Thread 0x000000002034f800 Exception <a 'java/lang/ArrayIndexOutOfBoundsException': 49> (0x00000000e1a66368) thrown at [D:\re\workspace\8-2-build-windows-amd64-cygwin\jdk8u92\6642\hotspot\src\share\vm\interpreter\interpreterRuntime.cpp, line 366]
Event: 7929.359 Thread 0x000000002034f800 Exception <a 'java/lang/ArrayIndexOutOfBoundsException': 64> (0x00000000e1a67db8) thrown at [D:\re\workspace\8-2-build-windows-amd64-cygwin\jdk8u92\6642\hotspot\src\share\vm\interpreter\interpreterRuntime.cpp, line 366]
Event: 7929.359 Thread 0x000000002034f800 Exception <a 'java/lang/ArrayIndexOutOfBoundsException': 52> (0x00000000e1a69a40) thrown at [D:\re\workspace\8-2-build-windows-amd64-cygwin\jdk8u92\6642\hotspot\src\share\vm\interpreter\interpreterRuntime.cpp, line 366]
Event: 7929.362 Thread 0x000000002034f800 Exception <a 'java/lang/ArrayIndexOutOfBoundsException': 49> (0x00000000e1a72e28) thrown at [D:\re\workspace\8-2-build-windows-amd64-cygwin\jdk8u92\6642\hotspot\src\share\vm\interpreter\interpreterRuntime.cpp, line 366]
Event: 7929.362 Thread 0x000000002034f800 Exception <a 'java/lang/ArrayIndexOutOfBoundsException': 64> (0x00000000e1a74468) thrown at [D:\re\workspace\8-2-build-windows-amd64-cygwin\jdk8u92\6642\hotspot\src\share\vm\interpreter\interpreterRuntime.cpp, line 366]
Event: 7929.363 Thread 0x000000002034f800 Exception <a 'java/lang/ArrayIndexOutOfBoundsException': 52> (0x00000000e1a75ce0) thrown at [D:\re\workspace\8-2-build-windows-amd64-cygwin\jdk8u92\6642\hotspot\src\share\vm\interpreter\interpreterRuntime.cpp, line 366]

Events (10 events):
Event: 11781.615 Executing VM operation: RevokeBias
Event: 11781.615 Executing VM operation: RevokeBias done
Event: 12280.148 Executing VM operation: RevokeBias
Event: 12280.149 Executing VM operation: RevokeBias done
Event: 13632.203 Executing VM operation: RedefineClasses
Event: 13632.507 Executing VM operation: RedefineClasses done
Event: 13720.456 Executing VM operation: RedefineClasses
Event: 13720.480 Executing VM operation: RedefineClasses done
Event: 13748.342 Executing VM operation: RedefineClasses
Event: 13748.366 Executing VM operation: RedefineClasses done


Dynamic libraries:
0x00007ff6a3790000 - 0x00007ff6a37c7000 	C:\Program Files\Java\jre1.8.0_92\bin\javaw.exe
0x00007fff526b0000 - 0x00007fff5289d000 	C:\Windows\SYSTEM32\ntdll.dll
0x00007fff4f8e0000 - 0x00007fff4f993000 	C:\Windows\System32\KERNEL32.DLL
0x00007fff4e9e0000 - 0x00007fff4ec73000 	C:\Windows\System32\KERNELBASE.dll
0x00007fff52340000 - 0x00007fff523e3000 	C:\Windows\System32\ADVAPI32.dll
0x00007fff4fbb0000 - 0x00007fff4fc4e000 	C:\Windows\System32\msvcrt.dll
0x00007fff4fcb0000 - 0x00007fff4fd4e000 	C:\Windows\System32\sechost.dll
0x00007fff50100000 - 0x00007fff50222000 	C:\Windows\System32\RPCRT4.dll
0x00007fff523f0000 - 0x00007fff52587000 	C:\Windows\System32\USER32.dll
0x00007fff4e990000 - 0x00007fff4e9b0000 	C:\Windows\System32\win32u.dll
0x00007fff50c80000 - 0x00007fff50ca9000 	C:\Windows\System32\GDI32.dll
0x00007fff4f6f0000 - 0x00007fff4f88a000 	C:\Windows\System32\gdi32full.dll
0x00007fff4f5d0000 - 0x00007fff4f670000 	C:\Windows\System32\msvcp_win.dll
0x00007fff4e7e0000 - 0x00007fff4e8dc000 	C:\Windows\System32\ucrtbase.dll
0x00007fff44690000 - 0x00007fff44909000 	C:\Windows\WinSxS\amd64_microsoft.windows.common-controls_6595b64144ccf1df_6.0.17763.253_none_05b2388e0721fece\COMCTL32.dll
0x00007fff50230000 - 0x00007fff5055d000 	C:\Windows\System32\combase.dll
0x00007fff4f670000 - 0x00007fff4f6ee000 	C:\Windows\System32\bcryptPrimitives.dll
0x00007fff50cb0000 - 0x00007fff50cde000 	C:\Windows\System32\IMM32.DLL
0x00007fff15570000 - 0x00007fff15614000 	C:\Program Files\McAfee\Endpoint Security\Threat Prevention\Ips\EpMPApi.dll
0x00007fff4e780000 - 0x00007fff4e7d8000 	C:\Windows\System32\WINTRUST.dll
0x00007fff4e6b0000 - 0x00007fff4e6c2000 	C:\Windows\System32\MSASN1.dll
0x00007fff4f3f0000 - 0x00007fff4f5cb000 	C:\Windows\System32\CRYPT32.dll
0x0000000072570000 - 0x000000007257c000 	C:\Program Files\McAfee\Endpoint Security\Threat Prevention\Ips\EpMPThe.dll
0x0000000070b40000 - 0x0000000070c12000 	C:\Program Files\Java\jre1.8.0_92\bin\msvcr100.dll
0x00000000714f0000 - 0x0000000071d86000 	C:\Program Files\Java\jre1.8.0_92\bin\server\jvm.dll
0x00007fff4f9a0000 - 0x00007fff4f9a8000 	C:\Windows\System32\PSAPI.DLL
0x00007fff4c8a0000 - 0x00007fff4c8c4000 	C:\Windows\SYSTEM32\WINMM.dll
0x00007fff46b90000 - 0x00007fff46b9a000 	C:\Windows\SYSTEM32\VERSION.dll
0x00007fff3bb70000 - 0x00007fff3bb79000 	C:\Windows\SYSTEM32\WSOCK32.dll
0x00007fff50560000 - 0x00007fff505cd000 	C:\Windows\System32\WS2_32.dll
0x00007fff4c870000 - 0x00007fff4c89d000 	C:\Windows\SYSTEM32\WINMMBASE.dll
0x00007fff4f890000 - 0x00007fff4f8da000 	C:\Windows\System32\cfgmgr32.dll
0x0000000072180000 - 0x000000007218f000 	C:\Program Files\Java\jre1.8.0_92\bin\verify.dll
0x0000000072150000 - 0x0000000072179000 	C:\Program Files\Java\jre1.8.0_92\bin\java.dll
0x0000000071210000 - 0x0000000071245000 	C:\Program Files\Java\jre1.8.0_92\bin\jdwp.dll
0x00000000712f0000 - 0x00000000712f8000 	C:\Program Files\Java\jre1.8.0_92\bin\npt.dll
0x00000000711e0000 - 0x0000000071203000 	C:\Program Files\Java\jre1.8.0_92\bin\instrument.dll
0x0000000072130000 - 0x0000000072146000 	C:\Program Files\Java\jre1.8.0_92\bin\zip.dll
0x00007fff50ce0000 - 0x00007fff521cf000 	C:\Windows\System32\SHELL32.dll
0x00007fff4fa50000 - 0x00007fff4faf8000 	C:\Windows\System32\shcore.dll
0x00007fff4eca0000 - 0x00007fff4f3ea000 	C:\Windows\System32\windows.storage.dll
0x00007fff4e6f0000 - 0x00007fff4e714000 	C:\Windows\System32\profapi.dll
0x00007fff4e720000 - 0x00007fff4e77d000 	C:\Windows\System32\powrprof.dll
0x0000000002700000 - 0x0000000002752000 	C:\Windows\System32\shlwapi.dll
0x00007fff4e6d0000 - 0x00007fff4e6e1000 	C:\Windows\System32\kernel.appcore.dll
0x00007fff4ec80000 - 0x00007fff4ec97000 	C:\Windows\System32\cryptsp.dll
0x00000000712e0000 - 0x00000000712e9000 	C:\Program Files\Java\jre1.8.0_92\bin\dt_socket.dll
0x00007fff45ca0000 - 0x00007fff45cb6000 	C:\Windows\system32\napinsp.dll
0x00007fff45c80000 - 0x00007fff45c9a000 	C:\Windows\system32\pnrpnsp.dll
0x00007fff4dee0000 - 0x00007fff4df47000 	C:\Windows\System32\mswsock.dll
0x00007fff4dc80000 - 0x00007fff4dd46000 	C:\Windows\SYSTEM32\DNSAPI.dll
0x00007fff52590000 - 0x00007fff52598000 	C:\Windows\System32\NSI.dll
0x00007fff4dc40000 - 0x00007fff4dc7d000 	C:\Windows\SYSTEM32\IPHLPAPI.DLL
0x00007fff45bd0000 - 0x00007fff45bde000 	C:\Windows\System32\winrnr.dll
0x00007fff4bdf0000 - 0x00007fff4be0b000 	C:\Windows\system32\NLAapi.dll
0x00007fff45dd0000 - 0x00007fff45de5000 	C:\Windows\system32\wshbth.dll
0x00007fff49ba0000 - 0x00007fff49c19000 	C:\Windows\System32\fwpuclnt.dll
0x00007fff4e9b0000 - 0x00007fff4e9d6000 	C:\Windows\System32\bcrypt.dll
0x00007fff476d0000 - 0x00007fff476da000 	C:\Windows\System32\rasadhlp.dll
0x00000000720c0000 - 0x00000000720cd000 	C:\Program Files\Java\jre1.8.0_92\bin\management.dll
0x0000000072110000 - 0x000000007212a000 	C:\Program Files\Java\jre1.8.0_92\bin\net.dll
0x00000000720f0000 - 0x0000000072101000 	C:\Program Files\Java\jre1.8.0_92\bin\nio.dll
0x00007fff4daa0000 - 0x00007fff4dad3000 	C:\Windows\system32\rsaenh.dll
0x00007fff4e5e0000 - 0x00007fff4e608000 	C:\Windows\SYSTEM32\USERENV.dll
0x00007fff4e0b0000 - 0x00007fff4e0bc000 	C:\Windows\SYSTEM32\CRYPTBASE.dll
0x00007fff49b80000 - 0x00007fff49b96000 	C:\Windows\SYSTEM32\dhcpcsvc6.DLL
0x00007fff49b60000 - 0x00007fff49b7c000 	C:\Windows\SYSTEM32\dhcpcsvc.DLL
0x00007fff3ca30000 - 0x00007fff3cc1d000 	C:\Windows\SYSTEM32\dbghelp.dll

VM Arguments:
jvm_args: -agentlib:jdwp=transport=dt_socket,suspend=y,address=localhost:54786 -javaagent:E:\UtahHousingCorp-MGLD\eclipse-jee-2019-12-R-win32-x86_64\eclipse\configuration\org.eclipse.osgi\411\0\.cp\lib\javaagent-shaded.jar -Dfile.encoding=UTF-8 
java_command: org.uhc.PhonePayAPIApplication
java_class_path (initial): E:\UtahHousingCorp-MGLD\PhonePayWorkspace_12April\PhonePayBackend\target\classes;C:\Users\pradeepy\.m2\repository\org\springframework\boot\spring-boot-starter-web\1.5.6.RELEASE\spring-boot-starter-web-1.5.6.RELEASE.jar;C:\Users\pradeepy\.m2\repository\org\springframework\boot\spring-boot-starter\1.5.6.RELEASE\spring-boot-starter-1.5.6.RELEASE.jar;C:\Users\pradeepy\.m2\repository\org\springframework\boot\spring-boot\1.5.6.RELEASE\spring-boot-1.5.6.RELEASE.jar;C:\Users\pradeepy\.m2\repository\org\springframework\boot\spring-boot-autoconfigure\1.5.6.RELEASE\spring-boot-autoconfigure-1.5.6.RELEASE.jar;C:\Users\pradeepy\.m2\repository\org\yaml\snakeyaml\1.17\snakeyaml-1.17.jar;C:\Users\pradeepy\.m2\repository\org\hibernate\hibernate-validator\5.3.5.Final\hibernate-validator-5.3.5.Final.jar;C:\Users\pradeepy\.m2\repository\javax\validation\validation-api\1.1.0.Final\validation-api-1.1.0.Final.jar;C:\Users\pradeepy\.m2\repository\org\jboss\logging\jboss-logging\3.3.1.Final\jboss-logging-3.3.1.Final.jar;C:\Users\pradeepy\.m2\repository\com\fasterxml\classmate\1.3.3\classmate-1.3.3.jar;C:\Users\pradeepy\.m2\repository\com\fasterxml\jackson\core\jackson-databind\2.8.9\jackson-databind-2.8.9.jar;C:\Users\pradeepy\.m2\repository\com\fasterxml\jackson\core\jackson-annotations\2.8.0\jackson-annotations-2.8.0.jar;C:\Users\pradeepy\.m2\repository\com\fasterxml\jackson\core\jackson-core\2.8.9\jackson-core-2.8.9.jar;C:\Users\pradeepy\.m2\repository\org\springframework\spring-web\4.3.10.RELEASE\spring-web-4.3.10.RELEASE.jar;C:\Users\pradeepy\.m2\repository\org\springframework\spring-beans\4.3.10.RELEASE\spring-beans-4.3.10.RELEASE.jar;C:\Users\pradeepy\.m2\repository\org\springframework\spring-context\4.3.10.RELEASE\spring-context-4.3.10.RELEASE.jar;C:\Users\pradeepy\.m2\repository\org\springframework\spring-webmvc\4.3.10.RELEASE\spring-webmvc-4.3.10.RELEASE.jar;C:\Users\pradeepy\.m2\repository\org\springframework\spring-expression\4.3.10.RELEASE\spring-ex
Launcher Type: SUN_STANDARD

Environment Variables:
JAVA_HOME=C:\Program Files\Java\jdk1.8.0_92
CLASSPATH=.;C:\PROGRA~1\IBM\SQLLIB\java\db2java.zip;C:\PROGRA~1\IBM\SQLLIB\java\db2jcc.jar;C:\PROGRA~1\IBM\SQLLIB\java\sqlj.zip;C:\PROGRA~1\IBM\SQLLIB\java\db2jcc_license_cu.jar;C:\PROGRA~1\IBM\SQLLIB\bin;C:\PROGRA~1\IBM\SQLLIB\java\common.jar
PATH=C:/Program Files/Java/jre1.8.0_92/bin/server;C:/Program Files/Java/jre1.8.0_92/bin;C:/Program Files/Java/jre1.8.0_92/lib/amd64;C:\ProgramData\Oracle\Java\javapath;C:\Windows\system32;C:\Windows;C:\Windows\System32\Wbem;C:\Windows\System32\WindowsPowerShell\v1.0\;C:\Windows\System32\OpenSSH\;C:\Program Files\Microsoft SQL Server\120\Tools\Binn\;C:\Program Files\Microsoft SQL Server\Client SDK\ODBC\110\Tools\Binn\;C:\Program Files (x86)\Microsoft SQL Server\120\Tools\Binn\;C:\Program Files\Microsoft SQL Server\120\DTS\Binn\;C:\Program Files (x86)\Microsoft SQL Server\120\Tools\Binn\ManagementStudio\;C:\Program Files (x86)\Microsoft SQL Server\120\DTS\Binn\;C:\Program Files\Java\jdk1.8.0_92\bin;C:\Program Files\TortoiseSVN\bin;C:\Program Files\nodejs\;C:\Program Files\ibm\gsk8\lib64;C:\Program Files (x86)\ibm\gsk8\lib;C:\PROGRA~1\IBM\SQLLIB\BIN;C:\PROGRA~1\IBM\SQLLIB\FUNCTION;C:\PROGRA~1\IBM\SQLLIB\SAMPLES\REPL;C:\Users\pradeepy\AppData\Local\Microsoft\WindowsApps;C:\Users\pradeepy\AppData\Roaming\npm;C:\Users\pradeepy\AppData\Local\Programs\Microsoft VS Code\bin;C:\Users\pradeepy\AppData\Local\Programs\Git\cmd;E:\UtahHousingCorp-MGLD\eclipse-jee-2019-12-R-win32-x86_64\eclipse;
USERNAME=pradeepy
OS=Windows_NT
PROCESSOR_IDENTIFIER=Intel64 Family 6 Model 158 Stepping 10, GenuineIntel



---------------  S Y S T E M  ---------------

OS: Windows 10.0 , 64 bit Build 17763 (10.0.17763.1)

CPU:total 12 (6 cores per cpu, 2 threads per core) family 6 model 158 stepping 10, cmov, cx8, fxsr, mmx, sse, sse2, sse3, ssse3, sse4.1, sse4.2, popcnt, avx, avx2, aes, clmul, erms, rtm, 3dnowpref, lzcnt, ht, tsc, tscinvbit, bmi1, bmi2, adx

Memory: 4k page, physical 8168860k(874036k free), swap 17053872k(2217032k free)

vm_info: Java HotSpot(TM) 64-Bit Server VM (25.92-b14) for windows-amd64 JRE (1.8.0_92-b14), built on Mar 31 2016 21:03:04 by "java_re" with MS VC++ 10.0 (VS2010)

time: Wed May 05 20:16:47 2021
elapsed time: 13820 seconds (0d 3h 50m 20s)

