#
# A fatal error has been detected by the Java Runtime Environment:
#
#  EXCEPTION_ACCESS_VIOLATION (0xc0000005) at pc=0x0000000071619575, pid=11572, tid=0x0000000000005418
#
# JRE version: Java(TM) SE Runtime Environment (8.0_92-b14) (build 1.8.0_92-b14)
# Java VM: Java HotSpot(TM) 64-Bit Server VM (25.92-b14 mixed mode windows-amd64 compressed oops)
# Problematic frame:
# V  [jvm.dll+0x129575]
#
# Failed to write core dump. Minidumps are not enabled by default on client versions of Windows
#
# If you would like to submit a bug report, please visit:
#   http://bugreport.java.com/bugreport/crash.jsp
#

---------------  T H R E A D  ---------------

Current thread (0x0000000019eba800):  JavaThread "JDWP Transport Listener: dt_socket" daemon [_thread_in_vm, id=21528, stack(0x000000001b840000,0x000000001b940000)]

siginfo: ExceptionCode=0xc0000005, reading address 0xffffffffffffffff

Registers:
RAX=0x000000001b93f601, RBX=0x0000000019eba800, RCX=0x72616c6365446369, RDX=0x0000000000000000
RSP=0x000000001b93f660, RBP=0x72616c6365446369, RSI=0x000000001b93f778, RDI=0x000000000335c9f0
R8 =0x0000000019eba800, R9 =0x0000000000008000, R10=0x0000000000000000, R11=0x000000001de0cc16
R12=0x0000000000000000, R13=0x0000000019eb0978, R14=0x0000000000000000, R15=0x0000000000000000
RIP=0x0000000071619575, EFLAGS=0x0000000000010206

Top of Stack: (sp=0x000000001b93f660)
0x000000001b93f660:   0000000019eba800 0000000019eba800
0x000000001b93f670:   000000001b93f728 000000007181fbab
0x000000001b93f680:   0000000019eba800 000000007183c40d
0x000000001b93f690:   0000000000000000 0000000071229155
0x000000001b93f6a0:   0000000023ddcc58 000000007123291e
0x000000001b93f6b0:   0000000019eba800 0000000000000000
0x000000001b93f6c0:   0000000000000000 0000000000000000
0x000000001b93f6d0:   72616c6365446369 0000000071231a15
0x000000001b93f6e0:   000000001b93f778 000000001b93f750
0x000000001b93f6f0:   0000000000000001 0000000023ddcc58
0x000000001b93f700:   72616c6365446369 00000000712153b3
0x000000001b93f710:   000000001b93f840 0000000000000001
0x000000001b93f720:   0000000000000001 0000000023ddcc58
0x000000001b93f730:   0000000000000001 0000000000000000
0x000000001b93f740:   0000000000000000 0000000000000000
0x000000001b93f750:   0000000000000001 0000000071215571 

Instructions: (pc=0x0000000071619575)
0x0000000071619555:   cc cc cc cc cc cc cc cc cc cc cc 48 83 ec 28 48
0x0000000071619565:   85 c9 75 07 33 c0 48 83 c4 28 c3 48 89 5c 24 20
0x0000000071619575:   48 8b 19 48 85 db 74 20 48 83 fb 37 74 1a 48 8b
0x0000000071619585:   13 48 8b cb ff 52 10 84 c0 74 0d 48 8b c3 48 8b 


Register to memory mapping:

RAX=0x000000001b93f601 is pointing into the stack for thread: 0x0000000019eba800
RBX=0x0000000019eba800 is a thread
RCX=0x72616c6365446369 is an unknown value
RDX=0x0000000000000000 is an unknown value
RSP=0x000000001b93f660 is pointing into the stack for thread: 0x0000000019eba800
RBP=0x72616c6365446369 is an unknown value
RSI=0x000000001b93f778 is pointing into the stack for thread: 0x0000000019eba800
RDI=0x000000000335c9f0 is an unknown value
R8 =0x0000000019eba800 is a thread
R9 =0x0000000000008000 is an unknown value
R10=0x0000000000000000 is an unknown value
R11=0x000000001de0cc16 is an unknown value
R12=0x0000000000000000 is an unknown value
R13=0x0000000019eb0978 is an unknown value
R14=0x0000000000000000 is an unknown value
R15=0x0000000000000000 is an unknown value


Stack: [0x000000001b840000,0x000000001b940000],  sp=0x000000001b93f660,  free space=1021k
Native frames: (J=compiled Java code, j=interpreted, Vv=VM code, C=native code)
V  [jvm.dll+0x129575]
V  [jvm.dll+0x34c40d]
C  [jdwp.dll+0x21a15]
C  [jdwp.dll+0x53b3]
C  [jdwp.dll+0x5571]
C  [jdwp.dll+0xf0a8]
C  [jdwp.dll+0x1f2d5]
C  [jdwp.dll+0x1f4aa]
V  [jvm.dll+0x1bc3e8]
V  [jvm.dll+0x244314]
V  [jvm.dll+0x29b34a]
C  [msvcr100.dll+0x21d9f]
C  [msvcr100.dll+0x21e3b]
C  [KERNEL32.DLL+0x17e94]
C  [ntdll.dll+0x6a251]


---------------  P R O C E S S  ---------------

Java Threads: ( => current thread )
  0x000000002839f000 JavaThread "AS400 Read Daemon [system:10.10.10.186;job:510907/QUSER/QZDASOINIT]" daemon [_thread_in_native, id=1092, stack(0x000000002b570000,0x000000002b670000)]
  0x000000002839d000 JavaThread "AS400 Read Daemon [system:10.10.10.186;job:510905/QUSER/QZDASOINIT]" daemon [_thread_in_native, id=21292, stack(0x000000002b470000,0x000000002b570000)]
  0x000000001ee1b800 JavaThread "AS400 Read Daemon [system:10.10.10.186;job:510904/QUSER/QZDASOINIT]" daemon [_thread_in_native, id=1332, stack(0x000000002b370000,0x000000002b470000)]
  0x000000001ee1c000 JavaThread "AS400 Read Daemon [system:10.10.10.186;job:510902/QUSER/QZDASOINIT]" daemon [_thread_in_native, id=8392, stack(0x000000002b270000,0x000000002b370000)]
  0x000000001ee1a800 JavaThread "AS400 Read Daemon [system:10.10.10.186;job:510903/QUSER/QZDASOINIT]" daemon [_thread_in_native, id=14908, stack(0x000000002af70000,0x000000002b070000)]
  0x0000000027ed1800 JavaThread "AS400 Read Daemon [system:10.10.10.186;job:510900/QUSER/QZDASOINIT]" daemon [_thread_in_native, id=4748, stack(0x000000002ae70000,0x000000002af70000)]
  0x0000000027ed4800 JavaThread "AS400 Read Daemon [system:10.10.10.186;job:510901/QUSER/QZDASOINIT]" daemon [_thread_in_native, id=13720, stack(0x000000002ad70000,0x000000002ae70000)]
  0x0000000027ed1000 JavaThread "AS400 Read Daemon [system:10.10.10.186;job:510899/QUSER/QZDASOINIT]" daemon [_thread_in_native, id=8268, stack(0x000000002ac70000,0x000000002ad70000)]
  0x0000000027ecd000 JavaThread "AS400 Read Daemon [system:10.10.10.186;job:510882/QUSER/QZDASOINIT]" daemon [_thread_in_native, id=14500, stack(0x000000002ab70000,0x000000002ac70000)]
  0x0000000027ed4000 JavaThread "AS400 Read Daemon [system:10.10.10.186;job:510890/QUSER/QZDASOINIT]" daemon [_thread_in_native, id=5252, stack(0x000000002aa70000,0x000000002ab70000)]
  0x0000000027ed3000 JavaThread "Abandoned connection cleanup thread" daemon [_thread_blocked, id=15552, stack(0x000000002a870000,0x000000002a970000)]
  0x0000000027ed2800 JavaThread "Tomcat JDBC Pool Cleaner[414493378:1620483593272]" daemon [_thread_blocked, id=15800, stack(0x000000002a770000,0x000000002a870000)]
  0x0000000027ed0000 JavaThread "DestroyJavaVM" [_thread_blocked, id=18588, stack(0x0000000003360000,0x0000000003460000)]
  0x0000000027ec8800 JavaThread "http-nio-8080-AsyncTimeout" daemon [_thread_blocked, id=27128, stack(0x000000002a470000,0x000000002a570000)]
  0x0000000027ecb000 JavaThread "http-nio-8080-Acceptor-0" daemon [_thread_in_native, id=12700, stack(0x000000002a370000,0x000000002a470000)]
  0x0000000027ecf800 JavaThread "http-nio-8080-ClientPoller-1" daemon [_thread_in_native, id=6484, stack(0x000000002a270000,0x000000002a370000)]
  0x0000000027ece800 JavaThread "http-nio-8080-ClientPoller-0" daemon [_thread_in_native, id=26672, stack(0x000000002a170000,0x000000002a270000)]
  0x0000000027eca000 JavaThread "http-nio-8080-exec-10" daemon [_thread_blocked, id=24884, stack(0x000000002a070000,0x000000002a170000)]
  0x0000000027ec7000 JavaThread "http-nio-8080-exec-9" daemon [_thread_blocked, id=13088, stack(0x0000000029f70000,0x000000002a070000)]
  0x0000000027ec8000 JavaThread "http-nio-8080-exec-8" daemon [_thread_blocked, id=16020, stack(0x0000000029e70000,0x0000000029f70000)]
  0x0000000027ece000 JavaThread "http-nio-8080-exec-7" daemon [_thread_blocked, id=1616, stack(0x0000000027b40000,0x0000000027c40000)]
  0x0000000027ec6800 JavaThread "http-nio-8080-exec-6" daemon [_thread_blocked, id=580, stack(0x0000000027a40000,0x0000000027b40000)]
  0x0000000027ec9800 JavaThread "http-nio-8080-exec-5" daemon [_thread_blocked, id=27240, stack(0x0000000027560000,0x0000000027660000)]
  0x0000000027ec5800 JavaThread "http-nio-8080-exec-4" daemon [_thread_blocked, id=664, stack(0x0000000027460000,0x0000000027560000)]
  0x0000000027ecc800 JavaThread "http-nio-8080-exec-3" daemon [_thread_blocked, id=14680, stack(0x0000000027360000,0x0000000027460000)]
  0x0000000027ecb800 JavaThread "http-nio-8080-exec-2" daemon [_thread_blocked, id=19692, stack(0x0000000027260000,0x0000000027360000)]
  0x000000001ee18800 JavaThread "http-nio-8080-exec-1" daemon [_thread_blocked, id=23508, stack(0x0000000027160000,0x0000000027260000)]
  0x000000001ee1f000 JavaThread "NioBlockingSelector.BlockPoller-1" daemon [_thread_in_native, id=20500, stack(0x0000000027060000,0x0000000027160000)]
  0x000000001ee1d800 JavaThread "container-0" [_thread_blocked, id=16740, stack(0x0000000024b30000,0x0000000024c30000)]
  0x000000001ee1d000 JavaThread "ContainerBackgroundProcessor[StandardEngine[Tomcat]]" daemon [_thread_blocked, id=21856, stack(0x0000000024a30000,0x0000000024b30000)]
  0x000000001ee1a000 JavaThread "Log4j2-TF-6-Scheduled-2" daemon [_thread_blocked, id=3872, stack(0x00000000202c0000,0x00000000203c0000)]
  0x000000001bfa2800 JavaThread "Service Thread" daemon [_thread_blocked, id=21628, stack(0x000000001c740000,0x000000001c840000)]
  0x000000001a214800 JavaThread "C1 CompilerThread3" daemon [_thread_blocked, id=20336, stack(0x000000001be40000,0x000000001bf40000)]
  0x000000001a20c800 JavaThread "C2 CompilerThread2" daemon [_thread_blocked, id=20944, stack(0x000000001bd40000,0x000000001be40000)]
  0x000000001a20b800 JavaThread "C2 CompilerThread1" daemon [_thread_blocked, id=23504, stack(0x000000001bc40000,0x000000001bd40000)]
  0x000000001a20b000 JavaThread "C2 CompilerThread0" daemon [_thread_blocked, id=22832, stack(0x000000001bb40000,0x000000001bc40000)]
  0x0000000019ebe000 JavaThread "JDWP Command Reader" daemon [_thread_in_native, id=20452, stack(0x000000001ba40000,0x000000001bb40000)]
  0x0000000019ebb000 JavaThread "JDWP Event Helper Thread" daemon [_thread_blocked, id=12136, stack(0x000000001b940000,0x000000001ba40000)]
=>0x0000000019eba800 JavaThread "JDWP Transport Listener: dt_socket" daemon [_thread_in_vm, id=21528, stack(0x000000001b840000,0x000000001b940000)]
  0x0000000019ea4800 JavaThread "Attach Listener" daemon [_thread_blocked, id=12620, stack(0x000000001b400000,0x000000001b500000)]
  0x0000000019ea3800 JavaThread "Signal Dispatcher" daemon [_thread_blocked, id=25196, stack(0x000000001b300000,0x000000001b400000)]
  0x0000000019e93000 JavaThread "Finalizer" daemon [_thread_blocked, id=26120, stack(0x000000001b100000,0x000000001b200000)]
  0x00000000187bd800 JavaThread "Reference Handler" daemon [_thread_blocked, id=20608, stack(0x000000001b000000,0x000000001b100000)]

Other Threads:
  0x00000000187b6800 VMThread [stack: 0x000000001af00000,0x000000001b000000] [id=932]
  0x000000001c08c000 WatcherThread [stack: 0x000000001c840000,0x000000001c940000] [id=12184]

VM state:not at safepoint (normal execution)

VM Mutex/Monitor currently owned by a thread: None

Heap:
 PSYoungGen      total 230400K, used 164928K [0x00000000d6700000, 0x00000000ead80000, 0x0000000100000000)
  eden space 217088K, 75% used [0x00000000d6700000,0x00000000e08102f0,0x00000000e3b00000)
  from space 13312K, 0% used [0x00000000e3b00000,0x00000000e3b00000,0x00000000e4800000)
  to   space 16384K, 0% used [0x00000000e9d80000,0x00000000e9d80000,0x00000000ead80000)
 ParOldGen       total 88576K, used 22952K [0x0000000083400000, 0x0000000088a80000, 0x00000000d6700000)
  object space 88576K, 25% used [0x0000000083400000,0x0000000084a6a108,0x0000000088a80000)
 Metaspace       used 41905K, capacity 42430K, committed 42624K, reserved 1087488K
  class space    used 5093K, capacity 5215K, committed 5248K, reserved 1048576K

Card table byte_map: [0x0000000012af0000,0x0000000012ee0000] byte_map_base: 0x00000000126d6000

Marking Bits: (ParMarkBitMap*) 0x0000000071d064f0
 Begin Bits: [0x0000000013b80000, 0x0000000015ab0000)
 End Bits:   [0x0000000015ab0000, 0x00000000179e0000)

Polling page: 0x0000000000fe0000

CodeCache: size=245760Kb used=14933Kb max_used=15572Kb free=230826Kb
 bounds [0x0000000003730000, 0x00000000046d0000, 0x0000000012730000]
 total_blobs=4375 nmethods=3883 adapters=412
 compilation: enabled

Compilation events (10 events):
Event: 5867.766 Thread 0x000000001a214800 4658       3       java.util.TaskQueue::getMin (7 bytes)
Event: 5867.767 Thread 0x000000001a214800 nmethod 4658 0x0000000003bddd90 code [0x0000000003bddee0, 0x0000000003bde050]
Event: 5868.165 Thread 0x000000001a214800 4659       3       org.apache.tomcat.util.buf.MessageBytes::recycle (40 bytes)
Event: 5868.165 Thread 0x000000001a214800 nmethod 4659 0x0000000004170c90 code [0x0000000004170e00, 0x0000000004171190]
Event: 5868.166 Thread 0x000000001a214800 4660       3       org.apache.tomcat.util.buf.ByteChunk::recycle (26 bytes)
Event: 5868.166 Thread 0x000000001a214800 nmethod 4660 0x0000000004170910 code [0x0000000004170a60, 0x0000000004170bf0]
Event: 5870.828 Thread 0x000000001a214800 4661       1       org.apache.tomcat.jdbc.pool.ConnectionPool::access$300 (5 bytes)
Event: 5870.828 Thread 0x000000001a214800 nmethod 4661 0x0000000004170650 code [0x00000000041707a0, 0x0000000004170890]
Event: 5885.828 Thread 0x000000001a214800 4662       3       org.apache.tomcat.jdbc.pool.FairBlockingQueue::size (8 bytes)
Event: 5885.828 Thread 0x000000001a214800 nmethod 4662 0x00000000041702d0 code [0x0000000004170420, 0x00000000041705b0]

GC Heap History (10 events):
Event: 1.404 GC heap before
{Heap before GC invocations=7 (full 1):
 PSYoungGen      total 139776K, used 5542K [0x00000000d6700000, 0x00000000df800000, 0x0000000100000000)
  eden space 131072K, 0% used [0x00000000d6700000,0x00000000d6700000,0x00000000de700000)
  from space 8704K, 63% used [0x00000000def80000,0x00000000df4e9b60,0x00000000df800000)
  to   space 8704K, 0% used [0x00000000de700000,0x00000000de700000,0x00000000def80000)
 ParOldGen       total 86016K, used 3992K [0x0000000083400000, 0x0000000088800000, 0x00000000d6700000)
  object space 86016K, 4% used [0x0000000083400000,0x00000000837e61f0,0x0000000088800000)
 Metaspace       used 20962K, capacity 21164K, committed 21296K, reserved 1069056K
  class space    used 2550K, capacity 2630K, committed 2688K, reserved 1048576K
Event: 1.420 GC heap after
Heap after GC invocations=7 (full 1):
 PSYoungGen      total 139776K, used 0K [0x00000000d6700000, 0x00000000df800000, 0x0000000100000000)
  eden space 131072K, 0% used [0x00000000d6700000,0x00000000d6700000,0x00000000de700000)
  from space 8704K, 0% used [0x00000000def80000,0x00000000def80000,0x00000000df800000)
  to   space 8704K, 0% used [0x00000000de700000,0x00000000de700000,0x00000000def80000)
 ParOldGen       total 50688K, used 5827K [0x0000000083400000, 0x0000000086580000, 0x00000000d6700000)
  object space 50688K, 11% used [0x0000000083400000,0x00000000839b0ef8,0x0000000086580000)
 Metaspace       used 20962K, capacity 21164K, committed 21296K, reserved 1069056K
  class space    used 2550K, capacity 2630K, committed 2688K, reserved 1048576K
}
Event: 2.164 GC heap before
{Heap before GC invocations=8 (full 1):
 PSYoungGen      total 139776K, used 131072K [0x00000000d6700000, 0x00000000df800000, 0x0000000100000000)
  eden space 131072K, 100% used [0x00000000d6700000,0x00000000de700000,0x00000000de700000)
  from space 8704K, 0% used [0x00000000def80000,0x00000000def80000,0x00000000df800000)
  to   space 8704K, 0% used [0x00000000de700000,0x00000000de700000,0x00000000def80000)
 ParOldGen       total 50688K, used 5827K [0x0000000083400000, 0x0000000086580000, 0x00000000d6700000)
  object space 50688K, 11% used [0x0000000083400000,0x00000000839b0ef8,0x0000000086580000)
 Metaspace       used 26414K, capacity 26806K, committed 27008K, reserved 1073152K
  class space    used 3244K, capacity 3367K, committed 3456K, reserved 1048576K
Event: 2.174 GC heap after
Heap after GC invocations=8 (full 1):
 PSYoungGen      total 139776K, used 8142K [0x00000000d6700000, 0x00000000e5300000, 0x0000000100000000)
  eden space 131072K, 0% used [0x00000000d6700000,0x00000000d6700000,0x00000000de700000)
  from space 8704K, 93% used [0x00000000de700000,0x00000000deef3b00,0x00000000def80000)
  to   space 9728K, 0% used [0x00000000e4980000,0x00000000e4980000,0x00000000e5300000)
 ParOldGen       total 50688K, used 5835K [0x0000000083400000, 0x0000000086580000, 0x00000000d6700000)
  object space 50688K, 11% used [0x0000000083400000,0x00000000839b2ef8,0x0000000086580000)
 Metaspace       used 26414K, capacity 26806K, committed 27008K, reserved 1073152K
  class space    used 3244K, capacity 3367K, committed 3456K, reserved 1048576K
}
Event: 3.845 GC heap before
{Heap before GC invocations=9 (full 1):
 PSYoungGen      total 139776K, used 139214K [0x00000000d6700000, 0x00000000e5300000, 0x0000000100000000)
  eden space 131072K, 100% used [0x00000000d6700000,0x00000000de700000,0x00000000de700000)
  from space 8704K, 93% used [0x00000000de700000,0x00000000deef3b00,0x00000000def80000)
  to   space 9728K, 0% used [0x00000000e4980000,0x00000000e4980000,0x00000000e5300000)
 ParOldGen       total 50688K, used 5835K [0x0000000083400000, 0x0000000086580000, 0x00000000d6700000)
  object space 50688K, 11% used [0x0000000083400000,0x00000000839b2ef8,0x0000000086580000)
 Metaspace       used 31931K, capacity 32274K, committed 32512K, reserved 1077248K
  class space    used 3936K, capacity 4049K, committed 4096K, reserved 1048576K
Event: 3.860 GC heap after
Heap after GC invocations=9 (full 1):
 PSYoungGen      total 226816K, used 9725K [0x00000000d6700000, 0x00000000e5500000, 0x0000000100000000)
  eden space 217088K, 0% used [0x00000000d6700000,0x00000000d6700000,0x00000000e3b00000)
  from space 9728K, 99% used [0x00000000e4980000,0x00000000e52ff470,0x00000000e5300000)
  to   space 13312K, 0% used [0x00000000e3b00000,0x00000000e3b00000,0x00000000e4800000)
 ParOldGen       total 50688K, used 11335K [0x0000000083400000, 0x0000000086580000, 0x00000000d6700000)
  object space 50688K, 22% used [0x0000000083400000,0x0000000083f11f28,0x0000000086580000)
 Metaspace       used 31931K, capacity 32274K, committed 32512K, reserved 1077248K
  class space    used 3936K, capacity 4049K, committed 4096K, reserved 1048576K
}
Event: 4.653 GC heap before
{Heap before GC invocations=10 (full 1):
 PSYoungGen      total 226816K, used 143873K [0x00000000d6700000, 0x00000000e5500000, 0x0000000100000000)
  eden space 217088K, 61% used [0x00000000d6700000,0x00000000dea010c8,0x00000000e3b00000)
  from space 9728K, 99% used [0x00000000e4980000,0x00000000e52ff470,0x00000000e5300000)
  to   space 13312K, 0% used [0x00000000e3b00000,0x00000000e3b00000,0x00000000e4800000)
 ParOldGen       total 50688K, used 11335K [0x0000000083400000, 0x0000000086580000, 0x00000000d6700000)
  object space 50688K, 22% used [0x0000000083400000,0x0000000083f11f28,0x0000000086580000)
 Metaspace       used 34960K, capacity 35330K, committed 35456K, reserved 1081344K
  class space    used 4360K, capacity 4441K, committed 4480K, reserved 1048576K
Event: 4.668 GC heap after
Heap after GC invocations=10 (full 1):
 PSYoungGen      total 230400K, used 13309K [0x00000000d6700000, 0x00000000ead80000, 0x0000000100000000)
  eden space 217088K, 0% used [0x00000000d6700000,0x00000000d6700000,0x00000000e3b00000)
  from space 13312K, 99% used [0x00000000e3b00000,0x00000000e47ff470,0x00000000e4800000)
  to   space 16384K, 0% used [0x00000000e9d80000,0x00000000e9d80000,0x00000000ead80000)
 ParOldGen       total 50688K, used 14239K [0x0000000083400000, 0x0000000086580000, 0x00000000d6700000)
  object space 50688K, 28% used [0x0000000083400000,0x00000000841e7f68,0x0000000086580000)
 Metaspace       used 34960K, capacity 35330K, committed 35456K, reserved 1081344K
  class space    used 4360K, capacity 4441K, committed 4480K, reserved 1048576K
}
Event: 4.668 GC heap before
{Heap before GC invocations=11 (full 2):
 PSYoungGen      total 230400K, used 13309K [0x00000000d6700000, 0x00000000ead80000, 0x0000000100000000)
  eden space 217088K, 0% used [0x00000000d6700000,0x00000000d6700000,0x00000000e3b00000)
  from space 13312K, 99% used [0x00000000e3b00000,0x00000000e47ff470,0x00000000e4800000)
  to   space 16384K, 0% used [0x00000000e9d80000,0x00000000e9d80000,0x00000000ead80000)
 ParOldGen       total 50688K, used 14239K [0x0000000083400000, 0x0000000086580000, 0x00000000d6700000)
  object space 50688K, 28% used [0x0000000083400000,0x00000000841e7f68,0x0000000086580000)
 Metaspace       used 34960K, capacity 35330K, committed 35456K, reserved 1081344K
  class space    used 4360K, capacity 4441K, committed 4480K, reserved 1048576K
Event: 4.739 GC heap after
Heap after GC invocations=11 (full 2):
 PSYoungGen      total 230400K, used 0K [0x00000000d6700000, 0x00000000ead80000, 0x0000000100000000)
  eden space 217088K, 0% used [0x00000000d6700000,0x00000000d6700000,0x00000000e3b00000)
  from space 13312K, 0% used [0x00000000e3b00000,0x00000000e3b00000,0x00000000e4800000)
  to   space 16384K, 0% used [0x00000000e9d80000,0x00000000e9d80000,0x00000000ead80000)
 ParOldGen       total 88576K, used 22952K [0x0000000083400000, 0x0000000088a80000, 0x00000000d6700000)
  object space 88576K, 25% used [0x0000000083400000,0x0000000084a6a108,0x0000000088a80000)
 Metaspace       used 34960K, capacity 35330K, committed 35456K, reserved 1081344K
  class space    used 4360K, capacity 4441K, committed 4480K, reserved 1048576K
}

Deoptimization events (10 events):
Event: 5656.604 Thread 0x000000001ee18800 Uncommon trap: reason=unhandled action=none pc=0x00000000044837c4 method=java.net.URLClassLoader.findClass(Ljava/lang/String;)Ljava/lang/Class; @ 44
Event: 5656.604 Thread 0x000000001ee18800 Uncommon trap: reason=unhandled action=none pc=0x00000000044837c4 method=java.net.URLClassLoader.findClass(Ljava/lang/String;)Ljava/lang/Class; @ 44
Event: 5656.605 Thread 0x000000001ee18800 Uncommon trap: reason=range_check action=none pc=0x0000000003ad7bdc method=sun.reflect.generics.parser.SignatureParser.current()C @ 34
Event: 5656.606 Thread 0x000000001ee18800 Uncommon trap: reason=unhandled action=none pc=0x00000000044837c4 method=java.net.URLClassLoader.findClass(Ljava/lang/String;)Ljava/lang/Class; @ 44
Event: 5656.606 Thread 0x000000001ee18800 Uncommon trap: reason=unhandled action=none pc=0x00000000044837c4 method=java.net.URLClassLoader.findClass(Ljava/lang/String;)Ljava/lang/Class; @ 44
Event: 5656.608 Thread 0x000000001ee18800 Uncommon trap: reason=range_check action=none pc=0x0000000003ad7bdc method=sun.reflect.generics.parser.SignatureParser.current()C @ 34
Event: 5669.133 Thread 0x0000000027ecf800 Uncommon trap: reason=unstable_if action=reinterpret pc=0x000000000456a674 method=sun.nio.ch.SelectorImpl.processDeregisterQueue()V @ 15
Event: 5785.125 Thread 0x0000000027ecc800 Uncommon trap: reason=class_check action=maybe_recompile pc=0x00000000039c79a4 method=java.util.TreeMap.put(Ljava/lang/Object;Ljava/lang/Object;)Ljava/lang/Object; @ 127
Event: 5803.721 Thread 0x0000000027ecc800 Uncommon trap: reason=range_check action=make_not_entrant pc=0x0000000003f48504 method=com.ibm.as400.access.DataStreamCompression.compressRLEInternal([BII[BIB)I @ 243
Event: 5863.663 Thread 0x0000000027ecc800 Uncommon trap: reason=bimorphic action=maybe_recompile pc=0x0000000003b04f80 method=java.util.AbstractList$Itr.next()Ljava/lang/Object; @ 14

Internal exceptions (10 events):
Event: 5542.519 Thread 0x000000001ee18800 Exception <a 'java/lang/ArrayIndexOutOfBoundsException': 39> (0x00000000dbafe5f0) thrown at [D:\re\workspace\8-2-build-windows-amd64-cygwin\jdk8u92\6642\hotspot\src\share\vm\interpreter\interpreterRuntime.cpp, line 366]
Event: 5542.519 Thread 0x000000001ee18800 Exception <a 'java/lang/ArrayIndexOutOfBoundsException': 58> (0x00000000dbafff58) thrown at [D:\re\workspace\8-2-build-windows-amd64-cygwin\jdk8u92\6642\hotspot\src\share\vm\interpreter\interpreterRuntime.cpp, line 366]
Event: 5542.552 Thread 0x000000001ee18800 Exception <a 'java/lang/ArrayIndexOutOfBoundsException': 67> (0x00000000dbbef578) thrown at [D:\re\workspace\8-2-build-windows-amd64-cygwin\jdk8u92\6642\hotspot\src\share\vm\interpreter\interpreterRuntime.cpp, line 366]
Event: 5542.555 Thread 0x000000001ee18800 Exception <a 'java/lang/ArrayIndexOutOfBoundsException': 31> (0x00000000dbc06488) thrown at [D:\re\workspace\8-2-build-windows-amd64-cygwin\jdk8u92\6642\hotspot\src\share\vm\interpreter\interpreterRuntime.cpp, line 366]
Event: 5542.558 Thread 0x000000001ee18800 Exception <a 'java/lang/ArrayIndexOutOfBoundsException': 31> (0x00000000dbc0a158) thrown at [D:\re\workspace\8-2-build-windows-amd64-cygwin\jdk8u92\6642\hotspot\src\share\vm\interpreter\interpreterRuntime.cpp, line 366]
Event: 5542.558 Thread 0x000000001ee18800 Exception <a 'java/lang/ArrayIndexOutOfBoundsException': 31> (0x00000000dbc0d888) thrown at [D:\re\workspace\8-2-build-windows-amd64-cygwin\jdk8u92\6642\hotspot\src\share\vm\interpreter\interpreterRuntime.cpp, line 366]
Event: 5656.590 Thread 0x000000001ee18800 Exception <a 'java/lang/ArrayIndexOutOfBoundsException': 66> (0x00000000e02d8690) thrown at [D:\re\workspace\8-2-build-windows-amd64-cygwin\jdk8u92\6642\hotspot\src\share\vm\interpreter\interpreterRuntime.cpp, line 366]
Event: 5656.594 Thread 0x000000001ee18800 Exception <a 'java/lang/ArrayIndexOutOfBoundsException': 66> (0x00000000e03288b0) thrown at [D:\re\workspace\8-2-build-windows-amd64-cygwin\jdk8u92\6642\hotspot\src\share\vm\interpreter\interpreterRuntime.cpp, line 366]
Event: 5656.605 Thread 0x000000001ee18800 Exception <a 'java/lang/ArrayIndexOutOfBoundsException': 64> (0x00000000e03fdbd8) thrown at [D:\re\workspace\8-2-build-windows-amd64-cygwin\jdk8u92\6642\hotspot\src\share\vm\interpreter\interpreterRuntime.cpp, line 366]
Event: 5656.609 Thread 0x000000001ee18800 Exception <a 'java/lang/ArrayIndexOutOfBoundsException': 64> (0x00000000e04465b8) thrown at [D:\re\workspace\8-2-build-windows-amd64-cygwin\jdk8u92\6642\hotspot\src\share\vm\interpreter\interpreterRuntime.cpp, line 366]

Events (10 events):
Event: 5863.665 Executing VM operation: GetObjectMonitorUsage
Event: 5863.665 Executing VM operation: GetObjectMonitorUsage done
Event: 5863.665 Executing VM operation: GetObjectMonitorUsage
Event: 5863.665 Executing VM operation: GetObjectMonitorUsage done
Event: 5863.665 Thread 0x000000001a214800 flushing nmethod 0x0000000003bddd90
Event: 5868.165 Executing VM operation: RevokeBias
Event: 5868.165 Executing VM operation: RevokeBias done
Event: 5868.166 Thread 0x000000001a214800 flushing nmethod 0x0000000003e21fd0
Event: 5923.888 Executing VM operation: RedefineClasses
Event: 5923.932 Executing VM operation: RedefineClasses done


Dynamic libraries:
0x00007ff7c5c30000 - 0x00007ff7c5c67000 	C:\Program Files\Java\jre1.8.0_92\bin\javaw.exe
0x00007fff526b0000 - 0x00007fff5289d000 	C:\Windows\SYSTEM32\ntdll.dll
0x00007fff4f8e0000 - 0x00007fff4f993000 	C:\Windows\System32\KERNEL32.DLL
0x00007fff4e9e0000 - 0x00007fff4ec73000 	C:\Windows\System32\KERNELBASE.dll
0x00007fff52340000 - 0x00007fff523e3000 	C:\Windows\System32\ADVAPI32.dll
0x00007fff4fbb0000 - 0x00007fff4fc4e000 	C:\Windows\System32\msvcrt.dll
0x00007fff4fcb0000 - 0x00007fff4fd4e000 	C:\Windows\System32\sechost.dll
0x00007fff50100000 - 0x00007fff50222000 	C:\Windows\System32\RPCRT4.dll
0x00007fff523f0000 - 0x00007fff52587000 	C:\Windows\System32\USER32.dll
0x00007fff4e990000 - 0x00007fff4e9b0000 	C:\Windows\System32\win32u.dll
0x00007fff50c80000 - 0x00007fff50ca9000 	C:\Windows\System32\GDI32.dll
0x00007fff4f6f0000 - 0x00007fff4f88a000 	C:\Windows\System32\gdi32full.dll
0x00007fff4f5d0000 - 0x00007fff4f670000 	C:\Windows\System32\msvcp_win.dll
0x00007fff4e7e0000 - 0x00007fff4e8dc000 	C:\Windows\System32\ucrtbase.dll
0x00007fff44690000 - 0x00007fff44909000 	C:\Windows\WinSxS\amd64_microsoft.windows.common-controls_6595b64144ccf1df_6.0.17763.253_none_05b2388e0721fece\COMCTL32.dll
0x00007fff50230000 - 0x00007fff5055d000 	C:\Windows\System32\combase.dll
0x00007fff4f670000 - 0x00007fff4f6ee000 	C:\Windows\System32\bcryptPrimitives.dll
0x00007fff50cb0000 - 0x00007fff50cde000 	C:\Windows\System32\IMM32.DLL
0x00007fff15570000 - 0x00007fff15614000 	C:\Program Files\McAfee\Endpoint Security\Threat Prevention\Ips\EpMPApi.dll
0x00007fff4e780000 - 0x00007fff4e7d8000 	C:\Windows\System32\WINTRUST.dll
0x00007fff4e6b0000 - 0x00007fff4e6c2000 	C:\Windows\System32\MSASN1.dll
0x00007fff4f3f0000 - 0x00007fff4f5cb000 	C:\Windows\System32\CRYPT32.dll
0x0000000072570000 - 0x000000007257c000 	C:\Program Files\McAfee\Endpoint Security\Threat Prevention\Ips\EpMPThe.dll
0x0000000070b40000 - 0x0000000070c12000 	C:\Program Files\Java\jre1.8.0_92\bin\msvcr100.dll
0x00000000714f0000 - 0x0000000071d86000 	C:\Program Files\Java\jre1.8.0_92\bin\server\jvm.dll
0x00007fff4f9a0000 - 0x00007fff4f9a8000 	C:\Windows\System32\PSAPI.DLL
0x00007fff3bb70000 - 0x00007fff3bb79000 	C:\Windows\SYSTEM32\WSOCK32.dll
0x00007fff46b90000 - 0x00007fff46b9a000 	C:\Windows\SYSTEM32\VERSION.dll
0x00007fff4c8a0000 - 0x00007fff4c8c4000 	C:\Windows\SYSTEM32\WINMM.dll
0x00007fff50560000 - 0x00007fff505cd000 	C:\Windows\System32\WS2_32.dll
0x00007fff4c870000 - 0x00007fff4c89d000 	C:\Windows\SYSTEM32\winmmbase.dll
0x00007fff4f890000 - 0x00007fff4f8da000 	C:\Windows\System32\cfgmgr32.dll
0x0000000072180000 - 0x000000007218f000 	C:\Program Files\Java\jre1.8.0_92\bin\verify.dll
0x0000000072150000 - 0x0000000072179000 	C:\Program Files\Java\jre1.8.0_92\bin\java.dll
0x0000000071210000 - 0x0000000071245000 	C:\Program Files\Java\jre1.8.0_92\bin\jdwp.dll
0x00000000712f0000 - 0x00000000712f8000 	C:\Program Files\Java\jre1.8.0_92\bin\npt.dll
0x00000000711e0000 - 0x0000000071203000 	C:\Program Files\Java\jre1.8.0_92\bin\instrument.dll
0x0000000072130000 - 0x0000000072146000 	C:\Program Files\Java\jre1.8.0_92\bin\zip.dll
0x00007fff50ce0000 - 0x00007fff521cf000 	C:\Windows\System32\SHELL32.dll
0x00007fff4fa50000 - 0x00007fff4faf8000 	C:\Windows\System32\shcore.dll
0x00007fff4eca0000 - 0x00007fff4f3ea000 	C:\Windows\System32\windows.storage.dll
0x00007fff4e6f0000 - 0x00007fff4e714000 	C:\Windows\System32\profapi.dll
0x00007fff4e720000 - 0x00007fff4e77d000 	C:\Windows\System32\powrprof.dll
0x00000000032d0000 - 0x0000000003322000 	C:\Windows\System32\shlwapi.dll
0x00007fff4e6d0000 - 0x00007fff4e6e1000 	C:\Windows\System32\kernel.appcore.dll
0x00007fff4ec80000 - 0x00007fff4ec97000 	C:\Windows\System32\cryptsp.dll
0x00000000712e0000 - 0x00000000712e9000 	C:\Program Files\Java\jre1.8.0_92\bin\dt_socket.dll
0x00007fff45ca0000 - 0x00007fff45cb6000 	C:\Windows\system32\napinsp.dll
0x00007fff45c80000 - 0x00007fff45c9a000 	C:\Windows\system32\pnrpnsp.dll
0x00007fff4dee0000 - 0x00007fff4df47000 	C:\Windows\System32\mswsock.dll
0x00007fff4dc80000 - 0x00007fff4dd46000 	C:\Windows\SYSTEM32\DNSAPI.dll
0x00007fff52590000 - 0x00007fff52598000 	C:\Windows\System32\NSI.dll
0x00007fff4dc40000 - 0x00007fff4dc7d000 	C:\Windows\SYSTEM32\IPHLPAPI.DLL
0x00007fff45bd0000 - 0x00007fff45bde000 	C:\Windows\System32\winrnr.dll
0x00007fff4bdf0000 - 0x00007fff4be0b000 	C:\Windows\system32\NLAapi.dll
0x00007fff45dd0000 - 0x00007fff45de5000 	C:\Windows\system32\wshbth.dll
0x00007fff49ba0000 - 0x00007fff49c19000 	C:\Windows\System32\fwpuclnt.dll
0x00007fff4e9b0000 - 0x00007fff4e9d6000 	C:\Windows\System32\bcrypt.dll
0x00007fff476d0000 - 0x00007fff476da000 	C:\Windows\System32\rasadhlp.dll
0x0000000071300000 - 0x000000007130d000 	C:\Program Files\Java\jre1.8.0_92\bin\management.dll
0x0000000072110000 - 0x000000007212a000 	C:\Program Files\Java\jre1.8.0_92\bin\net.dll
0x00000000720f0000 - 0x0000000072101000 	C:\Program Files\Java\jre1.8.0_92\bin\nio.dll
0x00007fff4daa0000 - 0x00007fff4dad3000 	C:\Windows\system32\rsaenh.dll
0x00007fff4e5e0000 - 0x00007fff4e608000 	C:\Windows\SYSTEM32\USERENV.dll
0x00007fff4e0b0000 - 0x00007fff4e0bc000 	C:\Windows\SYSTEM32\CRYPTBASE.dll
0x00007fff49b80000 - 0x00007fff49b96000 	C:\Windows\SYSTEM32\dhcpcsvc6.DLL
0x00007fff49b60000 - 0x00007fff49b7c000 	C:\Windows\SYSTEM32\dhcpcsvc.DLL
0x00007fff3ca30000 - 0x00007fff3cc1d000 	C:\Windows\SYSTEM32\dbghelp.dll

VM Arguments:
jvm_args: -agentlib:jdwp=transport=dt_socket,suspend=y,address=localhost:58701 -javaagent:E:\UtahHousingCorp-MGLD\eclipse-jee-2019-12-R-win32-x86_64\eclipse\configuration\org.eclipse.osgi\411\0\.cp\lib\javaagent-shaded.jar -Dfile.encoding=UTF-8 
java_command: org.uhc.PhonePayAPIApplication
java_class_path (initial): E:\UtahHousingCorp-MGLD\PhonePayWorkspace_12April\PhonePayBackend\target\classes;C:\Users\pradeepy\.m2\repository\org\springframework\boot\spring-boot-starter-web\1.5.6.RELEASE\spring-boot-starter-web-1.5.6.RELEASE.jar;C:\Users\pradeepy\.m2\repository\org\springframework\boot\spring-boot-starter\1.5.6.RELEASE\spring-boot-starter-1.5.6.RELEASE.jar;C:\Users\pradeepy\.m2\repository\org\springframework\boot\spring-boot\1.5.6.RELEASE\spring-boot-1.5.6.RELEASE.jar;C:\Users\pradeepy\.m2\repository\org\springframework\boot\spring-boot-autoconfigure\1.5.6.RELEASE\spring-boot-autoconfigure-1.5.6.RELEASE.jar;C:\Users\pradeepy\.m2\repository\org\yaml\snakeyaml\1.17\snakeyaml-1.17.jar;C:\Users\pradeepy\.m2\repository\org\hibernate\hibernate-validator\5.3.5.Final\hibernate-validator-5.3.5.Final.jar;C:\Users\pradeepy\.m2\repository\javax\validation\validation-api\1.1.0.Final\validation-api-1.1.0.Final.jar;C:\Users\pradeepy\.m2\repository\org\jboss\logging\jboss-logging\3.3.1.Final\jboss-logging-3.3.1.Final.jar;C:\Users\pradeepy\.m2\repository\com\fasterxml\classmate\1.3.3\classmate-1.3.3.jar;C:\Users\pradeepy\.m2\repository\com\fasterxml\jackson\core\jackson-databind\2.8.9\jackson-databind-2.8.9.jar;C:\Users\pradeepy\.m2\repository\com\fasterxml\jackson\core\jackson-annotations\2.8.0\jackson-annotations-2.8.0.jar;C:\Users\pradeepy\.m2\repository\com\fasterxml\jackson\core\jackson-core\2.8.9\jackson-core-2.8.9.jar;C:\Users\pradeepy\.m2\repository\org\springframework\spring-web\4.3.10.RELEASE\spring-web-4.3.10.RELEASE.jar;C:\Users\pradeepy\.m2\repository\org\springframework\spring-beans\4.3.10.RELEASE\spring-beans-4.3.10.RELEASE.jar;C:\Users\pradeepy\.m2\repository\org\springframework\spring-context\4.3.10.RELEASE\spring-context-4.3.10.RELEASE.jar;C:\Users\pradeepy\.m2\repository\org\springframework\spring-webmvc\4.3.10.RELEASE\spring-webmvc-4.3.10.RELEASE.jar;C:\Users\pradeepy\.m2\repository\org\springframework\spring-expression\4.3.10.RELEASE\spring-ex
Launcher Type: SUN_STANDARD

Environment Variables:
JAVA_HOME=C:\Program Files\Java\jdk1.8.0_92
CLASSPATH=.;C:\PROGRA~1\IBM\SQLLIB\java\db2java.zip;C:\PROGRA~1\IBM\SQLLIB\java\db2jcc.jar;C:\PROGRA~1\IBM\SQLLIB\java\sqlj.zip;C:\PROGRA~1\IBM\SQLLIB\java\db2jcc_license_cu.jar;C:\PROGRA~1\IBM\SQLLIB\bin;C:\PROGRA~1\IBM\SQLLIB\java\common.jar
PATH=C:/Program Files/Java/jre1.8.0_92/bin/server;C:/Program Files/Java/jre1.8.0_92/bin;C:/Program Files/Java/jre1.8.0_92/lib/amd64;C:\ProgramData\Oracle\Java\javapath;C:\Windows\system32;C:\Windows;C:\Windows\System32\Wbem;C:\Windows\System32\WindowsPowerShell\v1.0\;C:\Windows\System32\OpenSSH\;C:\Program Files\Microsoft SQL Server\120\Tools\Binn\;C:\Program Files\Microsoft SQL Server\Client SDK\ODBC\110\Tools\Binn\;C:\Program Files (x86)\Microsoft SQL Server\120\Tools\Binn\;C:\Program Files\Microsoft SQL Server\120\DTS\Binn\;C:\Program Files (x86)\Microsoft SQL Server\120\Tools\Binn\ManagementStudio\;C:\Program Files (x86)\Microsoft SQL Server\120\DTS\Binn\;C:\Program Files\Java\jdk1.8.0_92\bin;C:\Program Files\TortoiseSVN\bin;C:\Program Files\nodejs\;C:\Program Files\ibm\gsk8\lib64;C:\Program Files (x86)\ibm\gsk8\lib;C:\PROGRA~1\IBM\SQLLIB\BIN;C:\PROGRA~1\IBM\SQLLIB\FUNCTION;C:\PROGRA~1\IBM\SQLLIB\SAMPLES\REPL;C:\Users\pradeepy\AppData\Local\Microsoft\WindowsApps;C:\Users\pradeepy\AppData\Roaming\npm;C:\Users\pradeepy\AppData\Local\Programs\Microsoft VS Code\bin;C:\Users\pradeepy\AppData\Local\Programs\Git\cmd;E:\UtahHousingCorp-MGLD\eclipse-jee-2019-12-R-win32-x86_64\eclipse;
USERNAME=pradeepy
OS=Windows_NT
PROCESSOR_IDENTIFIER=Intel64 Family 6 Model 158 Stepping 10, GenuineIntel



---------------  S Y S T E M  ---------------

OS: Windows 10.0 , 64 bit Build 17763 (10.0.17763.1)

CPU:total 12 (6 cores per cpu, 2 threads per core) family 6 model 158 stepping 10, cmov, cx8, fxsr, mmx, sse, sse2, sse3, ssse3, sse4.1, sse4.2, popcnt, avx, avx2, aes, clmul, erms, rtm, 3dnowpref, lzcnt, ht, tsc, tscinvbit, bmi1, bmi2, adx

Memory: 4k page, physical 8168860k(3368644k free), swap 29694780k(3608304k free)

vm_info: Java HotSpot(TM) 64-Bit Server VM (25.92-b14) for windows-amd64 JRE (1.8.0_92-b14), built on Mar 31 2016 21:03:04 by "java_re" with MS VC++ 10.0 (VS2010)

time: Sat May 08 19:56:14 2021
elapsed time: 5923 seconds (0d 1h 38m 43s)

