#
# A fatal error has been detected by the Java Runtime Environment:
#
#  EXCEPTION_ACCESS_VIOLATION (0xc0000005) at pc=0x0000000071619575, pid=4740, tid=0x00000000000069d4
#
# JRE version: Java(TM) SE Runtime Environment (8.0_92-b14) (build 1.8.0_92-b14)
# Java VM: Java HotSpot(TM) 64-Bit Server VM (25.92-b14 mixed mode windows-amd64 compressed oops)
# Problematic frame:
# V  [jvm.dll+0x129575]
#
# Failed to write core dump. Minidumps are not enabled by default on client versions of Windows
#
# If you would like to submit a bug report, please visit:
#   http://bugreport.java.com/bugreport/crash.jsp
#

---------------  T H R E A D  ---------------

Current thread (0x0000000019bfe800):  JavaThread "JDWP Transport Listener: dt_socket" daemon [_thread_in_vm, id=27092, stack(0x000000001b5e0000,0x000000001b6e0000)]

siginfo: ExceptionCode=0xc0000005, reading address 0xffffffffffffffff

Registers:
RAX=0x000000001b6df501, RBX=0x0000000019bfe800, RCX=0x7265757109000109, RDX=0x0000000000000000
RSP=0x000000001b6df520, RBP=0x7265757109000109, RSI=0x000000001b6df638, RDI=0x00000000031ac9f0
R8 =0x0000000019bfe800, R9 =0x0000000000008000, R10=0x0000000000000000, R11=0x0000000020e3e9ab
R12=0x0000000000000000, R13=0x00000000184ff868, R14=0x0000000000000000, R15=0x0000000000000000
RIP=0x0000000071619575, EFLAGS=0x0000000000010206

Top of Stack: (sp=0x000000001b6df520)
0x000000001b6df520:   0000000019bfe800 0000000019bfe800
0x000000001b6df530:   000000001b6df5e8 000000007181fbab
0x000000001b6df540:   0000000019bfe800 000000007183c40d
0x000000001b6df550:   0000000000000000 0000000070b69155
0x000000001b6df560:   00000000222210b8 0000000070b7291e
0x000000001b6df570:   0000000019bfe800 0000000000000000
0x000000001b6df580:   0000000000000000 0000000000000000
0x000000001b6df590:   7265757109000109 0000000070b71a15
0x000000001b6df5a0:   000000001b6df638 000000001b6df610
0x000000001b6df5b0:   0000000000000001 00000000222210b8
0x000000001b6df5c0:   7265757109000109 0000000070b553b3
0x000000001b6df5d0:   000000001b6df700 0000000000000001
0x000000001b6df5e0:   0000000000000001 00000000222210b8
0x000000001b6df5f0:   0000000000000001 0000000000000000
0x000000001b6df600:   0000000000000000 0000000000000000
0x000000001b6df610:   0000000000000001 0000000070b55571 

Instructions: (pc=0x0000000071619575)
0x0000000071619555:   cc cc cc cc cc cc cc cc cc cc cc 48 83 ec 28 48
0x0000000071619565:   85 c9 75 07 33 c0 48 83 c4 28 c3 48 89 5c 24 20
0x0000000071619575:   48 8b 19 48 85 db 74 20 48 83 fb 37 74 1a 48 8b
0x0000000071619585:   13 48 8b cb ff 52 10 84 c0 74 0d 48 8b c3 48 8b 


Register to memory mapping:

RAX=0x000000001b6df501 is pointing into the stack for thread: 0x0000000019bfe800
RBX=0x0000000019bfe800 is a thread
RCX=0x7265757109000109 is an unknown value
RDX=0x0000000000000000 is an unknown value
RSP=0x000000001b6df520 is pointing into the stack for thread: 0x0000000019bfe800
RBP=0x7265757109000109 is an unknown value
RSI=0x000000001b6df638 is pointing into the stack for thread: 0x0000000019bfe800
RDI=0x00000000031ac9f0 is an unknown value
R8 =0x0000000019bfe800 is a thread
R9 =0x0000000000008000 is an unknown value
R10=0x0000000000000000 is an unknown value
R11=0x0000000020e3e9ab is an unknown value
R12=0x0000000000000000 is an unknown value
R13=0x00000000184ff868 is an unknown value
R14=0x0000000000000000 is an unknown value
R15=0x0000000000000000 is an unknown value


Stack: [0x000000001b5e0000,0x000000001b6e0000],  sp=0x000000001b6df520,  free space=1021k
Native frames: (J=compiled Java code, j=interpreted, Vv=VM code, C=native code)
V  [jvm.dll+0x129575]
V  [jvm.dll+0x34c40d]
C  [jdwp.dll+0x21a15]
C  [jdwp.dll+0x53b3]
C  [jdwp.dll+0x5571]
C  [jdwp.dll+0xf0a8]
C  [jdwp.dll+0x1f2d5]
C  [jdwp.dll+0x1f4aa]
V  [jvm.dll+0x1bc3e8]
V  [jvm.dll+0x244314]
V  [jvm.dll+0x29b34a]
C  [msvcr100.dll+0x21d9f]
C  [msvcr100.dll+0x21e3b]
C  [KERNEL32.DLL+0x17e94]
C  [ntdll.dll+0x6a251]


---------------  P R O C E S S  ---------------

Java Threads: ( => current thread )
  0x000000001c2e8800 JavaThread "AS400 Read Daemon [system:172.16.10.15;job:510139/QUSER/QZDASOINIT]" daemon [_thread_in_native, id=23792, stack(0x0000000029d80000,0x0000000029e80000)]
  0x000000001c2ef800 JavaThread "AS400 Read Daemon [system:172.16.10.15;job:510138/QUSER/QZDASOINIT]" daemon [_thread_in_native, id=18584, stack(0x0000000029c80000,0x0000000029d80000)]
  0x000000001c2ee800 JavaThread "AS400 Read Daemon [system:172.16.10.15;job:510136/QUSER/QZDASOINIT]" daemon [_thread_in_native, id=16800, stack(0x0000000029b80000,0x0000000029c80000)]
  0x000000001c2ee000 JavaThread "AS400 Read Daemon [system:172.16.10.15;job:510137/QUSER/QZDASOINIT]" daemon [_thread_in_native, id=20272, stack(0x0000000029a80000,0x0000000029b80000)]
  0x000000001c2eb800 JavaThread "AS400 Read Daemon [system:172.16.10.15;job:510134/QUSER/QZDASOINIT]" daemon [_thread_in_native, id=15148, stack(0x0000000029780000,0x0000000029880000)]
  0x000000001c2ea000 JavaThread "AS400 Read Daemon [system:172.16.10.15;job:510135/QUSER/QZDASOINIT]" daemon [_thread_in_native, id=2636, stack(0x0000000029680000,0x0000000029780000)]
  0x000000001c2e8000 JavaThread "AS400 Read Daemon [system:172.16.10.15;job:510017/QUSER/QZDASOINIT]" daemon [_thread_in_native, id=17912, stack(0x0000000029580000,0x0000000029680000)]
  0x000000001c2eb000 JavaThread "AS400 Read Daemon [system:172.16.10.15;job:510127/QUSER/QZDASOINIT]" daemon [_thread_in_native, id=11248, stack(0x0000000029480000,0x0000000029580000)]
  0x000000001c2ed000 JavaThread "AS400 Read Daemon [system:172.16.10.15;job:510125/QUSER/QZDASOINIT]" daemon [_thread_in_native, id=9516, stack(0x0000000029380000,0x0000000029480000)]
  0x000000001c2e5800 JavaThread "AS400 Read Daemon [system:172.16.10.15;job:510128/QUSER/QZDASOINIT]" daemon [_thread_in_native, id=5748, stack(0x0000000029280000,0x0000000029380000)]
  0x000000001c2ec800 JavaThread "Abandoned connection cleanup thread" daemon [_thread_blocked, id=13580, stack(0x0000000029080000,0x0000000029180000)]
  0x000000001c2e7000 JavaThread "Tomcat JDBC Pool Cleaner[414493378:1620208080429]" daemon [_thread_blocked, id=8452, stack(0x0000000028f80000,0x0000000029080000)]
  0x000000001c2e9800 JavaThread "DestroyJavaVM" [_thread_blocked, id=14004, stack(0x0000000003040000,0x0000000003140000)]
  0x000000001c2e6800 JavaThread "http-nio-8080-AsyncTimeout" daemon [_thread_blocked, id=14608, stack(0x0000000028c80000,0x0000000028d80000)]
  0x000000001f622000 JavaThread "http-nio-8080-Acceptor-0" daemon [_thread_in_native, id=17256, stack(0x0000000028b80000,0x0000000028c80000)]
  0x000000001f628000 JavaThread "http-nio-8080-ClientPoller-1" daemon [_thread_in_native, id=7808, stack(0x0000000028a80000,0x0000000028b80000)]
  0x000000001f626000 JavaThread "http-nio-8080-ClientPoller-0" daemon [_thread_in_native, id=21556, stack(0x0000000028980000,0x0000000028a80000)]
  0x000000001f621800 JavaThread "http-nio-8080-exec-10" daemon [_thread_blocked, id=16792, stack(0x00000000278b0000,0x00000000279b0000)]
  0x000000001f624800 JavaThread "http-nio-8080-exec-9" daemon [_thread_blocked, id=15920, stack(0x00000000277b0000,0x00000000278b0000)]
  0x000000001f623000 JavaThread "http-nio-8080-exec-8" daemon [_thread_blocked, id=14780, stack(0x00000000276b0000,0x00000000277b0000)]
  0x000000001f627800 JavaThread "http-nio-8080-exec-7" daemon [_thread_blocked, id=20124, stack(0x00000000275b0000,0x00000000276b0000)]
  0x000000001f623800 JavaThread "http-nio-8080-exec-6" daemon [_thread_blocked, id=21148, stack(0x00000000274b0000,0x00000000275b0000)]
  0x000000001f626800 JavaThread "http-nio-8080-exec-5" daemon [_thread_blocked, id=14280, stack(0x00000000273b0000,0x00000000274b0000)]
  0x000000001f625000 JavaThread "http-nio-8080-exec-4" daemon [_thread_blocked, id=20608, stack(0x0000000026220000,0x0000000026320000)]
  0x000000001cd34800 JavaThread "http-nio-8080-exec-3" daemon [_thread_blocked, id=19728, stack(0x0000000026120000,0x0000000026220000)]
  0x000000001cd33800 JavaThread "http-nio-8080-exec-2" daemon [_thread_blocked, id=19748, stack(0x0000000026020000,0x0000000026120000)]
  0x000000001cd32000 JavaThread "http-nio-8080-exec-1" daemon [_thread_blocked, id=27056, stack(0x0000000025f20000,0x0000000026020000)]
  0x000000001cd31800 JavaThread "NioBlockingSelector.BlockPoller-1" daemon [_thread_in_native, id=16916, stack(0x0000000024980000,0x0000000024a80000)]
  0x000000001cd37800 JavaThread "container-0" [_thread_blocked, id=20308, stack(0x0000000024880000,0x0000000024980000)]
  0x000000001cd33000 JavaThread "ContainerBackgroundProcessor[StandardEngine[Tomcat]]" daemon [_thread_blocked, id=11156, stack(0x0000000023700000,0x0000000023800000)]
  0x000000001c01a800 JavaThread "Log4j2-TF-6-Scheduled-2" daemon [_thread_blocked, id=23120, stack(0x00000000201a0000,0x00000000202a0000)]
  0x0000000019f3d800 JavaThread "Service Thread" daemon [_thread_blocked, id=14344, stack(0x000000001c4e0000,0x000000001c5e0000)]
  0x0000000019f4e800 JavaThread "C1 CompilerThread3" daemon [_thread_blocked, id=22376, stack(0x000000001bbe0000,0x000000001bce0000)]
  0x0000000019f4e000 JavaThread "C2 CompilerThread2" daemon [_thread_blocked, id=5840, stack(0x000000001bae0000,0x000000001bbe0000)]
  0x0000000019f45000 JavaThread "C2 CompilerThread1" daemon [_thread_blocked, id=13452, stack(0x000000001b9e0000,0x000000001bae0000)]
  0x0000000019f44000 JavaThread "C2 CompilerThread0" daemon [_thread_blocked, id=14224, stack(0x000000001b8e0000,0x000000001b9e0000)]
  0x0000000019c09800 JavaThread "JDWP Command Reader" daemon [_thread_in_native, id=24536, stack(0x000000001b7e0000,0x000000001b8e0000)]
  0x0000000019bff000 JavaThread "JDWP Event Helper Thread" daemon [_thread_blocked, id=14436, stack(0x000000001b6e0000,0x000000001b7e0000)]
=>0x0000000019bfe800 JavaThread "JDWP Transport Listener: dt_socket" daemon [_thread_in_vm, id=27092, stack(0x000000001b5e0000,0x000000001b6e0000)]
  0x0000000019be7000 JavaThread "Attach Listener" daemon [_thread_blocked, id=10560, stack(0x000000001b1a0000,0x000000001b2a0000)]
  0x0000000019be6000 JavaThread "Signal Dispatcher" daemon [_thread_blocked, id=23152, stack(0x000000001b0a0000,0x000000001b1a0000)]
  0x0000000019bd3800 JavaThread "Finalizer" daemon [_thread_blocked, id=27308, stack(0x000000001ae40000,0x000000001af40000)]
  0x00000000184fd000 JavaThread "Reference Handler" daemon [_thread_blocked, id=24124, stack(0x000000001ad40000,0x000000001ae40000)]

Other Threads:
  0x000000000346c000 VMThread [stack: 0x000000001ac40000,0x000000001ad40000] [id=11076]
  0x000000001be3c000 WatcherThread [stack: 0x000000001c5e0000,0x000000001c6e0000] [id=9112]

VM state:not at safepoint (normal execution)

VM Mutex/Monitor currently owned by a thread: None

Heap:
 PSYoungGen      total 228864K, used 195013K [0x00000000d6700000, 0x00000000ea300000, 0x0000000100000000)
  eden space 215552K, 90% used [0x00000000d6700000,0x00000000e2571498,0x00000000e3980000)
  from space 13312K, 0% used [0x00000000e3980000,0x00000000e3980000,0x00000000e4680000)
  to   space 16384K, 0% used [0x00000000e9300000,0x00000000e9300000,0x00000000ea300000)
 ParOldGen       total 87040K, used 22961K [0x0000000083400000, 0x0000000088900000, 0x00000000d6700000)
  object space 87040K, 26% used [0x0000000083400000,0x0000000084a6c450,0x0000000088900000)
 Metaspace       used 43299K, capacity 43926K, committed 44032K, reserved 1087488K
  class space    used 5196K, capacity 5337K, committed 5376K, reserved 1048576K

Card table byte_map: [0x0000000012830000,0x0000000012c20000] byte_map_base: 0x0000000012416000

Marking Bits: (ParMarkBitMap*) 0x0000000071d064f0
 Begin Bits: [0x00000000138c0000, 0x00000000157f0000)
 End Bits:   [0x00000000157f0000, 0x0000000017720000)

Polling page: 0x0000000001710000

CodeCache: size=245760Kb used=18740Kb max_used=18751Kb free=227019Kb
 bounds [0x0000000003470000, 0x00000000046e0000, 0x0000000012470000]
 total_blobs=5082 nmethods=4590 adapters=412
 compilation: enabled

Compilation events (10 events):
Event: 4116.890 Thread 0x0000000019f4e800 5494       3       org.springframework.util.MimeType::isWildcardSubtype (30 bytes)
Event: 4116.890 Thread 0x0000000019f4e800 nmethod 5494 0x00000000046d2dd0 code [0x00000000046d2f60, 0x00000000046d34d8]
Event: 4272.795 Thread 0x0000000019f45000 5496       4       java.util.TaskQueue::isEmpty (13 bytes)
Event: 4272.795 Thread 0x0000000019f45000 nmethod 5496 0x0000000003865290 code [0x00000000038653c0, 0x0000000003865438]
Event: 4533.045 Thread 0x0000000019f4e000 5497       4       java.util.concurrent.ConcurrentHashMap$BaseIterator::<init> (21 bytes)
Event: 4533.052 Thread 0x0000000019f4e000 nmethod 5497 0x00000000046d4750 code [0x00000000046d48a0, 0x00000000046d4b38]
Event: 4557.706 Thread 0x0000000019f44000 5498       4       java.util.concurrent.ConcurrentHashMap$Traverser::<init> (36 bytes)
Event: 4557.707 Thread 0x0000000019f44000 nmethod 5498 0x0000000004048150 code [0x0000000004048280, 0x0000000004048318]
Event: 4561.216 Thread 0x0000000019f4e800 5499       3       java.util.concurrent.ThreadPoolExecutor::runStateAtLeast (11 bytes)
Event: 4561.216 Thread 0x0000000019f4e800 nmethod 5499 0x0000000003d06750 code [0x0000000003d068a0, 0x0000000003d06a30]

GC Heap History (10 events):
Event: 1.337 GC heap before
{Heap before GC invocations=7 (full 1):
 PSYoungGen      total 139776K, used 5745K [0x00000000d6700000, 0x00000000df800000, 0x0000000100000000)
  eden space 131072K, 0% used [0x00000000d6700000,0x00000000d6700000,0x00000000de700000)
  from space 8704K, 66% used [0x00000000def80000,0x00000000df51c7d8,0x00000000df800000)
  to   space 8704K, 0% used [0x00000000de700000,0x00000000de700000,0x00000000def80000)
 ParOldGen       total 86016K, used 3599K [0x0000000083400000, 0x0000000088800000, 0x00000000d6700000)
  object space 86016K, 4% used [0x0000000083400000,0x0000000083783cd8,0x0000000088800000)
 Metaspace       used 20949K, capacity 21132K, committed 21296K, reserved 1069056K
  class space    used 2552K, capacity 2598K, committed 2688K, reserved 1048576K
Event: 1.355 GC heap after
Heap after GC invocations=7 (full 1):
 PSYoungGen      total 139776K, used 0K [0x00000000d6700000, 0x00000000df800000, 0x0000000100000000)
  eden space 131072K, 0% used [0x00000000d6700000,0x00000000d6700000,0x00000000de700000)
  from space 8704K, 0% used [0x00000000def80000,0x00000000def80000,0x00000000df800000)
  to   space 8704K, 0% used [0x00000000de700000,0x00000000de700000,0x00000000def80000)
 ParOldGen       total 51200K, used 5987K [0x0000000083400000, 0x0000000086600000, 0x00000000d6700000)
  object space 51200K, 11% used [0x0000000083400000,0x00000000839d8ff8,0x0000000086600000)
 Metaspace       used 20949K, capacity 21132K, committed 21296K, reserved 1069056K
  class space    used 2552K, capacity 2598K, committed 2688K, reserved 1048576K
}
Event: 2.079 GC heap before
{Heap before GC invocations=8 (full 1):
 PSYoungGen      total 139776K, used 131072K [0x00000000d6700000, 0x00000000df800000, 0x0000000100000000)
  eden space 131072K, 100% used [0x00000000d6700000,0x00000000de700000,0x00000000de700000)
  from space 8704K, 0% used [0x00000000def80000,0x00000000def80000,0x00000000df800000)
  to   space 8704K, 0% used [0x00000000de700000,0x00000000de700000,0x00000000def80000)
 ParOldGen       total 51200K, used 5987K [0x0000000083400000, 0x0000000086600000, 0x00000000d6700000)
  object space 51200K, 11% used [0x0000000083400000,0x00000000839d8ff8,0x0000000086600000)
 Metaspace       used 26420K, capacity 26806K, committed 27008K, reserved 1073152K
  class space    used 3256K, capacity 3367K, committed 3456K, reserved 1048576K
Event: 2.086 GC heap after
Heap after GC invocations=8 (full 1):
 PSYoungGen      total 139776K, used 8194K [0x00000000d6700000, 0x00000000e5080000, 0x0000000100000000)
  eden space 131072K, 0% used [0x00000000d6700000,0x00000000d6700000,0x00000000de700000)
  from space 8704K, 94% used [0x00000000de700000,0x00000000def00b10,0x00000000def80000)
  to   space 9728K, 0% used [0x00000000e4700000,0x00000000e4700000,0x00000000e5080000)
 ParOldGen       total 51200K, used 5995K [0x0000000083400000, 0x0000000086600000, 0x00000000d6700000)
  object space 51200K, 11% used [0x0000000083400000,0x00000000839daff8,0x0000000086600000)
 Metaspace       used 26420K, capacity 26806K, committed 27008K, reserved 1073152K
  class space    used 3256K, capacity 3367K, committed 3456K, reserved 1048576K
}
Event: 3.193 GC heap before
{Heap before GC invocations=9 (full 1):
 PSYoungGen      total 139776K, used 139266K [0x00000000d6700000, 0x00000000e5080000, 0x0000000100000000)
  eden space 131072K, 100% used [0x00000000d6700000,0x00000000de700000,0x00000000de700000)
  from space 8704K, 94% used [0x00000000de700000,0x00000000def00b10,0x00000000def80000)
  to   space 9728K, 0% used [0x00000000e4700000,0x00000000e4700000,0x00000000e5080000)
 ParOldGen       total 51200K, used 5995K [0x0000000083400000, 0x0000000086600000, 0x00000000d6700000)
  object space 51200K, 11% used [0x0000000083400000,0x00000000839daff8,0x0000000086600000)
 Metaspace       used 31917K, capacity 32274K, committed 32512K, reserved 1077248K
  class space    used 3942K, capacity 4049K, committed 4096K, reserved 1048576K
Event: 3.208 GC heap after
Heap after GC invocations=9 (full 1):
 PSYoungGen      total 225280K, used 9696K [0x00000000d6700000, 0x00000000e5380000, 0x0000000100000000)
  eden space 215552K, 0% used [0x00000000d6700000,0x00000000d6700000,0x00000000e3980000)
  from space 9728K, 99% used [0x00000000e4700000,0x00000000e5078060,0x00000000e5080000)
  to   space 13312K, 0% used [0x00000000e3980000,0x00000000e3980000,0x00000000e4680000)
 ParOldGen       total 51200K, used 11625K [0x0000000083400000, 0x0000000086600000, 0x00000000d6700000)
  object space 51200K, 22% used [0x0000000083400000,0x0000000083f5a7e8,0x0000000086600000)
 Metaspace       used 31917K, capacity 32274K, committed 32512K, reserved 1077248K
  class space    used 3942K, capacity 4049K, committed 4096K, reserved 1048576K
}
Event: 8.015 GC heap before
{Heap before GC invocations=10 (full 1):
 PSYoungGen      total 225280K, used 138670K [0x00000000d6700000, 0x00000000e5380000, 0x0000000100000000)
  eden space 215552K, 59% used [0x00000000d6700000,0x00000000de4f3b90,0x00000000e3980000)
  from space 9728K, 99% used [0x00000000e4700000,0x00000000e5078060,0x00000000e5080000)
  to   space 13312K, 0% used [0x00000000e3980000,0x00000000e3980000,0x00000000e4680000)
 ParOldGen       total 51200K, used 11625K [0x0000000083400000, 0x0000000086600000, 0x00000000d6700000)
  object space 51200K, 22% used [0x0000000083400000,0x0000000083f5a7e8,0x0000000086600000)
 Metaspace       used 34964K, capacity 35362K, committed 35456K, reserved 1081344K
  class space    used 4364K, capacity 4473K, committed 4480K, reserved 1048576K
Event: 8.025 GC heap after
Heap after GC invocations=10 (full 1):
 PSYoungGen      total 228864K, used 13295K [0x00000000d6700000, 0x00000000ea300000, 0x0000000100000000)
  eden space 215552K, 0% used [0x00000000d6700000,0x00000000d6700000,0x00000000e3980000)
  from space 13312K, 99% used [0x00000000e3980000,0x00000000e467bc50,0x00000000e4680000)
  to   space 16384K, 0% used [0x00000000e9300000,0x00000000e9300000,0x00000000ea300000)
 ParOldGen       total 51200K, used 14427K [0x0000000083400000, 0x0000000086600000, 0x00000000d6700000)
  object space 51200K, 28% used [0x0000000083400000,0x0000000084216da8,0x0000000086600000)
 Metaspace       used 34964K, capacity 35362K, committed 35456K, reserved 1081344K
  class space    used 4364K, capacity 4473K, committed 4480K, reserved 1048576K
}
Event: 8.025 GC heap before
{Heap before GC invocations=11 (full 2):
 PSYoungGen      total 228864K, used 13295K [0x00000000d6700000, 0x00000000ea300000, 0x0000000100000000)
  eden space 215552K, 0% used [0x00000000d6700000,0x00000000d6700000,0x00000000e3980000)
  from space 13312K, 99% used [0x00000000e3980000,0x00000000e467bc50,0x00000000e4680000)
  to   space 16384K, 0% used [0x00000000e9300000,0x00000000e9300000,0x00000000ea300000)
 ParOldGen       total 51200K, used 14427K [0x0000000083400000, 0x0000000086600000, 0x00000000d6700000)
  object space 51200K, 28% used [0x0000000083400000,0x0000000084216da8,0x0000000086600000)
 Metaspace       used 34964K, capacity 35362K, committed 35456K, reserved 1081344K
  class space    used 4364K, capacity 4473K, committed 4480K, reserved 1048576K
Event: 8.091 GC heap after
Heap after GC invocations=11 (full 2):
 PSYoungGen      total 228864K, used 0K [0x00000000d6700000, 0x00000000ea300000, 0x0000000100000000)
  eden space 215552K, 0% used [0x00000000d6700000,0x00000000d6700000,0x00000000e3980000)
  from space 13312K, 0% used [0x00000000e3980000,0x00000000e3980000,0x00000000e4680000)
  to   space 16384K, 0% used [0x00000000e9300000,0x00000000e9300000,0x00000000ea300000)
 ParOldGen       total 87040K, used 22961K [0x0000000083400000, 0x0000000088900000, 0x00000000d6700000)
  object space 87040K, 26% used [0x0000000083400000,0x0000000084a6c450,0x0000000088900000)
 Metaspace       used 34964K, capacity 35362K, committed 35456K, reserved 1081344K
  class space    used 4364K, capacity 4473K, committed 4480K, reserved 1048576K
}

Deoptimization events (10 events):
Event: 1230.206 Thread 0x000000001f623800 Uncommon trap: reason=unhandled action=none pc=0x0000000003b496dc method=java.net.URLClassLoader.findClass(Ljava/lang/String;)Ljava/lang/Class; @ 44
Event: 1233.690 Thread 0x000000001f623800 Uncommon trap: reason=unhandled action=none pc=0x0000000003b496dc method=java.net.URLClassLoader.findClass(Ljava/lang/String;)Ljava/lang/Class; @ 44
Event: 1236.272 Thread 0x000000001f623800 Uncommon trap: reason=unhandled action=none pc=0x0000000003b496dc method=java.net.URLClassLoader.findClass(Ljava/lang/String;)Ljava/lang/Class; @ 44
Event: 1236.277 Thread 0x000000001f623800 Uncommon trap: reason=unhandled action=none pc=0x0000000003b496dc method=java.net.URLClassLoader.findClass(Ljava/lang/String;)Ljava/lang/Class; @ 44
Event: 1236.562 Thread 0x000000001f623800 Uncommon trap: reason=unhandled action=none pc=0x0000000003b496dc method=java.net.URLClassLoader.findClass(Ljava/lang/String;)Ljava/lang/Class; @ 44
Event: 1296.936 Thread 0x000000001cd33800 Uncommon trap: reason=range_check action=make_not_entrant pc=0x000000000420c898 method=com.ibm.as400.access.DataStreamCompression.compressRLEInternal([BII[BIB)I @ 243
Event: 4116.872 Thread 0x000000001f623800 Uncommon trap: reason=unhandled action=none pc=0x0000000003b496dc method=java.net.URLClassLoader.findClass(Ljava/lang/String;)Ljava/lang/Class; @ 44
Event: 4116.885 Thread 0x000000001f623800 Uncommon trap: reason=bimorphic action=maybe_recompile pc=0x000000000364cad8 method=java.util.Collections$SetFromMap.contains(Ljava/lang/Object;)Z @ 5
Event: 4116.886 Thread 0x000000001f623800 Uncommon trap: reason=unstable_if action=reinterpret pc=0x0000000003675b10 method=sun.nio.cs.UTF_8$Encoder.encodeArrayLoop(Ljava/nio/CharBuffer;Ljava/nio/ByteBuffer;)Ljava/nio/charset/CoderResult; @ 113
Event: 4116.887 Thread 0x000000001f623800 Uncommon trap: reason=bimorphic action=maybe_recompile pc=0x000000000364cad8 method=java.util.Collections$SetFromMap.contains(Ljava/lang/Object;)Z @ 5

Internal exceptions (10 events):
Event: 1230.200 Thread 0x000000001f623800 Exception <a 'java/lang/ArrayIndexOutOfBoundsException': 50> (0x00000000e0c8f790) thrown at [D:\re\workspace\8-2-build-windows-amd64-cygwin\jdk8u92\6642\hotspot\src\share\vm\interpreter\interpreterRuntime.cpp, line 366]
Event: 1230.200 Thread 0x000000001f623800 Exception <a 'java/lang/ArrayIndexOutOfBoundsException': 40> (0x00000000e0c90a88) thrown at [D:\re\workspace\8-2-build-windows-amd64-cygwin\jdk8u92\6642\hotspot\src\share\vm\interpreter\interpreterRuntime.cpp, line 366]
Event: 1230.200 Thread 0x000000001f623800 Exception <a 'java/lang/ArrayIndexOutOfBoundsException': 61> (0x00000000e0c91f38) thrown at [D:\re\workspace\8-2-build-windows-amd64-cygwin\jdk8u92\6642\hotspot\src\share\vm\interpreter\interpreterRuntime.cpp, line 366]
Event: 1230.202 Thread 0x000000001f623800 Exception <a 'java/lang/ArrayIndexOutOfBoundsException': 31> (0x00000000e0c967e0) thrown at [D:\re\workspace\8-2-build-windows-amd64-cygwin\jdk8u92\6642\hotspot\src\share\vm\interpreter\interpreterRuntime.cpp, line 366]
Event: 1230.202 Thread 0x000000001f623800 Exception <a 'java/lang/ArrayIndexOutOfBoundsException': 31> (0x00000000e0c9aac8) thrown at [D:\re\workspace\8-2-build-windows-amd64-cygwin\jdk8u92\6642\hotspot\src\share\vm\interpreter\interpreterRuntime.cpp, line 366]
Event: 1230.205 Thread 0x000000001f623800 Exception <a 'java/lang/ArrayIndexOutOfBoundsException': 31> (0x00000000e0ca1d00) thrown at [D:\re\workspace\8-2-build-windows-amd64-cygwin\jdk8u92\6642\hotspot\src\share\vm\interpreter\interpreterRuntime.cpp, line 366]
Event: 3958.501 Thread 0x000000001f624800 Exception <a 'java/io/IOException'> (0x00000000e114f780) thrown at [D:\re\workspace\8-2-build-windows-amd64-cygwin\jdk8u92\6642\hotspot\src\share\vm\prims\jni.cpp, line 709]
Event: 4112.316 Thread 0x000000001f623800 Exception <a 'java/lang/ClassNotFoundException': java/lang/ObjectCustomizer> (0x00000000e205a6d0) thrown at [D:\re\workspace\8-2-build-windows-amd64-cygwin\jdk8u92\6642\hotspot\src\share\vm\classfile\systemDictionary.cpp, line 210]
Event: 4112.334 Thread 0x000000001f623800 Exception <a 'java/lang/ClassNotFoundException': org/springframework/jdbc/support/SQLErrorCodesCustomizer> (0x00000000e2072820) thrown at [D:\re\workspace\8-2-build-windows-amd64-cygwin\jdk8u92\6642\hotspot\src\share\vm\classfile\systemDictionary.cpp, linev:ÎX∞@
Event: 4112.347 Thread 0x000000001f623800 Exception <a 'java/lang/ArrayIndexOutOfBoundsException': 80> (0x00000000e2080e60) thrown at [D:\re\workspace\8-2-build-windows-amd64-cygwin\jdk8u92\6642\hotspot\src\share\vm\interpreter\interpreterRuntime.cpp, line 366]

Events (10 events):
Event: 4116.887 Thread 0x000000001f623800 DEOPT PACKING pc=0x0000000004410074 sp=0x00000000275ac760
Event: 4116.887 Thread 0x000000001f623800 DEOPT UNPACKING pc=0x00000000034b787f sp=0x00000000275ac440 mode 0
Event: 4116.888 Thread 0x0000000019f4e800 flushing nmethod 0x00000000036fa610
Event: 4116.889 Thread 0x0000000019f4e800 flushing nmethod 0x000000000373d090
Event: 4116.889 Thread 0x0000000019f4e800 flushing nmethod 0x000000000380bad0
Event: 4116.889 Thread 0x0000000019f4e800 flushing nmethod 0x00000000038a0410
Event: 4116.890 Thread 0x0000000019f4e800 flushing nmethod 0x00000000038f4490
Event: 4557.707 Thread 0x0000000019f44000 flushing nmethod 0x0000000003d06750
Event: 4867.362 Executing VM operation: RedefineClasses
Event: 4867.638 Executing VM operation: RedefineClasses done


Dynamic libraries:
0x00007ff6a3790000 - 0x00007ff6a37c7000 	C:\Program Files\Java\jre1.8.0_92\bin\javaw.exe
0x00007fff526b0000 - 0x00007fff5289d000 	C:\Windows\SYSTEM32\ntdll.dll
0x00007fff4f8e0000 - 0x00007fff4f993000 	C:\Windows\System32\KERNEL32.DLL
0x00007fff4e9e0000 - 0x00007fff4ec73000 	C:\Windows\System32\KERNELBASE.dll
0x00007fff52340000 - 0x00007fff523e3000 	C:\Windows\System32\ADVAPI32.dll
0x00007fff4fbb0000 - 0x00007fff4fc4e000 	C:\Windows\System32\msvcrt.dll
0x00007fff4fcb0000 - 0x00007fff4fd4e000 	C:\Windows\System32\sechost.dll
0x00007fff50100000 - 0x00007fff50222000 	C:\Windows\System32\RPCRT4.dll
0x00007fff523f0000 - 0x00007fff52587000 	C:\Windows\System32\USER32.dll
0x00007fff4e990000 - 0x00007fff4e9b0000 	C:\Windows\System32\win32u.dll
0x00007fff50c80000 - 0x00007fff50ca9000 	C:\Windows\System32\GDI32.dll
0x00007fff4f6f0000 - 0x00007fff4f88a000 	C:\Windows\System32\gdi32full.dll
0x00007fff4f5d0000 - 0x00007fff4f670000 	C:\Windows\System32\msvcp_win.dll
0x00007fff4e7e0000 - 0x00007fff4e8dc000 	C:\Windows\System32\ucrtbase.dll
0x00007fff44690000 - 0x00007fff44909000 	C:\Windows\WinSxS\amd64_microsoft.windows.common-controls_6595b64144ccf1df_6.0.17763.253_none_05b2388e0721fece\COMCTL32.dll
0x00007fff50230000 - 0x00007fff5055d000 	C:\Windows\System32\combase.dll
0x00007fff4f670000 - 0x00007fff4f6ee000 	C:\Windows\System32\bcryptPrimitives.dll
0x00007fff50cb0000 - 0x00007fff50cde000 	C:\Windows\System32\IMM32.DLL
0x00007fff15570000 - 0x00007fff15614000 	C:\Program Files\McAfee\Endpoint Security\Threat Prevention\Ips\EpMPApi.dll
0x00007fff4e780000 - 0x00007fff4e7d8000 	C:\Windows\System32\WINTRUST.dll
0x00007fff4e6b0000 - 0x00007fff4e6c2000 	C:\Windows\System32\MSASN1.dll
0x00007fff4f3f0000 - 0x00007fff4f5cb000 	C:\Windows\System32\CRYPT32.dll
0x0000000072570000 - 0x000000007257c000 	C:\Program Files\McAfee\Endpoint Security\Threat Prevention\Ips\EpMPThe.dll
0x0000000070810000 - 0x00000000708e2000 	C:\Program Files\Java\jre1.8.0_92\bin\msvcr100.dll
0x00000000714f0000 - 0x0000000071d86000 	C:\Program Files\Java\jre1.8.0_92\bin\server\jvm.dll
0x00007fff4f9a0000 - 0x00007fff4f9a8000 	C:\Windows\System32\PSAPI.DLL
0x00007fff4c8a0000 - 0x00007fff4c8c4000 	C:\Windows\SYSTEM32\WINMM.dll
0x00007fff46b90000 - 0x00007fff46b9a000 	C:\Windows\SYSTEM32\VERSION.dll
0x00007fff3bb70000 - 0x00007fff3bb79000 	C:\Windows\SYSTEM32\WSOCK32.dll
0x00007fff50560000 - 0x00007fff505cd000 	C:\Windows\System32\WS2_32.dll
0x00007fff4c870000 - 0x00007fff4c89d000 	C:\Windows\SYSTEM32\WINMMBASE.dll
0x00007fff4f890000 - 0x00007fff4f8da000 	C:\Windows\System32\cfgmgr32.dll
0x0000000072180000 - 0x000000007218f000 	C:\Program Files\Java\jre1.8.0_92\bin\verify.dll
0x0000000072150000 - 0x0000000072179000 	C:\Program Files\Java\jre1.8.0_92\bin\java.dll
0x0000000070b50000 - 0x0000000070b85000 	C:\Program Files\Java\jre1.8.0_92\bin\jdwp.dll
0x00000000712f0000 - 0x00000000712f8000 	C:\Program Files\Java\jre1.8.0_92\bin\npt.dll
0x00000000711e0000 - 0x0000000071203000 	C:\Program Files\Java\jre1.8.0_92\bin\instrument.dll
0x0000000072130000 - 0x0000000072146000 	C:\Program Files\Java\jre1.8.0_92\bin\zip.dll
0x00007fff50ce0000 - 0x00007fff521cf000 	C:\Windows\System32\SHELL32.dll
0x00007fff4fa50000 - 0x00007fff4faf8000 	C:\Windows\System32\shcore.dll
0x00007fff4eca0000 - 0x00007fff4f3ea000 	C:\Windows\System32\windows.storage.dll
0x00007fff4e6f0000 - 0x00007fff4e714000 	C:\Windows\System32\profapi.dll
0x00007fff4e720000 - 0x00007fff4e77d000 	C:\Windows\System32\powrprof.dll
0x000000001b040000 - 0x000000001b092000 	C:\Windows\System32\shlwapi.dll
0x00007fff4e6d0000 - 0x00007fff4e6e1000 	C:\Windows\System32\kernel.appcore.dll
0x00007fff4ec80000 - 0x00007fff4ec97000 	C:\Windows\System32\cryptsp.dll
0x00000000712e0000 - 0x00000000712e9000 	C:\Program Files\Java\jre1.8.0_92\bin\dt_socket.dll
0x00007fff45ca0000 - 0x00007fff45cb6000 	C:\Windows\system32\napinsp.dll
0x00007fff45c80000 - 0x00007fff45c9a000 	C:\Windows\system32\pnrpnsp.dll
0x00007fff4dee0000 - 0x00007fff4df47000 	C:\Windows\System32\mswsock.dll
0x00007fff4dc80000 - 0x00007fff4dd46000 	C:\Windows\SYSTEM32\DNSAPI.dll
0x00007fff52590000 - 0x00007fff52598000 	C:\Windows\System32\NSI.dll
0x00007fff4dc40000 - 0x00007fff4dc7d000 	C:\Windows\SYSTEM32\IPHLPAPI.DLL
0x00007fff45bd0000 - 0x00007fff45bde000 	C:\Windows\System32\winrnr.dll
0x00007fff4bdf0000 - 0x00007fff4be0b000 	C:\Windows\system32\NLAapi.dll
0x00007fff45dd0000 - 0x00007fff45de5000 	C:\Windows\system32\wshbth.dll
0x00007fff49ba0000 - 0x00007fff49c19000 	C:\Windows\System32\fwpuclnt.dll
0x00007fff4e9b0000 - 0x00007fff4e9d6000 	C:\Windows\System32\bcrypt.dll
0x00007fff476d0000 - 0x00007fff476da000 	C:\Windows\System32\rasadhlp.dll
0x00000000720c0000 - 0x00000000720cd000 	C:\Program Files\Java\jre1.8.0_92\bin\management.dll
0x0000000072110000 - 0x000000007212a000 	C:\Program Files\Java\jre1.8.0_92\bin\net.dll
0x00000000720f0000 - 0x0000000072101000 	C:\Program Files\Java\jre1.8.0_92\bin\nio.dll
0x00007fff4daa0000 - 0x00007fff4dad3000 	C:\Windows\system32\rsaenh.dll
0x00007fff4e5e0000 - 0x00007fff4e608000 	C:\Windows\SYSTEM32\USERENV.dll
0x00007fff4e0b0000 - 0x00007fff4e0bc000 	C:\Windows\SYSTEM32\CRYPTBASE.dll
0x00007fff49b80000 - 0x00007fff49b96000 	C:\Windows\SYSTEM32\dhcpcsvc6.DLL
0x00007fff49b60000 - 0x00007fff49b7c000 	C:\Windows\SYSTEM32\dhcpcsvc.DLL
0x00007fff3ca30000 - 0x00007fff3cc1d000 	C:\Windows\SYSTEM32\dbghelp.dll

VM Arguments:
jvm_args: -agentlib:jdwp=transport=dt_socket,suspend=y,address=localhost:62301 -javaagent:E:\UtahHousingCorp-MGLD\eclipse-jee-2019-12-R-win32-x86_64\eclipse\configuration\org.eclipse.osgi\411\0\.cp\lib\javaagent-shaded.jar -Dfile.encoding=UTF-8 
java_command: org.uhc.PhonePayAPIApplication
java_class_path (initial): E:\UtahHousingCorp-MGLD\PhonePayWorkspace_12April\PhonePayBackend\target\classes;C:\Users\pradeepy\.m2\repository\org\springframework\boot\spring-boot-starter-web\1.5.6.RELEASE\spring-boot-starter-web-1.5.6.RELEASE.jar;C:\Users\pradeepy\.m2\repository\org\springframework\boot\spring-boot-starter\1.5.6.RELEASE\spring-boot-starter-1.5.6.RELEASE.jar;C:\Users\pradeepy\.m2\repository\org\springframework\boot\spring-boot\1.5.6.RELEASE\spring-boot-1.5.6.RELEASE.jar;C:\Users\pradeepy\.m2\repository\org\springframework\boot\spring-boot-autoconfigure\1.5.6.RELEASE\spring-boot-autoconfigure-1.5.6.RELEASE.jar;C:\Users\pradeepy\.m2\repository\org\yaml\snakeyaml\1.17\snakeyaml-1.17.jar;C:\Users\pradeepy\.m2\repository\org\hibernate\hibernate-validator\5.3.5.Final\hibernate-validator-5.3.5.Final.jar;C:\Users\pradeepy\.m2\repository\javax\validation\validation-api\1.1.0.Final\validation-api-1.1.0.Final.jar;C:\Users\pradeepy\.m2\repository\org\jboss\logging\jboss-logging\3.3.1.Final\jboss-logging-3.3.1.Final.jar;C:\Users\pradeepy\.m2\repository\com\fasterxml\classmate\1.3.3\classmate-1.3.3.jar;C:\Users\pradeepy\.m2\repository\com\fasterxml\jackson\core\jackson-databind\2.8.9\jackson-databind-2.8.9.jar;C:\Users\pradeepy\.m2\repository\com\fasterxml\jackson\core\jackson-annotations\2.8.0\jackson-annotations-2.8.0.jar;C:\Users\pradeepy\.m2\repository\com\fasterxml\jackson\core\jackson-core\2.8.9\jackson-core-2.8.9.jar;C:\Users\pradeepy\.m2\repository\org\springframework\spring-web\4.3.10.RELEASE\spring-web-4.3.10.RELEASE.jar;C:\Users\pradeepy\.m2\repository\org\springframework\spring-beans\4.3.10.RELEASE\spring-beans-4.3.10.RELEASE.jar;C:\Users\pradeepy\.m2\repository\org\springframework\spring-context\4.3.10.RELEASE\spring-context-4.3.10.RELEASE.jar;C:\Users\pradeepy\.m2\repository\org\springframework\spring-webmvc\4.3.10.RELEASE\spring-webmvc-4.3.10.RELEASE.jar;C:\Users\pradeepy\.m2\repository\org\springframework\spring-expression\4.3.10.RELEASE\spring-ex
Launcher Type: SUN_STANDARD

Environment Variables:
JAVA_HOME=C:\Program Files\Java\jdk1.8.0_92
CLASSPATH=.;C:\PROGRA~1\IBM\SQLLIB\java\db2java.zip;C:\PROGRA~1\IBM\SQLLIB\java\db2jcc.jar;C:\PROGRA~1\IBM\SQLLIB\java\sqlj.zip;C:\PROGRA~1\IBM\SQLLIB\java\db2jcc_license_cu.jar;C:\PROGRA~1\IBM\SQLLIB\bin;C:\PROGRA~1\IBM\SQLLIB\java\common.jar
PATH=C:/Program Files/Java/jre1.8.0_92/bin/server;C:/Program Files/Java/jre1.8.0_92/bin;C:/Program Files/Java/jre1.8.0_92/lib/amd64;C:\ProgramData\Oracle\Java\javapath;C:\Windows\system32;C:\Windows;C:\Windows\System32\Wbem;C:\Windows\System32\WindowsPowerShell\v1.0\;C:\Windows\System32\OpenSSH\;C:\Program Files\Microsoft SQL Server\120\Tools\Binn\;C:\Program Files\Microsoft SQL Server\Client SDK\ODBC\110\Tools\Binn\;C:\Program Files (x86)\Microsoft SQL Server\120\Tools\Binn\;C:\Program Files\Microsoft SQL Server\120\DTS\Binn\;C:\Program Files (x86)\Microsoft SQL Server\120\Tools\Binn\ManagementStudio\;C:\Program Files (x86)\Microsoft SQL Server\120\DTS\Binn\;C:\Program Files\Java\jdk1.8.0_92\bin;C:\Program Files\TortoiseSVN\bin;C:\Program Files\nodejs\;C:\Program Files\ibm\gsk8\lib64;C:\Program Files (x86)\ibm\gsk8\lib;C:\PROGRA~1\IBM\SQLLIB\BIN;C:\PROGRA~1\IBM\SQLLIB\FUNCTION;C:\PROGRA~1\IBM\SQLLIB\SAMPLES\REPL;C:\Users\pradeepy\AppData\Local\Microsoft\WindowsApps;C:\Users\pradeepy\AppData\Roaming\npm;C:\Users\pradeepy\AppData\Local\Programs\Microsoft VS Code\bin;C:\Users\pradeepy\AppData\Local\Programs\Git\cmd;E:\UtahHousingCorp-MGLD\eclipse-jee-2019-12-R-win32-x86_64\eclipse;
USERNAME=pradeepy
OS=Windows_NT
PROCESSOR_IDENTIFIER=Intel64 Family 6 Model 158 Stepping 10, GenuineIntel



---------------  S Y S T E M  ---------------

OS: Windows 10.0 , 64 bit Build 17763 (10.0.17763.1)

CPU:total 12 (6 cores per cpu, 2 threads per core) family 6 model 158 stepping 10, cmov, cx8, fxsr, mmx, sse, sse2, sse3, ssse3, sse4.1, sse4.2, popcnt, avx, avx2, aes, clmul, erms, rtm, 3dnowpref, lzcnt, ht, tsc, tscinvbit, bmi1, bmi2, adx

Memory: 4k page, physical 8168860k(961608k free), swap 15993252k(2191232k free)

vm_info: Java HotSpot(TM) 64-Bit Server VM (25.92-b14) for windows-amd64 JRE (1.8.0_92-b14), built on Mar 31 2016 21:03:04 by "java_re" with MS VC++ 10.0 (VS2010)

time: Wed May 05 16:24:02 2021
elapsed time: 4867 seconds (0d 1h 21m 7s)

