#
# A fatal error has been detected by the Java Runtime Environment:
#
#  EXCEPTION_ACCESS_VIOLATION (0xc0000005) at pc=0x0000000071619575, pid=23620, tid=0x0000000000006bd0
#
# JRE version: Java(TM) SE Runtime Environment (8.0_92-b14) (build 1.8.0_92-b14)
# Java VM: Java HotSpot(TM) 64-Bit Server VM (25.92-b14 mixed mode windows-amd64 compressed oops)
# Problematic frame:
# V  [jvm.dll+0x129575]
#
# Failed to write core dump. Minidumps are not enabled by default on client versions of Windows
#
# If you would like to submit a bug report, please visit:
#   http://bugreport.java.com/bugreport/crash.jsp
#

---------------  T H R E A D  ---------------

Current thread (0x00000000198c1800):  JavaThread "JDWP Transport Listener: dt_socket" daemon [_thread_in_vm, id=27600, stack(0x000000001b2a0000,0x000000001b3a0000)]

siginfo: ExceptionCode=0xc0000005, reading address 0xffffffffffffffff

Registers:
RAX=0x000000001b39f301, RBX=0x00000000198c1800, RCX=0x003b726564616f4c, RDX=0x0000000000000000
RSP=0x000000001b39f310, RBP=0x003b726564616f4c, RSI=0x000000001b39f428, RDI=0x0000000002d4c9f0
R8 =0x00000000198c1800, R9 =0x0000000000008000, R10=0x0000000000000000, R11=0x000000001b39f584
R12=0x0000000000000000, R13=0x00000000198c25f8, R14=0x0000000000000000, R15=0x0000000000000000
RIP=0x0000000071619575, EFLAGS=0x0000000000010202

Top of Stack: (sp=0x000000001b39f310)
0x000000001b39f310:   00000000198c1800 00000000198c1800
0x000000001b39f320:   000000001b39f3d8 000000007181fbab
0x000000001b39f330:   00000000198c1800 000000007183c40d
0x000000001b39f340:   0000000000000000 0000000071229155
0x000000001b39f350:   00000000218a0778 000000007123291e
0x000000001b39f360:   00000000198c1800 0000000000000000
0x000000001b39f370:   0000000000000000 0000000000000000
0x000000001b39f380:   003b726564616f4c 0000000071231a15
0x000000001b39f390:   000000001b39f428 000000001b39f400
0x000000001b39f3a0:   0000000000000001 00000000218a0778
0x000000001b39f3b0:   003b726564616f4c 00000000712153b3
0x000000001b39f3c0:   000000001b39f4f0 0000000000000001
0x000000001b39f3d0:   0000000000000001 00000000218a0778
0x000000001b39f3e0:   0000000000000001 0000000000000000
0x000000001b39f3f0:   0000000000000000 0000000000000000
0x000000001b39f400:   0000000000000001 0000000071215571 

Instructions: (pc=0x0000000071619575)
0x0000000071619555:   cc cc cc cc cc cc cc cc cc cc cc 48 83 ec 28 48
0x0000000071619565:   85 c9 75 07 33 c0 48 83 c4 28 c3 48 89 5c 24 20
0x0000000071619575:   48 8b 19 48 85 db 74 20 48 83 fb 37 74 1a 48 8b
0x0000000071619585:   13 48 8b cb ff 52 10 84 c0 74 0d 48 8b c3 48 8b 


Register to memory mapping:

RAX=0x000000001b39f301 is pointing into the stack for thread: 0x00000000198c1800
RBX=0x00000000198c1800 is a thread
RCX=0x003b726564616f4c is an unknown value
RDX=0x0000000000000000 is an unknown value
RSP=0x000000001b39f310 is pointing into the stack for thread: 0x00000000198c1800
RBP=0x003b726564616f4c is an unknown value
RSI=0x000000001b39f428 is pointing into the stack for thread: 0x00000000198c1800
RDI=0x0000000002d4c9f0 is an unknown value
R8 =0x00000000198c1800 is a thread
R9 =0x0000000000008000 is an unknown value
R10=0x0000000000000000 is an unknown value
R11=0x000000001b39f584 is pointing into the stack for thread: 0x00000000198c1800
R12=0x0000000000000000 is an unknown value
R13=0x00000000198c25f8 is an unknown value
R14=0x0000000000000000 is an unknown value
R15=0x0000000000000000 is an unknown value


Stack: [0x000000001b2a0000,0x000000001b3a0000],  sp=0x000000001b39f310,  free space=1020k
Native frames: (J=compiled Java code, j=interpreted, Vv=VM code, C=native code)
V  [jvm.dll+0x129575]
V  [jvm.dll+0x34c40d]
C  [jdwp.dll+0x21a15]
C  [jdwp.dll+0x53b3]
C  [jdwp.dll+0x5571]
C  [jdwp.dll+0xf0a8]
C  [jdwp.dll+0x1f2d5]
C  [jdwp.dll+0x1f4aa]
V  [jvm.dll+0x1bc3e8]
V  [jvm.dll+0x244314]
V  [jvm.dll+0x29b34a]
C  [msvcr100.dll+0x21d9f]
C  [msvcr100.dll+0x21e3b]
C  [KERNEL32.DLL+0x17e94]
C  [ntdll.dll+0x6a251]


---------------  P R O C E S S  ---------------

Java Threads: ( => current thread )
  0x0000000021624800 JavaThread "AS400 Read Daemon [system:172.16.10.15;job:510263/QUSER/QZDASOINIT]" daemon [_thread_in_native, id=24272, stack(0x000000002a850000,0x000000002a950000)]
  0x0000000021629000 JavaThread "AS400 Read Daemon [system:172.16.10.15;job:510260/QUSER/QZDASOINIT]" daemon [_thread_in_native, id=21820, stack(0x000000002a750000,0x000000002a850000)]
  0x0000000021625800 JavaThread "AS400 Read Daemon [system:172.16.10.15;job:510261/QUSER/QZDASOINIT]" daemon [_thread_in_native, id=1944, stack(0x000000002a650000,0x000000002a750000)]
  0x000000002162b800 JavaThread "AS400 Read Daemon [system:172.16.10.15;job:510258/QUSER/QZDASOINIT]" daemon [_thread_in_native, id=24884, stack(0x000000002a550000,0x000000002a650000)]
  0x000000002162a000 JavaThread "AS400 Read Daemon [system:172.16.10.15;job:510259/QUSER/QZDASOINIT]" daemon [_thread_in_native, id=600, stack(0x000000002a450000,0x000000002a550000)]
  0x0000000021627800 JavaThread "AS400 Read Daemon [system:172.16.10.15;job:510256/QUSER/QZDASOINIT]" daemon [_thread_in_native, id=1380, stack(0x000000002a350000,0x000000002a450000)]
  0x000000002162b000 JavaThread "AS400 Read Daemon [system:172.16.10.15;job:510257/QUSER/QZDASOINIT]" daemon [_thread_in_native, id=25232, stack(0x000000002a250000,0x000000002a350000)]
  0x0000000021626000 JavaThread "AS400 Read Daemon [system:172.16.10.15;job:510254/QUSER/QZDASOINIT]" daemon [_thread_in_native, id=27552, stack(0x000000002a150000,0x000000002a250000)]
  0x0000000021623000 JavaThread "AS400 Read Daemon [system:172.16.10.15;job:510255/QUSER/QZDASOINIT]" daemon [_thread_in_native, id=20680, stack(0x000000002a050000,0x000000002a150000)]
  0x0000000021624000 JavaThread "AS400 Read Daemon [system:172.16.10.15;job:510252/QUSER/QZDASOINIT]" daemon [_thread_in_native, id=5800, stack(0x0000000029f50000,0x000000002a050000)]
  0x0000000021628800 JavaThread "Abandoned connection cleanup thread" daemon [_thread_blocked, id=15644, stack(0x0000000029d50000,0x0000000029e50000)]
  0x000000001d270000 JavaThread "Tomcat JDBC Pool Cleaner[414493378:1620230196702]" daemon [_thread_blocked, id=21188, stack(0x0000000029c50000,0x0000000029d50000)]
  0x000000001d26f000 JavaThread "DestroyJavaVM" [_thread_blocked, id=15020, stack(0x0000000002dd0000,0x0000000002ed0000)]
  0x000000001d26e800 JavaThread "http-nio-8080-AsyncTimeout" daemon [_thread_blocked, id=6576, stack(0x0000000029950000,0x0000000029a50000)]
  0x000000001d26d800 JavaThread "http-nio-8080-Acceptor-0" daemon [_thread_in_native, id=5784, stack(0x0000000029850000,0x0000000029950000)]
  0x000000001d274800 JavaThread "http-nio-8080-ClientPoller-1" daemon [_thread_in_native, id=13416, stack(0x0000000029750000,0x0000000029850000)]
  0x000000001d271800 JavaThread "http-nio-8080-ClientPoller-0" daemon [_thread_in_native, id=19576, stack(0x0000000029650000,0x0000000029750000)]
  0x000000001d270800 JavaThread "http-nio-8080-exec-10" daemon [_thread_blocked, id=25680, stack(0x0000000029550000,0x0000000029650000)]
  0x000000001d273000 JavaThread "http-nio-8080-exec-9" daemon [_thread_blocked, id=2832, stack(0x0000000029450000,0x0000000029550000)]
  0x000000001d272000 JavaThread "http-nio-8080-exec-8" daemon [_thread_blocked, id=19388, stack(0x0000000029350000,0x0000000029450000)]
  0x000000001d273800 JavaThread "http-nio-8080-exec-7" daemon [_thread_blocked, id=21864, stack(0x0000000029250000,0x0000000029350000)]
  0x0000000021757000 JavaThread "http-nio-8080-exec-6" daemon [_thread_blocked, id=27284, stack(0x0000000029150000,0x0000000029250000)]
  0x00000000217ef000 JavaThread "http-nio-8080-exec-5" daemon [_thread_blocked, id=11348, stack(0x0000000025c30000,0x0000000025d30000)]
  0x000000001c455800 JavaThread "http-nio-8080-exec-4" daemon [_thread_blocked, id=21384, stack(0x0000000025b30000,0x0000000025c30000)]
  0x000000001c4cc800 JavaThread "http-nio-8080-exec-3" daemon [_thread_blocked, id=20484, stack(0x0000000025a30000,0x0000000025b30000)]
  0x00000000204ad000 JavaThread "http-nio-8080-exec-2" daemon [_thread_blocked, id=15180, stack(0x0000000025930000,0x0000000025a30000)]
  0x000000001eb0b000 JavaThread "http-nio-8080-exec-1" daemon [_thread_blocked, id=12852, stack(0x0000000025830000,0x0000000025930000)]
  0x0000000021f99000 JavaThread "NioBlockingSelector.BlockPoller-1" daemon [_thread_in_native, id=11624, stack(0x0000000024730000,0x0000000024830000)]
  0x0000000021737000 JavaThread "container-0" [_thread_blocked, id=16388, stack(0x0000000024630000,0x0000000024730000)]
  0x0000000020144000 JavaThread "ContainerBackgroundProcessor[StandardEngine[Tomcat]]" daemon [_thread_blocked, id=23760, stack(0x0000000024530000,0x0000000024630000)]
  0x000000001f6f6800 JavaThread "Log4j2-TF-6-Scheduled-2" daemon [_thread_blocked, id=19852, stack(0x000000001fd10000,0x000000001fe10000)]
  0x0000000019c1c000 JavaThread "Service Thread" daemon [_thread_blocked, id=16512, stack(0x000000001c1a0000,0x000000001c2a0000)]
  0x0000000019c11000 JavaThread "C1 CompilerThread3" daemon [_thread_blocked, id=24296, stack(0x000000001b8a0000,0x000000001b9a0000)]
  0x0000000019c23800 JavaThread "C2 CompilerThread2" daemon [_thread_blocked, id=22152, stack(0x000000001b7a0000,0x000000001b8a0000)]
  0x0000000019c22800 JavaThread "C2 CompilerThread1" daemon [_thread_blocked, id=14188, stack(0x000000001b6a0000,0x000000001b7a0000)]
  0x0000000019c22000 JavaThread "C2 CompilerThread0" daemon [_thread_blocked, id=18972, stack(0x000000001b5a0000,0x000000001b6a0000)]
  0x00000000198ce800 JavaThread "JDWP Command Reader" daemon [_thread_in_native, id=608, stack(0x000000001b4a0000,0x000000001b5a0000)]
  0x00000000198cc000 JavaThread "JDWP Event Helper Thread" daemon [_thread_blocked, id=4344, stack(0x000000001b3a0000,0x000000001b4a0000)]
=>0x00000000198c1800 JavaThread "JDWP Transport Listener: dt_socket" daemon [_thread_in_vm, id=27600, stack(0x000000001b2a0000,0x000000001b3a0000)]
  0x00000000198b7800 JavaThread "Attach Listener" daemon [_thread_blocked, id=18952, stack(0x000000001ae60000,0x000000001af60000)]
  0x00000000198b4800 JavaThread "Signal Dispatcher" daemon [_thread_blocked, id=19480, stack(0x000000001ad60000,0x000000001ae60000)]
  0x00000000198a3000 JavaThread "Finalizer" daemon [_thread_blocked, id=11156, stack(0x000000001ab00000,0x000000001ac00000)]
  0x00000000181bd800 JavaThread "Reference Handler" daemon [_thread_blocked, id=15584, stack(0x000000001aa00000,0x000000001ab00000)]

Other Threads:
  0x00000000181b6800 VMThread [stack: 0x000000001a900000,0x000000001aa00000] [id=22792]
  0x000000001bafc800 WatcherThread [stack: 0x000000001c2a0000,0x000000001c3a0000] [id=25864]

VM state:not at safepoint (normal execution)

VM Mutex/Monitor currently owned by a thread: None

Heap:
 PSYoungGen      total 230912K, used 160622K [0x00000000d6700000, 0x00000000eae00000, 0x0000000100000000)
  eden space 217600K, 73% used [0x00000000d6700000,0x00000000e03db838,0x00000000e3b80000)
  from space 13312K, 0% used [0x00000000e3b80000,0x00000000e3b80000,0x00000000e4880000)
  to   space 16384K, 0% used [0x00000000e9e00000,0x00000000e9e00000,0x00000000eae00000)
 ParOldGen       total 88576K, used 22884K [0x0000000083400000, 0x0000000088a80000, 0x00000000d6700000)
  object space 88576K, 25% used [0x0000000083400000,0x0000000084a59128,0x0000000088a80000)
 Metaspace       used 41814K, capacity 42398K, committed 42664K, reserved 1087488K
  class space    used 5092K, capacity 5247K, committed 5288K, reserved 1048576K

Card table byte_map: [0x00000000124f0000,0x00000000128e0000] byte_map_base: 0x00000000120d6000

Marking Bits: (ParMarkBitMap*) 0x0000000071d064f0
 Begin Bits: [0x0000000013580000, 0x00000000154b0000)
 End Bits:   [0x00000000154b0000, 0x00000000173e0000)

Polling page: 0x0000000002c70000

CodeCache: size=245760Kb used=14949Kb max_used=15900Kb free=230810Kb
 bounds [0x0000000003130000, 0x0000000004140000, 0x0000000012130000]
 total_blobs=4234 nmethods=3743 adapters=411
 compilation: enabled

Compilation events (10 events):
Event: 228.583 Thread 0x0000000019c11000 4605       3       java.util.TaskQueue::isEmpty (13 bytes)
Event: 228.583 Thread 0x0000000019c11000 nmethod 4605 0x0000000003e5a790 code [0x0000000003e5a8e0, 0x0000000003e5aa90]
Event: 242.901 Thread 0x0000000019c11000 4606       1       org.apache.catalina.LifecycleEvent::getType (5 bytes)
Event: 242.902 Thread 0x0000000019c11000 nmethod 4606 0x0000000003e5a4d0 code [0x0000000003e5a620, 0x0000000003e5a730]
Event: 257.065 Thread 0x0000000019c11000 4607       3       org.apache.tomcat.util.net.NioBlockingSelector$BlockPoller::events (48 bytes)
Event: 257.065 Thread 0x0000000019c11000 nmethod 4607 0x0000000003f1de50 code [0x0000000003f1e000, 0x0000000003f1e718]
Event: 257.066 Thread 0x0000000019c11000 4608  s    3       org.apache.tomcat.util.collections.SynchronizedQueue::size (23 bytes)
Event: 257.066 Thread 0x0000000019c11000 nmethod 4608 0x0000000003e59fd0 code [0x0000000003e5a120, 0x0000000003e5a430]
Event: 257.293 Thread 0x0000000019c11000 4609       3       java.util.Collections$SetFromMap::iterator (10 bytes)
Event: 257.294 Thread 0x0000000019c11000 nmethod 4609 0x0000000003e59b50 code [0x0000000003e59cc0, 0x0000000003e59ee8]

GC Heap History (10 events):
Event: 1.293 GC heap before
{Heap before GC invocations=7 (full 1):
 PSYoungGen      total 139776K, used 5982K [0x00000000d6700000, 0x00000000df800000, 0x0000000100000000)
  eden space 131072K, 0% used [0x00000000d6700000,0x00000000d6700000,0x00000000de700000)
  from space 8704K, 68% used [0x00000000def80000,0x00000000df557a58,0x00000000df800000)
  to   space 8704K, 0% used [0x00000000de700000,0x00000000de700000,0x00000000def80000)
 ParOldGen       total 86016K, used 3533K [0x0000000083400000, 0x0000000088800000, 0x00000000d6700000)
  object space 86016K, 4% used [0x0000000083400000,0x0000000083773460,0x0000000088800000)
 Metaspace       used 20951K, capacity 21132K, committed 21296K, reserved 1069056K
  class space    used 2551K, capacity 2598K, committed 2688K, reserved 1048576K
Event: 1.310 GC heap after
Heap after GC invocations=7 (full 1):
 PSYoungGen      total 139776K, used 0K [0x00000000d6700000, 0x00000000df800000, 0x0000000100000000)
  eden space 131072K, 0% used [0x00000000d6700000,0x00000000d6700000,0x00000000de700000)
  from space 8704K, 0% used [0x00000000def80000,0x00000000def80000,0x00000000df800000)
  to   space 8704K, 0% used [0x00000000de700000,0x00000000de700000,0x00000000def80000)
 ParOldGen       total 50176K, used 6247K [0x0000000083400000, 0x0000000086500000, 0x00000000d6700000)
  object space 50176K, 12% used [0x0000000083400000,0x0000000083a19d88,0x0000000086500000)
 Metaspace       used 20951K, capacity 21132K, committed 21296K, reserved 1069056K
  class space    used 2551K, capacity 2598K, committed 2688K, reserved 1048576K
}
Event: 2.057 GC heap before
{Heap before GC invocations=8 (full 1):
 PSYoungGen      total 139776K, used 131072K [0x00000000d6700000, 0x00000000df800000, 0x0000000100000000)
  eden space 131072K, 100% used [0x00000000d6700000,0x00000000de700000,0x00000000de700000)
  from space 8704K, 0% used [0x00000000def80000,0x00000000def80000,0x00000000df800000)
  to   space 8704K, 0% used [0x00000000de700000,0x00000000de700000,0x00000000def80000)
 ParOldGen       total 50176K, used 6247K [0x0000000083400000, 0x0000000086500000, 0x00000000d6700000)
  object space 50176K, 12% used [0x0000000083400000,0x0000000083a19d88,0x0000000086500000)
 Metaspace       used 26682K, capacity 26998K, committed 27264K, reserved 1073152K
  class space    used 3274K, capacity 3367K, committed 3456K, reserved 1048576K
Event: 2.065 GC heap after
Heap after GC invocations=8 (full 1):
 PSYoungGen      total 139776K, used 8360K [0x00000000d6700000, 0x00000000e5380000, 0x0000000100000000)
  eden space 131072K, 0% used [0x00000000d6700000,0x00000000d6700000,0x00000000de700000)
  from space 8704K, 96% used [0x00000000de700000,0x00000000def2a378,0x00000000def80000)
  to   space 9728K, 0% used [0x00000000e4a00000,0x00000000e4a00000,0x00000000e5380000)
 ParOldGen       total 50176K, used 6255K [0x0000000083400000, 0x0000000086500000, 0x00000000d6700000)
  object space 50176K, 12% used [0x0000000083400000,0x0000000083a1bd88,0x0000000086500000)
 Metaspace       used 26682K, capacity 26998K, committed 27264K, reserved 1073152K
  class space    used 3274K, capacity 3367K, committed 3456K, reserved 1048576K
}
Event: 3.123 GC heap before
{Heap before GC invocations=9 (full 1):
 PSYoungGen      total 139776K, used 139432K [0x00000000d6700000, 0x00000000e5380000, 0x0000000100000000)
  eden space 131072K, 100% used [0x00000000d6700000,0x00000000de700000,0x00000000de700000)
  from space 8704K, 96% used [0x00000000de700000,0x00000000def2a378,0x00000000def80000)
  to   space 9728K, 0% used [0x00000000e4a00000,0x00000000e4a00000,0x00000000e5380000)
 ParOldGen       total 50176K, used 6255K [0x0000000083400000, 0x0000000086500000, 0x00000000d6700000)
  object space 50176K, 12% used [0x0000000083400000,0x0000000083a1bd88,0x0000000086500000)
 Metaspace       used 32077K, capacity 32466K, committed 32768K, reserved 1077248K
  class space    used 3954K, capacity 4049K, committed 4096K, reserved 1048576K
Event: 3.134 GC heap after
Heap after GC invocations=9 (full 1):
 PSYoungGen      total 227328K, used 9713K [0x00000000d6700000, 0x00000000e5580000, 0x0000000100000000)
  eden space 217600K, 0% used [0x00000000d6700000,0x00000000d6700000,0x00000000e3b80000)
  from space 9728K, 99% used [0x00000000e4a00000,0x00000000e537c4a0,0x00000000e5380000)
  to   space 13312K, 0% used [0x00000000e3b80000,0x00000000e3b80000,0x00000000e4880000)
 ParOldGen       total 50176K, used 11688K [0x0000000083400000, 0x0000000086500000, 0x00000000d6700000)
  object space 50176K, 23% used [0x0000000083400000,0x0000000083f6a198,0x0000000086500000)
 Metaspace       used 32077K, capacity 32466K, committed 32768K, reserved 1077248K
  class space    used 3954K, capacity 4049K, committed 4096K, reserved 1048576K
}
Event: 3.740 GC heap before
{Heap before GC invocations=10 (full 1):
 PSYoungGen      total 227328K, used 135805K [0x00000000d6700000, 0x00000000e5580000, 0x0000000100000000)
  eden space 217600K, 57% used [0x00000000d6700000,0x00000000de223148,0x00000000e3b80000)
  from space 9728K, 99% used [0x00000000e4a00000,0x00000000e537c4a0,0x00000000e5380000)
  to   space 13312K, 0% used [0x00000000e3b80000,0x00000000e3b80000,0x00000000e4880000)
 ParOldGen       total 50176K, used 11688K [0x0000000083400000, 0x0000000086500000, 0x00000000d6700000)
  object space 50176K, 23% used [0x0000000083400000,0x0000000083f6a198,0x0000000086500000)
 Metaspace       used 34966K, capacity 35394K, committed 35496K, reserved 1081344K
  class space    used 4366K, capacity 4505K, committed 4520K, reserved 1048576K
Event: 3.752 GC heap after
Heap after GC invocations=10 (full 1):
 PSYoungGen      total 230912K, used 13294K [0x00000000d6700000, 0x00000000eae00000, 0x0000000100000000)
  eden space 217600K, 0% used [0x00000000d6700000,0x00000000d6700000,0x00000000e3b80000)
  from space 13312K, 99% used [0x00000000e3b80000,0x00000000e487b880,0x00000000e4880000)
  to   space 16384K, 0% used [0x00000000e9e00000,0x00000000e9e00000,0x00000000eae00000)
 ParOldGen       total 50176K, used 14350K [0x0000000083400000, 0x0000000086500000, 0x00000000d6700000)
  object space 50176K, 28% used [0x0000000083400000,0x0000000084203940,0x0000000086500000)
 Metaspace       used 34966K, capacity 35394K, committed 35496K, reserved 1081344K
  class space    used 4366K, capacity 4505K, committed 4520K, reserved 1048576K
}
Event: 3.752 GC heap before
{Heap before GC invocations=11 (full 2):
 PSYoungGen      total 230912K, used 13294K [0x00000000d6700000, 0x00000000eae00000, 0x0000000100000000)
  eden space 217600K, 0% used [0x00000000d6700000,0x00000000d6700000,0x00000000e3b80000)
  from space 13312K, 99% used [0x00000000e3b80000,0x00000000e487b880,0x00000000e4880000)
  to   space 16384K, 0% used [0x00000000e9e00000,0x00000000e9e00000,0x00000000eae00000)
 ParOldGen       total 50176K, used 14350K [0x0000000083400000, 0x0000000086500000, 0x00000000d6700000)
  object space 50176K, 28% used [0x0000000083400000,0x0000000084203940,0x0000000086500000)
 Metaspace       used 34966K, capacity 35394K, committed 35496K, reserved 1081344K
  class space    used 4366K, capacity 4505K, committed 4520K, reserved 1048576K
Event: 3.823 GC heap after
Heap after GC invocations=11 (full 2):
 PSYoungGen      total 230912K, used 0K [0x00000000d6700000, 0x00000000eae00000, 0x0000000100000000)
  eden space 217600K, 0% used [0x00000000d6700000,0x00000000d6700000,0x00000000e3b80000)
  from space 13312K, 0% used [0x00000000e3b80000,0x00000000e3b80000,0x00000000e4880000)
  to   space 16384K, 0% used [0x00000000e9e00000,0x00000000e9e00000,0x00000000eae00000)
 ParOldGen       total 88576K, used 22884K [0x0000000083400000, 0x0000000088a80000, 0x00000000d6700000)
  object space 88576K, 25% used [0x0000000083400000,0x0000000084a59128,0x0000000088a80000)
 Metaspace       used 34966K, capacity 35394K, committed 35496K, reserved 1081344K
  class space    used 4366K, capacity 4505K, committed 4520K, reserved 1048576K
}

Deoptimization events (10 events):
Event: 134.996 Thread 0x00000000204ad000 Uncommon trap: reason=unhandled action=none pc=0x0000000003cfaaf4 method=java.net.URLClassLoader.findClass(Ljava/lang/String;)Ljava/lang/Class; @ 44
Event: 134.996 Thread 0x00000000204ad000 Uncommon trap: reason=unhandled action=none pc=0x0000000003cfaaf4 method=java.net.URLClassLoader.findClass(Ljava/lang/String;)Ljava/lang/Class; @ 44
Event: 134.998 Thread 0x00000000204ad000 Uncommon trap: reason=unhandled action=none pc=0x0000000003cfaaf4 method=java.net.URLClassLoader.findClass(Ljava/lang/String;)Ljava/lang/Class; @ 44
Event: 134.998 Thread 0x00000000204ad000 Uncommon trap: reason=unhandled action=none pc=0x0000000003cfaaf4 method=java.net.URLClassLoader.findClass(Ljava/lang/String;)Ljava/lang/Class; @ 44
Event: 134.998 Thread 0x00000000204ad000 Uncommon trap: reason=range_check action=none pc=0x00000000034cb3dc method=sun.reflect.generics.parser.SignatureParser.current()C @ 34
Event: 134.999 Thread 0x00000000204ad000 Uncommon trap: reason=unhandled action=none pc=0x0000000003cfaaf4 method=java.net.URLClassLoader.findClass(Ljava/lang/String;)Ljava/lang/Class; @ 44
Event: 134.999 Thread 0x00000000204ad000 Uncommon trap: reason=unhandled action=none pc=0x0000000003cfaaf4 method=java.net.URLClassLoader.findClass(Ljava/lang/String;)Ljava/lang/Class; @ 44
Event: 135.001 Thread 0x00000000204ad000 Uncommon trap: reason=range_check action=none pc=0x00000000034cb3dc method=sun.reflect.generics.parser.SignatureParser.current()C @ 34
Event: 167.307 Thread 0x000000001c455800 Uncommon trap: reason=unstable_if action=reinterpret pc=0x000000000327c4dc method=java.nio.Buffer.<init>(IIII)V @ 66
Event: 186.116 Thread 0x000000001c455800 Uncommon trap: reason=range_check action=make_not_entrant pc=0x00000000033cdbc8 method=com.ibm.as400.access.DataStreamCompression.compressRLEInternal([BII[BIB)I @ 243

Internal exceptions (10 events):
Event: 61.295 Thread 0x00000000204ad000 Exception <a 'java/lang/ArrayIndexOutOfBoundsException': 39> (0x00000000db6afbf0) thrown at [D:\re\workspace\8-2-build-windows-amd64-cygwin\jdk8u92\6642\hotspot\src\share\vm\interpreter\interpreterRuntime.cpp, line 366]
Event: 61.295 Thread 0x00000000204ad000 Exception <a 'java/lang/ArrayIndexOutOfBoundsException': 58> (0x00000000db6b1558) thrown at [D:\re\workspace\8-2-build-windows-amd64-cygwin\jdk8u92\6642\hotspot\src\share\vm\interpreter\interpreterRuntime.cpp, line 366]
Event: 61.301 Thread 0x00000000204ad000 Exception <a 'java/lang/ArrayIndexOutOfBoundsException': 67> (0x00000000db7a38b0) thrown at [D:\re\workspace\8-2-build-windows-amd64-cygwin\jdk8u92\6642\hotspot\src\share\vm\interpreter\interpreterRuntime.cpp, line 366]
Event: 61.302 Thread 0x00000000204ad000 Exception <a 'java/lang/ArrayIndexOutOfBoundsException': 31> (0x00000000db7ba7c0) thrown at [D:\re\workspace\8-2-build-windows-amd64-cygwin\jdk8u92\6642\hotspot\src\share\vm\interpreter\interpreterRuntime.cpp, line 366]
Event: 61.303 Thread 0x00000000204ad000 Exception <a 'java/lang/ArrayIndexOutOfBoundsException': 31> (0x00000000db7be490) thrown at [D:\re\workspace\8-2-build-windows-amd64-cygwin\jdk8u92\6642\hotspot\src\share\vm\interpreter\interpreterRuntime.cpp, line 366]
Event: 61.303 Thread 0x00000000204ad000 Exception <a 'java/lang/ArrayIndexOutOfBoundsException': 31> (0x00000000db7c1bc0) thrown at [D:\re\workspace\8-2-build-windows-amd64-cygwin\jdk8u92\6642\hotspot\src\share\vm\interpreter\interpreterRuntime.cpp, line 366]
Event: 134.989 Thread 0x00000000204ad000 Exception <a 'java/lang/ArrayIndexOutOfBoundsException': 66> (0x00000000dfd84d40) thrown at [D:\re\workspace\8-2-build-windows-amd64-cygwin\jdk8u92\6642\hotspot\src\share\vm\interpreter\interpreterRuntime.cpp, line 366]
Event: 134.992 Thread 0x00000000204ad000 Exception <a 'java/lang/ArrayIndexOutOfBoundsException': 66> (0x00000000dfdd4ff0) thrown at [D:\re\workspace\8-2-build-windows-amd64-cygwin\jdk8u92\6642\hotspot\src\share\vm\interpreter\interpreterRuntime.cpp, line 366]
Event: 134.998 Thread 0x00000000204ad000 Exception <a 'java/lang/ArrayIndexOutOfBoundsException': 64> (0x00000000dfeaba30) thrown at [D:\re\workspace\8-2-build-windows-amd64-cygwin\jdk8u92\6642\hotspot\src\share\vm\interpreter\interpreterRuntime.cpp, line 366]
Event: 135.001 Thread 0x00000000204ad000 Exception <a 'java/lang/ArrayIndexOutOfBoundsException': 64> (0x00000000dfef4410) thrown at [D:\re\workspace\8-2-build-windows-amd64-cygwin\jdk8u92\6642\hotspot\src\share\vm\interpreter\interpreterRuntime.cpp, line 366]

Events (10 events):
Event: 261.745 Executing nested VM operation: Deoptimize done
Event: 261.745 Executing VM operation: EnterInterpOnlyMode done
Event: 261.745 Executing VM operation: GetCurrentLocation
Event: 261.745 Executing VM operation: GetCurrentLocation done
Event: 261.745 Executing VM operation: ChangeSingleStep
Event: 261.745 Executing VM operation: ChangeSingleStep done
Event: 261.746 Executing VM operation: GetOrSetLocal
Event: 261.746 Executing VM operation: GetOrSetLocal done
Event: 261.747 Executing VM operation: ChangeSingleStep
Event: 261.747 Executing VM operation: ChangeSingleStep done


Dynamic libraries:
0x00007ff6433c0000 - 0x00007ff6433f7000 	C:\Program Files\Java\jre1.8.0_92\bin\javaw.exe
0x00007fff526b0000 - 0x00007fff5289d000 	C:\Windows\SYSTEM32\ntdll.dll
0x00007fff4f8e0000 - 0x00007fff4f993000 	C:\Windows\System32\KERNEL32.DLL
0x00007fff4e9e0000 - 0x00007fff4ec73000 	C:\Windows\System32\KERNELBASE.dll
0x00007fff52340000 - 0x00007fff523e3000 	C:\Windows\System32\ADVAPI32.dll
0x00007fff4fbb0000 - 0x00007fff4fc4e000 	C:\Windows\System32\msvcrt.dll
0x00007fff4fcb0000 - 0x00007fff4fd4e000 	C:\Windows\System32\sechost.dll
0x00007fff50100000 - 0x00007fff50222000 	C:\Windows\System32\RPCRT4.dll
0x00007fff523f0000 - 0x00007fff52587000 	C:\Windows\System32\USER32.dll
0x00007fff4e990000 - 0x00007fff4e9b0000 	C:\Windows\System32\win32u.dll
0x00007fff50c80000 - 0x00007fff50ca9000 	C:\Windows\System32\GDI32.dll
0x00007fff4f6f0000 - 0x00007fff4f88a000 	C:\Windows\System32\gdi32full.dll
0x00007fff4f5d0000 - 0x00007fff4f670000 	C:\Windows\System32\msvcp_win.dll
0x00007fff4e7e0000 - 0x00007fff4e8dc000 	C:\Windows\System32\ucrtbase.dll
0x00007fff44690000 - 0x00007fff44909000 	C:\Windows\WinSxS\amd64_microsoft.windows.common-controls_6595b64144ccf1df_6.0.17763.253_none_05b2388e0721fece\COMCTL32.dll
0x00007fff50230000 - 0x00007fff5055d000 	C:\Windows\System32\combase.dll
0x00007fff4f670000 - 0x00007fff4f6ee000 	C:\Windows\System32\bcryptPrimitives.dll
0x00007fff50cb0000 - 0x00007fff50cde000 	C:\Windows\System32\IMM32.DLL
0x00007fff15570000 - 0x00007fff15614000 	C:\Program Files\McAfee\Endpoint Security\Threat Prevention\Ips\EpMPApi.dll
0x00007fff4e780000 - 0x00007fff4e7d8000 	C:\Windows\System32\WINTRUST.dll
0x00007fff4e6b0000 - 0x00007fff4e6c2000 	C:\Windows\System32\MSASN1.dll
0x00007fff4f3f0000 - 0x00007fff4f5cb000 	C:\Windows\System32\CRYPT32.dll
0x0000000072570000 - 0x000000007257c000 	C:\Program Files\McAfee\Endpoint Security\Threat Prevention\Ips\EpMPThe.dll
0x0000000070b40000 - 0x0000000070c12000 	C:\Program Files\Java\jre1.8.0_92\bin\msvcr100.dll
0x00000000714f0000 - 0x0000000071d86000 	C:\Program Files\Java\jre1.8.0_92\bin\server\jvm.dll
0x00007fff4f9a0000 - 0x00007fff4f9a8000 	C:\Windows\System32\PSAPI.DLL
0x00007fff46b90000 - 0x00007fff46b9a000 	C:\Windows\SYSTEM32\VERSION.dll
0x00007fff4c8a0000 - 0x00007fff4c8c4000 	C:\Windows\SYSTEM32\WINMM.dll
0x00007fff3bb70000 - 0x00007fff3bb79000 	C:\Windows\SYSTEM32\WSOCK32.dll
0x00007fff50560000 - 0x00007fff505cd000 	C:\Windows\System32\WS2_32.dll
0x00007fff4c870000 - 0x00007fff4c89d000 	C:\Windows\SYSTEM32\WINMMBASE.dll
0x00007fff4f890000 - 0x00007fff4f8da000 	C:\Windows\System32\cfgmgr32.dll
0x0000000072180000 - 0x000000007218f000 	C:\Program Files\Java\jre1.8.0_92\bin\verify.dll
0x0000000072150000 - 0x0000000072179000 	C:\Program Files\Java\jre1.8.0_92\bin\java.dll
0x0000000071210000 - 0x0000000071245000 	C:\Program Files\Java\jre1.8.0_92\bin\jdwp.dll
0x00000000712f0000 - 0x00000000712f8000 	C:\Program Files\Java\jre1.8.0_92\bin\npt.dll
0x00000000711e0000 - 0x0000000071203000 	C:\Program Files\Java\jre1.8.0_92\bin\instrument.dll
0x0000000072130000 - 0x0000000072146000 	C:\Program Files\Java\jre1.8.0_92\bin\zip.dll
0x00007fff50ce0000 - 0x00007fff521cf000 	C:\Windows\System32\SHELL32.dll
0x00007fff4fa50000 - 0x00007fff4faf8000 	C:\Windows\System32\shcore.dll
0x00007fff4eca0000 - 0x00007fff4f3ea000 	C:\Windows\System32\windows.storage.dll
0x00007fff4e6f0000 - 0x00007fff4e714000 	C:\Windows\System32\profapi.dll
0x00007fff4e720000 - 0x00007fff4e77d000 	C:\Windows\System32\powrprof.dll
0x000000001ad00000 - 0x000000001ad52000 	C:\Windows\System32\shlwapi.dll
0x00007fff4e6d0000 - 0x00007fff4e6e1000 	C:\Windows\System32\kernel.appcore.dll
0x00007fff4ec80000 - 0x00007fff4ec97000 	C:\Windows\System32\cryptsp.dll
0x00000000712e0000 - 0x00000000712e9000 	C:\Program Files\Java\jre1.8.0_92\bin\dt_socket.dll
0x00007fff45ca0000 - 0x00007fff45cb6000 	C:\Windows\system32\napinsp.dll
0x00007fff45c80000 - 0x00007fff45c9a000 	C:\Windows\system32\pnrpnsp.dll
0x00007fff4dee0000 - 0x00007fff4df47000 	C:\Windows\System32\mswsock.dll
0x00007fff4dc80000 - 0x00007fff4dd46000 	C:\Windows\SYSTEM32\DNSAPI.dll
0x00007fff52590000 - 0x00007fff52598000 	C:\Windows\System32\NSI.dll
0x00007fff4dc40000 - 0x00007fff4dc7d000 	C:\Windows\SYSTEM32\IPHLPAPI.DLL
0x00007fff45bd0000 - 0x00007fff45bde000 	C:\Windows\System32\winrnr.dll
0x00007fff4bdf0000 - 0x00007fff4be0b000 	C:\Windows\system32\NLAapi.dll
0x00007fff45dd0000 - 0x00007fff45de5000 	C:\Windows\system32\wshbth.dll
0x00007fff49ba0000 - 0x00007fff49c19000 	C:\Windows\System32\fwpuclnt.dll
0x00007fff4e9b0000 - 0x00007fff4e9d6000 	C:\Windows\System32\bcrypt.dll
0x00007fff476d0000 - 0x00007fff476da000 	C:\Windows\System32\rasadhlp.dll
0x00000000720c0000 - 0x00000000720cd000 	C:\Program Files\Java\jre1.8.0_92\bin\management.dll
0x0000000072110000 - 0x000000007212a000 	C:\Program Files\Java\jre1.8.0_92\bin\net.dll
0x00000000720f0000 - 0x0000000072101000 	C:\Program Files\Java\jre1.8.0_92\bin\nio.dll
0x00007fff4daa0000 - 0x00007fff4dad3000 	C:\Windows\system32\rsaenh.dll
0x00007fff4e5e0000 - 0x00007fff4e608000 	C:\Windows\SYSTEM32\USERENV.dll
0x00007fff4e0b0000 - 0x00007fff4e0bc000 	C:\Windows\SYSTEM32\CRYPTBASE.dll
0x00007fff49b80000 - 0x00007fff49b96000 	C:\Windows\SYSTEM32\dhcpcsvc6.DLL
0x00007fff49b60000 - 0x00007fff49b7c000 	C:\Windows\SYSTEM32\dhcpcsvc.DLL
0x00007fff3ca30000 - 0x00007fff3cc1d000 	C:\Windows\SYSTEM32\dbghelp.dll

VM Arguments:
jvm_args: -agentlib:jdwp=transport=dt_socket,suspend=y,address=localhost:55981 -javaagent:E:\UtahHousingCorp-MGLD\eclipse-jee-2019-12-R-win32-x86_64\eclipse\configuration\org.eclipse.osgi\411\0\.cp\lib\javaagent-shaded.jar -Dfile.encoding=UTF-8 
java_command: org.uhc.PhonePayAPIApplication
java_class_path (initial): E:\UtahHousingCorp-MGLD\PhonePayWorkspace_12April\PhonePayBackend\target\classes;C:\Users\pradeepy\.m2\repository\org\springframework\boot\spring-boot-starter-web\1.5.6.RELEASE\spring-boot-starter-web-1.5.6.RELEASE.jar;C:\Users\pradeepy\.m2\repository\org\springframework\boot\spring-boot-starter\1.5.6.RELEASE\spring-boot-starter-1.5.6.RELEASE.jar;C:\Users\pradeepy\.m2\repository\org\springframework\boot\spring-boot\1.5.6.RELEASE\spring-boot-1.5.6.RELEASE.jar;C:\Users\pradeepy\.m2\repository\org\springframework\boot\spring-boot-autoconfigure\1.5.6.RELEASE\spring-boot-autoconfigure-1.5.6.RELEASE.jar;C:\Users\pradeepy\.m2\repository\org\yaml\snakeyaml\1.17\snakeyaml-1.17.jar;C:\Users\pradeepy\.m2\repository\org\hibernate\hibernate-validator\5.3.5.Final\hibernate-validator-5.3.5.Final.jar;C:\Users\pradeepy\.m2\repository\javax\validation\validation-api\1.1.0.Final\validation-api-1.1.0.Final.jar;C:\Users\pradeepy\.m2\repository\org\jboss\logging\jboss-logging\3.3.1.Final\jboss-logging-3.3.1.Final.jar;C:\Users\pradeepy\.m2\repository\com\fasterxml\classmate\1.3.3\classmate-1.3.3.jar;C:\Users\pradeepy\.m2\repository\com\fasterxml\jackson\core\jackson-databind\2.8.9\jackson-databind-2.8.9.jar;C:\Users\pradeepy\.m2\repository\com\fasterxml\jackson\core\jackson-annotations\2.8.0\jackson-annotations-2.8.0.jar;C:\Users\pradeepy\.m2\repository\com\fasterxml\jackson\core\jackson-core\2.8.9\jackson-core-2.8.9.jar;C:\Users\pradeepy\.m2\repository\org\springframework\spring-web\4.3.10.RELEASE\spring-web-4.3.10.RELEASE.jar;C:\Users\pradeepy\.m2\repository\org\springframework\spring-beans\4.3.10.RELEASE\spring-beans-4.3.10.RELEASE.jar;C:\Users\pradeepy\.m2\repository\org\springframework\spring-context\4.3.10.RELEASE\spring-context-4.3.10.RELEASE.jar;C:\Users\pradeepy\.m2\repository\org\springframework\spring-webmvc\4.3.10.RELEASE\spring-webmvc-4.3.10.RELEASE.jar;C:\Users\pradeepy\.m2\repository\org\springframework\spring-expression\4.3.10.RELEASE\spring-ex
Launcher Type: SUN_STANDARD

Environment Variables:
JAVA_HOME=C:\Program Files\Java\jdk1.8.0_92
CLASSPATH=.;C:\PROGRA~1\IBM\SQLLIB\java\db2java.zip;C:\PROGRA~1\IBM\SQLLIB\java\db2jcc.jar;C:\PROGRA~1\IBM\SQLLIB\java\sqlj.zip;C:\PROGRA~1\IBM\SQLLIB\java\db2jcc_license_cu.jar;C:\PROGRA~1\IBM\SQLLIB\bin;C:\PROGRA~1\IBM\SQLLIB\java\common.jar
PATH=C:/Program Files/Java/jre1.8.0_92/bin/server;C:/Program Files/Java/jre1.8.0_92/bin;C:/Program Files/Java/jre1.8.0_92/lib/amd64;C:\ProgramData\Oracle\Java\javapath;C:\Windows\system32;C:\Windows;C:\Windows\System32\Wbem;C:\Windows\System32\WindowsPowerShell\v1.0\;C:\Windows\System32\OpenSSH\;C:\Program Files\Microsoft SQL Server\120\Tools\Binn\;C:\Program Files\Microsoft SQL Server\Client SDK\ODBC\110\Tools\Binn\;C:\Program Files (x86)\Microsoft SQL Server\120\Tools\Binn\;C:\Program Files\Microsoft SQL Server\120\DTS\Binn\;C:\Program Files (x86)\Microsoft SQL Server\120\Tools\Binn\ManagementStudio\;C:\Program Files (x86)\Microsoft SQL Server\120\DTS\Binn\;C:\Program Files\Java\jdk1.8.0_92\bin;C:\Program Files\TortoiseSVN\bin;C:\Program Files\nodejs\;C:\Program Files\ibm\gsk8\lib64;C:\Program Files (x86)\ibm\gsk8\lib;C:\PROGRA~1\IBM\SQLLIB\BIN;C:\PROGRA~1\IBM\SQLLIB\FUNCTION;C:\PROGRA~1\IBM\SQLLIB\SAMPLES\REPL;C:\Users\pradeepy\AppData\Local\Microsoft\WindowsApps;C:\Users\pradeepy\AppData\Roaming\npm;C:\Users\pradeepy\AppData\Local\Programs\Microsoft VS Code\bin;C:\Users\pradeepy\AppData\Local\Programs\Git\cmd;E:\UtahHousingCorp-MGLD\eclipse-jee-2019-12-R-win32-x86_64\eclipse;
USERNAME=pradeepy
OS=Windows_NT
PROCESSOR_IDENTIFIER=Intel64 Family 6 Model 158 Stepping 10, GenuineIntel



---------------  S Y S T E M  ---------------

OS: Windows 10.0 , 64 bit Build 17763 (10.0.17763.1)

CPU:total 12 (6 cores per cpu, 2 threads per core) family 6 model 158 stepping 10, cmov, cx8, fxsr, mmx, sse, sse2, sse3, ssse3, sse4.1, sse4.2, popcnt, avx, avx2, aes, clmul, erms, rtm, 3dnowpref, lzcnt, ht, tsc, tscinvbit, bmi1, bmi2, adx

Memory: 4k page, physical 8168860k(582092k free), swap 18122964k(2520984k free)

vm_info: Java HotSpot(TM) 64-Bit Server VM (25.92-b14) for windows-amd64 JRE (1.8.0_92-b14), built on Mar 31 2016 21:03:04 by "java_re" with MS VC++ 10.0 (VS2010)

time: Wed May 05 21:29:57 2021
elapsed time: 261 seconds (0d 0h 4m 21s)

