2021-09-20 13:34:46.961  INFO chetuiwk0165 --- [           main] o.u.PhonePayAPIApplication               : Starting PhonePayAPIApplication on chetuiwk0165 with PID 15420 (E:\UtahHousingCorp-MGLD\PhonePayWorkspace_12April\PhonePayBackend\target\classes started by pradeepy in E:\UtahHousingCorp-MGLD\PhonePayWorkspace_12April\PhonePayBackend)
2021-09-20 13:34:46.978  INFO chetuiwk0165 --- [           main] o.u.PhonePayAPIApplication               : No active profile set, falling back to default profiles: default
2021-09-20 13:34:47.012  INFO chetuiwk0165 --- [           main] ationConfigEmbeddedWebApplicationContext : Refreshing org.springframework.boot.context.embedded.AnnotationConfigEmbeddedWebApplicationContext@5542c4ed: startup date [Mon Sep 20 13:34:47 IST 2021]; root of context hierarchy
2021-09-20 13:34:47.145  INFO chetuiwk0165 --- [kground-preinit] o.h.v.i.u.Version                        : HV000001: Hibernate Validator 5.3.5.Final
2021-09-20 13:34:48.223  INFO chetuiwk0165 --- [           main] s.b.c.e.t.TomcatEmbeddedServletContainer : Tomcat initialized with port(s): 8080 (http)
2021-09-20 13:34:48.235  INFO chetuiwk0165 --- [           main] o.a.c.c.StandardService                  : Starting service [Tomcat]
2021-09-20 13:34:48.236  INFO chetuiwk0165 --- [           main] o.a.c.c.StandardEngine                   : Starting Servlet Engine: Apache Tomcat/8.5.16
2021-09-20 13:34:48.318  INFO chetuiwk0165 --- [ost-startStop-1] o.a.c.c.C.[.[.[/]                        : Initializing Spring embedded WebApplicationContext
2021-09-20 13:34:48.318  INFO chetuiwk0165 --- [ost-startStop-1] o.s.w.c.ContextLoader                    : Root WebApplicationContext: initialization completed in 1310 ms
2021-09-20 13:34:48.423  INFO chetuiwk0165 --- [ost-startStop-1] o.s.b.w.s.FilterRegistrationBean         : Mapping filter: 'CORSFilter' to: [/*]
2021-09-20 13:34:48.423  INFO chetuiwk0165 --- [ost-startStop-1] o.s.b.w.s.FilterRegistrationBean         : Mapping filter: 'characterEncodingFilter' to: [/*]
2021-09-20 13:34:48.423  INFO chetuiwk0165 --- [ost-startStop-1] o.s.b.w.s.FilterRegistrationBean         : Mapping filter: 'hiddenHttpMethodFilter' to: [/*]
2021-09-20 13:34:48.423  INFO chetuiwk0165 --- [ost-startStop-1] o.s.b.w.s.FilterRegistrationBean         : Mapping filter: 'httpPutFormContentFilter' to: [/*]
2021-09-20 13:34:48.423  INFO chetuiwk0165 --- [ost-startStop-1] o.s.b.w.s.FilterRegistrationBean         : Mapping filter: 'requestContextFilter' to: [/*]
2021-09-20 13:34:48.424  INFO chetuiwk0165 --- [ost-startStop-1] .s.DelegatingFilterProxyRegistrationBean : Mapping filter: 'springSecurityFilterChain' to: [/*]
2021-09-20 13:34:48.424  INFO chetuiwk0165 --- [ost-startStop-1] o.s.b.w.s.ServletRegistrationBean        : Mapping servlet: 'dispatcherServlet' to [/]
2021-09-20 13:34:48.766  INFO chetuiwk0165 --- [           main] b.a.s.AuthenticationManagerConfiguration : 

Using default security password: 9fcce610-cf38-4214-b053-640a5809c09e

2021-09-20 13:34:48.858  INFO chetuiwk0165 --- [           main] o.s.s.w.DefaultSecurityFilterChain       : Creating filter chain: org.springframework.security.web.util.matcher.AnyRequestMatcher@1, [org.springframework.security.web.context.request.async.WebAsyncManagerIntegrationFilter@68217d41, org.springframework.security.web.context.SecurityContextPersistenceFilter@118102ee, org.springframework.security.web.header.HeaderWriterFilter@3491e86e, org.springframework.security.web.authentication.logout.LogoutFilter@3874b815, org.springframework.security.web.savedrequest.RequestCacheAwareFilter@771d1ffb, org.springframework.security.web.servletapi.SecurityContextHolderAwareRequestFilter@7e1f584d, org.springframework.security.web.authentication.AnonymousAuthenticationFilter@1ac45389, org.springframework.security.web.session.SessionManagementFilter@2eaef76d, org.springframework.security.web.access.ExceptionTranslationFilter@174e1b69, org.springframework.security.web.access.intercept.FilterSecurityInterceptor@56078cea]
2021-09-20 13:34:49.002  INFO chetuiwk0165 --- [           main] s.w.s.m.m.a.RequestMappingHandlerAdapter : Looking for @ControllerAdvice: org.springframework.boot.context.embedded.AnnotationConfigEmbeddedWebApplicationContext@5542c4ed: startup date [Mon Sep 20 13:34:47 IST 2021]; root of context hierarchy
2021-09-20 13:34:49.049  INFO chetuiwk0165 --- [           main] s.w.s.m.m.a.RequestMappingHandlerMapping : Mapped "{[/bankingInfo],methods=[POST]}" onto public java.lang.Object org.uhc.controller.BankingInfoController.bankingInfoAPI(org.uhc.envelop.request.BankingInfoRequest)
2021-09-20 13:34:49.051  INFO chetuiwk0165 --- [           main] s.w.s.m.m.a.RequestMappingHandlerMapping : Mapped "{[/cancelPayment],methods=[POST]}" onto public java.lang.Object org.uhc.controller.CancelPaymentController.cancelPaymentAPI(org.uhc.envelop.request.CancelPaymentRequest)
2021-09-20 13:34:49.051  INFO chetuiwk0165 --- [           main] s.w.s.m.m.a.RequestMappingHandlerMapping : Mapped "{[/isLoanExistStopFile/{loanNumber}],methods=[POST]}" onto public java.lang.Object org.uhc.controller.CheckStopFileExistanceController.isLoanAccountInStopFileAPI(long)
2021-09-20 13:34:49.052  INFO chetuiwk0165 --- [           main] s.w.s.m.m.a.RequestMappingHandlerMapping : Mapped "{[/getFirstAndLastNamesListForAutocomplete],methods=[POST]}" onto public java.lang.Object org.uhc.controller.GetNamesController.getFirstAndLastNamesListForAutocompleteAPI(org.uhc.envelop.request.GetNamesRequest)
2021-09-20 13:34:49.052  INFO chetuiwk0165 --- [           main] s.w.s.m.m.a.RequestMappingHandlerMapping : Mapped "{[/getLastNamesForFirstAndLastName],methods=[POST]}" onto public java.lang.Object org.uhc.controller.GetNamesController.getLastNamesListByFirstAndLastNameAPI(org.uhc.envelop.request.GetNamesRequest)
2021-09-20 13:34:49.053  INFO chetuiwk0165 --- [           main] s.w.s.m.m.a.RequestMappingHandlerMapping : Mapped "{[/getFirstNamesForFirstAndLastName],methods=[POST]}" onto public java.lang.Object org.uhc.controller.GetNamesController.getFirstNamesListByFirstAndLastNameAPI(org.uhc.envelop.request.GetNamesRequest)
2021-09-20 13:34:49.053  INFO chetuiwk0165 --- [           main] s.w.s.m.m.a.RequestMappingHandlerMapping : Mapped "{[/getLastNames],methods=[POST]}" onto public java.lang.Object org.uhc.controller.GetNamesController.getLastNamesListAPI(org.uhc.envelop.request.GetNamesRequest)
2021-09-20 13:34:49.053  INFO chetuiwk0165 --- [           main] s.w.s.m.m.a.RequestMappingHandlerMapping : Mapped "{[/getFirstNames],methods=[POST]}" onto public java.lang.Object org.uhc.controller.GetNamesController.getFirstNamesListAPI(org.uhc.envelop.request.GetNamesRequest)
2021-09-20 13:34:49.054  INFO chetuiwk0165 --- [           main] s.w.s.m.m.a.RequestMappingHandlerMapping : Mapped "{[/paymentBatch],methods=[POST]}" onto public java.lang.Object org.uhc.controller.GetPaymentBatchController.getPaymentBatchAPI()
2021-09-20 13:34:49.054  INFO chetuiwk0165 --- [           main] s.w.s.m.m.a.RequestMappingHandlerMapping : Mapped "{[/getScheduledPaymentList],methods=[POST]}" onto public java.lang.Object org.uhc.controller.GetScheduledPaymentListController.getScheduledPaymentListAPI()
2021-09-20 13:34:49.055  INFO chetuiwk0165 --- [           main] s.w.s.m.m.a.RequestMappingHandlerMapping : Mapped "{[/getStatisticDetails],methods=[POST]}" onto public java.lang.Object org.uhc.controller.GetStatisticDetailsController.getStatisticDetailsAPI(org.uhc.envelop.request.GetStatisticDetailsRequest)
2021-09-20 13:34:49.057  INFO chetuiwk0165 --- [           main] s.w.s.m.m.a.RequestMappingHandlerMapping : Mapped "{[/deletProcessAdvicePayment],methods=[POST]}" onto public java.lang.Object org.uhc.controller.PaymentAdviceController.deletProcessAdvicePaymentAPI(org.uhc.envelop.request.DeleteProcessAdvicePaymentReq)
2021-09-20 13:34:49.058  INFO chetuiwk0165 --- [           main] s.w.s.m.m.a.RequestMappingHandlerMapping : Mapped "{[/allPaymentAdvice],methods=[POST]}" onto public java.lang.Object org.uhc.controller.PaymentAdviceController.allPaymentAdviceAPI()
2021-09-20 13:34:49.058  INFO chetuiwk0165 --- [           main] s.w.s.m.m.a.RequestMappingHandlerMapping : Mapped "{[/updatePaymentAdvice],methods=[POST]}" onto public java.lang.Object org.uhc.controller.PaymentAdviceController.updatePaymentAdviceAPI(org.uhc.envelop.request.UpdatePaymentAdviceReq)
2021-09-20 13:34:49.059  INFO chetuiwk0165 --- [           main] s.w.s.m.m.a.RequestMappingHandlerMapping : Mapped "{[/updatePaymentAdviceType],methods=[POST]}" onto public java.lang.Object org.uhc.controller.PaymentAdviceController.updatePaymentAdviceTypeAPI(org.uhc.envelop.request.UpdatePaymentAdviceTypeReq)
2021-09-20 13:34:49.059  INFO chetuiwk0165 --- [           main] s.w.s.m.m.a.RequestMappingHandlerMapping : Mapped "{[/paymentAdvice],methods=[POST]}" onto public java.lang.Object org.uhc.controller.PaymentAdviceController.paymentAdviceAPI(org.uhc.envelop.request.PaymentAdviceReq)
2021-09-20 13:34:49.059  INFO chetuiwk0165 --- [           main] s.w.s.m.m.a.RequestMappingHandlerMapping : Mapped "{[/getPaymentsInProcess],methods=[POST]}" onto public java.lang.Object org.uhc.controller.PaymentsInProcessController.getPaymentsInProcessAPI()
2021-09-20 13:34:49.060  INFO chetuiwk0165 --- [           main] s.w.s.m.m.a.RequestMappingHandlerMapping : Mapped "{[/phonepayCheck/{loanNumber}],methods=[POST]}" onto public java.lang.Object org.uhc.controller.PhonepayCheckController.phonepayCheckAPI(long)
2021-09-20 13:34:49.062  INFO chetuiwk0165 --- [           main] s.w.s.m.m.a.RequestMappingHandlerMapping : Mapped "{[/getProcessPaymentsNotificationList],methods=[POST]}" onto public java.lang.Object org.uhc.controller.ProcessPaymnetsController.getProcessPaymentsNotificationListAPI(org.uhc.envelop.request.ProcessPaymentSendEmailReq)
2021-09-20 13:34:49.062  INFO chetuiwk0165 --- [           main] s.w.s.m.m.a.RequestMappingHandlerMapping : Mapped "{[/getProcessPaymentsLetterNotificationList],methods=[POST]}" onto public java.lang.Object org.uhc.controller.ProcessPaymnetsController.getProcessPaymentsLetterNotificationListAPI(org.uhc.envelop.request.ProcessPaymentPrintLetterReq)
2021-09-20 13:34:49.063  INFO chetuiwk0165 --- [           main] s.w.s.m.m.a.RequestMappingHandlerMapping : Mapped "{[/getProcessPaymentsList],methods=[POST]}" onto public java.lang.Object org.uhc.controller.ProcessPaymnetsController.getProcessPaymentsListAPI()
2021-09-20 13:34:49.063  INFO chetuiwk0165 --- [           main] s.w.s.m.m.a.RequestMappingHandlerMapping : Mapped "{[/researchPayment],methods=[POST]}" onto public java.lang.Object org.uhc.controller.ResearchPaymentController.researchPaymentInfoAPI(org.uhc.envelop.request.ResearchPaymentRequest)
2021-09-20 13:34:49.064  INFO chetuiwk0165 --- [           main] s.w.s.m.m.a.RequestMappingHandlerMapping : Mapped "{[/getResearchPaymentDetails],methods=[POST]}" onto public java.lang.Object org.uhc.controller.ResearchPaymentController.getResearchPaymentInfoAPI(org.uhc.envelop.request.GetResearchPaymentRequest)
2021-09-20 13:34:49.064  INFO chetuiwk0165 --- [           main] s.w.s.m.m.a.RequestMappingHandlerMapping : Mapped "{[/scheduleCheckPayment],methods=[POST]}" onto public java.lang.Object org.uhc.controller.ScheduledCheckPaymentController.scheduleCheckPaymentAPI(org.uhc.envelop.request.CheckPaymentRequest) throws java.lang.Exception
2021-09-20 13:34:49.064  INFO chetuiwk0165 --- [           main] s.w.s.m.m.a.RequestMappingHandlerMapping : Mapped "{[/validateUser],methods=[POST]}" onto public java.lang.Object org.uhc.controller.ValidateUserController.validateUserAPI(org.uhc.envelop.request.ValidateUserRequest)
2021-09-20 13:34:49.066  INFO chetuiwk0165 --- [           main] s.w.s.m.m.a.RequestMappingHandlerMapping : Mapped "{[/error]}" onto public org.springframework.http.ResponseEntity<java.util.Map<java.lang.String, java.lang.Object>> org.springframework.boot.autoconfigure.web.BasicErrorController.error(javax.servlet.http.HttpServletRequest)
2021-09-20 13:34:49.066  INFO chetuiwk0165 --- [           main] s.w.s.m.m.a.RequestMappingHandlerMapping : Mapped "{[/error],produces=[text/html]}" onto public org.springframework.web.servlet.ModelAndView org.springframework.boot.autoconfigure.web.BasicErrorController.errorHtml(javax.servlet.http.HttpServletRequest,javax.servlet.http.HttpServletResponse)
2021-09-20 13:34:49.084  INFO chetuiwk0165 --- [           main] o.s.w.s.h.SimpleUrlHandlerMapping        : Mapped URL path [/webjars/**] onto handler of type [class org.springframework.web.servlet.resource.ResourceHttpRequestHandler]
2021-09-20 13:34:49.084  INFO chetuiwk0165 --- [           main] o.s.w.s.h.SimpleUrlHandlerMapping        : Mapped URL path [/**] onto handler of type [class org.springframework.web.servlet.resource.ResourceHttpRequestHandler]
2021-09-20 13:34:49.111  INFO chetuiwk0165 --- [           main] o.s.w.s.h.SimpleUrlHandlerMapping        : Mapped URL path [/**/favicon.ico] onto handler of type [class org.springframework.web.servlet.resource.ResourceHttpRequestHandler]
2021-09-20 13:34:49.213  INFO chetuiwk0165 --- [           main] o.s.j.e.a.AnnotationMBeanExporter        : Registering beans for JMX exposure on startup
2021-09-20 13:34:49.227  INFO chetuiwk0165 --- [           main] o.a.c.h.Http11NioProtocol                : Initializing ProtocolHandler ["http-nio-8080"]
2021-09-20 13:34:49.235  INFO chetuiwk0165 --- [           main] o.a.c.h.Http11NioProtocol                : Starting ProtocolHandler ["http-nio-8080"]
2021-09-20 13:34:49.268  INFO chetuiwk0165 --- [           main] o.a.t.u.n.NioSelectorPool                : Using a shared selector for servlet write/read
2021-09-20 13:34:49.347  INFO chetuiwk0165 --- [           main] s.b.c.e.t.TomcatEmbeddedServletContainer : Tomcat started on port(s): 8080 (http)
2021-09-20 13:34:49.351  INFO chetuiwk0165 --- [           main] o.u.PhonePayAPIApplication               : Started PhonePayAPIApplication in 2.577 seconds (JVM running for 3.302)
2021-09-20 15:45:10.368  INFO chetuiwk0165 --- [nio-8080-exec-2] o.a.c.c.C.[.[.[/]                        : Initializing Spring FrameworkServlet 'dispatcherServlet'
2021-09-20 15:45:10.370  INFO chetuiwk0165 --- [nio-8080-exec-2] o.s.w.s.DispatcherServlet                : FrameworkServlet 'dispatcherServlet': initialization started
2021-09-20 15:45:10.398  INFO chetuiwk0165 --- [nio-8080-exec-2] o.s.w.s.DispatcherServlet                : FrameworkServlet 'dispatcherServlet': initialization completed in 28 ms
2021-09-20 15:45:10.439  INFO chetuiwk0165 --- [nio-8080-exec-1] o.u.c.GetPaymentBatchController          : get payment batch API called
2021-09-20 15:45:10.439  INFO chetuiwk0165 --- [nio-8080-exec-4] o.u.c.PaymentsInProcessController        : get payments in process API called
2021-09-20 15:45:10.440  INFO chetuiwk0165 --- [nio-8080-exec-1] o.u.s.i.GetPaymentBatchServiceImpl       : Entering into getPaymentBatchDetails method
2021-09-20 15:45:10.440  INFO chetuiwk0165 --- [nio-8080-exec-4] o.u.s.i.PaymentsInProcessServiceImpl     : Entering into getPaymentsInProcessList method
2021-09-20 15:45:33.030  INFO chetuiwk0165 --- [nio-8080-exec-4] o.u.s.i.PaymentsInProcessServiceImpl     : Exit from getPaymentsInProcessList method
2021-09-20 15:45:33.051  INFO chetuiwk0165 --- [nio-8080-exec-1] o.u.s.i.GetPaymentBatchServiceImpl       : Exit from getPaymentBatchDetails method
2021-09-20 16:18:08.633  INFO chetuiwk0165 --- [nio-8080-exec-8] o.u.c.PaymentsInProcessController        : get payments in process API called
2021-09-20 16:18:08.633  INFO chetuiwk0165 --- [nio-8080-exec-8] o.u.s.i.PaymentsInProcessServiceImpl     : Entering into getPaymentsInProcessList method
2021-09-20 16:18:08.635  INFO chetuiwk0165 --- [nio-8080-exec-7] o.u.c.GetPaymentBatchController          : get payment batch API called
2021-09-20 16:18:08.635  INFO chetuiwk0165 --- [nio-8080-exec-7] o.u.s.i.GetPaymentBatchServiceImpl       : Entering into getPaymentBatchDetails method
2021-09-20 16:18:09.164  INFO chetuiwk0165 --- [nio-8080-exec-7] o.u.s.i.GetPaymentBatchServiceImpl       : Exit from getPaymentBatchDetails method
2021-09-20 16:18:09.605  INFO chetuiwk0165 --- [nio-8080-exec-8] o.u.d.i.UserDaoImpl                      : To loan number, user name enterd is :
2021-09-20 16:19:15.984  INFO chetuiwk0165 --- [nio-8080-exec-8] o.u.d.i.UserDaoImpl                      : List of loan number is: [1218720, 91218720]
2021-09-20 16:19:15.985  INFO chetuiwk0165 --- [nio-8080-exec-8] o.u.d.i.UserDaoImpl                      : For getting Loan Account details, Loan number entered is
2021-09-20 16:19:19.047  INFO chetuiwk0165 --- [nio-8080-exec-8] o.u.d.i.UserDaoImpl                      : Loan account details by loan number is :
2021-09-20 16:19:19.047  INFO chetuiwk0165 --- [nio-8080-exec-8] o.u.d.i.UserDaoImpl                      : For getting Loan Account details, Loan number entered is
2021-09-20 16:19:22.029  INFO chetuiwk0165 --- [nio-8080-exec-8] o.u.d.i.UserDaoImpl                      : Loan account details by loan number is :
2021-09-20 16:19:22.636  INFO chetuiwk0165 --- [nio-8080-exec-8] o.u.d.i.UserDaoImpl                      : Other Fee List : 
2021-09-20 16:19:25.950  INFO chetuiwk0165 --- [nio-8080-exec-8] o.u.s.i.PaymentsInProcessServiceImpl     : Exit from getPaymentsInProcessList method
2021-09-20 16:20:28.931  INFO chetuiwk0165 --- [nio-8080-exec-2] o.u.c.ProcessPaymnetsController          : get process payments list API called
2021-09-20 16:20:28.931  INFO chetuiwk0165 --- [nio-8080-exec-2] o.u.s.i.GetProcessPaymentsListImpl       : Entering into getProcessPaymentsList method
2021-09-20 16:20:29.867  INFO chetuiwk0165 --- [nio-8080-exec-2] o.u.d.i.UserDaoImpl                      : Other Fee List : 
2021-09-20 16:20:33.270  INFO chetuiwk0165 --- [nio-8080-exec-2] o.u.s.i.GetProcessPaymentsListImpl       : DATA SENT TO PPS:
[GetProcessPaymentsListDto [paymentId=3699, loanNumber=91218720, monthlyAmount=87.71, additionalPrincipal=11.00, additionalEscrow=0, lateFee=0.00, nsfFee=0.00, createDate=2021-09-20 04:44:15, confirmationNumber=521321  , nameOnAccount=MANUEL GUTIERREZ, agentName=admin testuser, accountNumber=211323123, routingNumber=324377516, accountType=C, phonePayFee=10.00, corporateAdvance=11.00, otherTypePayments=11.00, advice=true, adviceType=1, adviceNote=test second, emails=rajneeshg@chetu.com, line1=8475 W HARTWICK CT, city=MAGNA, state=UT, zip=84044, sendLetter=true]]
2021-09-20 16:20:40.105  INFO chetuiwk0165 --- [nio-8080-exec-2] o.u.d.i.UserDaoImpl                      : Processed payments was successfully updated. Payment ID: [3699]
2021-09-20 16:20:40.105  INFO chetuiwk0165 --- [nio-8080-exec-2] o.u.s.i.GetProcessPaymentsListImpl       : count1
2021-09-20 16:20:40.105  INFO chetuiwk0165 --- [nio-8080-exec-2] o.u.s.i.GetProcessPaymentsListImpl       : Exit from getProcessPaymentsList method
2021-09-20 16:20:40.154  INFO chetuiwk0165 --- [nio-8080-exec-1] o.u.c.ProcessPaymnetsController          : get process payments Notification list API called
2021-09-20 16:20:40.182  INFO chetuiwk0165 --- [nio-8080-exec-1] o.u.s.i.GetProcessPaymentsListImpl       : paymentListForEmailConfirmationSecondaryLoan[GetProcessPaymentsListDto [paymentId=3699, loanNumber=91218720, monthlyAmount=87.71, additionalPrincipal=11, additionalEscrow=0, lateFee=0, nsfFee=0, createDate=2021-09-20 04:44:15, confirmationNumber=521321, nameOnAccount=MANUEL GUTIERREZ, agentName=admin testuser, accountNumber=211323123, routingNumber=324377516, accountType=C, phonePayFee=10, corporateAdvance=11, otherTypePayments=11, advice=true, adviceType=1, adviceNote=test second, emails=rajneeshg@chetu.com, line1=8475 W HARTWICK CT, city=MAGNA, state=UT, zip=84044, sendLetter=true]]:::::
2021-09-20 16:20:50.088  INFO chetuiwk0165 --- [nio-8080-exec-1] o.u.s.i.GetProcessPaymentsListImpl       : Email Confirmation Response: <200 OK,[{"emailList":["rajneeshg@chetu.com"],"transactionDate":"2021-09-20","bankAccountEnding":"3123","loanPaymentList":[{"confirmationNumber":"521321","maskedLoanNumber":"91218****","monthlyPayment":87.71,"additionalPrincipal":11,"additionalEscrow":0,"lateCharge":0,"nsfFee":0,"other":11,"transactionFee":10,"corporateAdvanceFee":11,"loanNumber":91218720,"payerName":"MANUEL GUTIERREZ"}],"status":"Success","nameOfException":""}],{Server=[nginx/1.14.0 (Ubuntu)], Date=[Mon, 20 Sep 2021 10:50:49 GMT], Content-Type=[application/json], Transfer-Encoding=[chunked], Connection=[keep-alive]}>
2021-09-20 16:20:50.088  INFO chetuiwk0165 --- [nio-8080-exec-1] o.u.s.i.GetProcessPaymentsListImpl       : emailConfirmationListDto: [org.uhc.dao.dto.ConfirmationEmailInfoDTO@3cbb2a27]
2021-09-20 16:20:50.088  INFO chetuiwk0165 --- [nio-8080-exec-1] o.u.s.i.GetProcessPaymentsListImpl       : s1: [{"emailList":["rajneeshg@chetu.com"],"transactionDate":"2021-09-20","bankAccountEnding":"3123","loanPaymentList":[{"confirmationNumber":"521321","maskedLoanNumber":"91218****","monthlyPayment":87.71,"additionalPrincipal":11,"additionalEscrow":0,"lateCharge":0,"nsfFee":0,"other":11,"transactionFee":10,"corporateAdvanceFee":11,"loanNumber":91218720,"payerName":"MANUEL GUTIERREZ"}],"status":"Success","nameOfException":""}]
2021-09-20 16:20:50.111  INFO chetuiwk0165 --- [nio-8080-exec-6] o.u.c.ProcessPaymnetsController          : get process payments letter Notification list API called
2021-09-20 16:20:50.114  INFO chetuiwk0165 --- [nio-8080-exec-6] o.u.s.i.GetProcessPaymentsListImpl       : paymentListForPrintConfirmationSecondaryLoan[GetProcessPaymentsListDto [paymentId=3699, loanNumber=91218720, monthlyAmount=87.71, additionalPrincipal=11, additionalEscrow=0, lateFee=0, nsfFee=0, createDate=2021-09-20 04:44:15, confirmationNumber=521321, nameOnAccount=MANUEL GUTIERREZ, agentName=admin testuser, accountNumber=211323123, routingNumber=324377516, accountType=C, phonePayFee=10, corporateAdvance=11, otherTypePayments=11, advice=true, adviceType=1, adviceNote=test second, emails=rajneeshg@chetu.com, line1=8475 W HARTWICK CT, city=MAGNA, state=UT, zip=84044, sendLetter=true]]:::::
2021-09-20 16:20:51.782  INFO chetuiwk0165 --- [nio-8080-exec-6] o.u.s.i.GetProcessPaymentsListImpl       : Letter Confirmation Response: <204 No Content,{Server=[nginx/1.14.0 (Ubuntu)], Date=[Mon, 20 Sep 2021 10:50:51 GMT], Connection=[keep-alive]}>
2021-09-20 16:20:51.782 ERROR chetuiwk0165 --- [nio-8080-exec-6] o.u.s.i.GetProcessPaymentsListImpl       : There is no content.
