2021-12-23 15:51:27.948  INFO chetuiwk0165 --- [           main] o.u.PhonePayAPIApplication               : Starting PhonePayAPIApplication on chetuiwk0165 with PID 13376 (E:\UtahHousingCorp-MGLD\PhonePayWorkspace_12April\PhonePayBackend\target\classes started by pradeepy in E:\UtahHousingCorp-MGLD\PhonePayWorkspace_12April\PhonePayBackend)
2021-12-23 15:51:27.960  INFO chetuiwk0165 --- [           main] o.u.PhonePayAPIApplication               : No active profile set, falling back to default profiles: default
2021-12-23 15:51:27.995  INFO chetuiwk0165 --- [           main] ationConfigEmbeddedWebApplicationContext : Refreshing org.springframework.boot.context.embedded.AnnotationConfigEmbeddedWebApplicationContext@4e7912d8: startup date [Thu Dec 23 15:51:27 IST 2021]; root of context hierarchy
2021-12-23 15:51:28.179  INFO chetuiwk0165 --- [kground-preinit] o.h.v.i.u.Version                        : HV000001: Hibernate Validator 5.3.5.Final
2021-12-23 15:51:29.405  INFO chetuiwk0165 --- [           main] s.b.c.e.t.TomcatEmbeddedServletContainer : Tomcat initialized with port(s): 8080 (http)
2021-12-23 15:51:29.418  INFO chetuiwk0165 --- [           main] o.a.c.c.StandardService                  : Starting service [Tomcat]
2021-12-23 15:51:29.419  INFO chetuiwk0165 --- [           main] o.a.c.c.StandardEngine                   : Starting Servlet Engine: Apache Tomcat/8.5.16
2021-12-23 15:51:29.530  INFO chetuiwk0165 --- [ost-startStop-1] o.a.c.c.C.[.[.[/]                        : Initializing Spring embedded WebApplicationContext
2021-12-23 15:51:29.530  INFO chetuiwk0165 --- [ost-startStop-1] o.s.w.c.ContextLoader                    : Root WebApplicationContext: initialization completed in 1538 ms
2021-12-23 15:51:29.660  INFO chetuiwk0165 --- [ost-startStop-1] o.s.b.w.s.FilterRegistrationBean         : Mapping filter: 'CORSFilter' to: [/*]
2021-12-23 15:51:29.660  INFO chetuiwk0165 --- [ost-startStop-1] o.s.b.w.s.FilterRegistrationBean         : Mapping filter: 'characterEncodingFilter' to: [/*]
2021-12-23 15:51:29.660  INFO chetuiwk0165 --- [ost-startStop-1] o.s.b.w.s.FilterRegistrationBean         : Mapping filter: 'hiddenHttpMethodFilter' to: [/*]
2021-12-23 15:51:29.661  INFO chetuiwk0165 --- [ost-startStop-1] o.s.b.w.s.FilterRegistrationBean         : Mapping filter: 'httpPutFormContentFilter' to: [/*]
2021-12-23 15:51:29.661  INFO chetuiwk0165 --- [ost-startStop-1] o.s.b.w.s.FilterRegistrationBean         : Mapping filter: 'requestContextFilter' to: [/*]
2021-12-23 15:51:29.662  INFO chetuiwk0165 --- [ost-startStop-1] .s.DelegatingFilterProxyRegistrationBean : Mapping filter: 'springSecurityFilterChain' to: [/*]
2021-12-23 15:51:29.662  INFO chetuiwk0165 --- [ost-startStop-1] o.s.b.w.s.ServletRegistrationBean        : Mapping servlet: 'dispatcherServlet' to [/]
2021-12-23 15:51:30.066  INFO chetuiwk0165 --- [           main] b.a.s.AuthenticationManagerConfiguration : 

Using default security password: 52332c15-3e43-4801-82f0-cc11232f4217

2021-12-23 15:51:30.185  INFO chetuiwk0165 --- [           main] o.s.s.w.DefaultSecurityFilterChain       : Creating filter chain: org.springframework.security.web.util.matcher.AnyRequestMatcher@1, [org.springframework.security.web.context.request.async.WebAsyncManagerIntegrationFilter@153cd6bb, org.springframework.security.web.context.SecurityContextPersistenceFilter@7a34f66a, org.springframework.security.web.header.HeaderWriterFilter@31ff6309, org.springframework.security.web.authentication.logout.LogoutFilter@47fbc56, org.springframework.security.web.savedrequest.RequestCacheAwareFilter@3ed03652, org.springframework.security.web.servletapi.SecurityContextHolderAwareRequestFilter@1dc76fa1, org.springframework.security.web.authentication.AnonymousAuthenticationFilter@61d84e08, org.springframework.security.web.session.SessionManagementFilter@e4b6f47, org.springframework.security.web.access.ExceptionTranslationFilter@23f3dbf0, org.springframework.security.web.access.intercept.FilterSecurityInterceptor@3baf6936]
2021-12-23 15:51:30.326  INFO chetuiwk0165 --- [           main] s.w.s.m.m.a.RequestMappingHandlerAdapter : Looking for @ControllerAdvice: org.springframework.boot.context.embedded.AnnotationConfigEmbeddedWebApplicationContext@4e7912d8: startup date [Thu Dec 23 15:51:27 IST 2021]; root of context hierarchy
2021-12-23 15:51:30.399  INFO chetuiwk0165 --- [           main] s.w.s.m.m.a.RequestMappingHandlerMapping : Mapped "{[/bankingInfo],methods=[POST]}" onto public java.lang.Object org.uhc.controller.BankingInfoController.bankingInfoAPI(org.uhc.envelop.request.BankingInfoRequest)
2021-12-23 15:51:30.405  INFO chetuiwk0165 --- [           main] s.w.s.m.m.a.RequestMappingHandlerMapping : Mapped "{[/cancelPayment],methods=[POST]}" onto public java.lang.Object org.uhc.controller.CancelPaymentController.cancelPaymentAPI(org.uhc.envelop.request.CancelPaymentRequest)
2021-12-23 15:51:30.406  INFO chetuiwk0165 --- [           main] s.w.s.m.m.a.RequestMappingHandlerMapping : Mapped "{[/isLoanExistStopFile/{loanNumber}],methods=[POST]}" onto public java.lang.Object org.uhc.controller.CheckStopFileExistanceController.isLoanAccountInStopFileAPI(long)
2021-12-23 15:51:30.407  INFO chetuiwk0165 --- [           main] s.w.s.m.m.a.RequestMappingHandlerMapping : Mapped "{[/getFirstNamesForFirstAndLastName],methods=[POST]}" onto public java.lang.Object org.uhc.controller.GetNamesController.getFirstNamesListByFirstAndLastNameAPI(org.uhc.envelop.request.GetNamesRequest)
2021-12-23 15:51:30.408  INFO chetuiwk0165 --- [           main] s.w.s.m.m.a.RequestMappingHandlerMapping : Mapped "{[/getLastNamesForFirstAndLastName],methods=[POST]}" onto public java.lang.Object org.uhc.controller.GetNamesController.getLastNamesListByFirstAndLastNameAPI(org.uhc.envelop.request.GetNamesRequest)
2021-12-23 15:51:30.409  INFO chetuiwk0165 --- [           main] s.w.s.m.m.a.RequestMappingHandlerMapping : Mapped "{[/getFirstAndLastNamesListForAutocomplete],methods=[POST]}" onto public java.lang.Object org.uhc.controller.GetNamesController.getFirstAndLastNamesListForAutocompleteAPI(org.uhc.envelop.request.GetNamesRequest)
2021-12-23 15:51:30.409  INFO chetuiwk0165 --- [           main] s.w.s.m.m.a.RequestMappingHandlerMapping : Mapped "{[/getLastNames],methods=[POST]}" onto public java.lang.Object org.uhc.controller.GetNamesController.getLastNamesListAPI(org.uhc.envelop.request.GetNamesRequest)
2021-12-23 15:51:30.409  INFO chetuiwk0165 --- [           main] s.w.s.m.m.a.RequestMappingHandlerMapping : Mapped "{[/getFirstNames],methods=[POST]}" onto public java.lang.Object org.uhc.controller.GetNamesController.getFirstNamesListAPI(org.uhc.envelop.request.GetNamesRequest)
2021-12-23 15:51:30.410  INFO chetuiwk0165 --- [           main] s.w.s.m.m.a.RequestMappingHandlerMapping : Mapped "{[/paymentBatch],methods=[POST]}" onto public java.lang.Object org.uhc.controller.GetPaymentBatchController.getPaymentBatchAPI()
2021-12-23 15:51:30.411  INFO chetuiwk0165 --- [           main] s.w.s.m.m.a.RequestMappingHandlerMapping : Mapped "{[/getScheduledPaymentList],methods=[POST]}" onto public java.lang.Object org.uhc.controller.GetScheduledPaymentListController.getScheduledPaymentListAPI()
2021-12-23 15:51:30.411  INFO chetuiwk0165 --- [           main] s.w.s.m.m.a.RequestMappingHandlerMapping : Mapped "{[/getStatisticDetails],methods=[POST]}" onto public java.lang.Object org.uhc.controller.GetStatisticDetailsController.getStatisticDetailsAPI(org.uhc.envelop.request.GetStatisticDetailsRequest)
2021-12-23 15:51:30.415  INFO chetuiwk0165 --- [           main] s.w.s.m.m.a.RequestMappingHandlerMapping : Mapped "{[/allPaymentAdvice],methods=[POST]}" onto public java.lang.Object org.uhc.controller.PaymentAdviceController.allPaymentAdviceAPI()
2021-12-23 15:51:30.415  INFO chetuiwk0165 --- [           main] s.w.s.m.m.a.RequestMappingHandlerMapping : Mapped "{[/deletProcessAdvicePayment],methods=[POST]}" onto public java.lang.Object org.uhc.controller.PaymentAdviceController.deletProcessAdvicePaymentAPI(org.uhc.envelop.request.DeleteProcessAdvicePaymentReq)
2021-12-23 15:51:30.416  INFO chetuiwk0165 --- [           main] s.w.s.m.m.a.RequestMappingHandlerMapping : Mapped "{[/updatePaymentAdvice],methods=[POST]}" onto public java.lang.Object org.uhc.controller.PaymentAdviceController.updatePaymentAdviceAPI(org.uhc.envelop.request.UpdatePaymentAdviceReq)
2021-12-23 15:51:30.416  INFO chetuiwk0165 --- [           main] s.w.s.m.m.a.RequestMappingHandlerMapping : Mapped "{[/updatePaymentAdviceType],methods=[POST]}" onto public java.lang.Object org.uhc.controller.PaymentAdviceController.updatePaymentAdviceTypeAPI(org.uhc.envelop.request.UpdatePaymentAdviceTypeReq)
2021-12-23 15:51:30.416  INFO chetuiwk0165 --- [           main] s.w.s.m.m.a.RequestMappingHandlerMapping : Mapped "{[/paymentAdvice],methods=[POST]}" onto public java.lang.Object org.uhc.controller.PaymentAdviceController.paymentAdviceAPI(org.uhc.envelop.request.PaymentAdviceReq)
2021-12-23 15:51:30.417  INFO chetuiwk0165 --- [           main] s.w.s.m.m.a.RequestMappingHandlerMapping : Mapped "{[/getPaymentsInProcess],methods=[POST]}" onto public java.lang.Object org.uhc.controller.PaymentsInProcessController.getPaymentsInProcessAPI()
2021-12-23 15:51:30.417  INFO chetuiwk0165 --- [           main] s.w.s.m.m.a.RequestMappingHandlerMapping : Mapped "{[/phonepayCheck/{loanNumber}],methods=[POST]}" onto public java.lang.Object org.uhc.controller.PhonepayCheckController.phonepayCheckAPI(long)
2021-12-23 15:51:30.420  INFO chetuiwk0165 --- [           main] s.w.s.m.m.a.RequestMappingHandlerMapping : Mapped "{[/getProcessPaymentsLetterNotificationList],methods=[POST]}" onto public java.lang.Object org.uhc.controller.ProcessPaymnetsController.getProcessPaymentsLetterNotificationListAPI(org.uhc.envelop.request.ProcessPaymentPrintLetterReq)
2021-12-23 15:51:30.421  INFO chetuiwk0165 --- [           main] s.w.s.m.m.a.RequestMappingHandlerMapping : Mapped "{[/getProcessPaymentsNotificationList],methods=[POST]}" onto public java.lang.Object org.uhc.controller.ProcessPaymnetsController.getProcessPaymentsNotificationListAPI(org.uhc.envelop.request.ProcessPaymentSendEmailReq)
2021-12-23 15:51:30.421  INFO chetuiwk0165 --- [           main] s.w.s.m.m.a.RequestMappingHandlerMapping : Mapped "{[/getProcessPaymentsList],methods=[POST]}" onto public java.lang.Object org.uhc.controller.ProcessPaymnetsController.getProcessPaymentsListAPI()
2021-12-23 15:51:30.422  INFO chetuiwk0165 --- [           main] s.w.s.m.m.a.RequestMappingHandlerMapping : Mapped "{[/getResearchPaymentDetails],methods=[POST]}" onto public java.lang.Object org.uhc.controller.ResearchPaymentController.getResearchPaymentInfoAPI(org.uhc.envelop.request.GetResearchPaymentRequest)
2021-12-23 15:51:30.423  INFO chetuiwk0165 --- [           main] s.w.s.m.m.a.RequestMappingHandlerMapping : Mapped "{[/researchPayment],methods=[POST]}" onto public java.lang.Object org.uhc.controller.ResearchPaymentController.researchPaymentInfoAPI(org.uhc.envelop.request.ResearchPaymentRequest)
2021-12-23 15:51:30.423  INFO chetuiwk0165 --- [           main] s.w.s.m.m.a.RequestMappingHandlerMapping : Mapped "{[/scheduleCheckPayment],methods=[POST]}" onto public java.lang.Object org.uhc.controller.ScheduledCheckPaymentController.scheduleCheckPaymentAPI(org.uhc.envelop.request.CheckPaymentRequest) throws java.lang.Exception
2021-12-23 15:51:30.424  INFO chetuiwk0165 --- [           main] s.w.s.m.m.a.RequestMappingHandlerMapping : Mapped "{[/validateUser],methods=[POST]}" onto public java.lang.Object org.uhc.controller.ValidateUserController.validateUserAPI(org.uhc.envelop.request.ValidateUserRequest)
2021-12-23 15:51:30.426  INFO chetuiwk0165 --- [           main] s.w.s.m.m.a.RequestMappingHandlerMapping : Mapped "{[/error]}" onto public org.springframework.http.ResponseEntity<java.util.Map<java.lang.String, java.lang.Object>> org.springframework.boot.autoconfigure.web.BasicErrorController.error(javax.servlet.http.HttpServletRequest)
2021-12-23 15:51:30.426  INFO chetuiwk0165 --- [           main] s.w.s.m.m.a.RequestMappingHandlerMapping : Mapped "{[/error],produces=[text/html]}" onto public org.springframework.web.servlet.ModelAndView org.springframework.boot.autoconfigure.web.BasicErrorController.errorHtml(javax.servlet.http.HttpServletRequest,javax.servlet.http.HttpServletResponse)
2021-12-23 15:51:30.459  INFO chetuiwk0165 --- [           main] o.s.w.s.h.SimpleUrlHandlerMapping        : Mapped URL path [/webjars/**] onto handler of type [class org.springframework.web.servlet.resource.ResourceHttpRequestHandler]
2021-12-23 15:51:30.459  INFO chetuiwk0165 --- [           main] o.s.w.s.h.SimpleUrlHandlerMapping        : Mapped URL path [/**] onto handler of type [class org.springframework.web.servlet.resource.ResourceHttpRequestHandler]
2021-12-23 15:51:30.552  INFO chetuiwk0165 --- [           main] o.s.w.s.h.SimpleUrlHandlerMapping        : Mapped URL path [/**/favicon.ico] onto handler of type [class org.springframework.web.servlet.resource.ResourceHttpRequestHandler]
2021-12-23 15:51:30.666  INFO chetuiwk0165 --- [           main] o.s.j.e.a.AnnotationMBeanExporter        : Registering beans for JMX exposure on startup
2021-12-23 15:51:30.678  INFO chetuiwk0165 --- [           main] o.a.c.h.Http11NioProtocol                : Initializing ProtocolHandler ["http-nio-8080"]
2021-12-23 15:51:30.686  INFO chetuiwk0165 --- [           main] o.a.c.h.Http11NioProtocol                : Starting ProtocolHandler ["http-nio-8080"]
2021-12-23 15:51:30.707  INFO chetuiwk0165 --- [           main] o.a.t.u.n.NioSelectorPool                : Using a shared selector for servlet write/read
2021-12-23 15:51:30.722  INFO chetuiwk0165 --- [           main] s.b.c.e.t.TomcatEmbeddedServletContainer : Tomcat started on port(s): 8080 (http)
2021-12-23 15:51:30.725  INFO chetuiwk0165 --- [           main] o.u.PhonePayAPIApplication               : Started PhonePayAPIApplication in 2.955 seconds (JVM running for 4.011)
2021-12-23 15:53:06.003  INFO chetuiwk0165 --- [nio-8080-exec-1] o.a.c.c.C.[.[.[/]                        : Initializing Spring FrameworkServlet 'dispatcherServlet'
2021-12-23 15:53:06.004  INFO chetuiwk0165 --- [nio-8080-exec-1] o.s.w.s.DispatcherServlet                : FrameworkServlet 'dispatcherServlet': initialization started
2021-12-23 15:53:06.014  INFO chetuiwk0165 --- [nio-8080-exec-1] o.s.w.s.DispatcherServlet                : FrameworkServlet 'dispatcherServlet': initialization completed in 10 ms
2021-12-23 15:53:06.045  INFO chetuiwk0165 --- [nio-8080-exec-4] o.u.c.PaymentsInProcessController        : get payments in process API called
2021-12-23 15:53:06.045  INFO chetuiwk0165 --- [nio-8080-exec-3] o.u.c.GetPaymentBatchController          : get payment batch API called
2021-12-23 15:53:06.045  INFO chetuiwk0165 --- [nio-8080-exec-4] o.u.s.i.PaymentsInProcessServiceImpl     : Entering into getPaymentsInProcessList method
2021-12-23 15:53:06.045  INFO chetuiwk0165 --- [nio-8080-exec-3] o.u.s.i.GetPaymentBatchServiceImpl       : Entering into getPaymentBatchDetails method
2021-12-23 15:53:26.096  INFO chetuiwk0165 --- [nio-8080-exec-3] o.u.s.i.GetPaymentBatchServiceImpl       : Exit from getPaymentBatchDetails method
2021-12-23 15:53:26.099  INFO chetuiwk0165 --- [nio-8080-exec-4] o.u.d.i.UserDaoImpl                      : To loan number, user name enterd is :
2021-12-23 15:53:39.680  INFO chetuiwk0165 --- [nio-8080-exec-7] o.u.c.PaymentAdviceController            : allPaymentAdviceAPI advice API called
2021-12-23 15:53:39.680  INFO chetuiwk0165 --- [nio-8080-exec-7] o.u.s.i.AllPaymentAdviceServiceImpl      : Entering into getAllPaymentAdviceDetails method
2021-12-23 15:53:40.433  INFO chetuiwk0165 --- [nio-8080-exec-7] o.u.d.i.UserDaoImpl                      : Loan Account List: Got payment advice details successfully 
2021-12-23 15:53:40.434  INFO chetuiwk0165 --- [nio-8080-exec-7] o.u.d.i.UserDaoImpl                      : The loan number, user name enterd is :
2021-12-23 15:54:06.502  INFO chetuiwk0165 --- [nio-8080-exec-7] o.u.d.i.UserDaoImpl                      : List of Borrower is: [org.uhc.dao.dto.BorrowerInfoDto@521db6f6, org.uhc.dao.dto.BorrowerInfoDto@a14d2f]
2021-12-23 15:54:06.678  INFO chetuiwk0165 --- [nio-8080-exec-4] o.u.d.i.UserDaoImpl                      : List of loan number is: [1038060, 91038060]
2021-12-23 15:54:06.678  INFO chetuiwk0165 --- [nio-8080-exec-4] o.u.d.i.UserDaoImpl                      : For getting Loan Account details, Loan number entered is
2021-12-23 15:54:06.796  INFO chetuiwk0165 --- [nio-8080-exec-7] o.u.d.i.UserDaoImpl                      : Other Fee List : 
2021-12-23 15:54:10.289  INFO chetuiwk0165 --- [nio-8080-exec-4] o.u.d.i.UserDaoImpl                      : Loan account details by loan number is :
2021-12-23 15:54:10.289  INFO chetuiwk0165 --- [nio-8080-exec-4] o.u.d.i.UserDaoImpl                      : For getting Loan Account details, Loan number entered is
2021-12-23 15:54:10.854  INFO chetuiwk0165 --- [nio-8080-exec-7] o.u.d.i.UserDaoImpl                      : The loan number, user name enterd is :
2021-12-23 15:54:12.605  INFO chetuiwk0165 --- [nio-8080-exec-4] o.u.d.i.UserDaoImpl                      : Loan account details by loan number is :
2021-12-23 15:54:12.892  INFO chetuiwk0165 --- [nio-8080-exec-4] o.u.d.i.UserDaoImpl                      : Other Fee List : 
2021-12-23 15:54:13.169  INFO chetuiwk0165 --- [nio-8080-exec-7] o.u.d.i.UserDaoImpl                      : List of Borrower is: [org.uhc.dao.dto.BorrowerInfoDto@53022516, org.uhc.dao.dto.BorrowerInfoDto@d382920]
2021-12-23 15:54:13.456  INFO chetuiwk0165 --- [nio-8080-exec-7] o.u.d.i.UserDaoImpl                      : Other Fee List : 
2021-12-23 15:54:18.511  INFO chetuiwk0165 --- [nio-8080-exec-4] o.u.d.i.UserDaoImpl                      : To loan number, user name enterd is :
2021-12-23 15:54:20.231  INFO chetuiwk0165 --- [nio-8080-exec-4] o.u.d.i.UserDaoImpl                      : List of loan number is: [1038060, 91038060]
2021-12-23 15:54:20.232  INFO chetuiwk0165 --- [nio-8080-exec-4] o.u.d.i.UserDaoImpl                      : For getting Loan Account details, Loan number entered is
2021-12-23 15:54:23.692  INFO chetuiwk0165 --- [nio-8080-exec-4] o.u.d.i.UserDaoImpl                      : Loan account details by loan number is :
2021-12-23 15:54:23.692  INFO chetuiwk0165 --- [nio-8080-exec-4] o.u.d.i.UserDaoImpl                      : For getting Loan Account details, Loan number entered is
2021-12-23 15:54:24.913  INFO chetuiwk0165 --- [nio-8080-exec-9] o.u.c.PaymentAdviceController            : update payment advice API called
2021-12-23 15:54:25.672  INFO chetuiwk0165 --- [nio-8080-exec-4] o.u.d.i.UserDaoImpl                      : Loan account details by loan number is :
2021-12-23 15:54:25.672  INFO chetuiwk0165 --- [nio-8080-exec-9] o.u.s.i.UpdatePaymentAdviceServiceImpl   : Payment advice updated successfully
2021-12-23 15:54:26.238  INFO chetuiwk0165 --- [nio-8080-exec-4] o.u.d.i.UserDaoImpl                      : Other Fee List : 
2021-12-23 15:54:27.370  INFO chetuiwk0165 --- [nio-8080-exec-4] o.u.s.i.PaymentsInProcessServiceImpl     : Exit from getPaymentsInProcessList method
2021-12-23 15:54:28.496  INFO chetuiwk0165 --- [nio-8080-exec-2] o.u.c.PaymentAdviceController            : update payment advice API called
2021-12-23 15:54:28.780  INFO chetuiwk0165 --- [nio-8080-exec-2] o.u.s.i.UpdatePaymentAdviceServiceImpl   : Payment advice updated successfully
2021-12-23 15:54:30.416  INFO chetuiwk0165 --- [nio-8080-exec-3] o.u.c.PaymentAdviceController            : allPaymentAdviceAPI advice API called
2021-12-23 15:54:30.416  INFO chetuiwk0165 --- [nio-8080-exec-3] o.u.s.i.AllPaymentAdviceServiceImpl      : Entering into getAllPaymentAdviceDetails method
2021-12-23 15:54:30.704  INFO chetuiwk0165 --- [nio-8080-exec-3] o.u.d.i.UserDaoImpl                      : Loan Account List: Got payment advice details successfully 
2021-12-23 15:54:30.705  INFO chetuiwk0165 --- [nio-8080-exec-3] o.u.d.i.UserDaoImpl                      : The loan number, user name enterd is :
2021-12-23 15:54:33.437  INFO chetuiwk0165 --- [nio-8080-exec-3] o.u.d.i.UserDaoImpl                      : List of Borrower is: [org.uhc.dao.dto.BorrowerInfoDto@2ae637af, org.uhc.dao.dto.BorrowerInfoDto@b232ff8]
2021-12-23 15:54:33.722  INFO chetuiwk0165 --- [nio-8080-exec-3] o.u.d.i.UserDaoImpl                      : Other Fee List : 
2021-12-23 15:54:35.421  INFO chetuiwk0165 --- [nio-8080-exec-3] o.u.d.i.UserDaoImpl                      : The loan number, user name enterd is :
2021-12-23 15:54:37.121  INFO chetuiwk0165 --- [nio-8080-exec-3] o.u.d.i.UserDaoImpl                      : List of Borrower is: [org.uhc.dao.dto.BorrowerInfoDto@6b6a7b84, org.uhc.dao.dto.BorrowerInfoDto@694b2696]
2021-12-23 15:54:37.406  INFO chetuiwk0165 --- [nio-8080-exec-3] o.u.d.i.UserDaoImpl                      : Other Fee List : 
2021-12-23 15:54:48.202  INFO chetuiwk0165 --- [nio-8080-exec-5] o.u.c.GetPaymentBatchController          : get payment batch API called
2021-12-23 15:54:48.202  INFO chetuiwk0165 --- [nio-8080-exec-5] o.u.s.i.GetPaymentBatchServiceImpl       : Entering into getPaymentBatchDetails method
2021-12-23 15:54:48.203  INFO chetuiwk0165 --- [nio-8080-exec-6] o.u.c.PaymentsInProcessController        : get payments in process API called
2021-12-23 15:54:48.203  INFO chetuiwk0165 --- [nio-8080-exec-6] o.u.s.i.PaymentsInProcessServiceImpl     : Entering into getPaymentsInProcessList method
2021-12-23 15:54:48.487  INFO chetuiwk0165 --- [nio-8080-exec-5] o.u.s.i.GetPaymentBatchServiceImpl       : Exit from getPaymentBatchDetails method
2021-12-23 15:54:48.490  INFO chetuiwk0165 --- [nio-8080-exec-6] o.u.d.i.UserDaoImpl                      : To loan number, user name enterd is :
2021-12-23 15:54:54.593  INFO chetuiwk0165 --- [nio-8080-exec-6] o.u.d.i.UserDaoImpl                      : List of loan number is: [1038060, 91038060]
2021-12-23 15:54:54.593  INFO chetuiwk0165 --- [nio-8080-exec-6] o.u.d.i.UserDaoImpl                      : For getting Loan Account details, Loan number entered is
2021-12-23 15:54:56.926  INFO chetuiwk0165 --- [nio-8080-exec-6] o.u.d.i.UserDaoImpl                      : Loan account details by loan number is :
2021-12-23 15:54:56.926  INFO chetuiwk0165 --- [nio-8080-exec-6] o.u.d.i.UserDaoImpl                      : For getting Loan Account details, Loan number entered is
2021-12-23 15:55:00.788  INFO chetuiwk0165 --- [nio-8080-exec-6] o.u.d.i.UserDaoImpl                      : Loan account details by loan number is :
2021-12-23 15:55:01.074  INFO chetuiwk0165 --- [nio-8080-exec-6] o.u.d.i.UserDaoImpl                      : Other Fee List : 
2021-12-23 15:55:02.773  INFO chetuiwk0165 --- [nio-8080-exec-6] o.u.d.i.UserDaoImpl                      : To loan number, user name enterd is :
2021-12-23 15:55:04.473  INFO chetuiwk0165 --- [nio-8080-exec-6] o.u.d.i.UserDaoImpl                      : List of loan number is: [1038060, 91038060]
2021-12-23 15:55:04.473  INFO chetuiwk0165 --- [nio-8080-exec-6] o.u.d.i.UserDaoImpl                      : For getting Loan Account details, Loan number entered is
2021-12-23 15:55:07.367  INFO chetuiwk0165 --- [nio-8080-exec-6] o.u.d.i.UserDaoImpl                      : Loan account details by loan number is :
2021-12-23 15:55:07.367  INFO chetuiwk0165 --- [nio-8080-exec-6] o.u.d.i.UserDaoImpl                      : For getting Loan Account details, Loan number entered is
2021-12-23 15:55:10.629  INFO chetuiwk0165 --- [nio-8080-exec-6] o.u.d.i.UserDaoImpl                      : Loan account details by loan number is :
2021-12-23 15:55:10.913  INFO chetuiwk0165 --- [nio-8080-exec-6] o.u.d.i.UserDaoImpl                      : Other Fee List : 
2021-12-23 15:55:12.058  INFO chetuiwk0165 --- [nio-8080-exec-6] o.u.s.i.PaymentsInProcessServiceImpl     : Exit from getPaymentsInProcessList method
2021-12-23 15:55:32.129  INFO chetuiwk0165 --- [nio-8080-exec-4] o.u.c.ProcessPaymnetsController          : get process payments list API called
2021-12-23 15:55:32.129  INFO chetuiwk0165 --- [nio-8080-exec-4] o.u.s.i.GetProcessPaymentsListImpl       : Entering into getProcessPaymentsList method
2021-12-23 15:55:32.705  INFO chetuiwk0165 --- [nio-8080-exec-4] o.u.d.i.UserDaoImpl                      : Other Fee List : 
2021-12-23 15:55:36.536  INFO chetuiwk0165 --- [nio-8080-exec-4] o.u.d.i.UserDaoImpl                      : Other Fee List : 
2021-12-23 15:55:46.596  INFO chetuiwk0165 --- [nio-8080-exec-4] o.u.s.i.GetProcessPaymentsListImpl       : DATA SENT TO PPS:
[GetProcessPaymentsListDto [paymentId=4088, loanNumber=1038060, monthlyAmount=1056.74, additionalPrincipal=0.00, additionalEscrow=0.00, lateFee=0.00, nsfFee=0.00, createDate=2021-12-23 03:17:44, confirmationNumber=397525  , nameOnAccount=JUSTIN WEST, agentName=admin testuser, accountNumber=453445, routingNumber=324377516, accountType=C, phonePayFee=10.00, corporateAdvance=0, otherTypePayments=0, advice=true, adviceType=1, adviceNote=paying for test111, emails=testinguhc01@uthc.org, line1=4543 WEST 6165 SOUTH, city=SALT LAKE CITY, state=UT, zip=84118, sendLetter=true], GetProcessPaymentsListDto [paymentId=4089, loanNumber=91038060, monthlyAmount=42.87, additionalPrincipal=0.00, additionalEscrow=0, lateFee=0.00, nsfFee=0.00, createDate=2021-12-23 03:17:44, confirmationNumber=508077  , nameOnAccount=JUSTIN WEST, agentName=admin testuser, accountNumber=453445, routingNumber=324377516, accountType=C, phonePayFee=0, corporateAdvance=0, otherTypePayments=0, advice=true, adviceType=1, adviceNote=test secondary, emails=testinguhc01@uthc.org, line1=4543 WEST 6165 SOUTH, city=SALT LAKE CITY, state=UT, zip=84118, sendLetter=true]]
2021-12-23 15:55:51.696  INFO chetuiwk0165 --- [nio-8080-exec-4] o.u.d.i.UserDaoImpl                      : Processed payments was successfully updated. Payment ID: [4088, 4089]
2021-12-23 15:55:51.696  INFO chetuiwk0165 --- [nio-8080-exec-4] o.u.s.i.GetProcessPaymentsListImpl       : count2
2021-12-23 15:55:51.696  INFO chetuiwk0165 --- [nio-8080-exec-4] o.u.s.i.GetProcessPaymentsListImpl       : Exit from getProcessPaymentsList method
2021-12-23 15:55:51.742  INFO chetuiwk0165 --- [io-8080-exec-10] o.u.c.ProcessPaymnetsController          : get process payments Notification list API called
2021-12-23 15:55:51.761  INFO chetuiwk0165 --- [io-8080-exec-10] o.u.s.i.GetProcessPaymentsListImpl       : paymentListForEmailConfirmationSecondaryLoan[]:::::
2021-12-23 15:56:04.886  INFO chetuiwk0165 --- [io-8080-exec-10] o.u.s.i.GetProcessPaymentsListImpl       : Email Confirmation Response: <207 Multi-Status,[{"emailList":["testinguhc01@uthc.org"],"transactionDate":"2021-12-23","bankAccountEnding":"3445","loanPaymentList":[{"confirmationNumber":"397525","maskedLoanNumber":"1038****","monthlyPayment":1056.74,"additionalPrincipal":0,"additionalEscrow":0,"lateCharge":0,"nsfFee":0,"other":0,"transactionFee":10,"corporateAdvanceFee":0,"loanNumber":1038060,"payerName":"JUSTIN WEST"},{"confirmationNumber":"508077","maskedLoanNumber":"91038****","monthlyPayment":42.87,"additionalPrincipal":0,"additionalEscrow":0,"lateCharge":0,"nsfFee":0,"other":0,"transactionFee":0,"corporateAdvanceFee":0,"loanNumber":91038060,"payerName":"JUSTIN WEST"}],"status":"Fail","nameOfException":"MailSendException"}],{Content-Type=[application/json], Transfer-Encoding=[chunked], Date=[Thu, 23 Dec 2021 10:26:04 GMT], Keep-Alive=[timeout=60], Connection=[keep-alive]}>
2021-12-23 15:56:04.886  INFO chetuiwk0165 --- [io-8080-exec-10] o.u.s.i.GetProcessPaymentsListImpl       : emailConfirmationListDto: [org.uhc.dao.dto.ConfirmationEmailInfoDTO@187a5e9f]
2021-12-23 15:56:04.886  INFO chetuiwk0165 --- [io-8080-exec-10] o.u.s.i.GetProcessPaymentsListImpl       : s1: [{"emailList":["testinguhc01@uthc.org"],"transactionDate":"2021-12-23","bankAccountEnding":"3445","loanPaymentList":[{"confirmationNumber":"397525","maskedLoanNumber":"1038****","monthlyPayment":1056.74,"additionalPrincipal":0,"additionalEscrow":0,"lateCharge":0,"nsfFee":0,"other":0,"transactionFee":10,"corporateAdvanceFee":0,"loanNumber":1038060,"payerName":"JUSTIN WEST"},{"confirmationNumber":"508077","maskedLoanNumber":"91038****","monthlyPayment":42.87,"additionalPrincipal":0,"additionalEscrow":0,"lateCharge":0,"nsfFee":0,"other":0,"transactionFee":0,"corporateAdvanceFee":0,"loanNumber":91038060,"payerName":"JUSTIN WEST"}],"status":"Fail","nameOfException":"MailSendException"}]
2021-12-23 15:56:04.894  INFO chetuiwk0165 --- [io-8080-exec-10] o.u.s.i.GetProcessPaymentsListImpl       : failedEmailsListDtos: [org.uhc.dao.dto.FailedEmailsDto@25500a81]
2021-12-23 15:56:04.894  INFO chetuiwk0165 --- [io-8080-exec-10] o.u.s.i.GetProcessPaymentsListImpl       : failedSecondaryEmailsListDtos: [org.uhc.dao.dto.FailedEmailsDto@25500a81, org.uhc.dao.dto.FailedEmailsDto@6937ebc9]
2021-12-23 15:56:04.912  INFO chetuiwk0165 --- [nio-8080-exec-3] o.u.c.ProcessPaymnetsController          : get process payments letter Notification list API called
2021-12-23 15:56:04.918  INFO chetuiwk0165 --- [nio-8080-exec-3] o.u.s.i.GetProcessPaymentsListImpl       : paymentListForPrintConfirmationSecondaryLoan[]:::::
2021-12-23 15:56:17.911  INFO chetuiwk0165 --- [nio-8080-exec-3] o.u.s.i.GetProcessPaymentsListImpl       : Letter Confirmation Response: <200 OK,[{"processorName":"admin testuser","payerName":"JUSTIN WEST","address":{"line1":"4543 WEST 6165 SOUTH","city":"SALT LAKE CITY","state":"UT","zip":"84118"},"transactionDate":"2021-12-23","bankName":"","bankAccountEnding":"3445","loanPaymentList":[{"confirmationNumber":"397525","maskedLoanNumber":"1038****","monthlyPayment":1056.74,"additionalPrincipal":0,"additionalEscrow":0,"lateCharge":0,"nsfFee":0,"other":0,"transactionFee":10,"corporateAdvanceFee":0,"loanNumber":1038060,"payerName":"JUSTIN WEST"},{"confirmationNumber":"508077","maskedLoanNumber":"91038****","monthlyPayment":42.87,"additionalPrincipal":0,"additionalEscrow":0,"lateCharge":0,"nsfFee":0,"other":0,"transactionFee":0,"corporateAdvanceFee":0,"loanNumber":91038060,"payerName":"JUSTIN WEST"}],"status":"Success","nameOfException":"","accountType":"C","failedEmailLoanNum":1038060}],{Content-Type=[application/json], Transfer-Encoding=[chunked], Date=[Thu, 23 Dec 2021 10:26:17 GMT], Keep-Alive=[timeout=60], Connection=[keep-alive]}>
2021-12-23 16:06:22.740  INFO chetuiwk0165 --- [nio-8080-exec-7] o.u.c.ProcessPaymnetsController          : get process payments letter Notification list API called
2021-12-23 16:06:22.741  INFO chetuiwk0165 --- [nio-8080-exec-7] o.u.s.i.GetProcessPaymentsListImpl       : paymentListForPrintConfirmationSecondaryLoan[]:::::
2021-12-23 16:06:29.458  INFO chetuiwk0165 --- [nio-8080-exec-7] o.u.s.i.GetProcessPaymentsListImpl       : Letter Confirmation Response: <207 Multi-Status,[{"processorName":"admin testuser","payerName":"JUSTIN WEST","address":{"line1":"4543 WEST 6165 SOUTH","city":"SALT LAKE CITY","state":"UT","zip":"84118"},"transactionDate":"2021-12-23","bankName":"","bankAccountEnding":"3445","loanPaymentList":[{"confirmationNumber":"397525","maskedLoanNumber":"1038****","monthlyPayment":1056.74,"additionalPrincipal":0,"additionalEscrow":0,"lateCharge":0,"nsfFee":0,"other":0,"transactionFee":10,"corporateAdvanceFee":0,"loanNumber":1038060,"payerName":"JUSTIN WEST"},{"confirmationNumber":"508077","maskedLoanNumber":"91038****","monthlyPayment":42.87,"additionalPrincipal":0,"additionalEscrow":0,"lateCharge":0,"nsfFee":0,"other":0,"transactionFee":0,"corporateAdvanceFee":0,"loanNumber":91038060,"payerName":"JUSTIN WEST"}],"status":"Fail","nameOfException":"PrinterAbortException","accountType":"C","failedEmailLoanNum":1038060}],{Content-Type=[application/json], Transfer-Encoding=[chunked], Date=[Thu, 23 Dec 2021 10:36:29 GMT], Keep-Alive=[timeout=60], Connection=[keep-alive]}>
2021-12-23 16:06:29.458  INFO chetuiwk0165 --- [nio-8080-exec-7] o.u.s.i.GetProcessPaymentsListImpl       : failedEmailsListDtos: [org.uhc.dao.dto.FailedPrintsDto@58114cca]
2021-12-23 16:06:29.458  INFO chetuiwk0165 --- [nio-8080-exec-7] o.u.s.i.GetProcessPaymentsListImpl       : failedSecondaryEmailsListDtos: [org.uhc.dao.dto.FailedPrintsDto@58114cca, org.uhc.dao.dto.FailedPrintsDto@5458f3d5]
2021-12-23 16:06:29.458  INFO chetuiwk0165 --- [nio-8080-exec-7] o.u.s.i.GetProcessPaymentsListImpl       : failedPrintsList : [[org.uhc.dao.dto.FailedPrintsDto@58114cca, org.uhc.dao.dto.FailedPrintsDto@5458f3d5]]
2021-12-23 16:06:32.167  INFO chetuiwk0165 --- [nio-8080-exec-6] o.u.c.ProcessPaymnetsController          : get process payments letter Notification list API called
2021-12-23 16:06:32.167  INFO chetuiwk0165 --- [nio-8080-exec-6] o.u.s.i.GetProcessPaymentsListImpl       : paymentListForPrintConfirmationSecondaryLoan[]:::::
2021-12-23 16:06:39.011  INFO chetuiwk0165 --- [nio-8080-exec-6] o.u.s.i.GetProcessPaymentsListImpl       : Letter Confirmation Response: <200 OK,[{"processorName":"admin testuser","payerName":"JUSTIN WEST","address":{"line1":"4543 WEST 6165 SOUTH","city":"SALT LAKE CITY","state":"UT","zip":"84118"},"transactionDate":"2021-12-23","bankName":"","bankAccountEnding":"3445","loanPaymentList":[{"confirmationNumber":"397525","maskedLoanNumber":"1038****","monthlyPayment":1056.74,"additionalPrincipal":0,"additionalEscrow":0,"lateCharge":0,"nsfFee":0,"other":0,"transactionFee":10,"corporateAdvanceFee":0,"loanNumber":1038060,"payerName":"JUSTIN WEST"},{"confirmationNumber":"508077","maskedLoanNumber":"91038****","monthlyPayment":42.87,"additionalPrincipal":0,"additionalEscrow":0,"lateCharge":0,"nsfFee":0,"other":0,"transactionFee":0,"corporateAdvanceFee":0,"loanNumber":91038060,"payerName":"JUSTIN WEST"}],"status":"Success","nameOfException":"","accountType":"C","failedEmailLoanNum":1038060}],{Content-Type=[application/json], Transfer-Encoding=[chunked], Date=[Thu, 23 Dec 2021 10:36:39 GMT], Keep-Alive=[timeout=60], Connection=[keep-alive]}>
