2021-08-06 16:40:03.840  INFO chetuiwk0165 --- [           main] o.u.PhonePayAPIApplication               : Starting PhonePayAPIApplication on chetuiwk0165 with PID 41732 (E:\UtahHousingCorp-MGLD\PhonePayWorkspace_12April\PhonePayBackend\target\classes started by pradeepy in E:\UtahHousingCorp-MGLD\PhonePayWorkspace_12April\PhonePayBackend)
2021-08-06 16:40:03.851  INFO chetuiwk0165 --- [           main] o.u.PhonePayAPIApplication               : No active profile set, falling back to default profiles: default
2021-08-06 16:40:03.876  INFO chetuiwk0165 --- [           main] ationConfigEmbeddedWebApplicationContext : Refreshing org.springframework.boot.context.embedded.AnnotationConfigEmbeddedWebApplicationContext@5542c4ed: startup date [Fri Aug 06 16:40:03 IST 2021]; root of context hierarchy
2021-08-06 16:40:03.990  INFO chetuiwk0165 --- [kground-preinit] o.h.v.i.u.Version                        : HV000001: Hibernate Validator 5.3.5.Final
2021-08-06 16:40:05.214  INFO chetuiwk0165 --- [           main] s.b.c.e.t.TomcatEmbeddedServletContainer : Tomcat initialized with port(s): 8080 (http)
2021-08-06 16:40:05.226  INFO chetuiwk0165 --- [           main] o.a.c.c.StandardService                  : Starting service [Tomcat]
2021-08-06 16:40:05.227  INFO chetuiwk0165 --- [           main] o.a.c.c.StandardEngine                   : Starting Servlet Engine: Apache Tomcat/8.5.16
2021-08-06 16:40:05.334  INFO chetuiwk0165 --- [ost-startStop-1] o.a.c.c.C.[.[.[/]                        : Initializing Spring embedded WebApplicationContext
2021-08-06 16:40:05.334  INFO chetuiwk0165 --- [ost-startStop-1] o.s.w.c.ContextLoader                    : Root WebApplicationContext: initialization completed in 1460 ms
2021-08-06 16:40:05.461  INFO chetuiwk0165 --- [ost-startStop-1] o.s.b.w.s.FilterRegistrationBean         : Mapping filter: 'CORSFilter' to: [/*]
2021-08-06 16:40:05.462  INFO chetuiwk0165 --- [ost-startStop-1] o.s.b.w.s.FilterRegistrationBean         : Mapping filter: 'characterEncodingFilter' to: [/*]
2021-08-06 16:40:05.462  INFO chetuiwk0165 --- [ost-startStop-1] o.s.b.w.s.FilterRegistrationBean         : Mapping filter: 'hiddenHttpMethodFilter' to: [/*]
2021-08-06 16:40:05.462  INFO chetuiwk0165 --- [ost-startStop-1] o.s.b.w.s.FilterRegistrationBean         : Mapping filter: 'httpPutFormContentFilter' to: [/*]
2021-08-06 16:40:05.462  INFO chetuiwk0165 --- [ost-startStop-1] o.s.b.w.s.FilterRegistrationBean         : Mapping filter: 'requestContextFilter' to: [/*]
2021-08-06 16:40:05.463  INFO chetuiwk0165 --- [ost-startStop-1] .s.DelegatingFilterProxyRegistrationBean : Mapping filter: 'springSecurityFilterChain' to: [/*]
2021-08-06 16:40:05.463  INFO chetuiwk0165 --- [ost-startStop-1] o.s.b.w.s.ServletRegistrationBean        : Mapping servlet: 'dispatcherServlet' to [/]
2021-08-06 16:40:06.041  INFO chetuiwk0165 --- [           main] b.a.s.AuthenticationManagerConfiguration : 

Using default security password: a829ee2f-06d3-4225-b3cf-888f4c498435

2021-08-06 16:40:06.139  INFO chetuiwk0165 --- [           main] o.s.s.w.DefaultSecurityFilterChain       : Creating filter chain: org.springframework.security.web.util.matcher.AnyRequestMatcher@1, [org.springframework.security.web.context.request.async.WebAsyncManagerIntegrationFilter@68217d41, org.springframework.security.web.context.SecurityContextPersistenceFilter@118102ee, org.springframework.security.web.header.HeaderWriterFilter@3491e86e, org.springframework.security.web.authentication.logout.LogoutFilter@3874b815, org.springframework.security.web.savedrequest.RequestCacheAwareFilter@771d1ffb, org.springframework.security.web.servletapi.SecurityContextHolderAwareRequestFilter@7e1f584d, org.springframework.security.web.authentication.AnonymousAuthenticationFilter@1ac45389, org.springframework.security.web.session.SessionManagementFilter@2eaef76d, org.springframework.security.web.access.ExceptionTranslationFilter@174e1b69, org.springframework.security.web.access.intercept.FilterSecurityInterceptor@56078cea]
2021-08-06 16:40:06.286  INFO chetuiwk0165 --- [           main] s.w.s.m.m.a.RequestMappingHandlerAdapter : Looking for @ControllerAdvice: org.springframework.boot.context.embedded.AnnotationConfigEmbeddedWebApplicationContext@5542c4ed: startup date [Fri Aug 06 16:40:03 IST 2021]; root of context hierarchy
2021-08-06 16:40:06.348  INFO chetuiwk0165 --- [           main] s.w.s.m.m.a.RequestMappingHandlerMapping : Mapped "{[/bankingInfo],methods=[POST]}" onto public java.lang.Object org.uhc.controller.BankingInfoController.bankingInfoAPI(org.uhc.envelop.request.BankingInfoRequest)
2021-08-06 16:40:06.350  INFO chetuiwk0165 --- [           main] s.w.s.m.m.a.RequestMappingHandlerMapping : Mapped "{[/cancelPayment],methods=[POST]}" onto public java.lang.Object org.uhc.controller.CancelPaymentController.cancelPaymentAPI(org.uhc.envelop.request.CancelPaymentRequest)
2021-08-06 16:40:06.351  INFO chetuiwk0165 --- [           main] s.w.s.m.m.a.RequestMappingHandlerMapping : Mapped "{[/isLoanExistStopFile/{loanNumber}],methods=[POST]}" onto public java.lang.Object org.uhc.controller.CheckStopFileExistanceController.isLoanAccountInStopFileAPI(long)
2021-08-06 16:40:06.352  INFO chetuiwk0165 --- [           main] s.w.s.m.m.a.RequestMappingHandlerMapping : Mapped "{[/getFirstAndLastNamesListForAutocomplete],methods=[POST]}" onto public java.lang.Object org.uhc.controller.GetNamesController.getFirstAndLastNamesListForAutocompleteAPI(org.uhc.envelop.request.GetNamesRequest)
2021-08-06 16:40:06.353  INFO chetuiwk0165 --- [           main] s.w.s.m.m.a.RequestMappingHandlerMapping : Mapped "{[/getFirstNamesForFirstAndLastName],methods=[POST]}" onto public java.lang.Object org.uhc.controller.GetNamesController.getFirstNamesListByFirstAndLastNameAPI(org.uhc.envelop.request.GetNamesRequest)
2021-08-06 16:40:06.353  INFO chetuiwk0165 --- [           main] s.w.s.m.m.a.RequestMappingHandlerMapping : Mapped "{[/getLastNamesForFirstAndLastName],methods=[POST]}" onto public java.lang.Object org.uhc.controller.GetNamesController.getLastNamesListByFirstAndLastNameAPI(org.uhc.envelop.request.GetNamesRequest)
2021-08-06 16:40:06.354  INFO chetuiwk0165 --- [           main] s.w.s.m.m.a.RequestMappingHandlerMapping : Mapped "{[/getFirstNames],methods=[POST]}" onto public java.lang.Object org.uhc.controller.GetNamesController.getFirstNamesListAPI(org.uhc.envelop.request.GetNamesRequest)
2021-08-06 16:40:06.354  INFO chetuiwk0165 --- [           main] s.w.s.m.m.a.RequestMappingHandlerMapping : Mapped "{[/getLastNames],methods=[POST]}" onto public java.lang.Object org.uhc.controller.GetNamesController.getLastNamesListAPI(org.uhc.envelop.request.GetNamesRequest)
2021-08-06 16:40:06.355  INFO chetuiwk0165 --- [           main] s.w.s.m.m.a.RequestMappingHandlerMapping : Mapped "{[/paymentBatch],methods=[POST]}" onto public java.lang.Object org.uhc.controller.GetPaymentBatchController.getPaymentBatchAPI()
2021-08-06 16:40:06.355  INFO chetuiwk0165 --- [           main] s.w.s.m.m.a.RequestMappingHandlerMapping : Mapped "{[/getScheduledPaymentList],methods=[POST]}" onto public java.lang.Object org.uhc.controller.GetScheduledPaymentListController.getScheduledPaymentListAPI()
2021-08-06 16:40:06.356  INFO chetuiwk0165 --- [           main] s.w.s.m.m.a.RequestMappingHandlerMapping : Mapped "{[/getStatisticDetails],methods=[POST]}" onto public java.lang.Object org.uhc.controller.GetStatisticDetailsController.getStatisticDetailsAPI(org.uhc.envelop.request.GetStatisticDetailsRequest)
2021-08-06 16:40:06.358  INFO chetuiwk0165 --- [           main] s.w.s.m.m.a.RequestMappingHandlerMapping : Mapped "{[/paymentAdvice],methods=[POST]}" onto public java.lang.Object org.uhc.controller.PaymentAdviceController.paymentAdviceAPI(org.uhc.envelop.request.PaymentAdviceReq)
2021-08-06 16:40:06.359  INFO chetuiwk0165 --- [           main] s.w.s.m.m.a.RequestMappingHandlerMapping : Mapped "{[/deletProcessAdvicePayment],methods=[POST]}" onto public java.lang.Object org.uhc.controller.PaymentAdviceController.deletProcessAdvicePaymentAPI(org.uhc.envelop.request.DeleteProcessAdvicePaymentReq)
2021-08-06 16:40:06.359  INFO chetuiwk0165 --- [           main] s.w.s.m.m.a.RequestMappingHandlerMapping : Mapped "{[/allPaymentAdvice],methods=[POST]}" onto public java.lang.Object org.uhc.controller.PaymentAdviceController.allPaymentAdviceAPI()
2021-08-06 16:40:06.359  INFO chetuiwk0165 --- [           main] s.w.s.m.m.a.RequestMappingHandlerMapping : Mapped "{[/updatePaymentAdvice],methods=[POST]}" onto public java.lang.Object org.uhc.controller.PaymentAdviceController.updatePaymentAdviceAPI(org.uhc.envelop.request.UpdatePaymentAdviceReq)
2021-08-06 16:40:06.360  INFO chetuiwk0165 --- [           main] s.w.s.m.m.a.RequestMappingHandlerMapping : Mapped "{[/updatePaymentAdviceType],methods=[POST]}" onto public java.lang.Object org.uhc.controller.PaymentAdviceController.updatePaymentAdviceTypeAPI(org.uhc.envelop.request.UpdatePaymentAdviceTypeReq)
2021-08-06 16:40:06.360  INFO chetuiwk0165 --- [           main] s.w.s.m.m.a.RequestMappingHandlerMapping : Mapped "{[/getPaymentsInProcess],methods=[POST]}" onto public java.lang.Object org.uhc.controller.PaymentsInProcessController.getPaymentsInProcessAPI()
2021-08-06 16:40:06.360  INFO chetuiwk0165 --- [           main] s.w.s.m.m.a.RequestMappingHandlerMapping : Mapped "{[/phonepayCheck/{loanNumber}],methods=[POST]}" onto public java.lang.Object org.uhc.controller.PhonepayCheckController.phonepayCheckAPI(long)
2021-08-06 16:40:06.362  INFO chetuiwk0165 --- [           main] s.w.s.m.m.a.RequestMappingHandlerMapping : Mapped "{[/getProcessPaymentsLetterNotificationList],methods=[POST]}" onto public java.lang.Object org.uhc.controller.ProcessPaymnetsController.getProcessPaymentsLetterNotificationListAPI(org.uhc.envelop.request.ProcessPaymentPrintLetterReq)
2021-08-06 16:40:06.362  INFO chetuiwk0165 --- [           main] s.w.s.m.m.a.RequestMappingHandlerMapping : Mapped "{[/getProcessPaymentsNotificationList],methods=[POST]}" onto public java.lang.Object org.uhc.controller.ProcessPaymnetsController.getProcessPaymentsNotificationListAPI(org.uhc.envelop.request.ProcessPaymentSendEmailReq)
2021-08-06 16:40:06.362  INFO chetuiwk0165 --- [           main] s.w.s.m.m.a.RequestMappingHandlerMapping : Mapped "{[/getProcessPaymentsList],methods=[POST]}" onto public java.lang.Object org.uhc.controller.ProcessPaymnetsController.getProcessPaymentsListAPI()
2021-08-06 16:40:06.363  INFO chetuiwk0165 --- [           main] s.w.s.m.m.a.RequestMappingHandlerMapping : Mapped "{[/getResearchPaymentDetails],methods=[POST]}" onto public java.lang.Object org.uhc.controller.ResearchPaymentController.getResearchPaymentInfoAPI(org.uhc.envelop.request.GetResearchPaymentRequest)
2021-08-06 16:40:06.363  INFO chetuiwk0165 --- [           main] s.w.s.m.m.a.RequestMappingHandlerMapping : Mapped "{[/researchPayment],methods=[POST]}" onto public java.lang.Object org.uhc.controller.ResearchPaymentController.researchPaymentInfoAPI(org.uhc.envelop.request.ResearchPaymentRequest)
2021-08-06 16:40:06.363  INFO chetuiwk0165 --- [           main] s.w.s.m.m.a.RequestMappingHandlerMapping : Mapped "{[/scheduleCheckPayment],methods=[POST]}" onto public java.lang.Object org.uhc.controller.ScheduledCheckPaymentController.scheduleCheckPaymentAPI(org.uhc.envelop.request.CheckPaymentRequest) throws java.lang.Exception
2021-08-06 16:40:06.364  INFO chetuiwk0165 --- [           main] s.w.s.m.m.a.RequestMappingHandlerMapping : Mapped "{[/validateUser],methods=[POST]}" onto public java.lang.Object org.uhc.controller.ValidateUserController.validateUserAPI(org.uhc.envelop.request.ValidateUserRequest)
2021-08-06 16:40:06.365  INFO chetuiwk0165 --- [           main] s.w.s.m.m.a.RequestMappingHandlerMapping : Mapped "{[/error]}" onto public org.springframework.http.ResponseEntity<java.util.Map<java.lang.String, java.lang.Object>> org.springframework.boot.autoconfigure.web.BasicErrorController.error(javax.servlet.http.HttpServletRequest)
2021-08-06 16:40:06.365  INFO chetuiwk0165 --- [           main] s.w.s.m.m.a.RequestMappingHandlerMapping : Mapped "{[/error],produces=[text/html]}" onto public org.springframework.web.servlet.ModelAndView org.springframework.boot.autoconfigure.web.BasicErrorController.errorHtml(javax.servlet.http.HttpServletRequest,javax.servlet.http.HttpServletResponse)
2021-08-06 16:40:06.382  INFO chetuiwk0165 --- [           main] o.s.w.s.h.SimpleUrlHandlerMapping        : Mapped URL path [/webjars/**] onto handler of type [class org.springframework.web.servlet.resource.ResourceHttpRequestHandler]
2021-08-06 16:40:06.383  INFO chetuiwk0165 --- [           main] o.s.w.s.h.SimpleUrlHandlerMapping        : Mapped URL path [/**] onto handler of type [class org.springframework.web.servlet.resource.ResourceHttpRequestHandler]
2021-08-06 16:40:06.408  INFO chetuiwk0165 --- [           main] o.s.w.s.h.SimpleUrlHandlerMapping        : Mapped URL path [/**/favicon.ico] onto handler of type [class org.springframework.web.servlet.resource.ResourceHttpRequestHandler]
2021-08-06 16:40:06.522  INFO chetuiwk0165 --- [           main] o.s.j.e.a.AnnotationMBeanExporter        : Registering beans for JMX exposure on startup
2021-08-06 16:40:06.540  INFO chetuiwk0165 --- [           main] o.a.c.h.Http11NioProtocol                : Initializing ProtocolHandler ["http-nio-8080"]
2021-08-06 16:40:06.552  INFO chetuiwk0165 --- [           main] o.a.c.h.Http11NioProtocol                : Starting ProtocolHandler ["http-nio-8080"]
2021-08-06 16:40:06.579  INFO chetuiwk0165 --- [           main] o.a.t.u.n.NioSelectorPool                : Using a shared selector for servlet write/read
2021-08-06 16:40:06.647  INFO chetuiwk0165 --- [           main] s.b.c.e.t.TomcatEmbeddedServletContainer : Tomcat started on port(s): 8080 (http)
2021-08-06 16:40:06.650  INFO chetuiwk0165 --- [           main] o.u.PhonePayAPIApplication               : Started PhonePayAPIApplication in 2.956 seconds (JVM running for 3.484)
