2021-09-10 14:07:44.354  INFO chetuiwk0165 --- [           main] o.u.PhonePayAPIApplication               : Starting PhonePayAPIApplication on chetuiwk0165 with PID 21464 (E:\UtahHousingCorp-MGLD\PhonePayWorkspace_12April\PhonePayBackend\target\classes started by pradeepy in E:\UtahHousingCorp-MGLD\PhonePayWorkspace_12April\PhonePayBackend)
2021-09-10 14:07:44.365  INFO chetuiwk0165 --- [           main] o.u.PhonePayAPIApplication               : No active profile set, falling back to default profiles: default
2021-09-10 14:07:44.398  INFO chetuiwk0165 --- [           main] ationConfigEmbeddedWebApplicationContext : Refreshing org.springframework.boot.context.embedded.AnnotationConfigEmbeddedWebApplicationContext@5542c4ed: startup date [Fri Sep 10 14:07:44 IST 2021]; root of context hierarchy
2021-09-10 14:07:44.561  INFO chetuiwk0165 --- [kground-preinit] o.h.v.i.u.Version                        : HV000001: Hibernate Validator 5.3.5.Final
2021-09-10 14:07:45.815  INFO chetuiwk0165 --- [           main] s.b.c.e.t.TomcatEmbeddedServletContainer : Tomcat initialized with port(s): 8080 (http)
2021-09-10 14:07:45.828  INFO chetuiwk0165 --- [           main] o.a.c.c.StandardService                  : Starting service [Tomcat]
2021-09-10 14:07:45.829  INFO chetuiwk0165 --- [           main] o.a.c.c.StandardEngine                   : Starting Servlet Engine: Apache Tomcat/8.5.16
2021-09-10 14:07:45.938  INFO chetuiwk0165 --- [ost-startStop-1] o.a.c.c.C.[.[.[/]                        : Initializing Spring embedded WebApplicationContext
2021-09-10 14:07:45.939  INFO chetuiwk0165 --- [ost-startStop-1] o.s.w.c.ContextLoader                    : Root WebApplicationContext: initialization completed in 1542 ms
2021-09-10 14:07:46.047  INFO chetuiwk0165 --- [ost-startStop-1] o.s.b.w.s.FilterRegistrationBean         : Mapping filter: 'CORSFilter' to: [/*]
2021-09-10 14:07:46.047  INFO chetuiwk0165 --- [ost-startStop-1] o.s.b.w.s.FilterRegistrationBean         : Mapping filter: 'characterEncodingFilter' to: [/*]
2021-09-10 14:07:46.047  INFO chetuiwk0165 --- [ost-startStop-1] o.s.b.w.s.FilterRegistrationBean         : Mapping filter: 'hiddenHttpMethodFilter' to: [/*]
2021-09-10 14:07:46.047  INFO chetuiwk0165 --- [ost-startStop-1] o.s.b.w.s.FilterRegistrationBean         : Mapping filter: 'httpPutFormContentFilter' to: [/*]
2021-09-10 14:07:46.047  INFO chetuiwk0165 --- [ost-startStop-1] o.s.b.w.s.FilterRegistrationBean         : Mapping filter: 'requestContextFilter' to: [/*]
2021-09-10 14:07:46.048  INFO chetuiwk0165 --- [ost-startStop-1] .s.DelegatingFilterProxyRegistrationBean : Mapping filter: 'springSecurityFilterChain' to: [/*]
2021-09-10 14:07:46.048  INFO chetuiwk0165 --- [ost-startStop-1] o.s.b.w.s.ServletRegistrationBean        : Mapping servlet: 'dispatcherServlet' to [/]
2021-09-10 14:07:46.435  INFO chetuiwk0165 --- [           main] b.a.s.AuthenticationManagerConfiguration : 

Using default security password: 68dad3e7-b82f-4d0d-9ddd-e6a7749b9f4a

2021-09-10 14:07:46.535  INFO chetuiwk0165 --- [           main] o.s.s.w.DefaultSecurityFilterChain       : Creating filter chain: org.springframework.security.web.util.matcher.AnyRequestMatcher@1, [org.springframework.security.web.context.request.async.WebAsyncManagerIntegrationFilter@3e5d4f6b, org.springframework.security.web.context.SecurityContextPersistenceFilter@771d1ffb, org.springframework.security.web.header.HeaderWriterFilter@409986fe, org.springframework.security.web.authentication.logout.LogoutFilter@736048ed, org.springframework.security.web.savedrequest.RequestCacheAwareFilter@56681eaf, org.springframework.security.web.servletapi.SecurityContextHolderAwareRequestFilter@45d64d27, org.springframework.security.web.authentication.AnonymousAuthenticationFilter@39c1fe0b, org.springframework.security.web.session.SessionManagementFilter@34819867, org.springframework.security.web.access.ExceptionTranslationFilter@243f003c, org.springframework.security.web.access.intercept.FilterSecurityInterceptor@36fcf6c0]
2021-09-10 14:07:46.702  INFO chetuiwk0165 --- [           main] s.w.s.m.m.a.RequestMappingHandlerAdapter : Looking for @ControllerAdvice: org.springframework.boot.context.embedded.AnnotationConfigEmbeddedWebApplicationContext@5542c4ed: startup date [Fri Sep 10 14:07:44 IST 2021]; root of context hierarchy
2021-09-10 14:07:46.758  INFO chetuiwk0165 --- [           main] s.w.s.m.m.a.RequestMappingHandlerMapping : Mapped "{[/bankingInfo],methods=[POST]}" onto public java.lang.Object org.uhc.controller.BankingInfoController.bankingInfoAPI(org.uhc.envelop.request.BankingInfoRequest)
2021-09-10 14:07:46.760  INFO chetuiwk0165 --- [           main] s.w.s.m.m.a.RequestMappingHandlerMapping : Mapped "{[/cancelPayment],methods=[POST]}" onto public java.lang.Object org.uhc.controller.CancelPaymentController.cancelPaymentAPI(org.uhc.envelop.request.CancelPaymentRequest)
2021-09-10 14:07:46.760  INFO chetuiwk0165 --- [           main] s.w.s.m.m.a.RequestMappingHandlerMapping : Mapped "{[/isLoanExistStopFile/{loanNumber}],methods=[POST]}" onto public java.lang.Object org.uhc.controller.CheckStopFileExistanceController.isLoanAccountInStopFileAPI(long)
2021-09-10 14:07:46.761  INFO chetuiwk0165 --- [           main] s.w.s.m.m.a.RequestMappingHandlerMapping : Mapped "{[/getLastNamesForFirstAndLastName],methods=[POST]}" onto public java.lang.Object org.uhc.controller.GetNamesController.getLastNamesListByFirstAndLastNameAPI(org.uhc.envelop.request.GetNamesRequest)
2021-09-10 14:07:46.762  INFO chetuiwk0165 --- [           main] s.w.s.m.m.a.RequestMappingHandlerMapping : Mapped "{[/getFirstNamesForFirstAndLastName],methods=[POST]}" onto public java.lang.Object org.uhc.controller.GetNamesController.getFirstNamesListByFirstAndLastNameAPI(org.uhc.envelop.request.GetNamesRequest)
2021-09-10 14:07:46.762  INFO chetuiwk0165 --- [           main] s.w.s.m.m.a.RequestMappingHandlerMapping : Mapped "{[/getFirstAndLastNamesListForAutocomplete],methods=[POST]}" onto public java.lang.Object org.uhc.controller.GetNamesController.getFirstAndLastNamesListForAutocompleteAPI(org.uhc.envelop.request.GetNamesRequest)
2021-09-10 14:07:46.762  INFO chetuiwk0165 --- [           main] s.w.s.m.m.a.RequestMappingHandlerMapping : Mapped "{[/getFirstNames],methods=[POST]}" onto public java.lang.Object org.uhc.controller.GetNamesController.getFirstNamesListAPI(org.uhc.envelop.request.GetNamesRequest)
2021-09-10 14:07:46.762  INFO chetuiwk0165 --- [           main] s.w.s.m.m.a.RequestMappingHandlerMapping : Mapped "{[/getLastNames],methods=[POST]}" onto public java.lang.Object org.uhc.controller.GetNamesController.getLastNamesListAPI(org.uhc.envelop.request.GetNamesRequest)
2021-09-10 14:07:46.763  INFO chetuiwk0165 --- [           main] s.w.s.m.m.a.RequestMappingHandlerMapping : Mapped "{[/paymentBatch],methods=[POST]}" onto public java.lang.Object org.uhc.controller.GetPaymentBatchController.getPaymentBatchAPI()
2021-09-10 14:07:46.763  INFO chetuiwk0165 --- [           main] s.w.s.m.m.a.RequestMappingHandlerMapping : Mapped "{[/getScheduledPaymentList],methods=[POST]}" onto public java.lang.Object org.uhc.controller.GetScheduledPaymentListController.getScheduledPaymentListAPI()
2021-09-10 14:07:46.763  INFO chetuiwk0165 --- [           main] s.w.s.m.m.a.RequestMappingHandlerMapping : Mapped "{[/getStatisticDetails],methods=[POST]}" onto public java.lang.Object org.uhc.controller.GetStatisticDetailsController.getStatisticDetailsAPI(org.uhc.envelop.request.GetStatisticDetailsRequest)
2021-09-10 14:07:46.765  INFO chetuiwk0165 --- [           main] s.w.s.m.m.a.RequestMappingHandlerMapping : Mapped "{[/updatePaymentAdvice],methods=[POST]}" onto public java.lang.Object org.uhc.controller.PaymentAdviceController.updatePaymentAdviceAPI(org.uhc.envelop.request.UpdatePaymentAdviceReq)
2021-09-10 14:07:46.765  INFO chetuiwk0165 --- [           main] s.w.s.m.m.a.RequestMappingHandlerMapping : Mapped "{[/deletProcessAdvicePayment],methods=[POST]}" onto public java.lang.Object org.uhc.controller.PaymentAdviceController.deletProcessAdvicePaymentAPI(org.uhc.envelop.request.DeleteProcessAdvicePaymentReq)
2021-09-10 14:07:46.766  INFO chetuiwk0165 --- [           main] s.w.s.m.m.a.RequestMappingHandlerMapping : Mapped "{[/updatePaymentAdviceType],methods=[POST]}" onto public java.lang.Object org.uhc.controller.PaymentAdviceController.updatePaymentAdviceTypeAPI(org.uhc.envelop.request.UpdatePaymentAdviceTypeReq)
2021-09-10 14:07:46.766  INFO chetuiwk0165 --- [           main] s.w.s.m.m.a.RequestMappingHandlerMapping : Mapped "{[/allPaymentAdvice],methods=[POST]}" onto public java.lang.Object org.uhc.controller.PaymentAdviceController.allPaymentAdviceAPI()
2021-09-10 14:07:46.766  INFO chetuiwk0165 --- [           main] s.w.s.m.m.a.RequestMappingHandlerMapping : Mapped "{[/paymentAdvice],methods=[POST]}" onto public java.lang.Object org.uhc.controller.PaymentAdviceController.paymentAdviceAPI(org.uhc.envelop.request.PaymentAdviceReq)
2021-09-10 14:07:46.767  INFO chetuiwk0165 --- [           main] s.w.s.m.m.a.RequestMappingHandlerMapping : Mapped "{[/getPaymentsInProcess],methods=[POST]}" onto public java.lang.Object org.uhc.controller.PaymentsInProcessController.getPaymentsInProcessAPI()
2021-09-10 14:07:46.767  INFO chetuiwk0165 --- [           main] s.w.s.m.m.a.RequestMappingHandlerMapping : Mapped "{[/phonepayCheck/{loanNumber}],methods=[POST]}" onto public java.lang.Object org.uhc.controller.PhonepayCheckController.phonepayCheckAPI(long)
2021-09-10 14:07:46.771  INFO chetuiwk0165 --- [           main] s.w.s.m.m.a.RequestMappingHandlerMapping : Mapped "{[/getProcessPaymentsNotificationList],methods=[POST]}" onto public java.lang.Object org.uhc.controller.ProcessPaymnetsController.getProcessPaymentsNotificationListAPI(org.uhc.envelop.request.ProcessPaymentSendEmailReq)
2021-09-10 14:07:46.772  INFO chetuiwk0165 --- [           main] s.w.s.m.m.a.RequestMappingHandlerMapping : Mapped "{[/getProcessPaymentsLetterNotificationList],methods=[POST]}" onto public java.lang.Object org.uhc.controller.ProcessPaymnetsController.getProcessPaymentsLetterNotificationListAPI(org.uhc.envelop.request.ProcessPaymentPrintLetterReq)
2021-09-10 14:07:46.772  INFO chetuiwk0165 --- [           main] s.w.s.m.m.a.RequestMappingHandlerMapping : Mapped "{[/getProcessPaymentsList],methods=[POST]}" onto public java.lang.Object org.uhc.controller.ProcessPaymnetsController.getProcessPaymentsListAPI()
2021-09-10 14:07:46.772  INFO chetuiwk0165 --- [           main] s.w.s.m.m.a.RequestMappingHandlerMapping : Mapped "{[/getResearchPaymentDetails],methods=[POST]}" onto public java.lang.Object org.uhc.controller.ResearchPaymentController.getResearchPaymentInfoAPI(org.uhc.envelop.request.GetResearchPaymentRequest)
2021-09-10 14:07:46.773  INFO chetuiwk0165 --- [           main] s.w.s.m.m.a.RequestMappingHandlerMapping : Mapped "{[/researchPayment],methods=[POST]}" onto public java.lang.Object org.uhc.controller.ResearchPaymentController.researchPaymentInfoAPI(org.uhc.envelop.request.ResearchPaymentRequest)
2021-09-10 14:07:46.773  INFO chetuiwk0165 --- [           main] s.w.s.m.m.a.RequestMappingHandlerMapping : Mapped "{[/scheduleCheckPayment],methods=[POST]}" onto public java.lang.Object org.uhc.controller.ScheduledCheckPaymentController.scheduleCheckPaymentAPI(org.uhc.envelop.request.CheckPaymentRequest) throws java.lang.Exception
2021-09-10 14:07:46.774  INFO chetuiwk0165 --- [           main] s.w.s.m.m.a.RequestMappingHandlerMapping : Mapped "{[/validateUser],methods=[POST]}" onto public java.lang.Object org.uhc.controller.ValidateUserController.validateUserAPI(org.uhc.envelop.request.ValidateUserRequest)
2021-09-10 14:07:46.775  INFO chetuiwk0165 --- [           main] s.w.s.m.m.a.RequestMappingHandlerMapping : Mapped "{[/error]}" onto public org.springframework.http.ResponseEntity<java.util.Map<java.lang.String, java.lang.Object>> org.springframework.boot.autoconfigure.web.BasicErrorController.error(javax.servlet.http.HttpServletRequest)
2021-09-10 14:07:46.775  INFO chetuiwk0165 --- [           main] s.w.s.m.m.a.RequestMappingHandlerMapping : Mapped "{[/error],produces=[text/html]}" onto public org.springframework.web.servlet.ModelAndView org.springframework.boot.autoconfigure.web.BasicErrorController.errorHtml(javax.servlet.http.HttpServletRequest,javax.servlet.http.HttpServletResponse)
2021-09-10 14:07:46.790  INFO chetuiwk0165 --- [           main] o.s.w.s.h.SimpleUrlHandlerMapping        : Mapped URL path [/webjars/**] onto handler of type [class org.springframework.web.servlet.resource.ResourceHttpRequestHandler]
2021-09-10 14:07:46.791  INFO chetuiwk0165 --- [           main] o.s.w.s.h.SimpleUrlHandlerMapping        : Mapped URL path [/**] onto handler of type [class org.springframework.web.servlet.resource.ResourceHttpRequestHandler]
2021-09-10 14:07:46.812  INFO chetuiwk0165 --- [           main] o.s.w.s.h.SimpleUrlHandlerMapping        : Mapped URL path [/**/favicon.ico] onto handler of type [class org.springframework.web.servlet.resource.ResourceHttpRequestHandler]
2021-09-10 14:07:46.895  INFO chetuiwk0165 --- [           main] o.s.j.e.a.AnnotationMBeanExporter        : Registering beans for JMX exposure on startup
2021-09-10 14:07:46.904  INFO chetuiwk0165 --- [           main] o.a.c.h.Http11NioProtocol                : Initializing ProtocolHandler ["http-nio-8080"]
2021-09-10 14:07:46.912  INFO chetuiwk0165 --- [           main] o.a.c.h.Http11NioProtocol                : Starting ProtocolHandler ["http-nio-8080"]
2021-09-10 14:07:46.929  INFO chetuiwk0165 --- [           main] o.a.t.u.n.NioSelectorPool                : Using a shared selector for servlet write/read
2021-09-10 14:07:46.983  INFO chetuiwk0165 --- [           main] s.b.c.e.t.TomcatEmbeddedServletContainer : Tomcat started on port(s): 8080 (http)
2021-09-10 14:07:46.985  INFO chetuiwk0165 --- [           main] o.u.PhonePayAPIApplication               : Started PhonePayAPIApplication in 2.816 seconds (JVM running for 3.474)
2021-09-10 17:18:49.320  INFO chetuiwk0165 --- [           main] o.u.PhonePayAPIApplication               : Starting PhonePayAPIApplication on chetuiwk0165 with PID 21136 (E:\UtahHousingCorp-MGLD\PhonePayWorkspace_12April\PhonePayBackend\target\classes started by pradeepy in E:\UtahHousingCorp-MGLD\PhonePayWorkspace_12April\PhonePayBackend)
2021-09-10 17:18:49.324  INFO chetuiwk0165 --- [           main] o.u.PhonePayAPIApplication               : No active profile set, falling back to default profiles: default
2021-09-10 17:18:49.368  INFO chetuiwk0165 --- [           main] ationConfigEmbeddedWebApplicationContext : Refreshing org.springframework.boot.context.embedded.AnnotationConfigEmbeddedWebApplicationContext@3a0d172f: startup date [Fri Sep 10 17:18:49 IST 2021]; root of context hierarchy
2021-09-10 17:18:49.546  INFO chetuiwk0165 --- [kground-preinit] o.h.v.i.u.Version                        : HV000001: Hibernate Validator 5.3.5.Final
2021-09-10 17:18:50.941  INFO chetuiwk0165 --- [           main] s.b.c.e.t.TomcatEmbeddedServletContainer : Tomcat initialized with port(s): 8080 (http)
2021-09-10 17:18:50.956  INFO chetuiwk0165 --- [           main] o.a.c.c.StandardService                  : Starting service [Tomcat]
2021-09-10 17:18:50.958  INFO chetuiwk0165 --- [           main] o.a.c.c.StandardEngine                   : Starting Servlet Engine: Apache Tomcat/8.5.16
2021-09-10 17:18:51.075  INFO chetuiwk0165 --- [ost-startStop-1] o.a.c.c.C.[.[.[/]                        : Initializing Spring embedded WebApplicationContext
2021-09-10 17:18:51.076  INFO chetuiwk0165 --- [ost-startStop-1] o.s.w.c.ContextLoader                    : Root WebApplicationContext: initialization completed in 1711 ms
2021-09-10 17:18:51.244  INFO chetuiwk0165 --- [ost-startStop-1] o.s.b.w.s.FilterRegistrationBean         : Mapping filter: 'CORSFilter' to: [/*]
2021-09-10 17:18:51.245  INFO chetuiwk0165 --- [ost-startStop-1] o.s.b.w.s.FilterRegistrationBean         : Mapping filter: 'characterEncodingFilter' to: [/*]
2021-09-10 17:18:51.245  INFO chetuiwk0165 --- [ost-startStop-1] o.s.b.w.s.FilterRegistrationBean         : Mapping filter: 'hiddenHttpMethodFilter' to: [/*]
2021-09-10 17:18:51.245  INFO chetuiwk0165 --- [ost-startStop-1] o.s.b.w.s.FilterRegistrationBean         : Mapping filter: 'httpPutFormContentFilter' to: [/*]
2021-09-10 17:18:51.245  INFO chetuiwk0165 --- [ost-startStop-1] o.s.b.w.s.FilterRegistrationBean         : Mapping filter: 'requestContextFilter' to: [/*]
2021-09-10 17:18:51.247  INFO chetuiwk0165 --- [ost-startStop-1] .s.DelegatingFilterProxyRegistrationBean : Mapping filter: 'springSecurityFilterChain' to: [/*]
2021-09-10 17:18:51.247  INFO chetuiwk0165 --- [ost-startStop-1] o.s.b.w.s.ServletRegistrationBean        : Mapping servlet: 'dispatcherServlet' to [/]
2021-09-10 17:18:51.763  INFO chetuiwk0165 --- [           main] b.a.s.AuthenticationManagerConfiguration : 

Using default security password: 27721fd8-dcbc-47ab-bdd5-0cb935d306d7

2021-09-10 17:18:51.890  INFO chetuiwk0165 --- [           main] o.s.s.w.DefaultSecurityFilterChain       : Creating filter chain: org.springframework.security.web.util.matcher.AnyRequestMatcher@1, [org.springframework.security.web.context.request.async.WebAsyncManagerIntegrationFilter@b791a81, org.springframework.security.web.context.SecurityContextPersistenceFilter@545b5ed0, org.springframework.security.web.header.HeaderWriterFilter@46fb0c33, org.springframework.security.web.authentication.logout.LogoutFilter@d13baac, org.springframework.security.web.savedrequest.RequestCacheAwareFilter@667dcaad, org.springframework.security.web.servletapi.SecurityContextHolderAwareRequestFilter@834e986, org.springframework.security.web.authentication.AnonymousAuthenticationFilter@4391a2d8, org.springframework.security.web.session.SessionManagementFilter@996a546, org.springframework.security.web.access.ExceptionTranslationFilter@61bb1e4d, org.springframework.security.web.access.intercept.FilterSecurityInterceptor@7a1b8a46]
2021-09-10 17:18:52.076  INFO chetuiwk0165 --- [           main] s.w.s.m.m.a.RequestMappingHandlerAdapter : Looking for @ControllerAdvice: org.springframework.boot.context.embedded.AnnotationConfigEmbeddedWebApplicationContext@3a0d172f: startup date [Fri Sep 10 17:18:49 IST 2021]; root of context hierarchy
2021-09-10 17:18:52.213  INFO chetuiwk0165 --- [           main] s.w.s.m.m.a.RequestMappingHandlerMapping : Mapped "{[/bankingInfo],methods=[POST]}" onto public java.lang.Object org.uhc.controller.BankingInfoController.bankingInfoAPI(org.uhc.envelop.request.BankingInfoRequest)
2021-09-10 17:18:52.215  INFO chetuiwk0165 --- [           main] s.w.s.m.m.a.RequestMappingHandlerMapping : Mapped "{[/cancelPayment],methods=[POST]}" onto public java.lang.Object org.uhc.controller.CancelPaymentController.cancelPaymentAPI(org.uhc.envelop.request.CancelPaymentRequest)
2021-09-10 17:18:52.215  INFO chetuiwk0165 --- [           main] s.w.s.m.m.a.RequestMappingHandlerMapping : Mapped "{[/isLoanExistStopFile/{loanNumber}],methods=[POST]}" onto public java.lang.Object org.uhc.controller.CheckStopFileExistanceController.isLoanAccountInStopFileAPI(long)
2021-09-10 17:18:52.216  INFO chetuiwk0165 --- [           main] s.w.s.m.m.a.RequestMappingHandlerMapping : Mapped "{[/getLastNames],methods=[POST]}" onto public java.lang.Object org.uhc.controller.GetNamesController.getLastNamesListAPI(org.uhc.envelop.request.GetNamesRequest)
2021-09-10 17:18:52.216  INFO chetuiwk0165 --- [           main] s.w.s.m.m.a.RequestMappingHandlerMapping : Mapped "{[/getFirstNames],methods=[POST]}" onto public java.lang.Object org.uhc.controller.GetNamesController.getFirstNamesListAPI(org.uhc.envelop.request.GetNamesRequest)
2021-09-10 17:18:52.217  INFO chetuiwk0165 --- [           main] s.w.s.m.m.a.RequestMappingHandlerMapping : Mapped "{[/getLastNamesForFirstAndLastName],methods=[POST]}" onto public java.lang.Object org.uhc.controller.GetNamesController.getLastNamesListByFirstAndLastNameAPI(org.uhc.envelop.request.GetNamesRequest)
2021-09-10 17:18:52.217  INFO chetuiwk0165 --- [           main] s.w.s.m.m.a.RequestMappingHandlerMapping : Mapped "{[/getFirstAndLastNamesListForAutocomplete],methods=[POST]}" onto public java.lang.Object org.uhc.controller.GetNamesController.getFirstAndLastNamesListForAutocompleteAPI(org.uhc.envelop.request.GetNamesRequest)
2021-09-10 17:18:52.217  INFO chetuiwk0165 --- [           main] s.w.s.m.m.a.RequestMappingHandlerMapping : Mapped "{[/getFirstNamesForFirstAndLastName],methods=[POST]}" onto public java.lang.Object org.uhc.controller.GetNamesController.getFirstNamesListByFirstAndLastNameAPI(org.uhc.envelop.request.GetNamesRequest)
2021-09-10 17:18:52.218  INFO chetuiwk0165 --- [           main] s.w.s.m.m.a.RequestMappingHandlerMapping : Mapped "{[/paymentBatch],methods=[POST]}" onto public java.lang.Object org.uhc.controller.GetPaymentBatchController.getPaymentBatchAPI()
2021-09-10 17:18:52.218  INFO chetuiwk0165 --- [           main] s.w.s.m.m.a.RequestMappingHandlerMapping : Mapped "{[/getScheduledPaymentList],methods=[POST]}" onto public java.lang.Object org.uhc.controller.GetScheduledPaymentListController.getScheduledPaymentListAPI()
2021-09-10 17:18:52.219  INFO chetuiwk0165 --- [           main] s.w.s.m.m.a.RequestMappingHandlerMapping : Mapped "{[/getStatisticDetails],methods=[POST]}" onto public java.lang.Object org.uhc.controller.GetStatisticDetailsController.getStatisticDetailsAPI(org.uhc.envelop.request.GetStatisticDetailsRequest)
2021-09-10 17:18:52.221  INFO chetuiwk0165 --- [           main] s.w.s.m.m.a.RequestMappingHandlerMapping : Mapped "{[/deletProcessAdvicePayment],methods=[POST]}" onto public java.lang.Object org.uhc.controller.PaymentAdviceController.deletProcessAdvicePaymentAPI(org.uhc.envelop.request.DeleteProcessAdvicePaymentReq)
2021-09-10 17:18:52.221  INFO chetuiwk0165 --- [           main] s.w.s.m.m.a.RequestMappingHandlerMapping : Mapped "{[/updatePaymentAdvice],methods=[POST]}" onto public java.lang.Object org.uhc.controller.PaymentAdviceController.updatePaymentAdviceAPI(org.uhc.envelop.request.UpdatePaymentAdviceReq)
2021-09-10 17:18:52.222  INFO chetuiwk0165 --- [           main] s.w.s.m.m.a.RequestMappingHandlerMapping : Mapped "{[/allPaymentAdvice],methods=[POST]}" onto public java.lang.Object org.uhc.controller.PaymentAdviceController.allPaymentAdviceAPI()
2021-09-10 17:18:52.222  INFO chetuiwk0165 --- [           main] s.w.s.m.m.a.RequestMappingHandlerMapping : Mapped "{[/updatePaymentAdviceType],methods=[POST]}" onto public java.lang.Object org.uhc.controller.PaymentAdviceController.updatePaymentAdviceTypeAPI(org.uhc.envelop.request.UpdatePaymentAdviceTypeReq)
2021-09-10 17:18:52.222  INFO chetuiwk0165 --- [           main] s.w.s.m.m.a.RequestMappingHandlerMapping : Mapped "{[/paymentAdvice],methods=[POST]}" onto public java.lang.Object org.uhc.controller.PaymentAdviceController.paymentAdviceAPI(org.uhc.envelop.request.PaymentAdviceReq)
2021-09-10 17:18:52.223  INFO chetuiwk0165 --- [           main] s.w.s.m.m.a.RequestMappingHandlerMapping : Mapped "{[/getPaymentsInProcess],methods=[POST]}" onto public java.lang.Object org.uhc.controller.PaymentsInProcessController.getPaymentsInProcessAPI()
2021-09-10 17:18:52.223  INFO chetuiwk0165 --- [           main] s.w.s.m.m.a.RequestMappingHandlerMapping : Mapped "{[/phonepayCheck/{loanNumber}],methods=[POST]}" onto public java.lang.Object org.uhc.controller.PhonepayCheckController.phonepayCheckAPI(long)
2021-09-10 17:18:52.224  INFO chetuiwk0165 --- [           main] s.w.s.m.m.a.RequestMappingHandlerMapping : Mapped "{[/getProcessPaymentsList],methods=[POST]}" onto public java.lang.Object org.uhc.controller.ProcessPaymnetsController.getProcessPaymentsListAPI()
2021-09-10 17:18:52.225  INFO chetuiwk0165 --- [           main] s.w.s.m.m.a.RequestMappingHandlerMapping : Mapped "{[/getProcessPaymentsNotificationList],methods=[POST]}" onto public java.lang.Object org.uhc.controller.ProcessPaymnetsController.getProcessPaymentsNotificationListAPI(org.uhc.envelop.request.ProcessPaymentSendEmailReq)
2021-09-10 17:18:52.225  INFO chetuiwk0165 --- [           main] s.w.s.m.m.a.RequestMappingHandlerMapping : Mapped "{[/getProcessPaymentsLetterNotificationList],methods=[POST]}" onto public java.lang.Object org.uhc.controller.ProcessPaymnetsController.getProcessPaymentsLetterNotificationListAPI(org.uhc.envelop.request.ProcessPaymentPrintLetterReq)
2021-09-10 17:18:52.225  INFO chetuiwk0165 --- [           main] s.w.s.m.m.a.RequestMappingHandlerMapping : Mapped "{[/getResearchPaymentDetails],methods=[POST]}" onto public java.lang.Object org.uhc.controller.ResearchPaymentController.getResearchPaymentInfoAPI(org.uhc.envelop.request.GetResearchPaymentRequest)
2021-09-10 17:18:52.226  INFO chetuiwk0165 --- [           main] s.w.s.m.m.a.RequestMappingHandlerMapping : Mapped "{[/researchPayment],methods=[POST]}" onto public java.lang.Object org.uhc.controller.ResearchPaymentController.researchPaymentInfoAPI(org.uhc.envelop.request.ResearchPaymentRequest)
2021-09-10 17:18:52.226  INFO chetuiwk0165 --- [           main] s.w.s.m.m.a.RequestMappingHandlerMapping : Mapped "{[/scheduleCheckPayment],methods=[POST]}" onto public java.lang.Object org.uhc.controller.ScheduledCheckPaymentController.scheduleCheckPaymentAPI(org.uhc.envelop.request.CheckPaymentRequest) throws java.lang.Exception
2021-09-10 17:18:52.226  INFO chetuiwk0165 --- [           main] s.w.s.m.m.a.RequestMappingHandlerMapping : Mapped "{[/validateUser],methods=[POST]}" onto public java.lang.Object org.uhc.controller.ValidateUserController.validateUserAPI(org.uhc.envelop.request.ValidateUserRequest)
2021-09-10 17:18:52.228  INFO chetuiwk0165 --- [           main] s.w.s.m.m.a.RequestMappingHandlerMapping : Mapped "{[/error]}" onto public org.springframework.http.ResponseEntity<java.util.Map<java.lang.String, java.lang.Object>> org.springframework.boot.autoconfigure.web.BasicErrorController.error(javax.servlet.http.HttpServletRequest)
2021-09-10 17:18:52.228  INFO chetuiwk0165 --- [           main] s.w.s.m.m.a.RequestMappingHandlerMapping : Mapped "{[/error],produces=[text/html]}" onto public org.springframework.web.servlet.ModelAndView org.springframework.boot.autoconfigure.web.BasicErrorController.errorHtml(javax.servlet.http.HttpServletRequest,javax.servlet.http.HttpServletResponse)
2021-09-10 17:18:52.255  INFO chetuiwk0165 --- [           main] o.s.w.s.h.SimpleUrlHandlerMapping        : Mapped URL path [/webjars/**] onto handler of type [class org.springframework.web.servlet.resource.ResourceHttpRequestHandler]
2021-09-10 17:18:52.255  INFO chetuiwk0165 --- [           main] o.s.w.s.h.SimpleUrlHandlerMapping        : Mapped URL path [/**] onto handler of type [class org.springframework.web.servlet.resource.ResourceHttpRequestHandler]
2021-09-10 17:18:52.289  INFO chetuiwk0165 --- [           main] o.s.w.s.h.SimpleUrlHandlerMapping        : Mapped URL path [/**/favicon.ico] onto handler of type [class org.springframework.web.servlet.resource.ResourceHttpRequestHandler]
2021-09-10 17:18:52.511  INFO chetuiwk0165 --- [           main] o.s.j.e.a.AnnotationMBeanExporter        : Registering beans for JMX exposure on startup
2021-09-10 17:18:52.526  INFO chetuiwk0165 --- [           main] o.a.c.h.Http11NioProtocol                : Initializing ProtocolHandler ["http-nio-8080"]
2021-09-10 17:18:52.538  INFO chetuiwk0165 --- [           main] o.a.c.h.Http11NioProtocol                : Starting ProtocolHandler ["http-nio-8080"]
2021-09-10 17:18:52.562  INFO chetuiwk0165 --- [           main] o.a.t.u.n.NioSelectorPool                : Using a shared selector for servlet write/read
2021-09-10 17:18:52.583  INFO chetuiwk0165 --- [           main] s.b.c.e.t.TomcatEmbeddedServletContainer : Tomcat started on port(s): 8080 (http)
2021-09-10 17:18:52.587  INFO chetuiwk0165 --- [           main] o.u.PhonePayAPIApplication               : Started PhonePayAPIApplication in 3.485 seconds (JVM running for 4.521)
