2021-07-23 21:43:09.379  INFO chetuiwk0165 --- [           main] o.u.PhonePayAPIApplication               : Starting PhonePayAPIApplication on chetuiwk0165 with PID 22224 (E:\UtahHousingCorp-MGLD\PhonePayWorkspace_12April\PhonePayBackend\target\classes started by pradeepy in E:\UtahHousingCorp-MGLD\PhonePayWorkspace_12April\PhonePayBackend)
2021-07-23 21:43:09.770  INFO chetuiwk0165 --- [           main] o.u.PhonePayAPIApplication               : No active profile set, falling back to default profiles: default
2021-07-23 21:43:11.164  INFO chetuiwk0165 --- [           main] ationConfigEmbeddedWebApplicationContext : Refreshing org.springframework.boot.context.embedded.AnnotationConfigEmbeddedWebApplicationContext@3a0d172f: startup date [Fri Jul 23 21:43:11 IST 2021]; root of context hierarchy
2021-07-23 21:43:11.394  INFO chetuiwk0165 --- [kground-preinit] o.h.v.i.u.Version                        : HV000001: Hibernate Validator 5.3.5.Final
2021-07-23 21:43:12.906  INFO chetuiwk0165 --- [           main] s.b.c.e.t.TomcatEmbeddedServletContainer : Tomcat initialized with port(s): 8080 (http)
2021-07-23 21:43:12.924  INFO chetuiwk0165 --- [           main] o.a.c.c.StandardService                  : Starting service [Tomcat]
2021-07-23 21:43:12.925  INFO chetuiwk0165 --- [           main] o.a.c.c.StandardEngine                   : Starting Servlet Engine: Apache Tomcat/8.5.16
2021-07-23 21:43:13.048  INFO chetuiwk0165 --- [ost-startStop-1] o.a.c.c.C.[.[.[/]                        : Initializing Spring embedded WebApplicationContext
2021-07-23 21:43:13.049  INFO chetuiwk0165 --- [ost-startStop-1] o.s.w.c.ContextLoader                    : Root WebApplicationContext: initialization completed in 1888 ms
2021-07-23 21:43:13.218  INFO chetuiwk0165 --- [ost-startStop-1] o.s.b.w.s.FilterRegistrationBean         : Mapping filter: 'CORSFilter' to: [/*]
2021-07-23 21:43:13.219  INFO chetuiwk0165 --- [ost-startStop-1] o.s.b.w.s.FilterRegistrationBean         : Mapping filter: 'characterEncodingFilter' to: [/*]
2021-07-23 21:43:13.219  INFO chetuiwk0165 --- [ost-startStop-1] o.s.b.w.s.FilterRegistrationBean         : Mapping filter: 'hiddenHttpMethodFilter' to: [/*]
2021-07-23 21:43:13.219  INFO chetuiwk0165 --- [ost-startStop-1] o.s.b.w.s.FilterRegistrationBean         : Mapping filter: 'httpPutFormContentFilter' to: [/*]
2021-07-23 21:43:13.219  INFO chetuiwk0165 --- [ost-startStop-1] o.s.b.w.s.FilterRegistrationBean         : Mapping filter: 'requestContextFilter' to: [/*]
2021-07-23 21:43:13.221  INFO chetuiwk0165 --- [ost-startStop-1] .s.DelegatingFilterProxyRegistrationBean : Mapping filter: 'springSecurityFilterChain' to: [/*]
2021-07-23 21:43:13.221  INFO chetuiwk0165 --- [ost-startStop-1] o.s.b.w.s.ServletRegistrationBean        : Mapping servlet: 'dispatcherServlet' to [/]
2021-07-23 21:43:13.883  INFO chetuiwk0165 --- [           main] b.a.s.AuthenticationManagerConfiguration : 

Using default security password: b6286399-2f3f-42d2-8786-b0d76c6b9cf6

2021-07-23 21:43:14.042  INFO chetuiwk0165 --- [           main] o.s.s.w.DefaultSecurityFilterChain       : Creating filter chain: org.springframework.security.web.util.matcher.AnyRequestMatcher@1, [org.springframework.security.web.context.request.async.WebAsyncManagerIntegrationFilter@69364b2d, org.springframework.security.web.context.SecurityContextPersistenceFilter@61191222, org.springframework.security.web.header.HeaderWriterFilter@45292ec1, org.springframework.security.web.authentication.logout.LogoutFilter@3b481bf5, org.springframework.security.web.savedrequest.RequestCacheAwareFilter@58833798, org.springframework.security.web.servletapi.SecurityContextHolderAwareRequestFilter@1a950fdd, org.springframework.security.web.authentication.AnonymousAuthenticationFilter@53aa2fc9, org.springframework.security.web.session.SessionManagementFilter@55acec99, org.springframework.security.web.access.ExceptionTranslationFilter@b4732dc, org.springframework.security.web.access.intercept.FilterSecurityInterceptor@51d0ec6f]
2021-07-23 21:43:14.234  INFO chetuiwk0165 --- [           main] s.w.s.m.m.a.RequestMappingHandlerAdapter : Looking for @ControllerAdvice: org.springframework.boot.context.embedded.AnnotationConfigEmbeddedWebApplicationContext@3a0d172f: startup date [Fri Jul 23 21:43:11 IST 2021]; root of context hierarchy
2021-07-23 21:43:14.409  INFO chetuiwk0165 --- [           main] s.w.s.m.m.a.RequestMappingHandlerMapping : Mapped "{[/bankingInfo],methods=[POST]}" onto public java.lang.Object org.uhc.controller.BankingInfoController.bankingInfoAPI(org.uhc.envelop.request.BankingInfoRequest)
2021-07-23 21:43:14.411  INFO chetuiwk0165 --- [           main] s.w.s.m.m.a.RequestMappingHandlerMapping : Mapped "{[/cancelPayment],methods=[POST]}" onto public java.lang.Object org.uhc.controller.CancelPaymentController.cancelPaymentAPI(org.uhc.envelop.request.CancelPaymentRequest)
2021-07-23 21:43:14.412  INFO chetuiwk0165 --- [           main] s.w.s.m.m.a.RequestMappingHandlerMapping : Mapped "{[/isLoanExistStopFile/{loanNumber}],methods=[POST]}" onto public java.lang.Object org.uhc.controller.CheckStopFileExistanceController.isLoanAccountInStopFileAPI(long)
2021-07-23 21:43:14.413  INFO chetuiwk0165 --- [           main] s.w.s.m.m.a.RequestMappingHandlerMapping : Mapped "{[/getLastNames],methods=[POST]}" onto public java.lang.Object org.uhc.controller.GetNamesController.getLastNamesListAPI(org.uhc.envelop.request.GetNamesRequest)
2021-07-23 21:43:14.413  INFO chetuiwk0165 --- [           main] s.w.s.m.m.a.RequestMappingHandlerMapping : Mapped "{[/getFirstNames],methods=[POST]}" onto public java.lang.Object org.uhc.controller.GetNamesController.getFirstNamesListAPI(org.uhc.envelop.request.GetNamesRequest)
2021-07-23 21:43:14.413  INFO chetuiwk0165 --- [           main] s.w.s.m.m.a.RequestMappingHandlerMapping : Mapped "{[/getLastNamesForFirstAndLastName],methods=[POST]}" onto public java.lang.Object org.uhc.controller.GetNamesController.getLastNamesListByFirstAndLastNameAPI(org.uhc.envelop.request.GetNamesRequest)
2021-07-23 21:43:14.414  INFO chetuiwk0165 --- [           main] s.w.s.m.m.a.RequestMappingHandlerMapping : Mapped "{[/getFirstNamesForFirstAndLastName],methods=[POST]}" onto public java.lang.Object org.uhc.controller.GetNamesController.getFirstNamesListByFirstAndLastNameAPI(org.uhc.envelop.request.GetNamesRequest)
2021-07-23 21:43:14.414  INFO chetuiwk0165 --- [           main] s.w.s.m.m.a.RequestMappingHandlerMapping : Mapped "{[/getFirstAndLastNamesListForAutocomplete],methods=[POST]}" onto public java.lang.Object org.uhc.controller.GetNamesController.getFirstAndLastNamesListForAutocompleteAPI(org.uhc.envelop.request.GetNamesRequest)
2021-07-23 21:43:14.414  INFO chetuiwk0165 --- [           main] s.w.s.m.m.a.RequestMappingHandlerMapping : Mapped "{[/paymentBatch],methods=[POST]}" onto public java.lang.Object org.uhc.controller.GetPaymentBatchController.getPaymentBatchAPI()
2021-07-23 21:43:14.415  INFO chetuiwk0165 --- [           main] s.w.s.m.m.a.RequestMappingHandlerMapping : Mapped "{[/getScheduledPaymentList],methods=[POST]}" onto public java.lang.Object org.uhc.controller.GetScheduledPaymentListController.getScheduledPaymentListAPI()
2021-07-23 21:43:14.415  INFO chetuiwk0165 --- [           main] s.w.s.m.m.a.RequestMappingHandlerMapping : Mapped "{[/getStatisticDetails],methods=[POST]}" onto public java.lang.Object org.uhc.controller.GetStatisticDetailsController.getStatisticDetailsAPI(org.uhc.envelop.request.GetStatisticDetailsRequest)
2021-07-23 21:43:14.418  INFO chetuiwk0165 --- [           main] s.w.s.m.m.a.RequestMappingHandlerMapping : Mapped "{[/paymentAdvice],methods=[POST]}" onto public java.lang.Object org.uhc.controller.PaymentAdviceController.paymentAdviceAPI(org.uhc.envelop.request.PaymentAdviceReq)
2021-07-23 21:43:14.418  INFO chetuiwk0165 --- [           main] s.w.s.m.m.a.RequestMappingHandlerMapping : Mapped "{[/updatePaymentAdviceType],methods=[POST]}" onto public java.lang.Object org.uhc.controller.PaymentAdviceController.updatePaymentAdviceTypeAPI(org.uhc.envelop.request.UpdatePaymentAdviceTypeReq)
2021-07-23 21:43:14.418  INFO chetuiwk0165 --- [           main] s.w.s.m.m.a.RequestMappingHandlerMapping : Mapped "{[/deletProcessAdvicePayment],methods=[POST]}" onto public java.lang.Object org.uhc.controller.PaymentAdviceController.deletProcessAdvicePaymentAPI(org.uhc.envelop.request.DeleteProcessAdvicePaymentReq)
2021-07-23 21:43:14.419  INFO chetuiwk0165 --- [           main] s.w.s.m.m.a.RequestMappingHandlerMapping : Mapped "{[/updatePaymentAdvice],methods=[POST]}" onto public java.lang.Object org.uhc.controller.PaymentAdviceController.updatePaymentAdviceAPI(org.uhc.envelop.request.UpdatePaymentAdviceReq)
2021-07-23 21:43:14.419  INFO chetuiwk0165 --- [           main] s.w.s.m.m.a.RequestMappingHandlerMapping : Mapped "{[/allPaymentAdvice],methods=[POST]}" onto public java.lang.Object org.uhc.controller.PaymentAdviceController.allPaymentAdviceAPI()
2021-07-23 21:43:14.420  INFO chetuiwk0165 --- [           main] s.w.s.m.m.a.RequestMappingHandlerMapping : Mapped "{[/getPaymentsInProcess],methods=[POST]}" onto public java.lang.Object org.uhc.controller.PaymentsInProcessController.getPaymentsInProcessAPI()
2021-07-23 21:43:14.420  INFO chetuiwk0165 --- [           main] s.w.s.m.m.a.RequestMappingHandlerMapping : Mapped "{[/phonepayCheck/{loanNumber}],methods=[POST]}" onto public java.lang.Object org.uhc.controller.PhonepayCheckController.phonepayCheckAPI(long)
2021-07-23 21:43:14.422  INFO chetuiwk0165 --- [           main] s.w.s.m.m.a.RequestMappingHandlerMapping : Mapped "{[/getProcessPaymentsList],methods=[POST]}" onto public java.lang.Object org.uhc.controller.ProcessPaymnetsController.getProcessPaymentsListAPI()
2021-07-23 21:43:14.422  INFO chetuiwk0165 --- [           main] s.w.s.m.m.a.RequestMappingHandlerMapping : Mapped "{[/getProcessPaymentsNotificationList],methods=[POST]}" onto public java.lang.Object org.uhc.controller.ProcessPaymnetsController.getProcessPaymentsNotificationListAPI(org.uhc.envelop.request.ProcessPaymentSendEmailReq)
2021-07-23 21:43:14.422  INFO chetuiwk0165 --- [           main] s.w.s.m.m.a.RequestMappingHandlerMapping : Mapped "{[/getProcessPaymentsLetterNotificationList],methods=[POST]}" onto public java.lang.Object org.uhc.controller.ProcessPaymnetsController.getProcessPaymentsLetterNotificationListAPI(org.uhc.envelop.request.ProcessPaymentPrintLetterReq)
2021-07-23 21:43:14.423  INFO chetuiwk0165 --- [           main] s.w.s.m.m.a.RequestMappingHandlerMapping : Mapped "{[/researchPayment],methods=[POST]}" onto public java.lang.Object org.uhc.controller.ResearchPaymentController.researchPaymentInfoAPI(org.uhc.envelop.request.ResearchPaymentRequest)
2021-07-23 21:43:14.423  INFO chetuiwk0165 --- [           main] s.w.s.m.m.a.RequestMappingHandlerMapping : Mapped "{[/getResearchPaymentDetails],methods=[POST]}" onto public java.lang.Object org.uhc.controller.ResearchPaymentController.getResearchPaymentInfoAPI(org.uhc.envelop.request.GetResearchPaymentRequest)
2021-07-23 21:43:14.423  INFO chetuiwk0165 --- [           main] s.w.s.m.m.a.RequestMappingHandlerMapping : Mapped "{[/scheduleCheckPayment],methods=[POST]}" onto public java.lang.Object org.uhc.controller.ScheduledCheckPaymentController.scheduleCheckPaymentAPI(org.uhc.envelop.request.CheckPaymentRequest) throws java.lang.Exception
2021-07-23 21:43:14.424  INFO chetuiwk0165 --- [           main] s.w.s.m.m.a.RequestMappingHandlerMapping : Mapped "{[/validateUser],methods=[POST]}" onto public java.lang.Object org.uhc.controller.ValidateUserController.validateUserAPI(org.uhc.envelop.request.ValidateUserRequest)
2021-07-23 21:43:14.425  INFO chetuiwk0165 --- [           main] s.w.s.m.m.a.RequestMappingHandlerMapping : Mapped "{[/error]}" onto public org.springframework.http.ResponseEntity<java.util.Map<java.lang.String, java.lang.Object>> org.springframework.boot.autoconfigure.web.BasicErrorController.error(javax.servlet.http.HttpServletRequest)
2021-07-23 21:43:14.426  INFO chetuiwk0165 --- [           main] s.w.s.m.m.a.RequestMappingHandlerMapping : Mapped "{[/error],produces=[text/html]}" onto public org.springframework.web.servlet.ModelAndView org.springframework.boot.autoconfigure.web.BasicErrorController.errorHtml(javax.servlet.http.HttpServletRequest,javax.servlet.http.HttpServletResponse)
2021-07-23 21:43:14.453  INFO chetuiwk0165 --- [           main] o.s.w.s.h.SimpleUrlHandlerMapping        : Mapped URL path [/webjars/**] onto handler of type [class org.springframework.web.servlet.resource.ResourceHttpRequestHandler]
2021-07-23 21:43:14.453  INFO chetuiwk0165 --- [           main] o.s.w.s.h.SimpleUrlHandlerMapping        : Mapped URL path [/**] onto handler of type [class org.springframework.web.servlet.resource.ResourceHttpRequestHandler]
2021-07-23 21:43:14.487  INFO chetuiwk0165 --- [           main] o.s.w.s.h.SimpleUrlHandlerMapping        : Mapped URL path [/**/favicon.ico] onto handler of type [class org.springframework.web.servlet.resource.ResourceHttpRequestHandler]
2021-07-23 21:43:14.686  INFO chetuiwk0165 --- [           main] o.s.j.e.a.AnnotationMBeanExporter        : Registering beans for JMX exposure on startup
2021-07-23 21:43:14.699  INFO chetuiwk0165 --- [           main] o.a.c.h.Http11NioProtocol                : Initializing ProtocolHandler ["http-nio-8080"]
2021-07-23 21:43:14.708  INFO chetuiwk0165 --- [           main] o.a.c.h.Http11NioProtocol                : Starting ProtocolHandler ["http-nio-8080"]
2021-07-23 21:43:14.721  INFO chetuiwk0165 --- [           main] o.a.t.u.n.NioSelectorPool                : Using a shared selector for servlet write/read
2021-07-23 21:43:14.739  INFO chetuiwk0165 --- [           main] s.b.c.e.t.TomcatEmbeddedServletContainer : Tomcat started on port(s): 8080 (http)
2021-07-23 21:43:14.744  INFO chetuiwk0165 --- [           main] o.u.PhonePayAPIApplication               : Started PhonePayAPIApplication in 12.042 seconds (JVM running for 16.311)
2021-07-23 21:48:08.463  INFO chetuiwk0165 --- [nio-8080-exec-1] o.a.c.c.C.[.[.[/]                        : Initializing Spring FrameworkServlet 'dispatcherServlet'
2021-07-23 21:48:08.463  INFO chetuiwk0165 --- [nio-8080-exec-1] o.s.w.s.DispatcherServlet                : FrameworkServlet 'dispatcherServlet': initialization started
2021-07-23 21:48:08.484  INFO chetuiwk0165 --- [nio-8080-exec-1] o.s.w.s.DispatcherServlet                : FrameworkServlet 'dispatcherServlet': initialization completed in 21 ms
2021-07-23 21:48:08.518  INFO chetuiwk0165 --- [nio-8080-exec-4] o.u.c.GetPaymentBatchController          : get payment batch API called
2021-07-23 21:48:08.518  INFO chetuiwk0165 --- [nio-8080-exec-3] o.u.c.PaymentsInProcessController        : get payments in process API called
2021-07-23 21:48:08.519  INFO chetuiwk0165 --- [nio-8080-exec-4] o.u.s.i.GetProcessPaymentsListImpl       : Entering into getPaymentBatchDetails method
2021-07-23 21:48:08.519  INFO chetuiwk0165 --- [nio-8080-exec-3] o.u.s.i.PaymentsInProcessServiceImpl     : Entering into getPaymentsInProcessList method
2021-07-23 21:48:08.530  INFO chetuiwk0165 --- [nio-8080-exec-3] o.u.d.i.UserDaoImpl                      : Entering into getPaymentsInProcessList method
2021-07-23 21:48:08.530  INFO chetuiwk0165 --- [nio-8080-exec-4] o.u.d.i.UserDaoImpl                      : Entering Into getPaymentBatchDetails method
2021-07-23 21:48:20.922  INFO chetuiwk0165 --- [nio-8080-exec-3] o.u.d.i.UserDaoImpl                      : Exit from getPaymentsInProcessList method
2021-07-23 21:48:20.924  INFO chetuiwk0165 --- [nio-8080-exec-3] o.u.d.i.UserDaoImpl                      : Entering into getLoanAccountsByLoanNumber method
2021-07-23 21:48:20.924  INFO chetuiwk0165 --- [nio-8080-exec-3] o.u.d.i.UserDaoImpl                      : To loan number, user name enterd is :1038060
2021-07-23 21:48:20.952 ERROR chetuiwk0165 --- [nio-8080-exec-4] o.u.d.i.UserDaoImpl                      : could not get payment batch info
2021-07-23 21:48:20.952  INFO chetuiwk0165 --- [nio-8080-exec-4] o.u.d.i.UserDaoImpl                      : Exit From getPaymentBatchDetails method
2021-07-23 21:48:20.952  INFO chetuiwk0165 --- [nio-8080-exec-4] o.u.s.i.GetProcessPaymentsListImpl       : Exit from getPaymentBatchDetails method
2021-07-23 21:48:53.645  INFO chetuiwk0165 --- [nio-8080-exec-3] o.u.d.i.UserDaoImpl                      : List of loan number is: [1038060, 91038060]
2021-07-23 21:48:53.645  INFO chetuiwk0165 --- [nio-8080-exec-3] o.u.d.i.UserDaoImpl                      : Exit from getLoanAccountsByLoanNumber method1038060
2021-07-23 21:48:53.646  INFO chetuiwk0165 --- [nio-8080-exec-3] o.u.d.i.UserDaoImpl                      : Entering into getLoanAccountDetailsByLoanNum method
2021-07-23 21:48:53.646  INFO chetuiwk0165 --- [nio-8080-exec-3] o.u.d.i.UserDaoImpl                      : For getting Loan Account details, Loan number entered is
2021-07-23 21:48:55.458  INFO chetuiwk0165 --- [nio-8080-exec-3] o.u.d.i.UserDaoImpl                      : Loan account details by loan number is :
2021-07-23 21:48:55.458  INFO chetuiwk0165 --- [nio-8080-exec-3] o.u.d.i.UserDaoImpl                      : Exit from getLoanAccountDetailsByLoanNum method
2021-07-23 21:48:55.458  INFO chetuiwk0165 --- [nio-8080-exec-3] o.u.d.i.UserDaoImpl                      : Entering into getLoanAccountDetailsByLoanNum method
2021-07-23 21:48:55.458  INFO chetuiwk0165 --- [nio-8080-exec-3] o.u.d.i.UserDaoImpl                      : For getting Loan Account details, Loan number entered is
2021-07-23 21:48:57.238  INFO chetuiwk0165 --- [nio-8080-exec-3] o.u.d.i.UserDaoImpl                      : Loan account details by loan number is :
2021-07-23 21:48:57.239  INFO chetuiwk0165 --- [nio-8080-exec-3] o.u.d.i.UserDaoImpl                      : Exit from getLoanAccountDetailsByLoanNum method
2021-07-23 21:48:57.240  INFO chetuiwk0165 --- [nio-8080-exec-3] o.u.d.i.UserDaoImpl                      : Entering into getOtherFeeListForPayment method
2021-07-23 21:48:57.532  INFO chetuiwk0165 --- [nio-8080-exec-3] o.u.d.i.UserDaoImpl                      : Other Fee List : 
2021-07-23 21:48:57.532  INFO chetuiwk0165 --- [nio-8080-exec-3] o.u.d.i.UserDaoImpl                      : Exit from getOtherFeeListForPayment method
2021-07-23 21:48:57.533  INFO chetuiwk0165 --- [nio-8080-exec-3] o.u.d.i.UserDaoImpl                      : Entering Into getFeeNameByFeeId method
2021-07-23 21:48:57.827  INFO chetuiwk0165 --- [nio-8080-exec-3] o.u.d.i.UserDaoImpl                      : Exit From getFeeNameByFeeId method
2021-07-23 21:48:57.827  INFO chetuiwk0165 --- [nio-8080-exec-3] o.u.d.i.UserDaoImpl                      : Entering Into getFeeNameByFeeId method
2021-07-23 21:48:58.127  INFO chetuiwk0165 --- [nio-8080-exec-3] o.u.d.i.UserDaoImpl                      : Exit From getFeeNameByFeeId method
2021-07-23 21:48:58.127  INFO chetuiwk0165 --- [nio-8080-exec-3] o.u.d.i.UserDaoImpl                      : Entering Into getFeeNameByFeeId method
2021-07-23 21:48:58.415  INFO chetuiwk0165 --- [nio-8080-exec-3] o.u.d.i.UserDaoImpl                      : Exit From getFeeNameByFeeId method
2021-07-23 21:48:58.415  INFO chetuiwk0165 --- [nio-8080-exec-3] o.u.d.i.UserDaoImpl                      : Entering Into getFeeNameByFeeId method
2021-07-23 21:48:58.705  INFO chetuiwk0165 --- [nio-8080-exec-3] o.u.d.i.UserDaoImpl                      : Exit From getFeeNameByFeeId method
2021-07-23 21:48:58.706  INFO chetuiwk0165 --- [nio-8080-exec-3] o.u.d.i.UserDaoImpl                      : Entering Into getFeeNameByFeeId method
2021-07-23 21:48:58.991  INFO chetuiwk0165 --- [nio-8080-exec-3] o.u.d.i.UserDaoImpl                      : Exit From getFeeNameByFeeId method
2021-07-23 21:48:58.991  INFO chetuiwk0165 --- [nio-8080-exec-3] o.u.d.i.UserDaoImpl                      : Entering Into getFeeNameByFeeId method
2021-07-23 21:48:59.290  INFO chetuiwk0165 --- [nio-8080-exec-3] o.u.d.i.UserDaoImpl                      : Exit From getFeeNameByFeeId method
2021-07-23 21:48:59.290  INFO chetuiwk0165 --- [nio-8080-exec-3] o.u.d.i.UserDaoImpl                      : Entering into getLoanAccountsByLoanNumber method
2021-07-23 21:48:59.290  INFO chetuiwk0165 --- [nio-8080-exec-3] o.u.d.i.UserDaoImpl                      : To loan number, user name enterd is :91038060
2021-07-23 21:49:01.030  INFO chetuiwk0165 --- [nio-8080-exec-3] o.u.d.i.UserDaoImpl                      : List of loan number is: [1038060, 91038060]
2021-07-23 21:49:01.030  INFO chetuiwk0165 --- [nio-8080-exec-3] o.u.d.i.UserDaoImpl                      : Exit from getLoanAccountsByLoanNumber method91038060
2021-07-23 21:49:01.030  INFO chetuiwk0165 --- [nio-8080-exec-3] o.u.d.i.UserDaoImpl                      : Entering into getLoanAccountDetailsByLoanNum method
2021-07-23 21:49:01.030  INFO chetuiwk0165 --- [nio-8080-exec-3] o.u.d.i.UserDaoImpl                      : For getting Loan Account details, Loan number entered is
2021-07-23 21:49:02.809  INFO chetuiwk0165 --- [nio-8080-exec-3] o.u.d.i.UserDaoImpl                      : Loan account details by loan number is :
2021-07-23 21:49:02.809  INFO chetuiwk0165 --- [nio-8080-exec-3] o.u.d.i.UserDaoImpl                      : Exit from getLoanAccountDetailsByLoanNum method
2021-07-23 21:49:02.810  INFO chetuiwk0165 --- [nio-8080-exec-3] o.u.d.i.UserDaoImpl                      : Entering into getLoanAccountDetailsByLoanNum method
2021-07-23 21:49:02.810  INFO chetuiwk0165 --- [nio-8080-exec-3] o.u.d.i.UserDaoImpl                      : For getting Loan Account details, Loan number entered is
2021-07-23 21:49:04.603  INFO chetuiwk0165 --- [nio-8080-exec-3] o.u.d.i.UserDaoImpl                      : Loan account details by loan number is :
2021-07-23 21:49:04.603  INFO chetuiwk0165 --- [nio-8080-exec-3] o.u.d.i.UserDaoImpl                      : Exit from getLoanAccountDetailsByLoanNum method
2021-07-23 21:49:04.604  INFO chetuiwk0165 --- [nio-8080-exec-3] o.u.d.i.UserDaoImpl                      : Entering into getOtherFeeListForPayment method
2021-07-23 21:49:04.896  INFO chetuiwk0165 --- [nio-8080-exec-3] o.u.d.i.UserDaoImpl                      : Other Fee List : 
2021-07-23 21:49:04.896  INFO chetuiwk0165 --- [nio-8080-exec-3] o.u.d.i.UserDaoImpl                      : Exit from getOtherFeeListForPayment method
2021-07-23 21:49:04.897  INFO chetuiwk0165 --- [nio-8080-exec-3] o.u.d.i.UserDaoImpl                      : Entering Into getFeeNameByFeeId method
2021-07-23 21:49:05.186  INFO chetuiwk0165 --- [nio-8080-exec-3] o.u.d.i.UserDaoImpl                      : Exit From getFeeNameByFeeId method
2021-07-23 21:49:05.186  INFO chetuiwk0165 --- [nio-8080-exec-3] o.u.d.i.UserDaoImpl                      : Entering Into getFeeNameByFeeId method
2021-07-23 21:49:05.474  INFO chetuiwk0165 --- [nio-8080-exec-3] o.u.d.i.UserDaoImpl                      : Exit From getFeeNameByFeeId method
2021-07-23 21:49:05.474  INFO chetuiwk0165 --- [nio-8080-exec-3] o.u.d.i.UserDaoImpl                      : Entering Into getFeeNameByFeeId method
2021-07-23 21:49:05.760  INFO chetuiwk0165 --- [nio-8080-exec-3] o.u.d.i.UserDaoImpl                      : Exit From getFeeNameByFeeId method
2021-07-23 21:49:05.760  INFO chetuiwk0165 --- [nio-8080-exec-3] o.u.d.i.UserDaoImpl                      : Entering Into getFeeNameByFeeId method
2021-07-23 21:49:06.047  INFO chetuiwk0165 --- [nio-8080-exec-3] o.u.d.i.UserDaoImpl                      : Exit From getFeeNameByFeeId method
2021-07-23 21:49:06.047  INFO chetuiwk0165 --- [nio-8080-exec-3] o.u.s.i.PaymentsInProcessServiceImpl     : Exit from getPaymentsInProcessList method
2021-07-23 21:50:35.205  INFO chetuiwk0165 --- [nio-8080-exec-8] o.u.c.ProcessPaymnetsController          : get process payments list API called
2021-07-23 21:50:35.205  INFO chetuiwk0165 --- [nio-8080-exec-8] o.u.s.i.GetProcessPaymentsListImpl       : Entering into getProcessPaymentsList method
2021-07-23 21:50:35.206  INFO chetuiwk0165 --- [nio-8080-exec-8] o.u.d.i.UserDaoImpl                      : Entering into getPaymentsInProcessList method
2021-07-23 21:50:35.499  INFO chetuiwk0165 --- [nio-8080-exec-8] o.u.d.i.UserDaoImpl                      : Exit from getPaymentsInProcessList method
2021-07-23 21:50:35.500  INFO chetuiwk0165 --- [nio-8080-exec-8] o.u.d.i.UserDaoImpl                      : Entering into getOtherFeeListForPayment method
2021-07-23 21:50:35.787  INFO chetuiwk0165 --- [nio-8080-exec-8] o.u.d.i.UserDaoImpl                      : Other Fee List : 
2021-07-23 21:50:35.787  INFO chetuiwk0165 --- [nio-8080-exec-8] o.u.d.i.UserDaoImpl                      : Exit from getOtherFeeListForPayment method
2021-07-23 21:50:35.787  INFO chetuiwk0165 --- [nio-8080-exec-8] o.u.d.i.UserDaoImpl                      : Entering Into getFeeNameByFeeId method
2021-07-23 21:50:36.077  INFO chetuiwk0165 --- [nio-8080-exec-8] o.u.d.i.UserDaoImpl                      : Exit From getFeeNameByFeeId method
2021-07-23 21:50:36.077  INFO chetuiwk0165 --- [nio-8080-exec-8] o.u.d.i.UserDaoImpl                      : Entering Into getFeeNameByFeeId method
2021-07-23 21:50:36.368  INFO chetuiwk0165 --- [nio-8080-exec-8] o.u.d.i.UserDaoImpl                      : Exit From getFeeNameByFeeId method
2021-07-23 21:50:36.369  INFO chetuiwk0165 --- [nio-8080-exec-8] o.u.d.i.UserDaoImpl                      : Entering Into getFeeNameByFeeId method
2021-07-23 21:50:36.655  INFO chetuiwk0165 --- [nio-8080-exec-8] o.u.d.i.UserDaoImpl                      : Exit From getFeeNameByFeeId method
2021-07-23 21:50:36.655  INFO chetuiwk0165 --- [nio-8080-exec-8] o.u.d.i.UserDaoImpl                      : Entering Into getFeeNameByFeeId method
2021-07-23 21:50:36.948  INFO chetuiwk0165 --- [nio-8080-exec-8] o.u.d.i.UserDaoImpl                      : Exit From getFeeNameByFeeId method
2021-07-23 21:50:36.949  INFO chetuiwk0165 --- [nio-8080-exec-8] o.u.d.i.UserDaoImpl                      : Entering Into getFeeNameByFeeId method
2021-07-23 21:50:37.235  INFO chetuiwk0165 --- [nio-8080-exec-8] o.u.d.i.UserDaoImpl                      : Exit From getFeeNameByFeeId method
2021-07-23 21:50:37.235  INFO chetuiwk0165 --- [nio-8080-exec-8] o.u.d.i.UserDaoImpl                      : Entering Into getFeeNameByFeeId method
2021-07-23 21:50:37.521  INFO chetuiwk0165 --- [nio-8080-exec-8] o.u.d.i.UserDaoImpl                      : Exit From getFeeNameByFeeId method
2021-07-23 21:50:37.521  INFO chetuiwk0165 --- [nio-8080-exec-8] o.u.d.i.UserDaoImpl                      : Entering into getOtherFeeListForPayment method
2021-07-23 21:50:37.814  INFO chetuiwk0165 --- [nio-8080-exec-8] o.u.d.i.UserDaoImpl                      : Other Fee List : 
2021-07-23 21:50:37.815  INFO chetuiwk0165 --- [nio-8080-exec-8] o.u.d.i.UserDaoImpl                      : Exit from getOtherFeeListForPayment method
2021-07-23 21:50:37.815  INFO chetuiwk0165 --- [nio-8080-exec-8] o.u.d.i.UserDaoImpl                      : Entering Into getFeeNameByFeeId method
2021-07-23 21:50:38.102  INFO chetuiwk0165 --- [nio-8080-exec-8] o.u.d.i.UserDaoImpl                      : Exit From getFeeNameByFeeId method
2021-07-23 21:50:38.102  INFO chetuiwk0165 --- [nio-8080-exec-8] o.u.d.i.UserDaoImpl                      : Entering Into getFeeNameByFeeId method
2021-07-23 21:50:38.397  INFO chetuiwk0165 --- [nio-8080-exec-8] o.u.d.i.UserDaoImpl                      : Exit From getFeeNameByFeeId method
2021-07-23 21:50:38.398  INFO chetuiwk0165 --- [nio-8080-exec-8] o.u.d.i.UserDaoImpl                      : Entering Into getFeeNameByFeeId method
2021-07-23 21:50:38.689  INFO chetuiwk0165 --- [nio-8080-exec-8] o.u.d.i.UserDaoImpl                      : Exit From getFeeNameByFeeId method
2021-07-23 21:50:38.689  INFO chetuiwk0165 --- [nio-8080-exec-8] o.u.d.i.UserDaoImpl                      : Entering Into getFeeNameByFeeId method
2021-07-23 21:50:38.974  INFO chetuiwk0165 --- [nio-8080-exec-8] o.u.d.i.UserDaoImpl                      : Exit From getFeeNameByFeeId method
2021-07-23 21:50:38.987  INFO chetuiwk0165 --- [nio-8080-exec-8] o.u.s.i.GetProcessPaymentsListImpl       : DATA SENT TO PPS:
[GetProcessPaymentsListDto [paymentId=2538, loanNumber=1038060, monthlyAmount=1194.27, additionalPrincipal=0.00, additionalEscrow=0.00, lateFee=0.00, nsfFee=0.00, createDate=2021-07-23 10:17:08, confirmationNumber=823873  , nameOnAccount=JUSTIN WEST, agentName=admin testuser, accountNumber=543544, routingNumber=324377516, accountType=C, phonePayFee=10.00, corporateAdvance=0, otherTypePayments=0, advice=true, adviceType=1, adviceNote=paying for test111, emails=mbva@uthc.org, line1=4543 WEST 6165 SOUTH, city=SALT LAKE CITY, state=UT, zip=84118], GetProcessPaymentsListDto [paymentId=2539, loanNumber=91038060, monthlyAmount=42.87, additionalPrincipal=0.00, additionalEscrow=0, lateFee=0.00, nsfFee=0.00, createDate=2021-07-23 10:17:09, confirmationNumber=684634  , nameOnAccount=JUSTIN WEST, agentName=admin testuser, accountNumber=543544, routingNumber=324377516, accountType=C, phonePayFee=0, corporateAdvance=0, otherTypePayments=0, advice=true, adviceType=1, adviceNote=test secondary, emails=mbva@uthc.org, line1=4543 WEST 6165 SOUTH, city=SALT LAKE CITY, state=UT, zip=84118]]
2021-07-23 21:51:18.330  INFO chetuiwk0165 --- [nio-8080-exec-8] o.u.d.i.UserDaoImpl                      : Entering into insertProcessedPaymentBatch method
2021-07-23 21:51:18.621  INFO chetuiwk0165 --- [nio-8080-exec-8] o.u.d.i.UserDaoImpl                      : Exit from insertProcessedPaymentBatch method
2021-07-23 21:51:18.621  INFO chetuiwk0165 --- [nio-8080-exec-8] o.u.d.i.UserDaoImpl                      : Entering into getLastUpdatedPaymentBatchId method
2021-07-23 21:51:18.916  INFO chetuiwk0165 --- [nio-8080-exec-8] o.u.d.i.UserDaoImpl                      : Exit from getLastUpdatedPaymentBatchId method
2021-07-23 21:51:18.917  INFO chetuiwk0165 --- [nio-8080-exec-8] o.u.d.i.UserDaoImpl                      : Entering Into updateProcessedPaymentsDate method
2021-07-23 21:51:19.240  INFO chetuiwk0165 --- [nio-8080-exec-8] o.u.d.i.UserDaoImpl                      : Processed payments was successfully updated. Payment ID: {}[2538, 2539]
2021-07-23 21:51:19.241  INFO chetuiwk0165 --- [nio-8080-exec-8] o.u.d.i.UserDaoImpl                      : Exit From updateProcessedPaymentsDate method
2021-07-23 21:51:19.241  INFO chetuiwk0165 --- [nio-8080-exec-8] o.u.s.i.GetProcessPaymentsListImpl       : count2
2021-07-23 21:51:19.241  INFO chetuiwk0165 --- [nio-8080-exec-8] o.u.s.i.GetProcessPaymentsListImpl       : Exit from getProcessPaymentsList method
2021-07-23 21:51:19.286  INFO chetuiwk0165 --- [io-8080-exec-10] o.u.c.ProcessPaymnetsController          : get process payments Notification list API called
2021-07-23 21:51:19.307  INFO chetuiwk0165 --- [io-8080-exec-10] o.u.s.i.GetProcessPaymentsListImpl       : emailConfirmationDto :>>>>>>>>>:  ConfirmationEmailInfoDTO [bankAccountEnding=3544, emailList=[mbva@uthc.org], payerName=JUSTIN WEST, loanPaymentList=[LoanPaymentDto [maskedLoanNumber=1038****, confirmationNumber=823873, monthlyPayment=1194.27, additionalPrincipal=0, additionalEscrow=0, lateCharge=0, nsfFee=0, corporateAdvanceFee=0, other=0, transactionFee=10, loanNumber=1038060, totalFee=], LoanPaymentDto [maskedLoanNumber=91038****, confirmationNumber=684634, monthlyPayment=42.87, additionalPrincipal=0, additionalEscrow=0, lateCharge=0, nsfFee=0, corporateAdvanceFee=0, other=0, transactionFee=0, loanNumber=91038060, totalFee=]], nameOfException=, status=, transactionDate=2021-07-23]
2021-07-23 21:51:19.307  INFO chetuiwk0165 --- [io-8080-exec-10] o.u.s.i.GetProcessPaymentsListImpl       : emailpaymentListDto :>>>>>>>>>:  [LoanPaymentDto [maskedLoanNumber=1038****, confirmationNumber=823873, monthlyPayment=1194.27, additionalPrincipal=0, additionalEscrow=0, lateCharge=0, nsfFee=0, corporateAdvanceFee=0, other=0, transactionFee=10, loanNumber=1038060, totalFee=], LoanPaymentDto [maskedLoanNumber=91038****, confirmationNumber=684634, monthlyPayment=42.87, additionalPrincipal=0, additionalEscrow=0, lateCharge=0, nsfFee=0, corporateAdvanceFee=0, other=0, transactionFee=0, loanNumber=91038060, totalFee=]]
2021-07-23 21:51:27.573  INFO chetuiwk0165 --- [io-8080-exec-10] o.u.s.i.GetProcessPaymentsListImpl       : Email Confirmation Response: <207 Multi-Status,[{"emailList":["mbva@uthc.org"],"payerName":"JUSTIN WEST","transactionDate":"2021-07-23","bankAccountEnding":"3544","loanPaymentList":[{"confirmationNumber":"823873","maskedLoanNumber":"1038****","monthlyPayment":1194.27,"additionalPrincipal":0,"additionalEscrow":0,"lateCharge":0,"nsfFee":0,"other":0,"transactionFee":10,"corporateAdvanceFee":0,"loanNumber":1038060},{"confirmationNumber":"684634","maskedLoanNumber":"91038****","monthlyPayment":42.87,"additionalPrincipal":0,"additionalEscrow":0,"lateCharge":0,"nsfFee":0,"other":0,"transactionFee":0,"corporateAdvanceFee":0,"loanNumber":91038060}],"status":"Fail","nameOfException":"MailSendException"}],{Content-Type=[application/json], Transfer-Encoding=[chunked], Date=[Fri, 23 Jul 2021 16:21:27 GMT], Keep-Alive=[timeout=60], Connection=[keep-alive]}>
2021-07-23 21:51:27.573  INFO chetuiwk0165 --- [io-8080-exec-10] o.u.s.i.GetProcessPaymentsListImpl       : emailConfirmationListDto: [ConfirmationEmailInfoDTO [bankAccountEnding=3544, emailList=[mbva@uthc.org], payerName=JUSTIN WEST, loanPaymentList=[LoanPaymentDto [maskedLoanNumber=1038****, confirmationNumber=823873, monthlyPayment=1194.27, additionalPrincipal=0, additionalEscrow=0, lateCharge=0, nsfFee=0, corporateAdvanceFee=0, other=0, transactionFee=10, loanNumber=1038060, totalFee=], LoanPaymentDto [maskedLoanNumber=91038****, confirmationNumber=684634, monthlyPayment=42.87, additionalPrincipal=0, additionalEscrow=0, lateCharge=0, nsfFee=0, corporateAdvanceFee=0, other=0, transactionFee=0, loanNumber=91038060, totalFee=]], nameOfException=, status=, transactionDate=2021-07-23]]
2021-07-23 21:51:27.573  INFO chetuiwk0165 --- [io-8080-exec-10] o.u.s.i.GetProcessPaymentsListImpl       : s1: [{"emailList":["mbva@uthc.org"],"payerName":"JUSTIN WEST","transactionDate":"2021-07-23","bankAccountEnding":"3544","loanPaymentList":[{"confirmationNumber":"823873","maskedLoanNumber":"1038****","monthlyPayment":1194.27,"additionalPrincipal":0,"additionalEscrow":0,"lateCharge":0,"nsfFee":0,"other":0,"transactionFee":10,"corporateAdvanceFee":0,"loanNumber":1038060},{"confirmationNumber":"684634","maskedLoanNumber":"91038****","monthlyPayment":42.87,"additionalPrincipal":0,"additionalEscrow":0,"lateCharge":0,"nsfFee":0,"other":0,"transactionFee":0,"corporateAdvanceFee":0,"loanNumber":91038060}],"status":"Fail","nameOfException":"MailSendException"}]
2021-07-23 21:51:27.580  INFO chetuiwk0165 --- [io-8080-exec-10] o.u.s.i.GetProcessPaymentsListImpl       : loanNumber: 1038060
2021-07-23 21:51:27.580  INFO chetuiwk0165 --- [io-8080-exec-10] o.u.s.i.GetProcessPaymentsListImpl       : subtotal: 1204.27
2021-07-23 21:51:27.580  INFO chetuiwk0165 --- [io-8080-exec-10] o.u.s.i.GetProcessPaymentsListImpl       : failedEmailsListDtos: [FailedEmailsDto [loanNumber=1038060, totalFee=1204.27]]
2021-07-23 21:51:27.580  INFO chetuiwk0165 --- [io-8080-exec-10] o.u.s.i.GetProcessPaymentsListImpl       : loanNumber: 91038060
2021-07-23 21:51:27.580  INFO chetuiwk0165 --- [io-8080-exec-10] o.u.s.i.GetProcessPaymentsListImpl       : subtotal: 42.87
2021-07-23 21:51:27.580  INFO chetuiwk0165 --- [io-8080-exec-10] o.u.s.i.GetProcessPaymentsListImpl       : failedSecondaryEmailsListDtos: [FailedEmailsDto [loanNumber=1038060, totalFee=1204.27], FailedEmailsDto [loanNumber=91038060, totalFee=42.87]]
2021-07-23 21:51:27.580  INFO chetuiwk0165 --- [io-8080-exec-10] o.u.s.i.GetProcessPaymentsListImpl       : Email Confirmation Response: 0 : 1
2021-07-23 21:51:27.594  INFO chetuiwk0165 --- [nio-8080-exec-1] o.u.c.ProcessPaymnetsController          : get process payments letter Notification list API called
2021-07-23 21:51:27.596  INFO chetuiwk0165 --- [nio-8080-exec-1] o.u.s.i.GetProcessPaymentsListImpl       : letterConfirmationDto :>>>>>>>>>:  ConfirmationLetterInfoDTO [processorName=admin testuser, payerName=JUSTIN WEST, address=AddressDto [line1=4543 WEST 6165 SOUTH, city=SALT LAKE CITY, state=UT, zip=84118], transactionDate=2021-07-23, bankName=, bankAccountEnding=3544, nameOfException=, status=, loanPaymentList=[LoanPaymentDto [maskedLoanNumber=1038****, confirmationNumber=823873, monthlyPayment=1194.27, additionalPrincipal=0, additionalEscrow=0, lateCharge=0, nsfFee=0, corporateAdvanceFee=0, other=0, transactionFee=10, loanNumber=1038060, totalFee=], LoanPaymentDto [maskedLoanNumber=91038****, confirmationNumber=684634, monthlyPayment=42.87, additionalPrincipal=0, additionalEscrow=0, lateCharge=0, nsfFee=0, corporateAdvanceFee=0, other=0, transactionFee=0, loanNumber=91038060, totalFee=]]]
2021-07-23 21:51:42.025  INFO chetuiwk0165 --- [nio-8080-exec-1] o.u.s.i.GetProcessPaymentsListImpl       : Letter Confirmation Response: <200 OK,[{"processorName":"admin testuser","payerName":"JUSTIN WEST","address":{"line1":"4543 WEST 6165 SOUTH","city":"SALT LAKE CITY","state":"UT","zip":"84118"},"transactionDate":"2021-07-23","bankName":"","bankAccountEnding":"3544","loanPaymentList":[{"confirmationNumber":"823873","maskedLoanNumber":"1038****","monthlyPayment":1194.27,"additionalPrincipal":0,"additionalEscrow":0,"lateCharge":0,"nsfFee":0,"other":0,"transactionFee":10,"corporateAdvanceFee":0,"loanNumber":1038060},{"confirmationNumber":"684634","maskedLoanNumber":"91038****","monthlyPayment":42.87,"additionalPrincipal":0,"additionalEscrow":0,"lateCharge":0,"nsfFee":0,"other":0,"transactionFee":0,"corporateAdvanceFee":0,"loanNumber":91038060}],"status":"Success","nameOfException":""}],{Content-Type=[application/json], Transfer-Encoding=[chunked], Date=[Fri, 23 Jul 2021 16:21:42 GMT], Keep-Alive=[timeout=60], Connection=[keep-alive]}>
2021-07-23 21:51:42.026  INFO chetuiwk0165 --- [nio-8080-exec-1] o.u.s.i.GetProcessPaymentsListImpl       : Letter Confirmation Response: 1 : 0
