2022-02-03 13:07:57.326  INFO chetuiwk0165 --- [           main] o.u.PhonePayAPIApplication               : Starting PhonePayAPIApplication on chetuiwk0165 with PID 8804 (E:\UtahHousingCorp-MGLD\PhonePayWorkspace_12April\PhonePayBackend\target\classes started by pradeepy in E:\UtahHousingCorp-MGLD\PhonePayWorkspace_12April\PhonePayBackend)
2022-02-03 13:07:57.344  INFO chetuiwk0165 --- [           main] o.u.PhonePayAPIApplication               : No active profile set, falling back to default profiles: default
2022-02-03 13:07:57.403  INFO chetuiwk0165 --- [           main] ationConfigEmbeddedWebApplicationContext : Refreshing org.springframework.boot.context.embedded.AnnotationConfigEmbeddedWebApplicationContext@47dbb1e2: startup date [Thu Feb 03 13:07:57 IST 2022]; root of context hierarchy
2022-02-03 13:07:57.632  INFO chetuiwk0165 --- [kground-preinit] o.h.v.i.u.Version                        : HV000001: Hibernate Validator 5.3.5.Final
2022-02-03 13:07:59.199  INFO chetuiwk0165 --- [           main] s.b.c.e.t.TomcatEmbeddedServletContainer : Tomcat initialized with port(s): 8080 (http)
2022-02-03 13:07:59.217  INFO chetuiwk0165 --- [           main] o.a.c.c.StandardService                  : Starting service [Tomcat]
2022-02-03 13:07:59.218  INFO chetuiwk0165 --- [           main] o.a.c.c.StandardEngine                   : Starting Servlet Engine: Apache Tomcat/8.5.16
2022-02-03 13:07:59.368  INFO chetuiwk0165 --- [ost-startStop-1] o.a.c.c.C.[.[.[/]                        : Initializing Spring embedded WebApplicationContext
2022-02-03 13:07:59.368  INFO chetuiwk0165 --- [ost-startStop-1] o.s.w.c.ContextLoader                    : Root WebApplicationContext: initialization completed in 1970 ms
2022-02-03 13:07:59.572  INFO chetuiwk0165 --- [ost-startStop-1] o.s.b.w.s.FilterRegistrationBean         : Mapping filter: 'CORSFilter' to: [/*]
2022-02-03 13:07:59.573  INFO chetuiwk0165 --- [ost-startStop-1] o.s.b.w.s.FilterRegistrationBean         : Mapping filter: 'characterEncodingFilter' to: [/*]
2022-02-03 13:07:59.573  INFO chetuiwk0165 --- [ost-startStop-1] o.s.b.w.s.FilterRegistrationBean         : Mapping filter: 'hiddenHttpMethodFilter' to: [/*]
2022-02-03 13:07:59.573  INFO chetuiwk0165 --- [ost-startStop-1] o.s.b.w.s.FilterRegistrationBean         : Mapping filter: 'httpPutFormContentFilter' to: [/*]
2022-02-03 13:07:59.573  INFO chetuiwk0165 --- [ost-startStop-1] o.s.b.w.s.FilterRegistrationBean         : Mapping filter: 'requestContextFilter' to: [/*]
2022-02-03 13:07:59.574  INFO chetuiwk0165 --- [ost-startStop-1] .s.DelegatingFilterProxyRegistrationBean : Mapping filter: 'springSecurityFilterChain' to: [/*]
2022-02-03 13:07:59.574  INFO chetuiwk0165 --- [ost-startStop-1] o.s.b.w.s.ServletRegistrationBean        : Mapping servlet: 'dispatcherServlet' to [/]
2022-02-03 13:08:00.352  INFO chetuiwk0165 --- [           main] b.a.s.AuthenticationManagerConfiguration : 

Using default security password: 4b5b2425-c5ff-4b56-9758-2cee7fd22488

2022-02-03 13:08:00.560  INFO chetuiwk0165 --- [           main] o.s.s.w.DefaultSecurityFilterChain       : Creating filter chain: org.springframework.security.web.util.matcher.AnyRequestMatcher@1, [org.springframework.security.web.context.request.async.WebAsyncManagerIntegrationFilter@51a16adf, org.springframework.security.web.context.SecurityContextPersistenceFilter@541bf968, org.springframework.security.web.header.HeaderWriterFilter@52bd9a27, org.springframework.security.web.authentication.logout.LogoutFilter@1cbc1dde, org.springframework.security.web.savedrequest.RequestCacheAwareFilter@739265f1, org.springframework.security.web.servletapi.SecurityContextHolderAwareRequestFilter@5f025000, org.springframework.security.web.authentication.AnonymousAuthenticationFilter@385d819, org.springframework.security.web.session.SessionManagementFilter@6d6bff89, org.springframework.security.web.access.ExceptionTranslationFilter@4fba8eec, org.springframework.security.web.access.intercept.FilterSecurityInterceptor@b6bccb4]
2022-02-03 13:08:00.797  INFO chetuiwk0165 --- [           main] s.w.s.m.m.a.RequestMappingHandlerAdapter : Looking for @ControllerAdvice: org.springframework.boot.context.embedded.AnnotationConfigEmbeddedWebApplicationContext@47dbb1e2: startup date [Thu Feb 03 13:07:57 IST 2022]; root of context hierarchy
2022-02-03 13:08:00.946  INFO chetuiwk0165 --- [           main] s.w.s.m.m.a.RequestMappingHandlerMapping : Mapped "{[/bankingInfo],methods=[POST]}" onto public java.lang.Object org.uhc.controller.BankingInfoController.bankingInfoAPI(org.uhc.envelop.request.BankingInfoRequest)
2022-02-03 13:08:00.950  INFO chetuiwk0165 --- [           main] s.w.s.m.m.a.RequestMappingHandlerMapping : Mapped "{[/cancelPayment],methods=[POST]}" onto public java.lang.Object org.uhc.controller.CancelPaymentController.cancelPaymentAPI(org.uhc.envelop.request.CancelPaymentRequest)
2022-02-03 13:08:00.951  INFO chetuiwk0165 --- [           main] s.w.s.m.m.a.RequestMappingHandlerMapping : Mapped "{[/isLoanExistStopFile/{loanNumber}],methods=[POST]}" onto public java.lang.Object org.uhc.controller.CheckStopFileExistanceController.isLoanAccountInStopFileAPI(long)
2022-02-03 13:08:00.953  INFO chetuiwk0165 --- [           main] s.w.s.m.m.a.RequestMappingHandlerMapping : Mapped "{[/getLastNamesForFirstAndLastName],methods=[POST]}" onto public java.lang.Object org.uhc.controller.GetNamesController.getLastNamesListByFirstAndLastNameAPI(org.uhc.envelop.request.GetNamesRequest)
2022-02-03 13:08:00.954  INFO chetuiwk0165 --- [           main] s.w.s.m.m.a.RequestMappingHandlerMapping : Mapped "{[/getFirstNamesForFirstAndLastName],methods=[POST]}" onto public java.lang.Object org.uhc.controller.GetNamesController.getFirstNamesListByFirstAndLastNameAPI(org.uhc.envelop.request.GetNamesRequest)
2022-02-03 13:08:00.955  INFO chetuiwk0165 --- [           main] s.w.s.m.m.a.RequestMappingHandlerMapping : Mapped "{[/getFirstAndLastNamesListForAutocomplete],methods=[POST]}" onto public java.lang.Object org.uhc.controller.GetNamesController.getFirstAndLastNamesListForAutocompleteAPI(org.uhc.envelop.request.GetNamesRequest)
2022-02-03 13:08:00.955  INFO chetuiwk0165 --- [           main] s.w.s.m.m.a.RequestMappingHandlerMapping : Mapped "{[/getLastNames],methods=[POST]}" onto public java.lang.Object org.uhc.controller.GetNamesController.getLastNamesListAPI(org.uhc.envelop.request.GetNamesRequest)
2022-02-03 13:08:00.956  INFO chetuiwk0165 --- [           main] s.w.s.m.m.a.RequestMappingHandlerMapping : Mapped "{[/getFirstNames],methods=[POST]}" onto public java.lang.Object org.uhc.controller.GetNamesController.getFirstNamesListAPI(org.uhc.envelop.request.GetNamesRequest)
2022-02-03 13:08:00.957  INFO chetuiwk0165 --- [           main] s.w.s.m.m.a.RequestMappingHandlerMapping : Mapped "{[/paymentBatch],methods=[POST]}" onto public java.lang.Object org.uhc.controller.GetPaymentBatchController.getPaymentBatchAPI()
2022-02-03 13:08:00.958  INFO chetuiwk0165 --- [           main] s.w.s.m.m.a.RequestMappingHandlerMapping : Mapped "{[/getScheduledPaymentList],methods=[POST]}" onto public java.lang.Object org.uhc.controller.GetScheduledPaymentListController.getScheduledPaymentListAPI()
2022-02-03 13:08:00.959  INFO chetuiwk0165 --- [           main] s.w.s.m.m.a.RequestMappingHandlerMapping : Mapped "{[/getStatisticDetails],methods=[POST]}" onto public java.lang.Object org.uhc.controller.GetStatisticDetailsController.getStatisticDetailsAPI(org.uhc.envelop.request.GetStatisticDetailsRequest)
2022-02-03 13:08:00.964  INFO chetuiwk0165 --- [           main] s.w.s.m.m.a.RequestMappingHandlerMapping : Mapped "{[/paymentAdvice],methods=[POST]}" onto public java.lang.Object org.uhc.controller.PaymentAdviceController.paymentAdviceAPI(org.uhc.envelop.request.PaymentAdviceReq)
2022-02-03 13:08:00.965  INFO chetuiwk0165 --- [           main] s.w.s.m.m.a.RequestMappingHandlerMapping : Mapped "{[/allPaymentAdvice],methods=[POST]}" onto public java.lang.Object org.uhc.controller.PaymentAdviceController.allPaymentAdviceAPI()
2022-02-03 13:08:00.965  INFO chetuiwk0165 --- [           main] s.w.s.m.m.a.RequestMappingHandlerMapping : Mapped "{[/updatePaymentAdvice],methods=[POST]}" onto public java.lang.Object org.uhc.controller.PaymentAdviceController.updatePaymentAdviceAPI(org.uhc.envelop.request.UpdatePaymentAdviceReq)
2022-02-03 13:08:00.965  INFO chetuiwk0165 --- [           main] s.w.s.m.m.a.RequestMappingHandlerMapping : Mapped "{[/deletProcessAdvicePayment],methods=[POST]}" onto public java.lang.Object org.uhc.controller.PaymentAdviceController.deletProcessAdvicePaymentAPI(org.uhc.envelop.request.DeleteProcessAdvicePaymentReq)
2022-02-03 13:08:00.966  INFO chetuiwk0165 --- [           main] s.w.s.m.m.a.RequestMappingHandlerMapping : Mapped "{[/updatePaymentAdviceType],methods=[POST]}" onto public java.lang.Object org.uhc.controller.PaymentAdviceController.updatePaymentAdviceTypeAPI(org.uhc.envelop.request.UpdatePaymentAdviceTypeReq)
2022-02-03 13:08:00.966  INFO chetuiwk0165 --- [           main] s.w.s.m.m.a.RequestMappingHandlerMapping : Mapped "{[/getPaymentsInProcess],methods=[POST]}" onto public java.lang.Object org.uhc.controller.PaymentsInProcessController.getPaymentsInProcessAPI()
2022-02-03 13:08:00.967  INFO chetuiwk0165 --- [           main] s.w.s.m.m.a.RequestMappingHandlerMapping : Mapped "{[/phonepayCheck/{loanNumber}],methods=[POST]}" onto public java.lang.Object org.uhc.controller.PhonepayCheckController.phonepayCheckAPI(long)
2022-02-03 13:08:00.969  INFO chetuiwk0165 --- [           main] s.w.s.m.m.a.RequestMappingHandlerMapping : Mapped "{[/getProcessPaymentsLetterNotificationList],methods=[POST]}" onto public java.lang.Object org.uhc.controller.ProcessPaymnetsController.getProcessPaymentsLetterNotificationListAPI(org.uhc.envelop.request.ProcessPaymentPrintLetterReq)
2022-02-03 13:08:00.969  INFO chetuiwk0165 --- [           main] s.w.s.m.m.a.RequestMappingHandlerMapping : Mapped "{[/getProcessPaymentsNotificationList],methods=[POST]}" onto public java.lang.Object org.uhc.controller.ProcessPaymnetsController.getProcessPaymentsNotificationListAPI(org.uhc.envelop.request.ProcessPaymentSendEmailReq)
2022-02-03 13:08:00.970  INFO chetuiwk0165 --- [           main] s.w.s.m.m.a.RequestMappingHandlerMapping : Mapped "{[/getProcessPaymentsList],methods=[POST]}" onto public java.lang.Object org.uhc.controller.ProcessPaymnetsController.getProcessPaymentsListAPI()
2022-02-03 13:08:00.972  INFO chetuiwk0165 --- [           main] s.w.s.m.m.a.RequestMappingHandlerMapping : Mapped "{[/researchPayment],methods=[POST]}" onto public java.lang.Object org.uhc.controller.ResearchPaymentController.researchPaymentInfoAPI(org.uhc.envelop.request.ResearchPaymentRequest)
2022-02-03 13:08:00.972  INFO chetuiwk0165 --- [           main] s.w.s.m.m.a.RequestMappingHandlerMapping : Mapped "{[/getResearchPaymentDetails],methods=[POST]}" onto public java.lang.Object org.uhc.controller.ResearchPaymentController.getResearchPaymentInfoAPI(org.uhc.envelop.request.GetResearchPaymentRequest)
2022-02-03 13:08:00.973  INFO chetuiwk0165 --- [           main] s.w.s.m.m.a.RequestMappingHandlerMapping : Mapped "{[/scheduleCheckPayment],methods=[POST]}" onto public java.lang.Object org.uhc.controller.ScheduledCheckPaymentController.scheduleCheckPaymentAPI(org.uhc.envelop.request.CheckPaymentRequest) throws java.lang.Exception
2022-02-03 13:08:00.974  INFO chetuiwk0165 --- [           main] s.w.s.m.m.a.RequestMappingHandlerMapping : Mapped "{[/validateUser],methods=[POST]}" onto public java.lang.Object org.uhc.controller.ValidateUserController.validateUserAPI(org.uhc.envelop.request.ValidateUserRequest)
2022-02-03 13:08:00.977  INFO chetuiwk0165 --- [           main] s.w.s.m.m.a.RequestMappingHandlerMapping : Mapped "{[/error]}" onto public org.springframework.http.ResponseEntity<java.util.Map<java.lang.String, java.lang.Object>> org.springframework.boot.autoconfigure.web.BasicErrorController.error(javax.servlet.http.HttpServletRequest)
2022-02-03 13:08:00.980  INFO chetuiwk0165 --- [           main] s.w.s.m.m.a.RequestMappingHandlerMapping : Mapped "{[/error],produces=[text/html]}" onto public org.springframework.web.servlet.ModelAndView org.springframework.boot.autoconfigure.web.BasicErrorController.errorHtml(javax.servlet.http.HttpServletRequest,javax.servlet.http.HttpServletResponse)
2022-02-03 13:08:01.024  INFO chetuiwk0165 --- [           main] o.s.w.s.h.SimpleUrlHandlerMapping        : Mapped URL path [/webjars/**] onto handler of type [class org.springframework.web.servlet.resource.ResourceHttpRequestHandler]
2022-02-03 13:08:01.024  INFO chetuiwk0165 --- [           main] o.s.w.s.h.SimpleUrlHandlerMapping        : Mapped URL path [/**] onto handler of type [class org.springframework.web.servlet.resource.ResourceHttpRequestHandler]
2022-02-03 13:08:01.068  INFO chetuiwk0165 --- [           main] o.s.w.s.h.SimpleUrlHandlerMapping        : Mapped URL path [/**/favicon.ico] onto handler of type [class org.springframework.web.servlet.resource.ResourceHttpRequestHandler]
2022-02-03 13:08:01.310  INFO chetuiwk0165 --- [           main] o.s.j.e.a.AnnotationMBeanExporter        : Registering beans for JMX exposure on startup
2022-02-03 13:08:01.324  INFO chetuiwk0165 --- [           main] o.a.c.h.Http11NioProtocol                : Initializing ProtocolHandler ["http-nio-8080"]
2022-02-03 13:08:01.336  INFO chetuiwk0165 --- [           main] o.a.c.h.Http11NioProtocol                : Starting ProtocolHandler ["http-nio-8080"]
2022-02-03 13:08:01.371  INFO chetuiwk0165 --- [           main] o.a.t.u.n.NioSelectorPool                : Using a shared selector for servlet write/read
2022-02-03 13:08:01.396  INFO chetuiwk0165 --- [           main] s.b.c.e.t.TomcatEmbeddedServletContainer : Tomcat started on port(s): 8080 (http)
2022-02-03 13:08:01.401  INFO chetuiwk0165 --- [           main] o.u.PhonePayAPIApplication               : Started PhonePayAPIApplication in 4.313 seconds (JVM running for 6.033)
2022-02-03 13:09:46.316  INFO chetuiwk0165 --- [nio-8080-exec-1] o.a.c.c.C.[.[.[/]                        : Initializing Spring FrameworkServlet 'dispatcherServlet'
2022-02-03 13:09:46.316  INFO chetuiwk0165 --- [nio-8080-exec-1] o.s.w.s.DispatcherServlet                : FrameworkServlet 'dispatcherServlet': initialization started
2022-02-03 13:09:46.337  INFO chetuiwk0165 --- [nio-8080-exec-1] o.s.w.s.DispatcherServlet                : FrameworkServlet 'dispatcherServlet': initialization completed in 21 ms
2022-02-03 13:09:46.388  INFO chetuiwk0165 --- [nio-8080-exec-1] o.u.c.PaymentAdviceController            : allPaymentAdviceAPI advice API called
2022-02-03 13:09:46.389  INFO chetuiwk0165 --- [nio-8080-exec-1] o.u.s.i.AllPaymentAdviceServiceImpl      : Entering into getAllPaymentAdviceDetails method
2022-02-03 13:10:01.298  INFO chetuiwk0165 --- [nio-8080-exec-1] o.u.d.i.UserDaoImpl                      : Loan Account List: Got payment advice details successfully 
2022-02-03 13:10:01.298  INFO chetuiwk0165 --- [nio-8080-exec-1] o.u.d.i.UserDaoImpl                      : The loan number, user name enterd is :
2022-02-03 13:10:38.917  INFO chetuiwk0165 --- [nio-8080-exec-1] o.u.d.i.UserDaoImpl                      : List of Borrower is: [org.uhc.dao.dto.BorrowerInfoDto@2fdc90b9, org.uhc.dao.dto.BorrowerInfoDto@2dff9ff]
2022-02-03 13:10:39.270  INFO chetuiwk0165 --- [nio-8080-exec-1] o.u.d.i.UserDaoImpl                      : Other Fee List : 
2022-02-03 13:10:41.352  INFO chetuiwk0165 --- [nio-8080-exec-1] o.u.d.i.UserDaoImpl                      : The loan number, user name enterd is :
2022-02-03 13:10:43.429  INFO chetuiwk0165 --- [nio-8080-exec-1] o.u.d.i.UserDaoImpl                      : List of Borrower is: [org.uhc.dao.dto.BorrowerInfoDto@685c4b58, org.uhc.dao.dto.BorrowerInfoDto@511b2c83]
2022-02-03 13:10:43.777  INFO chetuiwk0165 --- [nio-8080-exec-1] o.u.d.i.UserDaoImpl                      : Other Fee List : 
2022-02-03 13:11:23.519  INFO chetuiwk0165 --- [nio-8080-exec-3] o.u.c.PaymentAdviceController            : Delete arocess advice payment API called.
2022-02-03 13:11:23.868  INFO chetuiwk0165 --- [nio-8080-exec-3] .i.DeleteProcessAdvicePaymentServiceImpl : Delete processed advice updated successfully
2022-02-03 13:11:28.642  INFO chetuiwk0165 --- [nio-8080-exec-4] o.u.c.PaymentAdviceController            : Delete arocess advice payment API called.
2022-02-03 13:11:28.990  INFO chetuiwk0165 --- [nio-8080-exec-4] .i.DeleteProcessAdvicePaymentServiceImpl : Delete processed advice updated successfully
2022-02-03 13:11:30.690  INFO chetuiwk0165 --- [nio-8080-exec-5] o.u.c.PaymentAdviceController            : allPaymentAdviceAPI advice API called
2022-02-03 13:11:30.691  INFO chetuiwk0165 --- [nio-8080-exec-5] o.u.s.i.AllPaymentAdviceServiceImpl      : Entering into getAllPaymentAdviceDetails method
2022-02-03 13:11:31.042  INFO chetuiwk0165 --- [nio-8080-exec-5] o.u.d.i.UserDaoImpl                      : Loan Account List: Loan account not found 
2022-02-03 13:11:31.043 ERROR chetuiwk0165 --- [nio-8080-exec-5] o.u.s.i.AllPaymentAdviceServiceImpl      : could not get payment advice details
2022-02-03 13:14:09.600  INFO chetuiwk0165 --- [nio-8080-exec-8] o.u.c.PhonepayCheckController            : Phone-Pay Check API called for : 1038060
2022-02-03 13:14:09.600  INFO chetuiwk0165 --- [nio-8080-exec-8] o.u.s.i.PhonepayCheckServiceImpl         : Entering into getBorrowersInfo method with loan number : 1038060
2022-02-03 13:14:09.601  INFO chetuiwk0165 --- [nio-8080-exec-8] o.u.d.i.UserDaoImpl                      : The loan number, user name enterd is :
2022-02-03 13:14:11.677  INFO chetuiwk0165 --- [nio-8080-exec-8] o.u.d.i.UserDaoImpl                      : List of Borrower is: [org.uhc.dao.dto.BorrowerInfoDto@2350dfa9, org.uhc.dao.dto.BorrowerInfoDto@4f01973b]
2022-02-03 13:14:11.677  INFO chetuiwk0165 --- [nio-8080-exec-8] o.u.d.i.UserDaoImpl                      : getUserByLoanNumber, loanNumber = 
2022-02-03 13:14:13.762  INFO chetuiwk0165 --- [nio-8080-exec-8] o.u.d.i.UserDaoImpl                      : For Property Details, Loan number entered is 
2022-02-03 13:14:15.836  INFO chetuiwk0165 --- [nio-8080-exec-8] o.u.d.i.UserDaoImpl                      : Property Details are : 
2022-02-03 13:14:15.836  INFO chetuiwk0165 --- [nio-8080-exec-8] o.u.d.i.UserDaoImpl                      : To loan number, user name enterd is :
2022-02-03 13:14:17.922  INFO chetuiwk0165 --- [nio-8080-exec-8] o.u.d.i.UserDaoImpl                      : List of loan number is: [1038060, 91038060]
2022-02-03 13:14:17.923  INFO chetuiwk0165 --- [nio-8080-exec-8] o.u.d.i.UserDaoImpl                      : For Getting Mailing Adress, Loan number entered is 
2022-02-03 13:14:20.034  INFO chetuiwk0165 --- [nio-8080-exec-8] o.u.d.i.UserDaoImpl                      : Mailing Adress is : 
2022-02-03 13:14:20.034  INFO chetuiwk0165 --- [nio-8080-exec-8] o.u.d.i.UserDaoImpl                      : For getting Loan Account details, Loan number entered is
2022-02-03 13:14:22.181  INFO chetuiwk0165 --- [nio-8080-exec-8] o.u.d.i.UserDaoImpl                      : Loan account details by loan number is :
2022-02-03 13:14:22.181  INFO chetuiwk0165 --- [nio-8080-exec-8] o.u.d.i.UserDaoImpl                      : Stop Code: null
2022-02-03 13:14:22.181  INFO chetuiwk0165 --- [nio-8080-exec-8] o.u.s.i.PhonepayCheckServiceImpl         : Entering into isThereAnActiveTodayPayment method
2022-02-03 13:14:22.181  INFO chetuiwk0165 --- [nio-8080-exec-8] o.u.d.i.UserDaoImpl                      : query active payments that the type is: Today
2022-02-03 13:14:22.531  INFO chetuiwk0165 --- [nio-8080-exec-8] o.u.s.i.PhonepayCheckServiceImpl         : No active today-type payment found.
2022-02-03 13:14:22.531  INFO chetuiwk0165 --- [nio-8080-exec-8] o.u.s.i.PhonepayCheckServiceImpl         : Entering into buildPaymentConfirmationNumber method
2022-02-03 13:14:22.533  INFO chetuiwk0165 --- [nio-8080-exec-8] o.u.d.i.UserDaoImpl                      : For getting Loan Account details, Loan number entered is
2022-02-03 13:14:24.659  INFO chetuiwk0165 --- [nio-8080-exec-8] o.u.d.i.UserDaoImpl                      : Loan account details by loan number is :
2022-02-03 13:14:24.659  INFO chetuiwk0165 --- [nio-8080-exec-8] o.u.d.i.UserDaoImpl                      : Stop Code: null
2022-02-03 13:14:24.659  INFO chetuiwk0165 --- [nio-8080-exec-8] o.u.s.i.PhonepayCheckServiceImpl         : Entering into isThereAnActiveTodayPayment method
2022-02-03 13:14:24.659  INFO chetuiwk0165 --- [nio-8080-exec-8] o.u.d.i.UserDaoImpl                      : query active payments that the type is: Today
2022-02-03 13:14:25.007  INFO chetuiwk0165 --- [nio-8080-exec-8] o.u.s.i.PhonepayCheckServiceImpl         : No active today-type payment found.
2022-02-03 13:14:25.007  INFO chetuiwk0165 --- [nio-8080-exec-8] o.u.s.i.PhonepayCheckServiceImpl         : Entering into buildPaymentConfirmationNumber method
2022-02-03 13:14:25.007  INFO chetuiwk0165 --- [nio-8080-exec-8] o.u.s.i.PhonepayCheckServiceImpl         : No active today-type payment found.
2022-02-03 13:14:25.354  INFO chetuiwk0165 --- [nio-8080-exec-8] o.u.s.i.PhonepayCheckServiceImpl         : Exit from getBorrowersInfo method
2022-02-03 13:17:27.590  INFO chetuiwk0165 --- [nio-8080-exec-9] o.u.c.PhonepayCheckController            : Phone-Pay Check API called for : 1038060
2022-02-03 13:17:27.590  INFO chetuiwk0165 --- [nio-8080-exec-9] o.u.s.i.PhonepayCheckServiceImpl         : Entering into getBorrowersInfo method with loan number : 1038060
2022-02-03 13:17:27.590  INFO chetuiwk0165 --- [nio-8080-exec-9] o.u.d.i.UserDaoImpl                      : The loan number, user name enterd is :
2022-02-03 13:17:29.657  INFO chetuiwk0165 --- [nio-8080-exec-9] o.u.d.i.UserDaoImpl                      : List of Borrower is: [org.uhc.dao.dto.BorrowerInfoDto@3774e335, org.uhc.dao.dto.BorrowerInfoDto@72767bbf]
2022-02-03 13:17:29.657  INFO chetuiwk0165 --- [nio-8080-exec-9] o.u.d.i.UserDaoImpl                      : getUserByLoanNumber, loanNumber = 
2022-02-03 13:17:31.726  INFO chetuiwk0165 --- [nio-8080-exec-9] o.u.d.i.UserDaoImpl                      : For Property Details, Loan number entered is 
2022-02-03 13:17:33.794  INFO chetuiwk0165 --- [nio-8080-exec-9] o.u.d.i.UserDaoImpl                      : Property Details are : 
2022-02-03 13:17:33.795  INFO chetuiwk0165 --- [nio-8080-exec-9] o.u.d.i.UserDaoImpl                      : To loan number, user name enterd is :
2022-02-03 13:17:35.865  INFO chetuiwk0165 --- [nio-8080-exec-9] o.u.d.i.UserDaoImpl                      : List of loan number is: [1038060, 91038060]
2022-02-03 13:17:35.865  INFO chetuiwk0165 --- [nio-8080-exec-9] o.u.d.i.UserDaoImpl                      : For Getting Mailing Adress, Loan number entered is 
2022-02-03 13:17:37.973  INFO chetuiwk0165 --- [nio-8080-exec-9] o.u.d.i.UserDaoImpl                      : Mailing Adress is : 
2022-02-03 13:17:37.973  INFO chetuiwk0165 --- [nio-8080-exec-9] o.u.d.i.UserDaoImpl                      : For getting Loan Account details, Loan number entered is
2022-02-03 13:17:40.084  INFO chetuiwk0165 --- [nio-8080-exec-9] o.u.d.i.UserDaoImpl                      : Loan account details by loan number is :
2022-02-03 13:17:40.084  INFO chetuiwk0165 --- [nio-8080-exec-9] o.u.d.i.UserDaoImpl                      : Stop Code: null
2022-02-03 13:17:40.084  INFO chetuiwk0165 --- [nio-8080-exec-9] o.u.s.i.PhonepayCheckServiceImpl         : Entering into isThereAnActiveTodayPayment method
2022-02-03 13:17:40.084  INFO chetuiwk0165 --- [nio-8080-exec-9] o.u.d.i.UserDaoImpl                      : query active payments that the type is: Today
2022-02-03 13:17:40.433  INFO chetuiwk0165 --- [nio-8080-exec-9] o.u.s.i.PhonepayCheckServiceImpl         : There is an active today-type payment.
2022-02-03 13:17:40.433  INFO chetuiwk0165 --- [nio-8080-exec-9] o.u.s.i.PhonepayCheckServiceImpl         : Exit From isThereAnActiveTodayPayment method
2022-02-03 13:17:40.433  INFO chetuiwk0165 --- [nio-8080-exec-9] o.u.s.i.PhonepayCheckServiceImpl         : Entering into buildPaymentConfirmationNumber method
2022-02-03 13:17:40.433  INFO chetuiwk0165 --- [nio-8080-exec-9] o.u.d.i.UserDaoImpl                      : For getting Loan Account details, Loan number entered is
2022-02-03 13:17:42.545  INFO chetuiwk0165 --- [nio-8080-exec-9] o.u.d.i.UserDaoImpl                      : Loan account details by loan number is :
2022-02-03 13:17:42.546  INFO chetuiwk0165 --- [nio-8080-exec-9] o.u.d.i.UserDaoImpl                      : Stop Code: null
2022-02-03 13:17:42.546  INFO chetuiwk0165 --- [nio-8080-exec-9] o.u.s.i.PhonepayCheckServiceImpl         : Entering into isThereAnActiveTodayPayment method
2022-02-03 13:17:42.546  INFO chetuiwk0165 --- [nio-8080-exec-9] o.u.d.i.UserDaoImpl                      : query active payments that the type is: Today
2022-02-03 13:17:42.894  INFO chetuiwk0165 --- [nio-8080-exec-9] o.u.s.i.PhonepayCheckServiceImpl         : There is an active today-type payment.
2022-02-03 13:17:42.895  INFO chetuiwk0165 --- [nio-8080-exec-9] o.u.s.i.PhonepayCheckServiceImpl         : Exit From isThereAnActiveTodayPayment method
2022-02-03 13:17:42.895  INFO chetuiwk0165 --- [nio-8080-exec-9] o.u.s.i.PhonepayCheckServiceImpl         : Entering into buildPaymentConfirmationNumber method
2022-02-03 13:17:42.895  INFO chetuiwk0165 --- [nio-8080-exec-9] o.u.s.i.PhonepayCheckServiceImpl         : There is an active today-type payment.
2022-02-03 13:17:43.243  INFO chetuiwk0165 --- [nio-8080-exec-9] o.u.d.i.UserDaoImpl                      : Other Fee List : 
2022-02-03 13:17:46.042  INFO chetuiwk0165 --- [nio-8080-exec-9] o.u.d.i.UserDaoImpl                      : Other Fee List : 
2022-02-03 13:17:48.195  INFO chetuiwk0165 --- [nio-8080-exec-9] o.u.s.i.PhonepayCheckServiceImpl         : Exit from getBorrowersInfo method
2022-02-03 13:17:48.281  INFO chetuiwk0165 --- [nio-8080-exec-2] o.u.c.BankingInfoController              : banking Info API called: BankingInfoRequest [routingNum=324377516]
2022-02-03 13:17:48.282  INFO chetuiwk0165 --- [nio-8080-exec-2] o.u.s.i.BankingInfoServiceImpl           : Entering into getBankingInfo method
2022-02-03 13:17:48.290  INFO chetuiwk0165 --- [nio-8080-exec-5] o.u.c.CheckStopFileExistanceController   : Cancel Payment Service API is called: 1038060
2022-02-03 13:17:48.290  INFO chetuiwk0165 --- [nio-8080-exec-6] o.u.c.CheckStopFileExistanceController   : Cancel Payment Service API is called: 91038060
2022-02-03 13:17:48.290  INFO chetuiwk0165 --- [nio-8080-exec-6] .u.s.i.CheckStopFileExistanceServiceImpl : Entering into isLoanAccountInStopFile method with loan number : 91038060
2022-02-03 13:17:48.290  INFO chetuiwk0165 --- [nio-8080-exec-5] .u.s.i.CheckStopFileExistanceServiceImpl : Entering into isLoanAccountInStopFile method with loan number : 1038060
2022-02-03 13:17:50.831  INFO chetuiwk0165 --- [nio-8080-exec-5] o.u.d.i.UserDaoImpl                      : loan account is not available in stopfile
2022-02-03 13:17:50.866  INFO chetuiwk0165 --- [nio-8080-exec-6] o.u.d.i.UserDaoImpl                      : loan account is not available in stopfile
2022-02-03 13:17:52.476  INFO chetuiwk0165 --- [nio-8080-exec-2] o.u.s.i.BankingInfoServiceImpl           : Exit from getBankingInfo method
2022-02-03 13:21:06.127  INFO chetuiwk0165 --- [nio-8080-exec-8] o.u.c.CancelPaymentController            : Cancel Payment Service API is called: org.uhc.envelop.request.CancelPaymentRequest@36b97007
2022-02-03 13:21:06.271  INFO chetuiwk0165 --- [nio-8080-exec-8] o.u.s.i.CancelPaymentServiceImpl         : Entering into cancelPayment method
2022-02-03 13:23:08.091  INFO chetuiwk0165 --- [nio-8080-exec-8] o.u.d.i.UserDaoImpl                      : Retrieving scheduled payment by scheduledPaymentId. ScheduledPaymentId: {}4391
2022-02-03 13:27:54.730  INFO chetuiwk0165 --- [nio-8080-exec-8] o.u.d.i.UserDaoImpl                      : Attempting to cancel payment
2022-02-03 13:27:55.105  INFO chetuiwk0165 --- [nio-8080-exec-8] o.u.d.i.UserDaoImpl                      : Payment was successfully canceled. Payment ID: 4391
2022-02-03 13:27:55.106  INFO chetuiwk0165 --- [nio-8080-exec-8] o.u.d.i.UserDaoImpl                      : Retrieving scheduled payment by scheduledPaymentId. ScheduledPaymentId: {}4392
2022-02-03 13:27:58.210  INFO chetuiwk0165 --- [nio-8080-exec-8] o.u.d.i.UserDaoImpl                      : Attempting to cancel payment
2022-02-03 13:27:58.559  INFO chetuiwk0165 --- [nio-8080-exec-8] o.u.d.i.UserDaoImpl                      : Payment was successfully canceled. Payment ID: 4392
