2021-09-02 13:59:30.497  INFO chetuiwk0165 --- [nio-8080-exec-5] o.u.c.ProcessPaymnetsController          : get process payments list API called
2021-09-02 13:59:30.591  INFO chetuiwk0165 --- [nio-8080-exec-5] o.u.s.i.GetProcessPaymentsListImpl       : Entering into getProcessPaymentsList method
2021-09-02 13:59:30.639  INFO chetuiwk0165 --- [nio-8080-exec-5] o.s.b.f.x.XmlBeanDefinitionReader        : Loading XML bean definitions from class path resource [org/springframework/jdbc/support/sql-error-codes.xml]
2021-09-02 13:59:30.754  INFO chetuiwk0165 --- [nio-8080-exec-5] o.s.j.s.SQLErrorCodesFactory             : SQLErrorCodes loaded: [DB2, Derby, H2, HSQL, Informix, MS-SQL, MySQL, Oracle, PostgreSQL, Sybase, Hana]
2021-09-02 13:59:30.757  WARN chetuiwk0165 --- [nio-8080-exec-5] o.s.j.s.SQLErrorCodesFactory             : Error while extracting database name - falling back to empty error codes
org.springframework.jdbc.support.MetaDataAccessException: Error while extracting DatabaseMetaData; nested exception is org.postgresql.util.PSQLException: This connection has been closed.
	at org.springframework.jdbc.support.JdbcUtils.extractDatabaseMetaData(JdbcUtils.java:342)
	at org.springframework.jdbc.support.JdbcUtils.extractDatabaseMetaData(JdbcUtils.java:366)
	at org.springframework.jdbc.support.SQLErrorCodesFactory.getErrorCodes(SQLErrorCodesFactory.java:212)
	at org.springframework.jdbc.support.SQLErrorCodeSQLExceptionTranslator.setDataSource(SQLErrorCodeSQLExceptionTranslator.java:134)
	at org.springframework.jdbc.support.SQLErrorCodeSQLExceptionTranslator.<init>(SQLErrorCodeSQLExceptionTranslator.java:97)
	at org.springframework.jdbc.support.JdbcAccessor.getExceptionTranslator(JdbcAccessor.java:99)
	at org.springframework.jdbc.core.JdbcTemplate.execute(JdbcTemplate.java:419)
	at org.springframework.jdbc.core.JdbcTemplate.query(JdbcTemplate.java:474)
	at org.springframework.jdbc.core.JdbcTemplate.query(JdbcTemplate.java:484)
	at org.uhc.dao.impl.UserDaoImpl.getProcessPaymentsList(UserDaoImpl.java:1191)
	at org.uhc.dao.impl.UserDaoImpl$$FastClassBySpringCGLIB$$6d12313d.invoke(<generated>)
	at org.springframework.cglib.proxy.MethodProxy.invoke(MethodProxy.java:204)
	at org.springframework.aop.framework.CglibAopProxy$CglibMethodInvocation.invokeJoinpoint(CglibAopProxy.java:738)
	at org.springframework.aop.framework.ReflectiveMethodInvocation.proceed(ReflectiveMethodInvocation.java:157)
	at org.springframework.dao.support.PersistenceExceptionTranslationInterceptor.invoke(PersistenceExceptionTranslationInterceptor.java:136)
	at org.springframework.aop.framework.ReflectiveMethodInvocation.proceed(ReflectiveMethodInvocation.java:179)
	at org.springframework.aop.framework.CglibAopProxy$DynamicAdvisedInterceptor.intercept(CglibAopProxy.java:673)
	at org.uhc.dao.impl.UserDaoImpl$$EnhancerBySpringCGLIB$$81485ddb.getProcessPaymentsList(<generated>)
	at org.uhc.service.impl.GetProcessPaymentsListImpl.getProcessPaymentsList(GetProcessPaymentsListImpl.java:76)
	at org.uhc.controller.ProcessPaymnetsController.getProcessPaymentsListAPI(ProcessPaymnetsController.java:42)
	at sun.reflect.NativeMethodAccessorImpl.invoke0(Native Method)
	at sun.reflect.NativeMethodAccessorImpl.invoke(Unknown Source)
	at sun.reflect.DelegatingMethodAccessorImpl.invoke(Unknown Source)
	at java.lang.reflect.Method.invoke(Unknown Source)
	at org.springframework.web.method.support.InvocableHandlerMethod.doInvoke(InvocableHandlerMethod.java:205)
	at org.springframework.web.method.support.InvocableHandlerMethod.invokeForRequest(InvocableHandlerMethod.java:133)
	at org.springframework.web.servlet.mvc.method.annotation.ServletInvocableHandlerMethod.invokeAndHandle(ServletInvocableHandlerMethod.java:97)
	at org.springframework.web.servlet.mvc.method.annotation.RequestMappingHandlerAdapter.invokeHandlerMethod(RequestMappingHandlerAdapter.java:827)
	at org.springframework.web.servlet.mvc.method.annotation.RequestMappingHandlerAdapter.handleInternal(RequestMappingHandlerAdapter.java:738)
	at org.springframework.web.servlet.mvc.method.AbstractHandlerMethodAdapter.handle(AbstractHandlerMethodAdapter.java:85)
	at org.springframework.web.servlet.DispatcherServlet.doDispatch(DispatcherServlet.java:967)
	at org.springframework.web.servlet.DispatcherServlet.doService(DispatcherServlet.java:901)
	at org.springframework.web.servlet.FrameworkServlet.processRequest(FrameworkServlet.java:970)
	at org.springframework.web.servlet.FrameworkServlet.doPost(FrameworkServlet.java:872)
	at javax.servlet.http.HttpServlet.service(HttpServlet.java:661)
	at org.springframework.web.servlet.FrameworkServlet.service(FrameworkServlet.java:846)
	at javax.servlet.http.HttpServlet.service(HttpServlet.java:742)
	at org.apache.catalina.core.ApplicationFilterChain.internalDoFilter(ApplicationFilterChain.java:231)
	at org.apache.catalina.core.ApplicationFilterChain.doFilter(ApplicationFilterChain.java:166)
	at org.apache.tomcat.websocket.server.WsFilter.doFilter(WsFilter.java:52)
	at org.apache.catalina.core.ApplicationFilterChain.internalDoFilter(ApplicationFilterChain.java:193)
	at org.apache.catalina.core.ApplicationFilterChain.doFilter(ApplicationFilterChain.java:166)
	at org.springframework.security.web.FilterChainProxy$VirtualFilterChain.doFilter(FilterChainProxy.java:317)
	at org.springframework.security.web.access.intercept.FilterSecurityInterceptor.invoke(FilterSecurityInterceptor.java:127)
	at org.springframework.security.web.access.intercept.FilterSecurityInterceptor.doFilter(FilterSecurityInterceptor.java:91)
	at org.springframework.security.web.FilterChainProxy$VirtualFilterChain.doFilter(FilterChainProxy.java:331)
	at org.springframework.security.web.access.ExceptionTranslationFilter.doFilter(ExceptionTranslationFilter.java:114)
	at org.springframework.security.web.FilterChainProxy$VirtualFilterChain.doFilter(FilterChainProxy.java:331)
	at org.springframework.security.web.session.SessionManagementFilter.doFilter(SessionManagementFilter.java:137)
	at org.springframework.security.web.FilterChainProxy$VirtualFilterChain.doFilter(FilterChainProxy.java:331)
	at org.springframework.security.web.authentication.AnonymousAuthenticationFilter.doFilter(AnonymousAuthenticationFilter.java:111)
	at org.springframework.security.web.FilterChainProxy$VirtualFilterChain.doFilter(FilterChainProxy.java:331)
	at org.springframework.security.web.servletapi.SecurityContextHolderAwareRequestFilter.doFilter(SecurityContextHolderAwareRequestFilter.java:170)
	at org.springframework.security.web.FilterChainProxy$VirtualFilterChain.doFilter(FilterChainProxy.java:331)
	at org.springframework.security.web.savedrequest.RequestCacheAwareFilter.doFilter(RequestCacheAwareFilter.java:63)
	at org.springframework.security.web.FilterChainProxy$VirtualFilterChain.doFilter(FilterChainProxy.java:331)
	at org.springframework.security.web.authentication.logout.LogoutFilter.doFilter(LogoutFilter.java:116)
	at org.springframework.security.web.FilterChainProxy$VirtualFilterChain.doFilter(FilterChainProxy.java:331)
	at org.springframework.security.web.header.HeaderWriterFilter.doFilterInternal(HeaderWriterFilter.java:64)
	at org.springframework.web.filter.OncePerRequestFilter.doFilter(OncePerRequestFilter.java:107)
	at org.springframework.security.web.FilterChainProxy$VirtualFilterChain.doFilter(FilterChainProxy.java:331)
	at org.springframework.security.web.context.SecurityContextPersistenceFilter.doFilter(SecurityContextPersistenceFilter.java:105)
	at org.springframework.security.web.FilterChainProxy$VirtualFilterChain.doFilter(FilterChainProxy.java:331)
	at org.springframework.security.web.context.request.async.WebAsyncManagerIntegrationFilter.doFilterInternal(WebAsyncManagerIntegrationFilter.java:56)
	at org.springframework.web.filter.OncePerRequestFilter.doFilter(OncePerRequestFilter.java:107)
	at org.springframework.security.web.FilterChainProxy$VirtualFilterChain.doFilter(FilterChainProxy.java:331)
	at org.springframework.security.web.FilterChainProxy.doFilterInternal(FilterChainProxy.java:214)
	at org.springframework.security.web.FilterChainProxy.doFilter(FilterChainProxy.java:177)
	at org.springframework.web.filter.DelegatingFilterProxy.invokeDelegate(DelegatingFilterProxy.java:346)
	at org.springframework.web.filter.DelegatingFilterProxy.doFilter(DelegatingFilterProxy.java:262)
	at org.apache.catalina.core.ApplicationFilterChain.internalDoFilter(ApplicationFilterChain.java:193)
	at org.apache.catalina.core.ApplicationFilterChain.doFilter(ApplicationFilterChain.java:166)
	at org.springframework.web.filter.RequestContextFilter.doFilterInternal(RequestContextFilter.java:99)
	at org.springframework.web.filter.OncePerRequestFilter.doFilter(OncePerRequestFilter.java:107)
	at org.apache.catalina.core.ApplicationFilterChain.internalDoFilter(ApplicationFilterChain.java:193)
	at org.apache.catalina.core.ApplicationFilterChain.doFilter(ApplicationFilterChain.java:166)
	at org.springframework.web.filter.HttpPutFormContentFilter.doFilterInternal(HttpPutFormContentFilter.java:105)
	at org.springframework.web.filter.OncePerRequestFilter.doFilter(OncePerRequestFilter.java:107)
	at org.apache.catalina.core.ApplicationFilterChain.internalDoFilter(ApplicationFilterChain.java:193)
	at org.apache.catalina.core.ApplicationFilterChain.doFilter(ApplicationFilterChain.java:166)
	at org.springframework.web.filter.HiddenHttpMethodFilter.doFilterInternal(HiddenHttpMethodFilter.java:81)
	at org.springframework.web.filter.OncePerRequestFilter.doFilter(OncePerRequestFilter.java:107)
	at org.apache.catalina.core.ApplicationFilterChain.internalDoFilter(ApplicationFilterChain.java:193)
	at org.apache.catalina.core.ApplicationFilterChain.doFilter(ApplicationFilterChain.java:166)
	at org.springframework.web.filter.CharacterEncodingFilter.doFilterInternal(CharacterEncodingFilter.java:197)
	at org.springframework.web.filter.OncePerRequestFilter.doFilter(OncePerRequestFilter.java:107)
	at org.apache.catalina.core.ApplicationFilterChain.internalDoFilter(ApplicationFilterChain.java:193)
	at org.apache.catalina.core.ApplicationFilterChain.doFilter(ApplicationFilterChain.java:166)
	at org.uhc.config.CORSFilter.doFilter(CORSFilter.java:40)
	at org.apache.catalina.core.ApplicationFilterChain.internalDoFilter(ApplicationFilterChain.java:193)
	at org.apache.catalina.core.ApplicationFilterChain.doFilter(ApplicationFilterChain.java:166)
	at org.apache.catalina.core.StandardWrapperValve.invoke(StandardWrapperValve.java:198)
	at org.apache.catalina.core.StandardContextValve.invoke(StandardContextValve.java:96)
	at org.apache.catalina.authenticator.AuthenticatorBase.invoke(AuthenticatorBase.java:478)
	at org.apache.catalina.core.StandardHostValve.invoke(StandardHostValve.java:140)
	at org.apache.catalina.valves.ErrorReportValve.invoke(ErrorReportValve.java:80)
	at org.apache.catalina.core.StandardEngineValve.invoke(StandardEngineValve.java:87)
	at org.apache.catalina.connector.CoyoteAdapter.service(CoyoteAdapter.java:342)
	at org.apache.coyote.http11.Http11Processor.service(Http11Processor.java:799)
	at org.apache.coyote.AbstractProcessorLight.process(AbstractProcessorLight.java:66)
	at org.apache.coyote.AbstractProtocol$ConnectionHandler.process(AbstractProtocol.java:868)
	at org.apache.tomcat.util.net.NioEndpoint$SocketProcessor.doRun(NioEndpoint.java:1455)
	at org.apache.tomcat.util.net.SocketProcessorBase.run(SocketProcessorBase.java:49)
	at java.util.concurrent.ThreadPoolExecutor.runWorker(Unknown Source)
	at java.util.concurrent.ThreadPoolExecutor$Worker.run(Unknown Source)
	at org.apache.tomcat.util.threads.TaskThread$WrappingRunnable.run(TaskThread.java:61)
	at java.lang.Thread.run(Unknown Source)
Caused by: org.postgresql.util.PSQLException: This connection has been closed.
	at org.postgresql.jdbc.PgConnection.checkClosed(PgConnection.java:803)
	at org.postgresql.jdbc.PgConnection.getMetaData(PgConnection.java:1268)
	at sun.reflect.NativeMethodAccessorImpl.invoke0(Native Method)
	at sun.reflect.NativeMethodAccessorImpl.invoke(Unknown Source)
	at sun.reflect.DelegatingMethodAccessorImpl.invoke(Unknown Source)
	at java.lang.reflect.Method.invoke(Unknown Source)
	at org.apache.tomcat.jdbc.pool.ProxyConnection.invoke(ProxyConnection.java:126)
	at org.apache.tomcat.jdbc.pool.JdbcInterceptor.invoke(JdbcInterceptor.java:108)
	at org.apache.tomcat.jdbc.pool.interceptor.AbstractCreateStatementInterceptor.invoke(AbstractCreateStatementInterceptor.java:79)
	at org.apache.tomcat.jdbc.pool.JdbcInterceptor.invoke(JdbcInterceptor.java:108)
	at org.apache.tomcat.jdbc.pool.DisposableConnectionFacade.invoke(DisposableConnectionFacade.java:81)
	at com.sun.proxy.$Proxy84.getMetaData(Unknown Source)
	at org.springframework.jdbc.support.JdbcUtils.extractDatabaseMetaData(JdbcUtils.java:331)
	... 106 more
2021-09-02 13:59:30.771 ERROR chetuiwk0165 --- [nio-8080-exec-5] o.u.d.i.UserDaoImpl                      : Exception occured while Finding the List of payment  advice details 
org.springframework.dao.DataAccessResourceFailureException: StatementCallback; SQL [SELECT SCP.ID, SCP.LOAN_NUMBER, SCP.DATE_CREATED, SCP.PAYOR_NAME, SCP.CONFIRMATION_NUMBER, SCP.ENTERED_BY, SCP.BANK_ACCOUNT_NUMBER, SCP.BANK_ROUTING_NUMBER, SCP.BANK_ACCOUNT_TYPE, SCP.NOTIFICATION_EMAILS, SCP.PAYOR_STREET, SCP.PAYOR_CITY, SCP.PAYOR_STATE, SCP.PAYOR_ZIP, SCP.SHOULD_SEND_LETTER, ADV.ADVICE_CODE_ID, ADV.NOTE  FROM PAYMENT AS SCP LEFT JOIN ADVICE AS ADV ON ADV.PAYMENT_ID = SCP.ID WHERE DATE_CANCELED IS NULL and DATE_PROCESSED IS NULL ORDER BY SCP.LOAN_NUMBER]; An I/O error occurred while sending to the backend.; nested exception is org.postgresql.util.PSQLException: An I/O error occurred while sending to the backend.
	at org.springframework.jdbc.support.SQLStateSQLExceptionTranslator.doTranslate(SQLStateSQLExceptionTranslator.java:105)
	at org.springframework.jdbc.support.AbstractFallbackSQLExceptionTranslator.translate(AbstractFallbackSQLExceptionTranslator.java:73)
	at org.springframework.jdbc.support.AbstractFallbackSQLExceptionTranslator.translate(AbstractFallbackSQLExceptionTranslator.java:81)
	at org.springframework.jdbc.support.AbstractFallbackSQLExceptionTranslator.translate(AbstractFallbackSQLExceptionTranslator.java:81)
	at org.springframework.jdbc.core.JdbcTemplate.execute(JdbcTemplate.java:419)
	at org.springframework.jdbc.core.JdbcTemplate.query(JdbcTemplate.java:474)
	at org.springframework.jdbc.core.JdbcTemplate.query(JdbcTemplate.java:484)
	at org.uhc.dao.impl.UserDaoImpl.getProcessPaymentsList(UserDaoImpl.java:1191)
	at org.uhc.dao.impl.UserDaoImpl$$FastClassBySpringCGLIB$$6d12313d.invoke(<generated>)
	at org.springframework.cglib.proxy.MethodProxy.invoke(MethodProxy.java:204)
	at org.springframework.aop.framework.CglibAopProxy$CglibMethodInvocation.invokeJoinpoint(CglibAopProxy.java:738)
	at org.springframework.aop.framework.ReflectiveMethodInvocation.proceed(ReflectiveMethodInvocation.java:157)
	at org.springframework.dao.support.PersistenceExceptionTranslationInterceptor.invoke(PersistenceExceptionTranslationInterceptor.java:136)
	at org.springframework.aop.framework.ReflectiveMethodInvocation.proceed(ReflectiveMethodInvocation.java:179)
	at org.springframework.aop.framework.CglibAopProxy$DynamicAdvisedInterceptor.intercept(CglibAopProxy.java:673)
	at org.uhc.dao.impl.UserDaoImpl$$EnhancerBySpringCGLIB$$81485ddb.getProcessPaymentsList(<generated>)
	at org.uhc.service.impl.GetProcessPaymentsListImpl.getProcessPaymentsList(GetProcessPaymentsListImpl.java:76)
	at org.uhc.controller.ProcessPaymnetsController.getProcessPaymentsListAPI(ProcessPaymnetsController.java:42)
	at sun.reflect.NativeMethodAccessorImpl.invoke0(Native Method)
	at sun.reflect.NativeMethodAccessorImpl.invoke(Unknown Source)
	at sun.reflect.DelegatingMethodAccessorImpl.invoke(Unknown Source)
	at java.lang.reflect.Method.invoke(Unknown Source)
	at org.springframework.web.method.support.InvocableHandlerMethod.doInvoke(InvocableHandlerMethod.java:205)
	at org.springframework.web.method.support.InvocableHandlerMethod.invokeForRequest(InvocableHandlerMethod.java:133)
	at org.springframework.web.servlet.mvc.method.annotation.ServletInvocableHandlerMethod.invokeAndHandle(ServletInvocableHandlerMethod.java:97)
	at org.springframework.web.servlet.mvc.method.annotation.RequestMappingHandlerAdapter.invokeHandlerMethod(RequestMappingHandlerAdapter.java:827)
	at org.springframework.web.servlet.mvc.method.annotation.RequestMappingHandlerAdapter.handleInternal(RequestMappingHandlerAdapter.java:738)
	at org.springframework.web.servlet.mvc.method.AbstractHandlerMethodAdapter.handle(AbstractHandlerMethodAdapter.java:85)
	at org.springframework.web.servlet.DispatcherServlet.doDispatch(DispatcherServlet.java:967)
	at org.springframework.web.servlet.DispatcherServlet.doService(DispatcherServlet.java:901)
	at org.springframework.web.servlet.FrameworkServlet.processRequest(FrameworkServlet.java:970)
	at org.springframework.web.servlet.FrameworkServlet.doPost(FrameworkServlet.java:872)
	at javax.servlet.http.HttpServlet.service(HttpServlet.java:661)
	at org.springframework.web.servlet.FrameworkServlet.service(FrameworkServlet.java:846)
	at javax.servlet.http.HttpServlet.service(HttpServlet.java:742)
	at org.apache.catalina.core.ApplicationFilterChain.internalDoFilter(ApplicationFilterChain.java:231)
	at org.apache.catalina.core.ApplicationFilterChain.doFilter(ApplicationFilterChain.java:166)
	at org.apache.tomcat.websocket.server.WsFilter.doFilter(WsFilter.java:52)
	at org.apache.catalina.core.ApplicationFilterChain.internalDoFilter(ApplicationFilterChain.java:193)
	at org.apache.catalina.core.ApplicationFilterChain.doFilter(ApplicationFilterChain.java:166)
	at org.springframework.security.web.FilterChainProxy$VirtualFilterChain.doFilter(FilterChainProxy.java:317)
	at org.springframework.security.web.access.intercept.FilterSecurityInterceptor.invoke(FilterSecurityInterceptor.java:127)
	at org.springframework.security.web.access.intercept.FilterSecurityInterceptor.doFilter(FilterSecurityInterceptor.java:91)
	at org.springframework.security.web.FilterChainProxy$VirtualFilterChain.doFilter(FilterChainProxy.java:331)
	at org.springframework.security.web.access.ExceptionTranslationFilter.doFilter(ExceptionTranslationFilter.java:114)
	at org.springframework.security.web.FilterChainProxy$VirtualFilterChain.doFilter(FilterChainProxy.java:331)
	at org.springframework.security.web.session.SessionManagementFilter.doFilter(SessionManagementFilter.java:137)
	at org.springframework.security.web.FilterChainProxy$VirtualFilterChain.doFilter(FilterChainProxy.java:331)
	at org.springframework.security.web.authentication.AnonymousAuthenticationFilter.doFilter(AnonymousAuthenticationFilter.java:111)
	at org.springframework.security.web.FilterChainProxy$VirtualFilterChain.doFilter(FilterChainProxy.java:331)
	at org.springframework.security.web.servletapi.SecurityContextHolderAwareRequestFilter.doFilter(SecurityContextHolderAwareRequestFilter.java:170)
	at org.springframework.security.web.FilterChainProxy$VirtualFilterChain.doFilter(FilterChainProxy.java:331)
	at org.springframework.security.web.savedrequest.RequestCacheAwareFilter.doFilter(RequestCacheAwareFilter.java:63)
	at org.springframework.security.web.FilterChainProxy$VirtualFilterChain.doFilter(FilterChainProxy.java:331)
	at org.springframework.security.web.authentication.logout.LogoutFilter.doFilter(LogoutFilter.java:116)
	at org.springframework.security.web.FilterChainProxy$VirtualFilterChain.doFilter(FilterChainProxy.java:331)
	at org.springframework.security.web.header.HeaderWriterFilter.doFilterInternal(HeaderWriterFilter.java:64)
	at org.springframework.web.filter.OncePerRequestFilter.doFilter(OncePerRequestFilter.java:107)
	at org.springframework.security.web.FilterChainProxy$VirtualFilterChain.doFilter(FilterChainProxy.java:331)
	at org.springframework.security.web.context.SecurityContextPersistenceFilter.doFilter(SecurityContextPersistenceFilter.java:105)
	at org.springframework.security.web.FilterChainProxy$VirtualFilterChain.doFilter(FilterChainProxy.java:331)
	at org.springframework.security.web.context.request.async.WebAsyncManagerIntegrationFilter.doFilterInternal(WebAsyncManagerIntegrationFilter.java:56)
	at org.springframework.web.filter.OncePerRequestFilter.doFilter(OncePerRequestFilter.java:107)
	at org.springframework.security.web.FilterChainProxy$VirtualFilterChain.doFilter(FilterChainProxy.java:331)
	at org.springframework.security.web.FilterChainProxy.doFilterInternal(FilterChainProxy.java:214)
	at org.springframework.security.web.FilterChainProxy.doFilter(FilterChainProxy.java:177)
	at org.springframework.web.filter.DelegatingFilterProxy.invokeDelegate(DelegatingFilterProxy.java:346)
	at org.springframework.web.filter.DelegatingFilterProxy.doFilter(DelegatingFilterProxy.java:262)
	at org.apache.catalina.core.ApplicationFilterChain.internalDoFilter(ApplicationFilterChain.java:193)
	at org.apache.catalina.core.ApplicationFilterChain.doFilter(ApplicationFilterChain.java:166)
	at org.springframework.web.filter.RequestContextFilter.doFilterInternal(RequestContextFilter.java:99)
	at org.springframework.web.filter.OncePerRequestFilter.doFilter(OncePerRequestFilter.java:107)
	at org.apache.catalina.core.ApplicationFilterChain.internalDoFilter(ApplicationFilterChain.java:193)
	at org.apache.catalina.core.ApplicationFilterChain.doFilter(ApplicationFilterChain.java:166)
	at org.springframework.web.filter.HttpPutFormContentFilter.doFilterInternal(HttpPutFormContentFilter.java:105)
	at org.springframework.web.filter.OncePerRequestFilter.doFilter(OncePerRequestFilter.java:107)
	at org.apache.catalina.core.ApplicationFilterChain.internalDoFilter(ApplicationFilterChain.java:193)
	at org.apache.catalina.core.ApplicationFilterChain.doFilter(ApplicationFilterChain.java:166)
	at org.springframework.web.filter.HiddenHttpMethodFilter.doFilterInternal(HiddenHttpMethodFilter.java:81)
	at org.springframework.web.filter.OncePerRequestFilter.doFilter(OncePerRequestFilter.java:107)
	at org.apache.catalina.core.ApplicationFilterChain.internalDoFilter(ApplicationFilterChain.java:193)
	at org.apache.catalina.core.ApplicationFilterChain.doFilter(ApplicationFilterChain.java:166)
	at org.springframework.web.filter.CharacterEncodingFilter.doFilterInternal(CharacterEncodingFilter.java:197)
	at org.springframework.web.filter.OncePerRequestFilter.doFilter(OncePerRequestFilter.java:107)
	at org.apache.catalina.core.ApplicationFilterChain.internalDoFilter(ApplicationFilterChain.java:193)
	at org.apache.catalina.core.ApplicationFilterChain.doFilter(ApplicationFilterChain.java:166)
	at org.uhc.config.CORSFilter.doFilter(CORSFilter.java:40)
	at org.apache.catalina.core.ApplicationFilterChain.internalDoFilter(ApplicationFilterChain.java:193)
	at org.apache.catalina.core.ApplicationFilterChain.doFilter(ApplicationFilterChain.java:166)
	at org.apache.catalina.core.StandardWrapperValve.invoke(StandardWrapperValve.java:198)
	at org.apache.catalina.core.StandardContextValve.invoke(StandardContextValve.java:96)
	at org.apache.catalina.authenticator.AuthenticatorBase.invoke(AuthenticatorBase.java:478)
	at org.apache.catalina.core.StandardHostValve.invoke(StandardHostValve.java:140)
	at org.apache.catalina.valves.ErrorReportValve.invoke(ErrorReportValve.java:80)
	at org.apache.catalina.core.StandardEngineValve.invoke(StandardEngineValve.java:87)
	at org.apache.catalina.connector.CoyoteAdapter.service(CoyoteAdapter.java:342)
	at org.apache.coyote.http11.Http11Processor.service(Http11Processor.java:799)
	at org.apache.coyote.AbstractProcessorLight.process(AbstractProcessorLight.java:66)
	at org.apache.coyote.AbstractProtocol$ConnectionHandler.process(AbstractProtocol.java:868)
	at org.apache.tomcat.util.net.NioEndpoint$SocketProcessor.doRun(NioEndpoint.java:1455)
	at org.apache.tomcat.util.net.SocketProcessorBase.run(SocketProcessorBase.java:49)
	at java.util.concurrent.ThreadPoolExecutor.runWorker(Unknown Source)
	at java.util.concurrent.ThreadPoolExecutor$Worker.run(Unknown Source)
	at org.apache.tomcat.util.threads.TaskThread$WrappingRunnable.run(TaskThread.java:61)
	at java.lang.Thread.run(Unknown Source)
Caused by: org.postgresql.util.PSQLException: An I/O error occurred while sending to the backend.
	at org.postgresql.core.v3.QueryExecutorImpl.execute(QueryExecutorImpl.java:314)
	at org.postgresql.jdbc.PgStatement.executeInternal(PgStatement.java:430)
	at org.postgresql.jdbc.PgStatement.execute(PgStatement.java:356)
	at org.postgresql.jdbc.PgStatement.executeWithFlags(PgStatement.java:303)
	at org.postgresql.jdbc.PgStatement.executeCachedSql(PgStatement.java:289)
	at org.postgresql.jdbc.PgStatement.executeWithFlags(PgStatement.java:266)
	at org.postgresql.jdbc.PgStatement.executeQuery(PgStatement.java:233)
	at sun.reflect.NativeMethodAccessorImpl.invoke0(Native Method)
	at sun.reflect.NativeMethodAccessorImpl.invoke(Unknown Source)
	at sun.reflect.DelegatingMethodAccessorImpl.invoke(Unknown Source)
	at java.lang.reflect.Method.invoke(Unknown Source)
	at org.apache.tomcat.jdbc.pool.StatementFacade$StatementProxy.invoke(StatementFacade.java:114)
	at com.sun.proxy.$Proxy86.executeQuery(Unknown Source)
	at org.springframework.jdbc.core.JdbcTemplate$1QueryStatementCallback.doInStatement(JdbcTemplate.java:458)
	at org.springframework.jdbc.core.JdbcTemplate.execute(JdbcTemplate.java:408)
	... 100 more
Caused by: java.net.SocketException: Connection reset by peer: socket write error
	at java.net.SocketOutputStream.socketWrite0(Native Method)
	at java.net.SocketOutputStream.socketWrite(Unknown Source)
	at java.net.SocketOutputStream.write(Unknown Source)
	at java.io.BufferedOutputStream.flushBuffer(Unknown Source)
	at java.io.BufferedOutputStream.flush(Unknown Source)
	at org.postgresql.core.PGStream.flush(PGStream.java:551)
	at org.postgresql.core.v3.QueryExecutorImpl.sendSync(QueryExecutorImpl.java:1333)
	at org.postgresql.core.v3.QueryExecutorImpl.execute(QueryExecutorImpl.java:286)
	... 114 more
2021-09-02 13:59:30.775  INFO chetuiwk0165 --- [nio-8080-exec-5] o.u.s.i.GetProcessPaymentsListImpl       : Exit from getProcessPaymentsList method
2021-09-02 15:19:01.324  INFO chetuiwk0165 --- [           main] o.u.PhonePayAPIApplication               : Starting PhonePayAPIApplication on chetuiwk0165 with PID 4804 (E:\UtahHousingCorp-MGLD\PhonePayWorkspace_12April\PhonePayBackend\target\classes started by pradeepy in E:\UtahHousingCorp-MGLD\PhonePayWorkspace_12April\PhonePayBackend)
2021-09-02 15:19:01.327  INFO chetuiwk0165 --- [           main] o.u.PhonePayAPIApplication               : No active profile set, falling back to default profiles: default
2021-09-02 15:19:01.359  INFO chetuiwk0165 --- [           main] ationConfigEmbeddedWebApplicationContext : Refreshing org.springframework.boot.context.embedded.AnnotationConfigEmbeddedWebApplicationContext@5542c4ed: startup date [Thu Sep 02 15:19:01 IST 2021]; root of context hierarchy
2021-09-02 15:19:01.494  INFO chetuiwk0165 --- [kground-preinit] o.h.v.i.u.Version                        : HV000001: Hibernate Validator 5.3.5.Final
2021-09-02 15:19:02.713  INFO chetuiwk0165 --- [           main] s.b.c.e.t.TomcatEmbeddedServletContainer : Tomcat initialized with port(s): 8080 (http)
2021-09-02 15:19:02.726  INFO chetuiwk0165 --- [           main] o.a.c.c.StandardService                  : Starting service [Tomcat]
2021-09-02 15:19:02.727  INFO chetuiwk0165 --- [           main] o.a.c.c.StandardEngine                   : Starting Servlet Engine: Apache Tomcat/8.5.16
2021-09-02 15:19:02.822  INFO chetuiwk0165 --- [ost-startStop-1] o.a.c.c.C.[.[.[/]                        : Initializing Spring embedded WebApplicationContext
2021-09-02 15:19:02.822  INFO chetuiwk0165 --- [ost-startStop-1] o.s.w.c.ContextLoader                    : Root WebApplicationContext: initialization completed in 1465 ms
2021-09-02 15:19:02.932  INFO chetuiwk0165 --- [ost-startStop-1] o.s.b.w.s.FilterRegistrationBean         : Mapping filter: 'CORSFilter' to: [/*]
2021-09-02 15:19:02.933  INFO chetuiwk0165 --- [ost-startStop-1] o.s.b.w.s.FilterRegistrationBean         : Mapping filter: 'characterEncodingFilter' to: [/*]
2021-09-02 15:19:02.933  INFO chetuiwk0165 --- [ost-startStop-1] o.s.b.w.s.FilterRegistrationBean         : Mapping filter: 'hiddenHttpMethodFilter' to: [/*]
2021-09-02 15:19:02.933  INFO chetuiwk0165 --- [ost-startStop-1] o.s.b.w.s.FilterRegistrationBean         : Mapping filter: 'httpPutFormContentFilter' to: [/*]
2021-09-02 15:19:02.933  INFO chetuiwk0165 --- [ost-startStop-1] o.s.b.w.s.FilterRegistrationBean         : Mapping filter: 'requestContextFilter' to: [/*]
2021-09-02 15:19:02.934  INFO chetuiwk0165 --- [ost-startStop-1] .s.DelegatingFilterProxyRegistrationBean : Mapping filter: 'springSecurityFilterChain' to: [/*]
2021-09-02 15:19:02.934  INFO chetuiwk0165 --- [ost-startStop-1] o.s.b.w.s.ServletRegistrationBean        : Mapping servlet: 'dispatcherServlet' to [/]
2021-09-02 15:19:03.315  INFO chetuiwk0165 --- [           main] b.a.s.AuthenticationManagerConfiguration : 

Using default security password: 4b909a45-92e7-4511-a9d2-f12ea87263b3

2021-09-02 15:19:03.413  INFO chetuiwk0165 --- [           main] o.s.s.w.DefaultSecurityFilterChain       : Creating filter chain: org.springframework.security.web.util.matcher.AnyRequestMatcher@1, [org.springframework.security.web.context.request.async.WebAsyncManagerIntegrationFilter@75769ab0, org.springframework.security.web.context.SecurityContextPersistenceFilter@7159a5cd, org.springframework.security.web.header.HeaderWriterFilter@49a26d19, org.springframework.security.web.authentication.logout.LogoutFilter@48cd9a2c, org.springframework.security.web.savedrequest.RequestCacheAwareFilter@18ac53e8, org.springframework.security.web.servletapi.SecurityContextHolderAwareRequestFilter@1046498a, org.springframework.security.web.authentication.AnonymousAuthenticationFilter@6869a3b3, org.springframework.security.web.session.SessionManagementFilter@479f2dc2, org.springframework.security.web.access.ExceptionTranslationFilter@32f0c7f8, org.springframework.security.web.access.intercept.FilterSecurityInterceptor@64fc097e]
2021-09-02 15:19:03.563  INFO chetuiwk0165 --- [           main] s.w.s.m.m.a.RequestMappingHandlerAdapter : Looking for @ControllerAdvice: org.springframework.boot.context.embedded.AnnotationConfigEmbeddedWebApplicationContext@5542c4ed: startup date [Thu Sep 02 15:19:01 IST 2021]; root of context hierarchy
2021-09-02 15:19:03.608  INFO chetuiwk0165 --- [           main] s.w.s.m.m.a.RequestMappingHandlerMapping : Mapped "{[/bankingInfo],methods=[POST]}" onto public java.lang.Object org.uhc.controller.BankingInfoController.bankingInfoAPI(org.uhc.envelop.request.BankingInfoRequest)
2021-09-02 15:19:03.610  INFO chetuiwk0165 --- [           main] s.w.s.m.m.a.RequestMappingHandlerMapping : Mapped "{[/cancelPayment],methods=[POST]}" onto public java.lang.Object org.uhc.controller.CancelPaymentController.cancelPaymentAPI(org.uhc.envelop.request.CancelPaymentRequest)
2021-09-02 15:19:03.610  INFO chetuiwk0165 --- [           main] s.w.s.m.m.a.RequestMappingHandlerMapping : Mapped "{[/isLoanExistStopFile/{loanNumber}],methods=[POST]}" onto public java.lang.Object org.uhc.controller.CheckStopFileExistanceController.isLoanAccountInStopFileAPI(long)
2021-09-02 15:19:03.611  INFO chetuiwk0165 --- [           main] s.w.s.m.m.a.RequestMappingHandlerMapping : Mapped "{[/getFirstAndLastNamesListForAutocomplete],methods=[POST]}" onto public java.lang.Object org.uhc.controller.GetNamesController.getFirstAndLastNamesListForAutocompleteAPI(org.uhc.envelop.request.GetNamesRequest)
2021-09-02 15:19:03.612  INFO chetuiwk0165 --- [           main] s.w.s.m.m.a.RequestMappingHandlerMapping : Mapped "{[/getFirstNamesForFirstAndLastName],methods=[POST]}" onto public java.lang.Object org.uhc.controller.GetNamesController.getFirstNamesListByFirstAndLastNameAPI(org.uhc.envelop.request.GetNamesRequest)
2021-09-02 15:19:03.612  INFO chetuiwk0165 --- [           main] s.w.s.m.m.a.RequestMappingHandlerMapping : Mapped "{[/getLastNamesForFirstAndLastName],methods=[POST]}" onto public java.lang.Object org.uhc.controller.GetNamesController.getLastNamesListByFirstAndLastNameAPI(org.uhc.envelop.request.GetNamesRequest)
2021-09-02 15:19:03.612  INFO chetuiwk0165 --- [           main] s.w.s.m.m.a.RequestMappingHandlerMapping : Mapped "{[/getLastNames],methods=[POST]}" onto public java.lang.Object org.uhc.controller.GetNamesController.getLastNamesListAPI(org.uhc.envelop.request.GetNamesRequest)
2021-09-02 15:19:03.612  INFO chetuiwk0165 --- [           main] s.w.s.m.m.a.RequestMappingHandlerMapping : Mapped "{[/getFirstNames],methods=[POST]}" onto public java.lang.Object org.uhc.controller.GetNamesController.getFirstNamesListAPI(org.uhc.envelop.request.GetNamesRequest)
2021-09-02 15:19:03.613  INFO chetuiwk0165 --- [           main] s.w.s.m.m.a.RequestMappingHandlerMapping : Mapped "{[/paymentBatch],methods=[POST]}" onto public java.lang.Object org.uhc.controller.GetPaymentBatchController.getPaymentBatchAPI()
2021-09-02 15:19:03.613  INFO chetuiwk0165 --- [           main] s.w.s.m.m.a.RequestMappingHandlerMapping : Mapped "{[/getScheduledPaymentList],methods=[POST]}" onto public java.lang.Object org.uhc.controller.GetScheduledPaymentListController.getScheduledPaymentListAPI()
2021-09-02 15:19:03.614  INFO chetuiwk0165 --- [           main] s.w.s.m.m.a.RequestMappingHandlerMapping : Mapped "{[/getStatisticDetails],methods=[POST]}" onto public java.lang.Object org.uhc.controller.GetStatisticDetailsController.getStatisticDetailsAPI(org.uhc.envelop.request.GetStatisticDetailsRequest)
2021-09-02 15:19:03.617  INFO chetuiwk0165 --- [           main] s.w.s.m.m.a.RequestMappingHandlerMapping : Mapped "{[/updatePaymentAdvice],methods=[POST]}" onto public java.lang.Object org.uhc.controller.PaymentAdviceController.updatePaymentAdviceAPI(org.uhc.envelop.request.UpdatePaymentAdviceReq)
2021-09-02 15:19:03.618  INFO chetuiwk0165 --- [           main] s.w.s.m.m.a.RequestMappingHandlerMapping : Mapped "{[/deletProcessAdvicePayment],methods=[POST]}" onto public java.lang.Object org.uhc.controller.PaymentAdviceController.deletProcessAdvicePaymentAPI(org.uhc.envelop.request.DeleteProcessAdvicePaymentReq)
2021-09-02 15:19:03.618  INFO chetuiwk0165 --- [           main] s.w.s.m.m.a.RequestMappingHandlerMapping : Mapped "{[/updatePaymentAdviceType],methods=[POST]}" onto public java.lang.Object org.uhc.controller.PaymentAdviceController.updatePaymentAdviceTypeAPI(org.uhc.envelop.request.UpdatePaymentAdviceTypeReq)
2021-09-02 15:19:03.618  INFO chetuiwk0165 --- [           main] s.w.s.m.m.a.RequestMappingHandlerMapping : Mapped "{[/allPaymentAdvice],methods=[POST]}" onto public java.lang.Object org.uhc.controller.PaymentAdviceController.allPaymentAdviceAPI()
2021-09-02 15:19:03.618  INFO chetuiwk0165 --- [           main] s.w.s.m.m.a.RequestMappingHandlerMapping : Mapped "{[/paymentAdvice],methods=[POST]}" onto public java.lang.Object org.uhc.controller.PaymentAdviceController.paymentAdviceAPI(org.uhc.envelop.request.PaymentAdviceReq)
2021-09-02 15:19:03.619  INFO chetuiwk0165 --- [           main] s.w.s.m.m.a.RequestMappingHandlerMapping : Mapped "{[/getPaymentsInProcess],methods=[POST]}" onto public java.lang.Object org.uhc.controller.PaymentsInProcessController.getPaymentsInProcessAPI()
2021-09-02 15:19:03.619  INFO chetuiwk0165 --- [           main] s.w.s.m.m.a.RequestMappingHandlerMapping : Mapped "{[/phonepayCheck/{loanNumber}],methods=[POST]}" onto public java.lang.Object org.uhc.controller.PhonepayCheckController.phonepayCheckAPI(long)
2021-09-02 15:19:03.620  INFO chetuiwk0165 --- [           main] s.w.s.m.m.a.RequestMappingHandlerMapping : Mapped "{[/getProcessPaymentsNotificationList],methods=[POST]}" onto public java.lang.Object org.uhc.controller.ProcessPaymnetsController.getProcessPaymentsNotificationListAPI(org.uhc.envelop.request.ProcessPaymentSendEmailReq)
2021-09-02 15:19:03.621  INFO chetuiwk0165 --- [           main] s.w.s.m.m.a.RequestMappingHandlerMapping : Mapped "{[/getProcessPaymentsLetterNotificationList],methods=[POST]}" onto public java.lang.Object org.uhc.controller.ProcessPaymnetsController.getProcessPaymentsLetterNotificationListAPI(org.uhc.envelop.request.ProcessPaymentPrintLetterReq)
2021-09-02 15:19:03.621  INFO chetuiwk0165 --- [           main] s.w.s.m.m.a.RequestMappingHandlerMapping : Mapped "{[/getProcessPaymentsList],methods=[POST]}" onto public java.lang.Object org.uhc.controller.ProcessPaymnetsController.getProcessPaymentsListAPI()
2021-09-02 15:19:03.622  INFO chetuiwk0165 --- [           main] s.w.s.m.m.a.RequestMappingHandlerMapping : Mapped "{[/getResearchPaymentDetails],methods=[POST]}" onto public java.lang.Object org.uhc.controller.ResearchPaymentController.getResearchPaymentInfoAPI(org.uhc.envelop.request.GetResearchPaymentRequest)
2021-09-02 15:19:03.622  INFO chetuiwk0165 --- [           main] s.w.s.m.m.a.RequestMappingHandlerMapping : Mapped "{[/researchPayment],methods=[POST]}" onto public java.lang.Object org.uhc.controller.ResearchPaymentController.researchPaymentInfoAPI(org.uhc.envelop.request.ResearchPaymentRequest)
2021-09-02 15:19:03.623  INFO chetuiwk0165 --- [           main] s.w.s.m.m.a.RequestMappingHandlerMapping : Mapped "{[/scheduleCheckPayment],methods=[POST]}" onto public java.lang.Object org.uhc.controller.ScheduledCheckPaymentController.scheduleCheckPaymentAPI(org.uhc.envelop.request.CheckPaymentRequest) throws java.lang.Exception
2021-09-02 15:19:03.623  INFO chetuiwk0165 --- [           main] s.w.s.m.m.a.RequestMappingHandlerMapping : Mapped "{[/validateUser],methods=[POST]}" onto public java.lang.Object org.uhc.controller.ValidateUserController.validateUserAPI(org.uhc.envelop.request.ValidateUserRequest)
2021-09-02 15:19:03.625  INFO chetuiwk0165 --- [           main] s.w.s.m.m.a.RequestMappingHandlerMapping : Mapped "{[/error]}" onto public org.springframework.http.ResponseEntity<java.util.Map<java.lang.String, java.lang.Object>> org.springframework.boot.autoconfigure.web.BasicErrorController.error(javax.servlet.http.HttpServletRequest)
2021-09-02 15:19:03.625  INFO chetuiwk0165 --- [           main] s.w.s.m.m.a.RequestMappingHandlerMapping : Mapped "{[/error],produces=[text/html]}" onto public org.springframework.web.servlet.ModelAndView org.springframework.boot.autoconfigure.web.BasicErrorController.errorHtml(javax.servlet.http.HttpServletRequest,javax.servlet.http.HttpServletResponse)
2021-09-02 15:19:03.641  INFO chetuiwk0165 --- [           main] o.s.w.s.h.SimpleUrlHandlerMapping        : Mapped URL path [/webjars/**] onto handler of type [class org.springframework.web.servlet.resource.ResourceHttpRequestHandler]
2021-09-02 15:19:03.642  INFO chetuiwk0165 --- [           main] o.s.w.s.h.SimpleUrlHandlerMapping        : Mapped URL path [/**] onto handler of type [class org.springframework.web.servlet.resource.ResourceHttpRequestHandler]
2021-09-02 15:19:03.664  INFO chetuiwk0165 --- [           main] o.s.w.s.h.SimpleUrlHandlerMapping        : Mapped URL path [/**/favicon.ico] onto handler of type [class org.springframework.web.servlet.resource.ResourceHttpRequestHandler]
2021-09-02 15:19:03.759  INFO chetuiwk0165 --- [           main] o.s.j.e.a.AnnotationMBeanExporter        : Registering beans for JMX exposure on startup
2021-09-02 15:19:03.771  INFO chetuiwk0165 --- [           main] o.a.c.h.Http11NioProtocol                : Initializing ProtocolHandler ["http-nio-8080"]
2021-09-02 15:19:03.778  INFO chetuiwk0165 --- [           main] o.a.c.h.Http11NioProtocol                : Starting ProtocolHandler ["http-nio-8080"]
2021-09-02 15:19:03.800  INFO chetuiwk0165 --- [           main] o.a.t.u.n.NioSelectorPool                : Using a shared selector for servlet write/read
2021-09-02 15:19:03.871  INFO chetuiwk0165 --- [           main] s.b.c.e.t.TomcatEmbeddedServletContainer : Tomcat started on port(s): 8080 (http)
2021-09-02 15:19:03.874  INFO chetuiwk0165 --- [           main] o.u.PhonePayAPIApplication               : Started PhonePayAPIApplication in 2.726 seconds (JVM running for 3.434)
2021-09-02 15:19:24.786  INFO chetuiwk0165 --- [nio-8080-exec-1] o.a.c.c.C.[.[.[/]                        : Initializing Spring FrameworkServlet 'dispatcherServlet'
2021-09-02 15:19:24.786  INFO chetuiwk0165 --- [nio-8080-exec-1] o.s.w.s.DispatcherServlet                : FrameworkServlet 'dispatcherServlet': initialization started
2021-09-02 15:19:24.798  INFO chetuiwk0165 --- [nio-8080-exec-1] o.s.w.s.DispatcherServlet                : FrameworkServlet 'dispatcherServlet': initialization completed in 12 ms
2021-09-02 15:19:24.841  INFO chetuiwk0165 --- [nio-8080-exec-2] o.u.c.PhonepayCheckController            : Phone-Pay Check API called for : 1398970
2021-09-02 15:19:24.842  INFO chetuiwk0165 --- [nio-8080-exec-2] o.u.s.i.PhonepayCheckServiceImpl         : Entering into getBorrowersInfo method with loan number : 1398970
2021-09-02 15:19:24.851  INFO chetuiwk0165 --- [nio-8080-exec-2] o.u.d.i.UserDaoImpl                      : The loan number, user name enterd is :
2021-09-02 15:19:56.567  INFO chetuiwk0165 --- [nio-8080-exec-2] o.u.d.i.UserDaoImpl                      : List of Borrower is: [org.uhc.dao.dto.BorrowerInfoDto@7831e196, org.uhc.dao.dto.BorrowerInfoDto@7174da37]
2021-09-02 15:19:56.568  INFO chetuiwk0165 --- [nio-8080-exec-2] o.u.d.i.UserDaoImpl                      : getUserByLoanNumber, loanNumber = 
2021-09-02 15:19:58.335  INFO chetuiwk0165 --- [nio-8080-exec-2] o.u.d.i.UserDaoImpl                      : For Property Details, Loan number entered is 
2021-09-02 15:20:00.089  INFO chetuiwk0165 --- [nio-8080-exec-2] o.u.d.i.UserDaoImpl                      : Property Details are : 
2021-09-02 15:20:00.090  INFO chetuiwk0165 --- [nio-8080-exec-2] o.u.d.i.UserDaoImpl                      : To loan number, user name enterd is :
2021-09-02 15:20:01.826  INFO chetuiwk0165 --- [nio-8080-exec-2] o.u.d.i.UserDaoImpl                      : List of loan number is: [1398970, 91398970]
2021-09-02 15:20:01.826  INFO chetuiwk0165 --- [nio-8080-exec-2] o.u.d.i.UserDaoImpl                      : For Getting Mailing Adress, Loan number entered is 
2021-09-02 15:20:03.572  INFO chetuiwk0165 --- [nio-8080-exec-2] o.u.d.i.UserDaoImpl                      : Mailing Adress is : 
2021-09-02 15:20:03.572  INFO chetuiwk0165 --- [nio-8080-exec-2] o.u.d.i.UserDaoImpl                      : For getting Loan Account details, Loan number entered is
2021-09-02 15:20:05.368  INFO chetuiwk0165 --- [nio-8080-exec-2] o.u.d.i.UserDaoImpl                      : Loan account details by loan number is :
2021-09-02 15:20:05.368  INFO chetuiwk0165 --- [nio-8080-exec-2] o.u.s.i.PhonepayCheckServiceImpl         : Entering into isThereAnActiveTodayPayment method
2021-09-02 15:20:05.368  INFO chetuiwk0165 --- [nio-8080-exec-2] o.u.d.i.UserDaoImpl                      : query active payments that the type is: Today
2021-09-02 15:20:21.328  INFO chetuiwk0165 --- [nio-8080-exec-2] o.u.s.i.PhonepayCheckServiceImpl         : No active today-type payment found.
2021-09-02 15:20:21.328  INFO chetuiwk0165 --- [nio-8080-exec-2] o.u.s.i.PhonepayCheckServiceImpl         : Entering into buildPaymentConfirmationNumber method
2021-09-02 15:20:21.329  INFO chetuiwk0165 --- [nio-8080-exec-2] o.u.d.i.UserDaoImpl                      : For getting Loan Account details, Loan number entered is
2021-09-02 15:20:23.094  INFO chetuiwk0165 --- [nio-8080-exec-2] o.u.d.i.UserDaoImpl                      : Loan account details by loan number is :
2021-09-02 15:20:23.094  INFO chetuiwk0165 --- [nio-8080-exec-2] o.u.s.i.PhonepayCheckServiceImpl         : Entering into isThereAnActiveTodayPayment method
2021-09-02 15:20:23.094  INFO chetuiwk0165 --- [nio-8080-exec-2] o.u.d.i.UserDaoImpl                      : query active payments that the type is: Today
2021-09-02 15:20:23.381  INFO chetuiwk0165 --- [nio-8080-exec-2] o.u.s.i.PhonepayCheckServiceImpl         : No active today-type payment found.
2021-09-02 15:20:23.381  INFO chetuiwk0165 --- [nio-8080-exec-2] o.u.s.i.PhonepayCheckServiceImpl         : Entering into buildPaymentConfirmationNumber method
2021-09-02 15:20:23.382  INFO chetuiwk0165 --- [nio-8080-exec-2] o.u.s.i.PhonepayCheckServiceImpl         : No active today-type payment found.
2021-09-02 15:20:24.323  INFO chetuiwk0165 --- [nio-8080-exec-2] o.u.s.i.PhonepayCheckServiceImpl         : Exit from getBorrowersInfo method
2021-09-02 15:21:09.960  INFO chetuiwk0165 --- [nio-8080-exec-5] o.u.c.BankingInfoController              : banking Info API called: BankingInfoRequest [routingNum=324377516]
2021-09-02 15:21:09.960  INFO chetuiwk0165 --- [nio-8080-exec-5] o.u.s.i.BankingInfoServiceImpl           : Entering into getBankingInfo method
2021-09-02 15:21:13.432  INFO chetuiwk0165 --- [nio-8080-exec-5] o.u.s.i.BankingInfoServiceImpl           : Exit from getBankingInfo method
2021-09-02 15:21:17.349  INFO chetuiwk0165 --- [nio-8080-exec-7] o.u.c.CheckStopFileExistanceController   : Cancel Payment Service API is called: 1398970
2021-09-02 15:21:17.350  INFO chetuiwk0165 --- [nio-8080-exec-7] .u.s.i.CheckStopFileExistanceServiceImpl : Entering into isLoanAccountInStopFile method with loan number : 1398970
2021-09-02 15:21:18.269  INFO chetuiwk0165 --- [nio-8080-exec-9] o.u.c.CheckStopFileExistanceController   : Cancel Payment Service API is called: 91398970
2021-09-02 15:21:18.269  INFO chetuiwk0165 --- [nio-8080-exec-9] .u.s.i.CheckStopFileExistanceServiceImpl : Entering into isLoanAccountInStopFile method with loan number : 91398970
2021-09-02 15:21:19.051  INFO chetuiwk0165 --- [nio-8080-exec-7] o.u.d.i.UserDaoImpl                      : loan account is not available in stopfile
2021-09-02 15:21:20.292  INFO chetuiwk0165 --- [nio-8080-exec-9] o.u.d.i.UserDaoImpl                      : loan account is not available in stopfile
2021-09-02 15:21:38.190  INFO chetuiwk0165 --- [nio-8080-exec-3] o.u.c.ScheduledCheckPaymentController    : scheduleCheckPayment API called: CheckPaymentRequest [loanNumber=1398970, pay=true, printedConfirmation=true, scheduledPayments=[org.uhc.envelop.request.ScheduledCheckPaymentRequest@5aaa2e77], schedulingPayment=org.uhc.envelop.request.ScheduledCheckPaymentRequest@572c3eb2, emailAddressList=[pradeepy@chetu.com]]
2021-09-02 15:21:38.191  INFO chetuiwk0165 --- [nio-8080-exec-3] o.u.d.i.UserDaoImpl                      : getUserByLoanNumber, loanNumber = 
2021-09-02 15:21:39.892  INFO chetuiwk0165 --- [nio-8080-exec-3] o.u.s.i.ScheduledCheckPaymentServiceImpl : User is not registred
2021-09-02 15:21:39.893  INFO chetuiwk0165 --- [nio-8080-exec-3] o.u.d.i.UserDaoImpl                      : For getting Loan Account details, Loan number entered is
2021-09-02 15:21:41.986  INFO chetuiwk0165 --- [nio-8080-exec-3] o.u.d.i.UserDaoImpl                      : Loan account details by loan number is :
2021-09-02 15:21:44.054  INFO chetuiwk0165 --- [nio-8080-exec-3] o.u.s.i.ScheduledCheckPaymentServiceImpl : Fee table details inserted successfully
2021-09-02 15:21:44.385  INFO chetuiwk0165 --- [nio-8080-exec-3] o.u.s.i.ScheduledCheckPaymentServiceImpl : Fee table details inserted successfully
2021-09-02 15:21:44.798  INFO chetuiwk0165 --- [nio-8080-exec-3] o.u.s.i.ScheduledCheckPaymentServiceImpl : Fee table details inserted successfully
2021-09-02 15:21:45.138  INFO chetuiwk0165 --- [nio-8080-exec-3] o.u.s.i.ScheduledCheckPaymentServiceImpl : Fee table details inserted successfully
2021-09-02 15:21:45.595  INFO chetuiwk0165 --- [nio-8080-exec-3] o.u.s.i.ScheduledCheckPaymentServiceImpl : Fee table details inserted successfully
2021-09-02 15:21:47.000  INFO chetuiwk0165 --- [nio-8080-exec-3] o.u.s.i.ScheduledCheckPaymentServiceImpl : Payment Advice details updated successfully
2021-09-02 15:21:52.724  INFO chetuiwk0165 --- [nio-8080-exec-6] o.u.c.PaymentAdviceController            : allPaymentAdviceAPI advice API called
2021-09-02 15:21:52.725  INFO chetuiwk0165 --- [nio-8080-exec-6] o.u.s.i.AllPaymentAdviceServiceImpl      : Entering into getAllPaymentAdviceDetails method
2021-09-02 15:21:53.199  INFO chetuiwk0165 --- [nio-8080-exec-6] o.u.d.i.UserDaoImpl                      : Loan Account List: Got payment advice details successfully 
2021-09-02 15:21:53.199  INFO chetuiwk0165 --- [nio-8080-exec-6] o.u.d.i.UserDaoImpl                      : The loan number, user name enterd is :
2021-09-02 15:21:54.907  INFO chetuiwk0165 --- [nio-8080-exec-6] o.u.d.i.UserDaoImpl                      : List of Borrower is: [org.uhc.dao.dto.BorrowerInfoDto@525ce2e7, org.uhc.dao.dto.BorrowerInfoDto@423f24cb]
2021-09-02 15:21:55.193  INFO chetuiwk0165 --- [nio-8080-exec-6] o.u.d.i.UserDaoImpl                      : Other Fee List : 
2021-09-02 15:22:02.285  INFO chetuiwk0165 --- [nio-8080-exec-7] o.u.c.PaymentAdviceController            : update payment advice API called
2021-09-02 15:22:02.736  INFO chetuiwk0165 --- [nio-8080-exec-7] o.u.s.i.UpdatePaymentAdviceServiceImpl   : Payment advice updated successfully
2021-09-02 15:22:04.153  INFO chetuiwk0165 --- [nio-8080-exec-9] o.u.c.PaymentAdviceController            : allPaymentAdviceAPI advice API called
2021-09-02 15:22:04.154  INFO chetuiwk0165 --- [nio-8080-exec-9] o.u.s.i.AllPaymentAdviceServiceImpl      : Entering into getAllPaymentAdviceDetails method
2021-09-02 15:22:04.445  INFO chetuiwk0165 --- [nio-8080-exec-9] o.u.d.i.UserDaoImpl                      : Loan Account List: Got payment advice details successfully 
2021-09-02 15:22:04.445  INFO chetuiwk0165 --- [nio-8080-exec-9] o.u.d.i.UserDaoImpl                      : The loan number, user name enterd is :
2021-09-02 15:22:06.141  INFO chetuiwk0165 --- [nio-8080-exec-9] o.u.d.i.UserDaoImpl                      : List of Borrower is: [org.uhc.dao.dto.BorrowerInfoDto@4e24b1ec, org.uhc.dao.dto.BorrowerInfoDto@40e34658]
2021-09-02 15:22:06.428  INFO chetuiwk0165 --- [nio-8080-exec-9] o.u.d.i.UserDaoImpl                      : Other Fee List : 
2021-09-02 15:22:10.899  INFO chetuiwk0165 --- [io-8080-exec-10] o.u.c.GetPaymentBatchController          : get payment batch API called
2021-09-02 15:22:10.900  INFO chetuiwk0165 --- [io-8080-exec-10] o.u.s.i.GetPaymentBatchServiceImpl       : Entering into getPaymentBatchDetails method
2021-09-02 15:22:10.900  INFO chetuiwk0165 --- [nio-8080-exec-3] o.u.c.PaymentsInProcessController        : get payments in process API called
2021-09-02 15:22:10.900  INFO chetuiwk0165 --- [nio-8080-exec-3] o.u.s.i.PaymentsInProcessServiceImpl     : Entering into getPaymentsInProcessList method
2021-09-02 15:22:11.193  INFO chetuiwk0165 --- [nio-8080-exec-3] o.u.d.i.UserDaoImpl                      : To loan number, user name enterd is :
2021-09-02 15:22:11.288 ERROR chetuiwk0165 --- [io-8080-exec-10] o.u.d.i.UserDaoImpl                      : could not get payment batch info
2021-09-02 15:22:11.289  INFO chetuiwk0165 --- [io-8080-exec-10] o.u.s.i.GetPaymentBatchServiceImpl       : Exit from getPaymentBatchDetails method
2021-09-02 15:22:12.909  INFO chetuiwk0165 --- [nio-8080-exec-3] o.u.d.i.UserDaoImpl                      : List of loan number is: [1398970, 91398970]
2021-09-02 15:22:12.909  INFO chetuiwk0165 --- [nio-8080-exec-3] o.u.d.i.UserDaoImpl                      : For getting Loan Account details, Loan number entered is
2021-09-02 15:22:14.656  INFO chetuiwk0165 --- [nio-8080-exec-3] o.u.d.i.UserDaoImpl                      : Loan account details by loan number is :
2021-09-02 15:22:14.656  INFO chetuiwk0165 --- [nio-8080-exec-3] o.u.d.i.UserDaoImpl                      : For getting Loan Account details, Loan number entered is
2021-09-02 15:22:16.398  INFO chetuiwk0165 --- [nio-8080-exec-3] o.u.d.i.UserDaoImpl                      : Loan account details by loan number is :
2021-09-02 15:22:16.683  INFO chetuiwk0165 --- [nio-8080-exec-3] o.u.d.i.UserDaoImpl                      : Other Fee List : 
2021-09-02 15:22:18.099  INFO chetuiwk0165 --- [nio-8080-exec-3] o.u.s.i.PaymentsInProcessServiceImpl     : Exit from getPaymentsInProcessList method
2021-09-02 15:22:21.645  INFO chetuiwk0165 --- [nio-8080-exec-6] o.u.c.ProcessPaymnetsController          : get process payments list API called
2021-09-02 15:22:21.645  INFO chetuiwk0165 --- [nio-8080-exec-6] o.u.s.i.GetProcessPaymentsListImpl       : Entering into getProcessPaymentsList method
2021-09-02 15:22:22.230  INFO chetuiwk0165 --- [nio-8080-exec-6] o.u.d.i.UserDaoImpl                      : Other Fee List : 
2021-09-02 15:22:23.676  INFO chetuiwk0165 --- [nio-8080-exec-6] o.u.s.i.GetProcessPaymentsListImpl       : DATA SENT TO PPS:
[org.uhc.dao.dto.GetProcessPaymentsListDto@2ae101c8]
2021-09-02 15:25:11.095  INFO chetuiwk0165 --- [nio-8080-exec-6] o.u.d.i.UserDaoImpl                      : Processed payments was successfully updated. Payment ID: [3382]
2021-09-02 15:25:11.096  INFO chetuiwk0165 --- [nio-8080-exec-6] o.u.s.i.GetProcessPaymentsListImpl       : count1
2021-09-02 15:25:11.096  INFO chetuiwk0165 --- [nio-8080-exec-6] o.u.s.i.GetProcessPaymentsListImpl       : Exit from getProcessPaymentsList method
2021-09-02 15:25:11.146  INFO chetuiwk0165 --- [nio-8080-exec-7] o.u.c.ProcessPaymnetsController          : get process payments Notification list API called
2021-09-02 15:25:11.176  INFO chetuiwk0165 --- [nio-8080-exec-1] o.u.c.ProcessPaymnetsController          : get process payments letter Notification list API called
2021-09-02 20:52:17.897  INFO chetuiwk0165 --- [           main] o.u.PhonePayAPIApplication               : Starting PhonePayAPIApplication on chetuiwk0165 with PID 3624 (E:\UtahHousingCorp-MGLD\PhonePayWorkspace_12April\PhonePayBackend\target\classes started by pradeepy in E:\UtahHousingCorp-MGLD\PhonePayWorkspace_12April\PhonePayBackend)
2021-09-02 20:52:17.900  INFO chetuiwk0165 --- [           main] o.u.PhonePayAPIApplication               : No active profile set, falling back to default profiles: default
2021-09-02 20:52:17.927  INFO chetuiwk0165 --- [           main] ationConfigEmbeddedWebApplicationContext : Refreshing org.springframework.boot.context.embedded.AnnotationConfigEmbeddedWebApplicationContext@5542c4ed: startup date [Thu Sep 02 20:52:17 IST 2021]; root of context hierarchy
2021-09-02 20:52:18.059  INFO chetuiwk0165 --- [kground-preinit] o.h.v.i.u.Version                        : HV000001: Hibernate Validator 5.3.5.Final
2021-09-02 20:52:19.134  INFO chetuiwk0165 --- [           main] s.b.c.e.t.TomcatEmbeddedServletContainer : Tomcat initialized with port(s): 8080 (http)
2021-09-02 20:52:19.145  INFO chetuiwk0165 --- [           main] o.a.c.c.StandardService                  : Starting service [Tomcat]
2021-09-02 20:52:19.146  INFO chetuiwk0165 --- [           main] o.a.c.c.StandardEngine                   : Starting Servlet Engine: Apache Tomcat/8.5.16
2021-09-02 20:52:19.234  INFO chetuiwk0165 --- [ost-startStop-1] o.a.c.c.C.[.[.[/]                        : Initializing Spring embedded WebApplicationContext
2021-09-02 20:52:19.234  INFO chetuiwk0165 --- [ost-startStop-1] o.s.w.c.ContextLoader                    : Root WebApplicationContext: initialization completed in 1309 ms
2021-09-02 20:52:19.345  INFO chetuiwk0165 --- [ost-startStop-1] o.s.b.w.s.FilterRegistrationBean         : Mapping filter: 'CORSFilter' to: [/*]
2021-09-02 20:52:19.345  INFO chetuiwk0165 --- [ost-startStop-1] o.s.b.w.s.FilterRegistrationBean         : Mapping filter: 'characterEncodingFilter' to: [/*]
2021-09-02 20:52:19.345  INFO chetuiwk0165 --- [ost-startStop-1] o.s.b.w.s.FilterRegistrationBean         : Mapping filter: 'hiddenHttpMethodFilter' to: [/*]
2021-09-02 20:52:19.345  INFO chetuiwk0165 --- [ost-startStop-1] o.s.b.w.s.FilterRegistrationBean         : Mapping filter: 'httpPutFormContentFilter' to: [/*]
2021-09-02 20:52:19.345  INFO chetuiwk0165 --- [ost-startStop-1] o.s.b.w.s.FilterRegistrationBean         : Mapping filter: 'requestContextFilter' to: [/*]
2021-09-02 20:52:19.346  INFO chetuiwk0165 --- [ost-startStop-1] .s.DelegatingFilterProxyRegistrationBean : Mapping filter: 'springSecurityFilterChain' to: [/*]
2021-09-02 20:52:19.346  INFO chetuiwk0165 --- [ost-startStop-1] o.s.b.w.s.ServletRegistrationBean        : Mapping servlet: 'dispatcherServlet' to [/]
2021-09-02 20:52:19.703  INFO chetuiwk0165 --- [           main] b.a.s.AuthenticationManagerConfiguration : 

Using default security password: 7126c768-ede2-47ea-8176-62bb6cc03e57

2021-09-02 20:52:19.793  INFO chetuiwk0165 --- [           main] o.s.s.w.DefaultSecurityFilterChain       : Creating filter chain: org.springframework.security.web.util.matcher.AnyRequestMatcher@1, [org.springframework.security.web.context.request.async.WebAsyncManagerIntegrationFilter@664e5dee, org.springframework.security.web.context.SecurityContextPersistenceFilter@7063686f, org.springframework.security.web.header.HeaderWriterFilter@4315e9af, org.springframework.security.web.authentication.logout.LogoutFilter@72d0f2b4, org.springframework.security.web.savedrequest.RequestCacheAwareFilter@76f856a8, org.springframework.security.web.servletapi.SecurityContextHolderAwareRequestFilter@3491e86e, org.springframework.security.web.authentication.AnonymousAuthenticationFilter@431f1eaf, org.springframework.security.web.session.SessionManagementFilter@4f966719, org.springframework.security.web.access.ExceptionTranslationFilter@69e05f61, org.springframework.security.web.access.intercept.FilterSecurityInterceptor@6107165]
2021-09-02 20:52:19.925  INFO chetuiwk0165 --- [           main] s.w.s.m.m.a.RequestMappingHandlerAdapter : Looking for @ControllerAdvice: org.springframework.boot.context.embedded.AnnotationConfigEmbeddedWebApplicationContext@5542c4ed: startup date [Thu Sep 02 20:52:17 IST 2021]; root of context hierarchy
2021-09-02 20:52:19.965  INFO chetuiwk0165 --- [           main] s.w.s.m.m.a.RequestMappingHandlerMapping : Mapped "{[/bankingInfo],methods=[POST]}" onto public java.lang.Object org.uhc.controller.BankingInfoController.bankingInfoAPI(org.uhc.envelop.request.BankingInfoRequest)
2021-09-02 20:52:19.967  INFO chetuiwk0165 --- [           main] s.w.s.m.m.a.RequestMappingHandlerMapping : Mapped "{[/cancelPayment],methods=[POST]}" onto public java.lang.Object org.uhc.controller.CancelPaymentController.cancelPaymentAPI(org.uhc.envelop.request.CancelPaymentRequest)
2021-09-02 20:52:19.967  INFO chetuiwk0165 --- [           main] s.w.s.m.m.a.RequestMappingHandlerMapping : Mapped "{[/isLoanExistStopFile/{loanNumber}],methods=[POST]}" onto public java.lang.Object org.uhc.controller.CheckStopFileExistanceController.isLoanAccountInStopFileAPI(long)
2021-09-02 20:52:19.968  INFO chetuiwk0165 --- [           main] s.w.s.m.m.a.RequestMappingHandlerMapping : Mapped "{[/getLastNames],methods=[POST]}" onto public java.lang.Object org.uhc.controller.GetNamesController.getLastNamesListAPI(org.uhc.envelop.request.GetNamesRequest)
2021-09-02 20:52:19.968  INFO chetuiwk0165 --- [           main] s.w.s.m.m.a.RequestMappingHandlerMapping : Mapped "{[/getFirstNames],methods=[POST]}" onto public java.lang.Object org.uhc.controller.GetNamesController.getFirstNamesListAPI(org.uhc.envelop.request.GetNamesRequest)
2021-09-02 20:52:19.968  INFO chetuiwk0165 --- [           main] s.w.s.m.m.a.RequestMappingHandlerMapping : Mapped "{[/getLastNamesForFirstAndLastName],methods=[POST]}" onto public java.lang.Object org.uhc.controller.GetNamesController.getLastNamesListByFirstAndLastNameAPI(org.uhc.envelop.request.GetNamesRequest)
2021-09-02 20:52:19.969  INFO chetuiwk0165 --- [           main] s.w.s.m.m.a.RequestMappingHandlerMapping : Mapped "{[/getFirstNamesForFirstAndLastName],methods=[POST]}" onto public java.lang.Object org.uhc.controller.GetNamesController.getFirstNamesListByFirstAndLastNameAPI(org.uhc.envelop.request.GetNamesRequest)
2021-09-02 20:52:19.969  INFO chetuiwk0165 --- [           main] s.w.s.m.m.a.RequestMappingHandlerMapping : Mapped "{[/getFirstAndLastNamesListForAutocomplete],methods=[POST]}" onto public java.lang.Object org.uhc.controller.GetNamesController.getFirstAndLastNamesListForAutocompleteAPI(org.uhc.envelop.request.GetNamesRequest)
2021-09-02 20:52:19.969  INFO chetuiwk0165 --- [           main] s.w.s.m.m.a.RequestMappingHandlerMapping : Mapped "{[/paymentBatch],methods=[POST]}" onto public java.lang.Object org.uhc.controller.GetPaymentBatchController.getPaymentBatchAPI()
2021-09-02 20:52:19.970  INFO chetuiwk0165 --- [           main] s.w.s.m.m.a.RequestMappingHandlerMapping : Mapped "{[/getScheduledPaymentList],methods=[POST]}" onto public java.lang.Object org.uhc.controller.GetScheduledPaymentListController.getScheduledPaymentListAPI()
2021-09-02 20:52:19.970  INFO chetuiwk0165 --- [           main] s.w.s.m.m.a.RequestMappingHandlerMapping : Mapped "{[/getStatisticDetails],methods=[POST]}" onto public java.lang.Object org.uhc.controller.GetStatisticDetailsController.getStatisticDetailsAPI(org.uhc.envelop.request.GetStatisticDetailsRequest)
2021-09-02 20:52:19.972  INFO chetuiwk0165 --- [           main] s.w.s.m.m.a.RequestMappingHandlerMapping : Mapped "{[/deletProcessAdvicePayment],methods=[POST]}" onto public java.lang.Object org.uhc.controller.PaymentAdviceController.deletProcessAdvicePaymentAPI(org.uhc.envelop.request.DeleteProcessAdvicePaymentReq)
2021-09-02 20:52:19.972  INFO chetuiwk0165 --- [           main] s.w.s.m.m.a.RequestMappingHandlerMapping : Mapped "{[/updatePaymentAdvice],methods=[POST]}" onto public java.lang.Object org.uhc.controller.PaymentAdviceController.updatePaymentAdviceAPI(org.uhc.envelop.request.UpdatePaymentAdviceReq)
2021-09-02 20:52:19.973  INFO chetuiwk0165 --- [           main] s.w.s.m.m.a.RequestMappingHandlerMapping : Mapped "{[/updatePaymentAdviceType],methods=[POST]}" onto public java.lang.Object org.uhc.controller.PaymentAdviceController.updatePaymentAdviceTypeAPI(org.uhc.envelop.request.UpdatePaymentAdviceTypeReq)
2021-09-02 20:52:19.973  INFO chetuiwk0165 --- [           main] s.w.s.m.m.a.RequestMappingHandlerMapping : Mapped "{[/allPaymentAdvice],methods=[POST]}" onto public java.lang.Object org.uhc.controller.PaymentAdviceController.allPaymentAdviceAPI()
2021-09-02 20:52:19.973  INFO chetuiwk0165 --- [           main] s.w.s.m.m.a.RequestMappingHandlerMapping : Mapped "{[/paymentAdvice],methods=[POST]}" onto public java.lang.Object org.uhc.controller.PaymentAdviceController.paymentAdviceAPI(org.uhc.envelop.request.PaymentAdviceReq)
2021-09-02 20:52:19.973  INFO chetuiwk0165 --- [           main] s.w.s.m.m.a.RequestMappingHandlerMapping : Mapped "{[/getPaymentsInProcess],methods=[POST]}" onto public java.lang.Object org.uhc.controller.PaymentsInProcessController.getPaymentsInProcessAPI()
2021-09-02 20:52:19.974  INFO chetuiwk0165 --- [           main] s.w.s.m.m.a.RequestMappingHandlerMapping : Mapped "{[/phonepayCheck/{loanNumber}],methods=[POST]}" onto public java.lang.Object org.uhc.controller.PhonepayCheckController.phonepayCheckAPI(long)
2021-09-02 20:52:19.975  INFO chetuiwk0165 --- [           main] s.w.s.m.m.a.RequestMappingHandlerMapping : Mapped "{[/getProcessPaymentsList],methods=[POST]}" onto public java.lang.Object org.uhc.controller.ProcessPaymnetsController.getProcessPaymentsListAPI()
2021-09-02 20:52:19.975  INFO chetuiwk0165 --- [           main] s.w.s.m.m.a.RequestMappingHandlerMapping : Mapped "{[/getProcessPaymentsNotificationList],methods=[POST]}" onto public java.lang.Object org.uhc.controller.ProcessPaymnetsController.getProcessPaymentsNotificationListAPI(org.uhc.envelop.request.ProcessPaymentSendEmailReq)
2021-09-02 20:52:19.975  INFO chetuiwk0165 --- [           main] s.w.s.m.m.a.RequestMappingHandlerMapping : Mapped "{[/getProcessPaymentsLetterNotificationList],methods=[POST]}" onto public java.lang.Object org.uhc.controller.ProcessPaymnetsController.getProcessPaymentsLetterNotificationListAPI(org.uhc.envelop.request.ProcessPaymentPrintLetterReq)
2021-09-02 20:52:19.976  INFO chetuiwk0165 --- [           main] s.w.s.m.m.a.RequestMappingHandlerMapping : Mapped "{[/getResearchPaymentDetails],methods=[POST]}" onto public java.lang.Object org.uhc.controller.ResearchPaymentController.getResearchPaymentInfoAPI(org.uhc.envelop.request.GetResearchPaymentRequest)
2021-09-02 20:52:19.976  INFO chetuiwk0165 --- [           main] s.w.s.m.m.a.RequestMappingHandlerMapping : Mapped "{[/researchPayment],methods=[POST]}" onto public java.lang.Object org.uhc.controller.ResearchPaymentController.researchPaymentInfoAPI(org.uhc.envelop.request.ResearchPaymentRequest)
2021-09-02 20:52:19.977  INFO chetuiwk0165 --- [           main] s.w.s.m.m.a.RequestMappingHandlerMapping : Mapped "{[/scheduleCheckPayment],methods=[POST]}" onto public java.lang.Object org.uhc.controller.ScheduledCheckPaymentController.scheduleCheckPaymentAPI(org.uhc.envelop.request.CheckPaymentRequest) throws java.lang.Exception
2021-09-02 20:52:19.977  INFO chetuiwk0165 --- [           main] s.w.s.m.m.a.RequestMappingHandlerMapping : Mapped "{[/validateUser],methods=[POST]}" onto public java.lang.Object org.uhc.controller.ValidateUserController.validateUserAPI(org.uhc.envelop.request.ValidateUserRequest)
2021-09-02 20:52:19.978  INFO chetuiwk0165 --- [           main] s.w.s.m.m.a.RequestMappingHandlerMapping : Mapped "{[/error]}" onto public org.springframework.http.ResponseEntity<java.util.Map<java.lang.String, java.lang.Object>> org.springframework.boot.autoconfigure.web.BasicErrorController.error(javax.servlet.http.HttpServletRequest)
2021-09-02 20:52:19.978  INFO chetuiwk0165 --- [           main] s.w.s.m.m.a.RequestMappingHandlerMapping : Mapped "{[/error],produces=[text/html]}" onto public org.springframework.web.servlet.ModelAndView org.springframework.boot.autoconfigure.web.BasicErrorController.errorHtml(javax.servlet.http.HttpServletRequest,javax.servlet.http.HttpServletResponse)
2021-09-02 20:52:19.992  INFO chetuiwk0165 --- [           main] o.s.w.s.h.SimpleUrlHandlerMapping        : Mapped URL path [/webjars/**] onto handler of type [class org.springframework.web.servlet.resource.ResourceHttpRequestHandler]
2021-09-02 20:52:19.992  INFO chetuiwk0165 --- [           main] o.s.w.s.h.SimpleUrlHandlerMapping        : Mapped URL path [/**] onto handler of type [class org.springframework.web.servlet.resource.ResourceHttpRequestHandler]
2021-09-02 20:52:20.012  INFO chetuiwk0165 --- [           main] o.s.w.s.h.SimpleUrlHandlerMapping        : Mapped URL path [/**/favicon.ico] onto handler of type [class org.springframework.web.servlet.resource.ResourceHttpRequestHandler]
2021-09-02 20:52:20.101  INFO chetuiwk0165 --- [           main] o.s.j.e.a.AnnotationMBeanExporter        : Registering beans for JMX exposure on startup
2021-09-02 20:52:20.111  INFO chetuiwk0165 --- [           main] o.a.c.h.Http11NioProtocol                : Initializing ProtocolHandler ["http-nio-8080"]
2021-09-02 20:52:20.119  INFO chetuiwk0165 --- [           main] o.a.c.h.Http11NioProtocol                : Starting ProtocolHandler ["http-nio-8080"]
2021-09-02 20:52:20.128  INFO chetuiwk0165 --- [           main] o.a.t.u.n.NioSelectorPool                : Using a shared selector for servlet write/read
2021-09-02 20:52:20.138  INFO chetuiwk0165 --- [           main] s.b.c.e.t.TomcatEmbeddedServletContainer : Tomcat started on port(s): 8080 (http)
2021-09-02 20:52:20.140  INFO chetuiwk0165 --- [           main] o.u.PhonePayAPIApplication               : Started PhonePayAPIApplication in 2.403 seconds (JVM running for 2.988)
