2021-06-07 07:31:11.191  INFO chetuiwk0165 --- [           main] o.u.PhonePayAPIApplication               : Starting PhonePayAPIApplication on chetuiwk0165 with PID 9648 (E:\UtahHousingCorp-MGLD\PhonePayWorkspace_12April\PhonePayBackend\target\classes started by pradeepy in E:\UtahHousingCorp-MGLD\PhonePayWorkspace_12April\PhonePayBackend)
2021-06-07 07:31:11.203  INFO chetuiwk0165 --- [           main] o.u.PhonePayAPIApplication               : No active profile set, falling back to default profiles: default
2021-06-07 07:31:11.229  INFO chetuiwk0165 --- [           main] ationConfigEmbeddedWebApplicationContext : Refreshing org.springframework.boot.context.embedded.AnnotationConfigEmbeddedWebApplicationContext@9d5509a: startup date [Mon Jun 07 07:31:11 IST 2021]; root of context hierarchy
2021-06-07 07:31:11.337  INFO chetuiwk0165 --- [kground-preinit] o.h.v.i.u.Version                        : HV000001: Hibernate Validator 5.3.5.Final
2021-06-07 07:31:12.472  INFO chetuiwk0165 --- [           main] s.b.c.e.t.TomcatEmbeddedServletContainer : Tomcat initialized with port(s): 8080 (http)
2021-06-07 07:31:12.492  INFO chetuiwk0165 --- [           main] o.a.c.c.StandardService                  : Starting service [Tomcat]
2021-06-07 07:31:12.493  INFO chetuiwk0165 --- [           main] o.a.c.c.StandardEngine                   : Starting Servlet Engine: Apache Tomcat/8.5.16
2021-06-07 07:31:12.621  INFO chetuiwk0165 --- [ost-startStop-1] o.a.c.c.C.[.[.[/]                        : Initializing Spring embedded WebApplicationContext
2021-06-07 07:31:12.621  INFO chetuiwk0165 --- [ost-startStop-1] o.s.w.c.ContextLoader                    : Root WebApplicationContext: initialization completed in 1394 ms
2021-06-07 07:31:12.729  INFO chetuiwk0165 --- [ost-startStop-1] o.s.b.w.s.FilterRegistrationBean         : Mapping filter: 'CORSFilter' to: [/*]
2021-06-07 07:31:12.729  INFO chetuiwk0165 --- [ost-startStop-1] o.s.b.w.s.FilterRegistrationBean         : Mapping filter: 'characterEncodingFilter' to: [/*]
2021-06-07 07:31:12.729  INFO chetuiwk0165 --- [ost-startStop-1] o.s.b.w.s.FilterRegistrationBean         : Mapping filter: 'hiddenHttpMethodFilter' to: [/*]
2021-06-07 07:31:12.729  INFO chetuiwk0165 --- [ost-startStop-1] o.s.b.w.s.FilterRegistrationBean         : Mapping filter: 'httpPutFormContentFilter' to: [/*]
2021-06-07 07:31:12.729  INFO chetuiwk0165 --- [ost-startStop-1] o.s.b.w.s.FilterRegistrationBean         : Mapping filter: 'requestContextFilter' to: [/*]
2021-06-07 07:31:12.730  INFO chetuiwk0165 --- [ost-startStop-1] .s.DelegatingFilterProxyRegistrationBean : Mapping filter: 'springSecurityFilterChain' to: [/*]
2021-06-07 07:31:12.730  INFO chetuiwk0165 --- [ost-startStop-1] o.s.b.w.s.ServletRegistrationBean        : Mapping servlet: 'dispatcherServlet' to [/]
2021-06-07 07:31:13.070  INFO chetuiwk0165 --- [           main] b.a.s.AuthenticationManagerConfiguration : 

Using default security password: 702bbc0d-de6f-47f5-82eb-c81cd815c884

2021-06-07 07:31:13.159  INFO chetuiwk0165 --- [           main] o.s.s.w.DefaultSecurityFilterChain       : Creating filter chain: org.springframework.security.web.util.matcher.AnyRequestMatcher@1, [org.springframework.security.web.context.request.async.WebAsyncManagerIntegrationFilter@3bdb2c78, org.springframework.security.web.context.SecurityContextPersistenceFilter@387bf2d9, org.springframework.security.web.header.HeaderWriterFilter@75308740, org.springframework.security.web.authentication.logout.LogoutFilter@431f1eaf, org.springframework.security.web.savedrequest.RequestCacheAwareFilter@5c20aab9, org.springframework.security.web.servletapi.SecurityContextHolderAwareRequestFilter@1640c151, org.springframework.security.web.authentication.AnonymousAuthenticationFilter@64693226, org.springframework.security.web.session.SessionManagementFilter@373f7450, org.springframework.security.web.access.ExceptionTranslationFilter@499683c4, org.springframework.security.web.access.intercept.FilterSecurityInterceptor@2f98635e]
2021-06-07 07:31:13.390  INFO chetuiwk0165 --- [           main] s.w.s.m.m.a.RequestMappingHandlerAdapter : Looking for @ControllerAdvice: org.springframework.boot.context.embedded.AnnotationConfigEmbeddedWebApplicationContext@9d5509a: startup date [Mon Jun 07 07:31:11 IST 2021]; root of context hierarchy
2021-06-07 07:31:13.653  INFO chetuiwk0165 --- [           main] s.w.s.m.m.a.RequestMappingHandlerMapping : Mapped "{[/bankingInfo],methods=[POST]}" onto public java.lang.Object org.uhc.controller.BankingInfoController.bankingInfoAPI(org.uhc.envelop.request.BankingInfoRequest)
2021-06-07 07:31:13.654  INFO chetuiwk0165 --- [           main] s.w.s.m.m.a.RequestMappingHandlerMapping : Mapped "{[/cancelPayment],methods=[POST]}" onto public java.lang.Object org.uhc.controller.CancelPaymentController.cancelPaymentAPI(org.uhc.envelop.request.CancelPaymentRequest)
2021-06-07 07:31:13.655  INFO chetuiwk0165 --- [           main] s.w.s.m.m.a.RequestMappingHandlerMapping : Mapped "{[/isLoanExistStopFile/{loanNumber}],methods=[POST]}" onto public java.lang.Object org.uhc.controller.CheckStopFileExistanceController.isLoanAccountInStopFileAPI(long)
2021-06-07 07:31:13.655  INFO chetuiwk0165 --- [           main] s.w.s.m.m.a.RequestMappingHandlerMapping : Mapped "{[/getFirstAndLastNamesListForAutocomplete],methods=[POST]}" onto public java.lang.Object org.uhc.controller.GetNamesController.getFirstAndLastNamesListForAutocompleteAPI(org.uhc.envelop.request.GetNamesRequest)
2021-06-07 07:31:13.656  INFO chetuiwk0165 --- [           main] s.w.s.m.m.a.RequestMappingHandlerMapping : Mapped "{[/getFirstNamesForFirstAndLastName],methods=[POST]}" onto public java.lang.Object org.uhc.controller.GetNamesController.getFirstNamesListByFirstAndLastNameAPI(org.uhc.envelop.request.GetNamesRequest)
2021-06-07 07:31:13.656  INFO chetuiwk0165 --- [           main] s.w.s.m.m.a.RequestMappingHandlerMapping : Mapped "{[/getLastNamesForFirstAndLastName],methods=[POST]}" onto public java.lang.Object org.uhc.controller.GetNamesController.getLastNamesListByFirstAndLastNameAPI(org.uhc.envelop.request.GetNamesRequest)
2021-06-07 07:31:13.656  INFO chetuiwk0165 --- [           main] s.w.s.m.m.a.RequestMappingHandlerMapping : Mapped "{[/getLastNames],methods=[POST]}" onto public java.lang.Object org.uhc.controller.GetNamesController.getLastNamesListAPI(org.uhc.envelop.request.GetNamesRequest)
2021-06-07 07:31:13.656  INFO chetuiwk0165 --- [           main] s.w.s.m.m.a.RequestMappingHandlerMapping : Mapped "{[/getFirstNames],methods=[POST]}" onto public java.lang.Object org.uhc.controller.GetNamesController.getFirstNamesListAPI(org.uhc.envelop.request.GetNamesRequest)
2021-06-07 07:31:13.657  INFO chetuiwk0165 --- [           main] s.w.s.m.m.a.RequestMappingHandlerMapping : Mapped "{[/paymentBatch],methods=[POST]}" onto public java.lang.Object org.uhc.controller.GetPaymentBatchController.getPaymentBatchAPI()
2021-06-07 07:31:13.657  INFO chetuiwk0165 --- [           main] s.w.s.m.m.a.RequestMappingHandlerMapping : Mapped "{[/getScheduledPaymentList],methods=[POST]}" onto public java.lang.Object org.uhc.controller.GetScheduledPaymentListController.getScheduledPaymentListAPI()
2021-06-07 07:31:13.657  INFO chetuiwk0165 --- [           main] s.w.s.m.m.a.RequestMappingHandlerMapping : Mapped "{[/getStatisticDetails],methods=[POST]}" onto public java.lang.Object org.uhc.controller.GetStatisticDetailsController.getStatisticDetailsAPI(org.uhc.envelop.request.GetStatisticDetailsRequest)
2021-06-07 07:31:13.660  INFO chetuiwk0165 --- [           main] s.w.s.m.m.a.RequestMappingHandlerMapping : Mapped "{[/paymentAdvice],methods=[POST]}" onto public java.lang.Object org.uhc.controller.PaymentAdviceController.paymentAdviceAPI(org.uhc.envelop.request.PaymentAdviceReq)
2021-06-07 07:31:13.660  INFO chetuiwk0165 --- [           main] s.w.s.m.m.a.RequestMappingHandlerMapping : Mapped "{[/allPaymentAdvice],methods=[POST]}" onto public java.lang.Object org.uhc.controller.PaymentAdviceController.allPaymentAdviceAPI()
2021-06-07 07:31:13.660  INFO chetuiwk0165 --- [           main] s.w.s.m.m.a.RequestMappingHandlerMapping : Mapped "{[/updatePaymentAdviceType],methods=[POST]}" onto public java.lang.Object org.uhc.controller.PaymentAdviceController.updatePaymentAdviceTypeAPI(org.uhc.envelop.request.UpdatePaymentAdviceTypeReq)
2021-06-07 07:31:13.660  INFO chetuiwk0165 --- [           main] s.w.s.m.m.a.RequestMappingHandlerMapping : Mapped "{[/deletProcessAdvicePayment],methods=[POST]}" onto public java.lang.Object org.uhc.controller.PaymentAdviceController.deletProcessAdvicePaymentAPI(org.uhc.envelop.request.DeleteProcessAdvicePaymentReq)
2021-06-07 07:31:13.661  INFO chetuiwk0165 --- [           main] s.w.s.m.m.a.RequestMappingHandlerMapping : Mapped "{[/updatePaymentAdvice],methods=[POST]}" onto public java.lang.Object org.uhc.controller.PaymentAdviceController.updatePaymentAdviceAPI(org.uhc.envelop.request.UpdatePaymentAdviceReq)
2021-06-07 07:31:13.661  INFO chetuiwk0165 --- [           main] s.w.s.m.m.a.RequestMappingHandlerMapping : Mapped "{[/getPaymentsInProcess],methods=[POST]}" onto public java.lang.Object org.uhc.controller.PaymentsInProcessController.getPaymentsInProcessAPI()
2021-06-07 07:31:13.661  INFO chetuiwk0165 --- [           main] s.w.s.m.m.a.RequestMappingHandlerMapping : Mapped "{[/phonepayCheck/{loanNumber}],methods=[POST]}" onto public java.lang.Object org.uhc.controller.PhonepayCheckController.phonepayCheckAPI(long)
2021-06-07 07:31:13.662  INFO chetuiwk0165 --- [           main] s.w.s.m.m.a.RequestMappingHandlerMapping : Mapped "{[/getProcessPaymentsList],methods=[POST]}" onto public java.lang.Object org.uhc.controller.ProcessPaymnetsController.getProcessPaymentsListAPI()
2021-06-07 07:31:13.663  INFO chetuiwk0165 --- [           main] s.w.s.m.m.a.RequestMappingHandlerMapping : Mapped "{[/researchPayment],methods=[POST]}" onto public java.lang.Object org.uhc.controller.ResearchPaymentController.researchPaymentInfoAPI(org.uhc.envelop.request.ResearchPaymentRequest)
2021-06-07 07:31:13.663  INFO chetuiwk0165 --- [           main] s.w.s.m.m.a.RequestMappingHandlerMapping : Mapped "{[/getResearchPaymentDetails],methods=[POST]}" onto public java.lang.Object org.uhc.controller.ResearchPaymentController.getResearchPaymentInfoAPI(org.uhc.envelop.request.GetResearchPaymentRequest)
2021-06-07 07:31:13.664  INFO chetuiwk0165 --- [           main] s.w.s.m.m.a.RequestMappingHandlerMapping : Mapped "{[/scheduleCheckPayment],methods=[POST]}" onto public java.lang.Object org.uhc.controller.ScheduledCheckPaymentController.scheduleCheckPaymentAPI(org.uhc.envelop.request.CheckPaymentRequest) throws java.lang.Exception
2021-06-07 07:31:13.664  INFO chetuiwk0165 --- [           main] s.w.s.m.m.a.RequestMappingHandlerMapping : Mapped "{[/validateUser],methods=[POST]}" onto public java.lang.Object org.uhc.controller.ValidateUserController.validateUserAPI(org.uhc.envelop.request.ValidateUserRequest)
2021-06-07 07:31:13.665  INFO chetuiwk0165 --- [           main] s.w.s.m.m.a.RequestMappingHandlerMapping : Mapped "{[/error]}" onto public org.springframework.http.ResponseEntity<java.util.Map<java.lang.String, java.lang.Object>> org.springframework.boot.autoconfigure.web.BasicErrorController.error(javax.servlet.http.HttpServletRequest)
2021-06-07 07:31:13.666  INFO chetuiwk0165 --- [           main] s.w.s.m.m.a.RequestMappingHandlerMapping : Mapped "{[/error],produces=[text/html]}" onto public org.springframework.web.servlet.ModelAndView org.springframework.boot.autoconfigure.web.BasicErrorController.errorHtml(javax.servlet.http.HttpServletRequest,javax.servlet.http.HttpServletResponse)
2021-06-07 07:31:13.707  INFO chetuiwk0165 --- [           main] o.s.w.s.h.SimpleUrlHandlerMapping        : Mapped URL path [/webjars/**] onto handler of type [class org.springframework.web.servlet.resource.ResourceHttpRequestHandler]
2021-06-07 07:31:13.707  INFO chetuiwk0165 --- [           main] o.s.w.s.h.SimpleUrlHandlerMapping        : Mapped URL path [/**] onto handler of type [class org.springframework.web.servlet.resource.ResourceHttpRequestHandler]
2021-06-07 07:31:13.755  INFO chetuiwk0165 --- [           main] o.s.w.s.h.SimpleUrlHandlerMapping        : Mapped URL path [/**/favicon.ico] onto handler of type [class org.springframework.web.servlet.resource.ResourceHttpRequestHandler]
2021-06-07 07:31:14.032  INFO chetuiwk0165 --- [           main] o.s.j.e.a.AnnotationMBeanExporter        : Registering beans for JMX exposure on startup
2021-06-07 07:31:14.055  INFO chetuiwk0165 --- [           main] o.a.c.h.Http11NioProtocol                : Initializing ProtocolHandler ["http-nio-8080"]
2021-06-07 07:31:14.062  INFO chetuiwk0165 --- [           main] o.a.c.h.Http11NioProtocol                : Starting ProtocolHandler ["http-nio-8080"]
2021-06-07 07:31:14.082  INFO chetuiwk0165 --- [           main] o.a.t.u.n.NioSelectorPool                : Using a shared selector for servlet write/read
2021-06-07 07:31:14.092  INFO chetuiwk0165 --- [           main] s.b.c.e.t.TomcatEmbeddedServletContainer : Tomcat started on port(s): 8080 (http)
2021-06-07 07:31:14.094  INFO chetuiwk0165 --- [           main] o.u.PhonePayAPIApplication               : Started PhonePayAPIApplication in 3.036 seconds (JVM running for 3.597)
