2021-08-07 20:17:05.081  INFO chetuiwk0165 --- [           main] o.u.PhonePayAPIApplication               : Starting PhonePayAPIApplication on chetuiwk0165 with PID 2264 (E:\UtahHousingCorp-MGLD\PhonePayWorkspace_12April\PhonePayBackend\target\classes started by pradeepy in E:\UtahHousingCorp-MGLD\PhonePayWorkspace_12April\PhonePayBackend)
2021-08-07 20:17:05.100  INFO chetuiwk0165 --- [           main] o.u.PhonePayAPIApplication               : No active profile set, falling back to default profiles: default
2021-08-07 20:17:05.135  INFO chetuiwk0165 --- [           main] ationConfigEmbeddedWebApplicationContext : Refreshing org.springframework.boot.context.embedded.AnnotationConfigEmbeddedWebApplicationContext@5542c4ed: startup date [Sat Aug 07 20:17:05 IST 2021]; root of context hierarchy
2021-08-07 20:17:05.273  INFO chetuiwk0165 --- [kground-preinit] o.h.v.i.u.Version                        : HV000001: Hibernate Validator 5.3.5.Final
2021-08-07 20:17:07.499  INFO chetuiwk0165 --- [           main] s.b.c.e.t.TomcatEmbeddedServletContainer : Tomcat initialized with port(s): 8080 (http)
2021-08-07 20:17:07.512  INFO chetuiwk0165 --- [           main] o.a.c.c.StandardService                  : Starting service [Tomcat]
2021-08-07 20:17:07.513  INFO chetuiwk0165 --- [           main] o.a.c.c.StandardEngine                   : Starting Servlet Engine: Apache Tomcat/8.5.16
2021-08-07 20:17:07.605  INFO chetuiwk0165 --- [ost-startStop-1] o.a.c.c.C.[.[.[/]                        : Initializing Spring embedded WebApplicationContext
2021-08-07 20:17:07.605  INFO chetuiwk0165 --- [ost-startStop-1] o.s.w.c.ContextLoader                    : Root WebApplicationContext: initialization completed in 2473 ms
2021-08-07 20:17:07.709  INFO chetuiwk0165 --- [ost-startStop-1] o.s.b.w.s.FilterRegistrationBean         : Mapping filter: 'CORSFilter' to: [/*]
2021-08-07 20:17:07.709  INFO chetuiwk0165 --- [ost-startStop-1] o.s.b.w.s.FilterRegistrationBean         : Mapping filter: 'characterEncodingFilter' to: [/*]
2021-08-07 20:17:07.710  INFO chetuiwk0165 --- [ost-startStop-1] o.s.b.w.s.FilterRegistrationBean         : Mapping filter: 'hiddenHttpMethodFilter' to: [/*]
2021-08-07 20:17:07.710  INFO chetuiwk0165 --- [ost-startStop-1] o.s.b.w.s.FilterRegistrationBean         : Mapping filter: 'httpPutFormContentFilter' to: [/*]
2021-08-07 20:17:07.710  INFO chetuiwk0165 --- [ost-startStop-1] o.s.b.w.s.FilterRegistrationBean         : Mapping filter: 'requestContextFilter' to: [/*]
2021-08-07 20:17:07.711  INFO chetuiwk0165 --- [ost-startStop-1] .s.DelegatingFilterProxyRegistrationBean : Mapping filter: 'springSecurityFilterChain' to: [/*]
2021-08-07 20:17:07.711  INFO chetuiwk0165 --- [ost-startStop-1] o.s.b.w.s.ServletRegistrationBean        : Mapping servlet: 'dispatcherServlet' to [/]
2021-08-07 20:17:08.098  INFO chetuiwk0165 --- [           main] b.a.s.AuthenticationManagerConfiguration : 

Using default security password: d24d46de-e2b6-475d-95df-a8363a23e8d7

2021-08-07 20:17:08.194  INFO chetuiwk0165 --- [           main] o.s.s.w.DefaultSecurityFilterChain       : Creating filter chain: org.springframework.security.web.util.matcher.AnyRequestMatcher@1, [org.springframework.security.web.context.request.async.WebAsyncManagerIntegrationFilter@68217d41, org.springframework.security.web.context.SecurityContextPersistenceFilter@118102ee, org.springframework.security.web.header.HeaderWriterFilter@3491e86e, org.springframework.security.web.authentication.logout.LogoutFilter@3874b815, org.springframework.security.web.savedrequest.RequestCacheAwareFilter@771d1ffb, org.springframework.security.web.servletapi.SecurityContextHolderAwareRequestFilter@7e1f584d, org.springframework.security.web.authentication.AnonymousAuthenticationFilter@1ac45389, org.springframework.security.web.session.SessionManagementFilter@2eaef76d, org.springframework.security.web.access.ExceptionTranslationFilter@174e1b69, org.springframework.security.web.access.intercept.FilterSecurityInterceptor@56078cea]
2021-08-07 20:17:08.343  INFO chetuiwk0165 --- [           main] s.w.s.m.m.a.RequestMappingHandlerAdapter : Looking for @ControllerAdvice: org.springframework.boot.context.embedded.AnnotationConfigEmbeddedWebApplicationContext@5542c4ed: startup date [Sat Aug 07 20:17:05 IST 2021]; root of context hierarchy
2021-08-07 20:17:08.391  INFO chetuiwk0165 --- [           main] s.w.s.m.m.a.RequestMappingHandlerMapping : Mapped "{[/bankingInfo],methods=[POST]}" onto public java.lang.Object org.uhc.controller.BankingInfoController.bankingInfoAPI(org.uhc.envelop.request.BankingInfoRequest)
2021-08-07 20:17:08.393  INFO chetuiwk0165 --- [           main] s.w.s.m.m.a.RequestMappingHandlerMapping : Mapped "{[/cancelPayment],methods=[POST]}" onto public java.lang.Object org.uhc.controller.CancelPaymentController.cancelPaymentAPI(org.uhc.envelop.request.CancelPaymentRequest)
2021-08-07 20:17:08.393  INFO chetuiwk0165 --- [           main] s.w.s.m.m.a.RequestMappingHandlerMapping : Mapped "{[/isLoanExistStopFile/{loanNumber}],methods=[POST]}" onto public java.lang.Object org.uhc.controller.CheckStopFileExistanceController.isLoanAccountInStopFileAPI(long)
2021-08-07 20:17:08.394  INFO chetuiwk0165 --- [           main] s.w.s.m.m.a.RequestMappingHandlerMapping : Mapped "{[/getFirstNames],methods=[POST]}" onto public java.lang.Object org.uhc.controller.GetNamesController.getFirstNamesListAPI(org.uhc.envelop.request.GetNamesRequest)
2021-08-07 20:17:08.394  INFO chetuiwk0165 --- [           main] s.w.s.m.m.a.RequestMappingHandlerMapping : Mapped "{[/getLastNames],methods=[POST]}" onto public java.lang.Object org.uhc.controller.GetNamesController.getLastNamesListAPI(org.uhc.envelop.request.GetNamesRequest)
2021-08-07 20:17:08.395  INFO chetuiwk0165 --- [           main] s.w.s.m.m.a.RequestMappingHandlerMapping : Mapped "{[/getLastNamesForFirstAndLastName],methods=[POST]}" onto public java.lang.Object org.uhc.controller.GetNamesController.getLastNamesListByFirstAndLastNameAPI(org.uhc.envelop.request.GetNamesRequest)
2021-08-07 20:17:08.395  INFO chetuiwk0165 --- [           main] s.w.s.m.m.a.RequestMappingHandlerMapping : Mapped "{[/getFirstNamesForFirstAndLastName],methods=[POST]}" onto public java.lang.Object org.uhc.controller.GetNamesController.getFirstNamesListByFirstAndLastNameAPI(org.uhc.envelop.request.GetNamesRequest)
2021-08-07 20:17:08.395  INFO chetuiwk0165 --- [           main] s.w.s.m.m.a.RequestMappingHandlerMapping : Mapped "{[/getFirstAndLastNamesListForAutocomplete],methods=[POST]}" onto public java.lang.Object org.uhc.controller.GetNamesController.getFirstAndLastNamesListForAutocompleteAPI(org.uhc.envelop.request.GetNamesRequest)
2021-08-07 20:17:08.396  INFO chetuiwk0165 --- [           main] s.w.s.m.m.a.RequestMappingHandlerMapping : Mapped "{[/paymentBatch],methods=[POST]}" onto public java.lang.Object org.uhc.controller.GetPaymentBatchController.getPaymentBatchAPI()
2021-08-07 20:17:08.396  INFO chetuiwk0165 --- [           main] s.w.s.m.m.a.RequestMappingHandlerMapping : Mapped "{[/getScheduledPaymentList],methods=[POST]}" onto public java.lang.Object org.uhc.controller.GetScheduledPaymentListController.getScheduledPaymentListAPI()
2021-08-07 20:17:08.397  INFO chetuiwk0165 --- [           main] s.w.s.m.m.a.RequestMappingHandlerMapping : Mapped "{[/getStatisticDetails],methods=[POST]}" onto public java.lang.Object org.uhc.controller.GetStatisticDetailsController.getStatisticDetailsAPI(org.uhc.envelop.request.GetStatisticDetailsRequest)
2021-08-07 20:17:08.399  INFO chetuiwk0165 --- [           main] s.w.s.m.m.a.RequestMappingHandlerMapping : Mapped "{[/updatePaymentAdviceType],methods=[POST]}" onto public java.lang.Object org.uhc.controller.PaymentAdviceController.updatePaymentAdviceTypeAPI(org.uhc.envelop.request.UpdatePaymentAdviceTypeReq)
2021-08-07 20:17:08.400  INFO chetuiwk0165 --- [           main] s.w.s.m.m.a.RequestMappingHandlerMapping : Mapped "{[/updatePaymentAdvice],methods=[POST]}" onto public java.lang.Object org.uhc.controller.PaymentAdviceController.updatePaymentAdviceAPI(org.uhc.envelop.request.UpdatePaymentAdviceReq)
2021-08-07 20:17:08.400  INFO chetuiwk0165 --- [           main] s.w.s.m.m.a.RequestMappingHandlerMapping : Mapped "{[/deletProcessAdvicePayment],methods=[POST]}" onto public java.lang.Object org.uhc.controller.PaymentAdviceController.deletProcessAdvicePaymentAPI(org.uhc.envelop.request.DeleteProcessAdvicePaymentReq)
2021-08-07 20:17:08.400  INFO chetuiwk0165 --- [           main] s.w.s.m.m.a.RequestMappingHandlerMapping : Mapped "{[/allPaymentAdvice],methods=[POST]}" onto public java.lang.Object org.uhc.controller.PaymentAdviceController.allPaymentAdviceAPI()
2021-08-07 20:17:08.401  INFO chetuiwk0165 --- [           main] s.w.s.m.m.a.RequestMappingHandlerMapping : Mapped "{[/paymentAdvice],methods=[POST]}" onto public java.lang.Object org.uhc.controller.PaymentAdviceController.paymentAdviceAPI(org.uhc.envelop.request.PaymentAdviceReq)
2021-08-07 20:17:08.401  INFO chetuiwk0165 --- [           main] s.w.s.m.m.a.RequestMappingHandlerMapping : Mapped "{[/getPaymentsInProcess],methods=[POST]}" onto public java.lang.Object org.uhc.controller.PaymentsInProcessController.getPaymentsInProcessAPI()
2021-08-07 20:17:08.402  INFO chetuiwk0165 --- [           main] s.w.s.m.m.a.RequestMappingHandlerMapping : Mapped "{[/phonepayCheck/{loanNumber}],methods=[POST]}" onto public java.lang.Object org.uhc.controller.PhonepayCheckController.phonepayCheckAPI(long)
2021-08-07 20:17:08.404  INFO chetuiwk0165 --- [           main] s.w.s.m.m.a.RequestMappingHandlerMapping : Mapped "{[/getProcessPaymentsList],methods=[POST]}" onto public java.lang.Object org.uhc.controller.ProcessPaymnetsController.getProcessPaymentsListAPI()
2021-08-07 20:17:08.404  INFO chetuiwk0165 --- [           main] s.w.s.m.m.a.RequestMappingHandlerMapping : Mapped "{[/getProcessPaymentsNotificationList],methods=[POST]}" onto public java.lang.Object org.uhc.controller.ProcessPaymnetsController.getProcessPaymentsNotificationListAPI(org.uhc.envelop.request.ProcessPaymentSendEmailReq)
2021-08-07 20:17:08.405  INFO chetuiwk0165 --- [           main] s.w.s.m.m.a.RequestMappingHandlerMapping : Mapped "{[/getProcessPaymentsLetterNotificationList],methods=[POST]}" onto public java.lang.Object org.uhc.controller.ProcessPaymnetsController.getProcessPaymentsLetterNotificationListAPI(org.uhc.envelop.request.ProcessPaymentPrintLetterReq)
2021-08-07 20:17:08.405  INFO chetuiwk0165 --- [           main] s.w.s.m.m.a.RequestMappingHandlerMapping : Mapped "{[/researchPayment],methods=[POST]}" onto public java.lang.Object org.uhc.controller.ResearchPaymentController.researchPaymentInfoAPI(org.uhc.envelop.request.ResearchPaymentRequest)
2021-08-07 20:17:08.406  INFO chetuiwk0165 --- [           main] s.w.s.m.m.a.RequestMappingHandlerMapping : Mapped "{[/getResearchPaymentDetails],methods=[POST]}" onto public java.lang.Object org.uhc.controller.ResearchPaymentController.getResearchPaymentInfoAPI(org.uhc.envelop.request.GetResearchPaymentRequest)
2021-08-07 20:17:08.406  INFO chetuiwk0165 --- [           main] s.w.s.m.m.a.RequestMappingHandlerMapping : Mapped "{[/scheduleCheckPayment],methods=[POST]}" onto public java.lang.Object org.uhc.controller.ScheduledCheckPaymentController.scheduleCheckPaymentAPI(org.uhc.envelop.request.CheckPaymentRequest) throws java.lang.Exception
2021-08-07 20:17:08.407  INFO chetuiwk0165 --- [           main] s.w.s.m.m.a.RequestMappingHandlerMapping : Mapped "{[/validateUser],methods=[POST]}" onto public java.lang.Object org.uhc.controller.ValidateUserController.validateUserAPI(org.uhc.envelop.request.ValidateUserRequest)
2021-08-07 20:17:08.408  INFO chetuiwk0165 --- [           main] s.w.s.m.m.a.RequestMappingHandlerMapping : Mapped "{[/error]}" onto public org.springframework.http.ResponseEntity<java.util.Map<java.lang.String, java.lang.Object>> org.springframework.boot.autoconfigure.web.BasicErrorController.error(javax.servlet.http.HttpServletRequest)
2021-08-07 20:17:08.408  INFO chetuiwk0165 --- [           main] s.w.s.m.m.a.RequestMappingHandlerMapping : Mapped "{[/error],produces=[text/html]}" onto public org.springframework.web.servlet.ModelAndView org.springframework.boot.autoconfigure.web.BasicErrorController.errorHtml(javax.servlet.http.HttpServletRequest,javax.servlet.http.HttpServletResponse)
2021-08-07 20:17:08.426  INFO chetuiwk0165 --- [           main] o.s.w.s.h.SimpleUrlHandlerMapping        : Mapped URL path [/webjars/**] onto handler of type [class org.springframework.web.servlet.resource.ResourceHttpRequestHandler]
2021-08-07 20:17:08.426  INFO chetuiwk0165 --- [           main] o.s.w.s.h.SimpleUrlHandlerMapping        : Mapped URL path [/**] onto handler of type [class org.springframework.web.servlet.resource.ResourceHttpRequestHandler]
2021-08-07 20:17:08.451  INFO chetuiwk0165 --- [           main] o.s.w.s.h.SimpleUrlHandlerMapping        : Mapped URL path [/**/favicon.ico] onto handler of type [class org.springframework.web.servlet.resource.ResourceHttpRequestHandler]
2021-08-07 20:17:08.541  INFO chetuiwk0165 --- [           main] o.s.j.e.a.AnnotationMBeanExporter        : Registering beans for JMX exposure on startup
2021-08-07 20:17:08.551  INFO chetuiwk0165 --- [           main] o.a.c.h.Http11NioProtocol                : Initializing ProtocolHandler ["http-nio-8080"]
2021-08-07 20:17:08.561  INFO chetuiwk0165 --- [           main] o.a.c.h.Http11NioProtocol                : Starting ProtocolHandler ["http-nio-8080"]
2021-08-07 20:17:08.585  INFO chetuiwk0165 --- [           main] o.a.t.u.n.NioSelectorPool                : Using a shared selector for servlet write/read
2021-08-07 20:17:08.649  INFO chetuiwk0165 --- [           main] s.b.c.e.t.TomcatEmbeddedServletContainer : Tomcat started on port(s): 8080 (http)
2021-08-07 20:17:08.651  INFO chetuiwk0165 --- [           main] o.u.PhonePayAPIApplication               : Started PhonePayAPIApplication in 3.766 seconds (JVM running for 4.855)
2021-08-07 20:19:52.563  INFO chetuiwk0165 --- [nio-8080-exec-1] o.a.c.c.C.[.[.[/]                        : Initializing Spring FrameworkServlet 'dispatcherServlet'
2021-08-07 20:19:52.563  INFO chetuiwk0165 --- [nio-8080-exec-1] o.s.w.s.DispatcherServlet                : FrameworkServlet 'dispatcherServlet': initialization started
2021-08-07 20:19:52.575  INFO chetuiwk0165 --- [nio-8080-exec-1] o.s.w.s.DispatcherServlet                : FrameworkServlet 'dispatcherServlet': initialization completed in 12 ms
2021-08-07 20:19:52.608  INFO chetuiwk0165 --- [nio-8080-exec-1] o.u.c.PaymentAdviceController            : allPaymentAdviceAPI advice API called
2021-08-07 20:19:52.609  INFO chetuiwk0165 --- [nio-8080-exec-1] o.u.s.i.AllPaymentAdviceServiceImpl      : Entering into getAllPaymentAdviceDetails method
2021-08-07 20:19:52.619  INFO chetuiwk0165 --- [nio-8080-exec-1] o.u.d.i.UserDaoImpl                      : Entering into getAllPaymentAdviceDetails method
2021-08-07 20:20:05.017  INFO chetuiwk0165 --- [nio-8080-exec-1] o.u.d.i.UserDaoImpl                      : Loan Account List: Loan account not found 
2021-08-07 20:20:05.017  INFO chetuiwk0165 --- [nio-8080-exec-1] o.u.d.i.UserDaoImpl                      : Exit from getPaymentAdviceDetails method
2021-08-07 20:20:05.017 ERROR chetuiwk0165 --- [nio-8080-exec-1] o.u.s.i.AllPaymentAdviceServiceImpl      : could not get payment advice details
2021-08-07 20:29:41.614  INFO chetuiwk0165 --- [nio-8080-exec-6] o.u.c.PaymentsInProcessController        : get payments in process API called
2021-08-07 20:29:41.614  INFO chetuiwk0165 --- [nio-8080-exec-6] o.u.s.i.PaymentsInProcessServiceImpl     : Entering into getPaymentsInProcessList method
2021-08-07 20:29:41.615  INFO chetuiwk0165 --- [nio-8080-exec-6] o.u.d.i.UserDaoImpl                      : Entering into getPaymentsInProcessList method
2021-08-07 20:29:41.615  INFO chetuiwk0165 --- [nio-8080-exec-5] o.u.c.GetPaymentBatchController          : get payment batch API called
2021-08-07 20:29:41.616  INFO chetuiwk0165 --- [nio-8080-exec-5] o.u.s.i.GetProcessPaymentsListImpl       : Entering into getPaymentBatchDetails method
2021-08-07 20:29:41.616  INFO chetuiwk0165 --- [nio-8080-exec-5] o.u.d.i.UserDaoImpl                      : Entering Into getPaymentBatchDetails method
2021-08-07 20:29:41.924  INFO chetuiwk0165 --- [nio-8080-exec-6] o.u.d.i.UserDaoImpl                      : Exit from getPaymentsInProcessList method
2021-08-07 20:29:41.925  INFO chetuiwk0165 --- [nio-8080-exec-6] o.u.d.i.UserDaoImpl                      : Entering into getLoanAccountsByLoanNumber method
2021-08-07 20:29:41.925  INFO chetuiwk0165 --- [nio-8080-exec-6] o.u.d.i.UserDaoImpl                      : To loan number, user name enterd is :1038060
2021-08-07 20:29:41.925  INFO chetuiwk0165 --- [nio-8080-exec-5] o.u.d.i.UserDaoImpl                      : Exit From getPaymentBatchDetails method
2021-08-07 20:29:41.925  INFO chetuiwk0165 --- [nio-8080-exec-5] o.u.s.i.GetProcessPaymentsListImpl       : Exit from getPaymentBatchDetails method
2021-08-07 20:30:13.354  INFO chetuiwk0165 --- [nio-8080-exec-6] o.u.d.i.UserDaoImpl                      : List of loan number is: [1038060, 91038060]
2021-08-07 20:30:13.355  INFO chetuiwk0165 --- [nio-8080-exec-6] o.u.d.i.UserDaoImpl                      : Exit from getLoanAccountsByLoanNumber method1038060
2021-08-07 20:30:13.355  INFO chetuiwk0165 --- [nio-8080-exec-6] o.u.d.i.UserDaoImpl                      : Entering into getLoanAccountDetailsByLoanNum method
2021-08-07 20:30:13.355  INFO chetuiwk0165 --- [nio-8080-exec-6] o.u.d.i.UserDaoImpl                      : For getting Loan Account details, Loan number entered is
2021-08-07 20:30:15.134  INFO chetuiwk0165 --- [nio-8080-exec-6] o.u.d.i.UserDaoImpl                      : Loan account details by loan number is :
2021-08-07 20:30:15.135  INFO chetuiwk0165 --- [nio-8080-exec-6] o.u.d.i.UserDaoImpl                      : Exit from getLoanAccountDetailsByLoanNum method
2021-08-07 20:30:15.135  INFO chetuiwk0165 --- [nio-8080-exec-6] o.u.d.i.UserDaoImpl                      : Entering into getLoanAccountDetailsByLoanNum method
2021-08-07 20:30:15.135  INFO chetuiwk0165 --- [nio-8080-exec-6] o.u.d.i.UserDaoImpl                      : For getting Loan Account details, Loan number entered is
2021-08-07 20:30:17.022  INFO chetuiwk0165 --- [nio-8080-exec-6] o.u.d.i.UserDaoImpl                      : Loan account details by loan number is :
2021-08-07 20:30:17.022  INFO chetuiwk0165 --- [nio-8080-exec-6] o.u.d.i.UserDaoImpl                      : Exit from getLoanAccountDetailsByLoanNum method
2021-08-07 20:30:17.023  INFO chetuiwk0165 --- [nio-8080-exec-6] o.u.d.i.UserDaoImpl                      : Entering into getOtherFeeListForPayment method
2021-08-07 20:30:17.316  INFO chetuiwk0165 --- [nio-8080-exec-6] o.u.d.i.UserDaoImpl                      : Other Fee List : 
2021-08-07 20:30:17.316  INFO chetuiwk0165 --- [nio-8080-exec-6] o.u.d.i.UserDaoImpl                      : Exit from getOtherFeeListForPayment method
2021-08-07 20:30:17.316  INFO chetuiwk0165 --- [nio-8080-exec-6] o.u.d.i.UserDaoImpl                      : Entering Into getFeeNameByFeeId method
2021-08-07 20:30:17.604  INFO chetuiwk0165 --- [nio-8080-exec-6] o.u.d.i.UserDaoImpl                      : Exit From getFeeNameByFeeId method
2021-08-07 20:30:17.604  INFO chetuiwk0165 --- [nio-8080-exec-6] o.u.d.i.UserDaoImpl                      : Entering Into getFeeNameByFeeId method
2021-08-07 20:30:17.888  INFO chetuiwk0165 --- [nio-8080-exec-6] o.u.d.i.UserDaoImpl                      : Exit From getFeeNameByFeeId method
2021-08-07 20:30:17.888  INFO chetuiwk0165 --- [nio-8080-exec-6] o.u.d.i.UserDaoImpl                      : Entering Into getFeeNameByFeeId method
2021-08-07 20:30:18.176  INFO chetuiwk0165 --- [nio-8080-exec-6] o.u.d.i.UserDaoImpl                      : Exit From getFeeNameByFeeId method
2021-08-07 20:30:18.176  INFO chetuiwk0165 --- [nio-8080-exec-6] o.u.d.i.UserDaoImpl                      : Entering Into getFeeNameByFeeId method
2021-08-07 20:30:18.467  INFO chetuiwk0165 --- [nio-8080-exec-6] o.u.d.i.UserDaoImpl                      : Exit From getFeeNameByFeeId method
2021-08-07 20:30:18.467  INFO chetuiwk0165 --- [nio-8080-exec-6] o.u.d.i.UserDaoImpl                      : Entering Into getFeeNameByFeeId method
2021-08-07 20:30:18.753  INFO chetuiwk0165 --- [nio-8080-exec-6] o.u.d.i.UserDaoImpl                      : Exit From getFeeNameByFeeId method
2021-08-07 20:30:18.753  INFO chetuiwk0165 --- [nio-8080-exec-6] o.u.d.i.UserDaoImpl                      : Entering Into getFeeNameByFeeId method
2021-08-07 20:30:19.042  INFO chetuiwk0165 --- [nio-8080-exec-6] o.u.d.i.UserDaoImpl                      : Exit From getFeeNameByFeeId method
2021-08-07 20:30:19.042  INFO chetuiwk0165 --- [nio-8080-exec-6] o.u.d.i.UserDaoImpl                      : Entering into getLoanAccountsByLoanNumber method
2021-08-07 20:30:19.042  INFO chetuiwk0165 --- [nio-8080-exec-6] o.u.d.i.UserDaoImpl                      : To loan number, user name enterd is :1218720
2021-08-07 20:30:20.794  INFO chetuiwk0165 --- [nio-8080-exec-6] o.u.d.i.UserDaoImpl                      : List of loan number is: [1218720, 91218720]
2021-08-07 20:30:20.795  INFO chetuiwk0165 --- [nio-8080-exec-6] o.u.d.i.UserDaoImpl                      : Exit from getLoanAccountsByLoanNumber method1218720
2021-08-07 20:30:20.795  INFO chetuiwk0165 --- [nio-8080-exec-6] o.u.d.i.UserDaoImpl                      : Entering into getLoanAccountDetailsByLoanNum method
2021-08-07 20:30:20.795  INFO chetuiwk0165 --- [nio-8080-exec-6] o.u.d.i.UserDaoImpl                      : For getting Loan Account details, Loan number entered is
2021-08-07 20:30:22.552  INFO chetuiwk0165 --- [nio-8080-exec-6] o.u.d.i.UserDaoImpl                      : Loan account details by loan number is :
2021-08-07 20:30:22.552  INFO chetuiwk0165 --- [nio-8080-exec-6] o.u.d.i.UserDaoImpl                      : Exit from getLoanAccountDetailsByLoanNum method
2021-08-07 20:30:22.552  INFO chetuiwk0165 --- [nio-8080-exec-6] o.u.d.i.UserDaoImpl                      : Entering into getLoanAccountDetailsByLoanNum method
2021-08-07 20:30:22.552  INFO chetuiwk0165 --- [nio-8080-exec-6] o.u.d.i.UserDaoImpl                      : For getting Loan Account details, Loan number entered is
2021-08-07 20:30:24.316  INFO chetuiwk0165 --- [nio-8080-exec-6] o.u.d.i.UserDaoImpl                      : Loan account details by loan number is :
2021-08-07 20:30:24.316  INFO chetuiwk0165 --- [nio-8080-exec-6] o.u.d.i.UserDaoImpl                      : Exit from getLoanAccountDetailsByLoanNum method
2021-08-07 20:30:24.317  INFO chetuiwk0165 --- [nio-8080-exec-6] o.u.d.i.UserDaoImpl                      : Entering into getOtherFeeListForPayment method
2021-08-07 20:30:24.603  INFO chetuiwk0165 --- [nio-8080-exec-6] o.u.d.i.UserDaoImpl                      : Other Fee List : 
2021-08-07 20:30:24.603  INFO chetuiwk0165 --- [nio-8080-exec-6] o.u.d.i.UserDaoImpl                      : Exit from getOtherFeeListForPayment method
2021-08-07 20:30:24.603  INFO chetuiwk0165 --- [nio-8080-exec-6] o.u.d.i.UserDaoImpl                      : Entering Into getFeeNameByFeeId method
2021-08-07 20:30:24.891  INFO chetuiwk0165 --- [nio-8080-exec-6] o.u.d.i.UserDaoImpl                      : Exit From getFeeNameByFeeId method
2021-08-07 20:30:24.891  INFO chetuiwk0165 --- [nio-8080-exec-6] o.u.d.i.UserDaoImpl                      : Entering Into getFeeNameByFeeId method
2021-08-07 20:30:25.180  INFO chetuiwk0165 --- [nio-8080-exec-6] o.u.d.i.UserDaoImpl                      : Exit From getFeeNameByFeeId method
2021-08-07 20:30:25.180  INFO chetuiwk0165 --- [nio-8080-exec-6] o.u.d.i.UserDaoImpl                      : Entering Into getFeeNameByFeeId method
2021-08-07 20:30:25.466  INFO chetuiwk0165 --- [nio-8080-exec-6] o.u.d.i.UserDaoImpl                      : Exit From getFeeNameByFeeId method
2021-08-07 20:30:25.466  INFO chetuiwk0165 --- [nio-8080-exec-6] o.u.d.i.UserDaoImpl                      : Entering Into getFeeNameByFeeId method
2021-08-07 20:30:25.755  INFO chetuiwk0165 --- [nio-8080-exec-6] o.u.d.i.UserDaoImpl                      : Exit From getFeeNameByFeeId method
2021-08-07 20:30:25.756  INFO chetuiwk0165 --- [nio-8080-exec-6] o.u.d.i.UserDaoImpl                      : Entering Into getFeeNameByFeeId method
2021-08-07 20:30:26.042  INFO chetuiwk0165 --- [nio-8080-exec-6] o.u.d.i.UserDaoImpl                      : Exit From getFeeNameByFeeId method
2021-08-07 20:30:26.043  INFO chetuiwk0165 --- [nio-8080-exec-6] o.u.d.i.UserDaoImpl                      : Entering Into getFeeNameByFeeId method
2021-08-07 20:30:26.328  INFO chetuiwk0165 --- [nio-8080-exec-6] o.u.d.i.UserDaoImpl                      : Exit From getFeeNameByFeeId method
2021-08-07 20:30:26.328  INFO chetuiwk0165 --- [nio-8080-exec-6] o.u.d.i.UserDaoImpl                      : Entering into getLoanAccountsByLoanNumber method
2021-08-07 20:30:26.328  INFO chetuiwk0165 --- [nio-8080-exec-6] o.u.d.i.UserDaoImpl                      : To loan number, user name enterd is :1398970
2021-08-07 20:30:28.039  INFO chetuiwk0165 --- [nio-8080-exec-6] o.u.d.i.UserDaoImpl                      : List of loan number is: [1398970, 91398970]
2021-08-07 20:30:28.040  INFO chetuiwk0165 --- [nio-8080-exec-6] o.u.d.i.UserDaoImpl                      : Exit from getLoanAccountsByLoanNumber method1398970
2021-08-07 20:30:28.040  INFO chetuiwk0165 --- [nio-8080-exec-6] o.u.d.i.UserDaoImpl                      : Entering into getLoanAccountDetailsByLoanNum method
2021-08-07 20:30:28.040  INFO chetuiwk0165 --- [nio-8080-exec-6] o.u.d.i.UserDaoImpl                      : For getting Loan Account details, Loan number entered is
2021-08-07 20:30:29.796  INFO chetuiwk0165 --- [nio-8080-exec-6] o.u.d.i.UserDaoImpl                      : Loan account details by loan number is :
2021-08-07 20:30:29.796  INFO chetuiwk0165 --- [nio-8080-exec-6] o.u.d.i.UserDaoImpl                      : Exit from getLoanAccountDetailsByLoanNum method
2021-08-07 20:30:29.796  INFO chetuiwk0165 --- [nio-8080-exec-6] o.u.d.i.UserDaoImpl                      : Entering into getLoanAccountDetailsByLoanNum method
2021-08-07 20:30:29.796  INFO chetuiwk0165 --- [nio-8080-exec-6] o.u.d.i.UserDaoImpl                      : For getting Loan Account details, Loan number entered is
2021-08-07 20:30:31.557  INFO chetuiwk0165 --- [nio-8080-exec-6] o.u.d.i.UserDaoImpl                      : Loan account details by loan number is :
2021-08-07 20:30:31.557  INFO chetuiwk0165 --- [nio-8080-exec-6] o.u.d.i.UserDaoImpl                      : Exit from getLoanAccountDetailsByLoanNum method
2021-08-07 20:30:31.557  INFO chetuiwk0165 --- [nio-8080-exec-6] o.u.d.i.UserDaoImpl                      : Entering into getOtherFeeListForPayment method
2021-08-07 20:30:31.841  INFO chetuiwk0165 --- [nio-8080-exec-6] o.u.d.i.UserDaoImpl                      : Other Fee List : 
2021-08-07 20:30:31.841  INFO chetuiwk0165 --- [nio-8080-exec-6] o.u.d.i.UserDaoImpl                      : Exit from getOtherFeeListForPayment method
2021-08-07 20:30:31.841  INFO chetuiwk0165 --- [nio-8080-exec-6] o.u.d.i.UserDaoImpl                      : Entering Into getFeeNameByFeeId method
2021-08-07 20:30:32.134  INFO chetuiwk0165 --- [nio-8080-exec-6] o.u.d.i.UserDaoImpl                      : Exit From getFeeNameByFeeId method
2021-08-07 20:30:32.135  INFO chetuiwk0165 --- [nio-8080-exec-6] o.u.d.i.UserDaoImpl                      : Entering Into getFeeNameByFeeId method
2021-08-07 20:30:32.422  INFO chetuiwk0165 --- [nio-8080-exec-6] o.u.d.i.UserDaoImpl                      : Exit From getFeeNameByFeeId method
2021-08-07 20:30:32.422  INFO chetuiwk0165 --- [nio-8080-exec-6] o.u.d.i.UserDaoImpl                      : Entering Into getFeeNameByFeeId method
2021-08-07 20:30:32.706  INFO chetuiwk0165 --- [nio-8080-exec-6] o.u.d.i.UserDaoImpl                      : Exit From getFeeNameByFeeId method
2021-08-07 20:30:32.706  INFO chetuiwk0165 --- [nio-8080-exec-6] o.u.d.i.UserDaoImpl                      : Entering Into getFeeNameByFeeId method
2021-08-07 20:30:32.992  INFO chetuiwk0165 --- [nio-8080-exec-6] o.u.d.i.UserDaoImpl                      : Exit From getFeeNameByFeeId method
2021-08-07 20:30:32.993  INFO chetuiwk0165 --- [nio-8080-exec-6] o.u.d.i.UserDaoImpl                      : Entering Into getFeeNameByFeeId method
2021-08-07 20:30:33.280  INFO chetuiwk0165 --- [nio-8080-exec-6] o.u.d.i.UserDaoImpl                      : Exit From getFeeNameByFeeId method
2021-08-07 20:30:33.281  INFO chetuiwk0165 --- [nio-8080-exec-6] o.u.d.i.UserDaoImpl                      : Entering Into getFeeNameByFeeId method
2021-08-07 20:30:33.566  INFO chetuiwk0165 --- [nio-8080-exec-6] o.u.d.i.UserDaoImpl                      : Exit From getFeeNameByFeeId method
2021-08-07 20:30:33.566  INFO chetuiwk0165 --- [nio-8080-exec-6] o.u.d.i.UserDaoImpl                      : Entering into getLoanAccountsByLoanNumber method
2021-08-07 20:30:33.566  INFO chetuiwk0165 --- [nio-8080-exec-6] o.u.d.i.UserDaoImpl                      : To loan number, user name enterd is :91038060
2021-08-07 20:30:35.310  INFO chetuiwk0165 --- [nio-8080-exec-6] o.u.d.i.UserDaoImpl                      : List of loan number is: [1038060, 91038060]
2021-08-07 20:30:35.310  INFO chetuiwk0165 --- [nio-8080-exec-6] o.u.d.i.UserDaoImpl                      : Exit from getLoanAccountsByLoanNumber method91038060
2021-08-07 20:30:35.310  INFO chetuiwk0165 --- [nio-8080-exec-6] o.u.d.i.UserDaoImpl                      : Entering into getLoanAccountDetailsByLoanNum method
2021-08-07 20:30:35.310  INFO chetuiwk0165 --- [nio-8080-exec-6] o.u.d.i.UserDaoImpl                      : For getting Loan Account details, Loan number entered is
2021-08-07 20:30:37.070  INFO chetuiwk0165 --- [nio-8080-exec-6] o.u.d.i.UserDaoImpl                      : Loan account details by loan number is :
2021-08-07 20:30:37.070  INFO chetuiwk0165 --- [nio-8080-exec-6] o.u.d.i.UserDaoImpl                      : Exit from getLoanAccountDetailsByLoanNum method
2021-08-07 20:30:37.070  INFO chetuiwk0165 --- [nio-8080-exec-6] o.u.d.i.UserDaoImpl                      : Entering into getLoanAccountDetailsByLoanNum method
2021-08-07 20:30:37.071  INFO chetuiwk0165 --- [nio-8080-exec-6] o.u.d.i.UserDaoImpl                      : For getting Loan Account details, Loan number entered is
2021-08-07 20:30:38.827  INFO chetuiwk0165 --- [nio-8080-exec-6] o.u.d.i.UserDaoImpl                      : Loan account details by loan number is :
2021-08-07 20:30:38.827  INFO chetuiwk0165 --- [nio-8080-exec-6] o.u.d.i.UserDaoImpl                      : Exit from getLoanAccountDetailsByLoanNum method
2021-08-07 20:30:38.828  INFO chetuiwk0165 --- [nio-8080-exec-6] o.u.d.i.UserDaoImpl                      : Entering into getOtherFeeListForPayment method
2021-08-07 20:30:39.114  INFO chetuiwk0165 --- [nio-8080-exec-6] o.u.d.i.UserDaoImpl                      : Other Fee List : 
2021-08-07 20:30:39.114  INFO chetuiwk0165 --- [nio-8080-exec-6] o.u.d.i.UserDaoImpl                      : Exit from getOtherFeeListForPayment method
2021-08-07 20:30:39.114  INFO chetuiwk0165 --- [nio-8080-exec-6] o.u.d.i.UserDaoImpl                      : Entering Into getFeeNameByFeeId method
2021-08-07 20:30:39.403  INFO chetuiwk0165 --- [nio-8080-exec-6] o.u.d.i.UserDaoImpl                      : Exit From getFeeNameByFeeId method
2021-08-07 20:30:39.403  INFO chetuiwk0165 --- [nio-8080-exec-6] o.u.d.i.UserDaoImpl                      : Entering Into getFeeNameByFeeId method
2021-08-07 20:30:39.687  INFO chetuiwk0165 --- [nio-8080-exec-6] o.u.d.i.UserDaoImpl                      : Exit From getFeeNameByFeeId method
2021-08-07 20:30:39.687  INFO chetuiwk0165 --- [nio-8080-exec-6] o.u.d.i.UserDaoImpl                      : Entering Into getFeeNameByFeeId method
2021-08-07 20:30:39.974  INFO chetuiwk0165 --- [nio-8080-exec-6] o.u.d.i.UserDaoImpl                      : Exit From getFeeNameByFeeId method
2021-08-07 20:30:39.974  INFO chetuiwk0165 --- [nio-8080-exec-6] o.u.d.i.UserDaoImpl                      : Entering Into getFeeNameByFeeId method
2021-08-07 20:30:40.262  INFO chetuiwk0165 --- [nio-8080-exec-6] o.u.d.i.UserDaoImpl                      : Exit From getFeeNameByFeeId method
2021-08-07 20:30:40.262  INFO chetuiwk0165 --- [nio-8080-exec-6] o.u.d.i.UserDaoImpl                      : Entering into getLoanAccountsByLoanNumber method
2021-08-07 20:30:40.262  INFO chetuiwk0165 --- [nio-8080-exec-6] o.u.d.i.UserDaoImpl                      : To loan number, user name enterd is :91218720
2021-08-07 20:30:41.985  INFO chetuiwk0165 --- [nio-8080-exec-6] o.u.d.i.UserDaoImpl                      : List of loan number is: [1218720, 91218720]
2021-08-07 20:30:41.985  INFO chetuiwk0165 --- [nio-8080-exec-6] o.u.d.i.UserDaoImpl                      : Exit from getLoanAccountsByLoanNumber method91218720
2021-08-07 20:30:41.986  INFO chetuiwk0165 --- [nio-8080-exec-6] o.u.d.i.UserDaoImpl                      : Entering into getLoanAccountDetailsByLoanNum method
2021-08-07 20:30:41.986  INFO chetuiwk0165 --- [nio-8080-exec-6] o.u.d.i.UserDaoImpl                      : For getting Loan Account details, Loan number entered is
2021-08-07 20:30:43.749  INFO chetuiwk0165 --- [nio-8080-exec-6] o.u.d.i.UserDaoImpl                      : Loan account details by loan number is :
2021-08-07 20:30:43.749  INFO chetuiwk0165 --- [nio-8080-exec-6] o.u.d.i.UserDaoImpl                      : Exit from getLoanAccountDetailsByLoanNum method
2021-08-07 20:30:43.749  INFO chetuiwk0165 --- [nio-8080-exec-6] o.u.d.i.UserDaoImpl                      : Entering into getLoanAccountDetailsByLoanNum method
2021-08-07 20:30:43.750  INFO chetuiwk0165 --- [nio-8080-exec-6] o.u.d.i.UserDaoImpl                      : For getting Loan Account details, Loan number entered is
2021-08-07 20:30:45.506  INFO chetuiwk0165 --- [nio-8080-exec-6] o.u.d.i.UserDaoImpl                      : Loan account details by loan number is :
2021-08-07 20:30:45.506  INFO chetuiwk0165 --- [nio-8080-exec-6] o.u.d.i.UserDaoImpl                      : Exit from getLoanAccountDetailsByLoanNum method
2021-08-07 20:30:45.506  INFO chetuiwk0165 --- [nio-8080-exec-6] o.u.d.i.UserDaoImpl                      : Entering into getOtherFeeListForPayment method
2021-08-07 20:30:45.792  INFO chetuiwk0165 --- [nio-8080-exec-6] o.u.d.i.UserDaoImpl                      : Other Fee List : 
2021-08-07 20:30:45.792  INFO chetuiwk0165 --- [nio-8080-exec-6] o.u.d.i.UserDaoImpl                      : Exit from getOtherFeeListForPayment method
2021-08-07 20:30:45.792  INFO chetuiwk0165 --- [nio-8080-exec-6] o.u.d.i.UserDaoImpl                      : Entering Into getFeeNameByFeeId method
2021-08-07 20:30:46.076  INFO chetuiwk0165 --- [nio-8080-exec-6] o.u.d.i.UserDaoImpl                      : Exit From getFeeNameByFeeId method
2021-08-07 20:30:46.076  INFO chetuiwk0165 --- [nio-8080-exec-6] o.u.d.i.UserDaoImpl                      : Entering Into getFeeNameByFeeId method
2021-08-07 20:30:46.362  INFO chetuiwk0165 --- [nio-8080-exec-6] o.u.d.i.UserDaoImpl                      : Exit From getFeeNameByFeeId method
2021-08-07 20:30:46.362  INFO chetuiwk0165 --- [nio-8080-exec-6] o.u.d.i.UserDaoImpl                      : Entering Into getFeeNameByFeeId method
2021-08-07 20:30:46.645  INFO chetuiwk0165 --- [nio-8080-exec-6] o.u.d.i.UserDaoImpl                      : Exit From getFeeNameByFeeId method
2021-08-07 20:30:46.646  INFO chetuiwk0165 --- [nio-8080-exec-6] o.u.d.i.UserDaoImpl                      : Entering Into getFeeNameByFeeId method
2021-08-07 20:30:46.938  INFO chetuiwk0165 --- [nio-8080-exec-6] o.u.d.i.UserDaoImpl                      : Exit From getFeeNameByFeeId method
2021-08-07 20:30:46.938  INFO chetuiwk0165 --- [nio-8080-exec-6] o.u.d.i.UserDaoImpl                      : Entering into getLoanAccountsByLoanNumber method
2021-08-07 20:30:46.939  INFO chetuiwk0165 --- [nio-8080-exec-6] o.u.d.i.UserDaoImpl                      : To loan number, user name enterd is :91398970
2021-08-07 20:30:48.662  INFO chetuiwk0165 --- [nio-8080-exec-6] o.u.d.i.UserDaoImpl                      : List of loan number is: [1398970, 91398970]
2021-08-07 20:30:48.662  INFO chetuiwk0165 --- [nio-8080-exec-6] o.u.d.i.UserDaoImpl                      : Exit from getLoanAccountsByLoanNumber method91398970
2021-08-07 20:30:48.662  INFO chetuiwk0165 --- [nio-8080-exec-6] o.u.d.i.UserDaoImpl                      : Entering into getLoanAccountDetailsByLoanNum method
2021-08-07 20:30:48.662  INFO chetuiwk0165 --- [nio-8080-exec-6] o.u.d.i.UserDaoImpl                      : For getting Loan Account details, Loan number entered is
2021-08-07 20:30:50.422  INFO chetuiwk0165 --- [nio-8080-exec-6] o.u.d.i.UserDaoImpl                      : Loan account details by loan number is :
2021-08-07 20:30:50.422  INFO chetuiwk0165 --- [nio-8080-exec-6] o.u.d.i.UserDaoImpl                      : Exit from getLoanAccountDetailsByLoanNum method
2021-08-07 20:30:50.422  INFO chetuiwk0165 --- [nio-8080-exec-6] o.u.d.i.UserDaoImpl                      : Entering into getLoanAccountDetailsByLoanNum method
2021-08-07 20:30:50.422  INFO chetuiwk0165 --- [nio-8080-exec-6] o.u.d.i.UserDaoImpl                      : For getting Loan Account details, Loan number entered is
2021-08-07 20:30:52.182  INFO chetuiwk0165 --- [nio-8080-exec-6] o.u.d.i.UserDaoImpl                      : Loan account details by loan number is :
2021-08-07 20:30:52.182  INFO chetuiwk0165 --- [nio-8080-exec-6] o.u.d.i.UserDaoImpl                      : Exit from getLoanAccountDetailsByLoanNum method
2021-08-07 20:30:52.182  INFO chetuiwk0165 --- [nio-8080-exec-6] o.u.d.i.UserDaoImpl                      : Entering into getOtherFeeListForPayment method
2021-08-07 20:30:52.473  INFO chetuiwk0165 --- [nio-8080-exec-6] o.u.d.i.UserDaoImpl                      : Other Fee List : 
2021-08-07 20:30:52.473  INFO chetuiwk0165 --- [nio-8080-exec-6] o.u.d.i.UserDaoImpl                      : Exit from getOtherFeeListForPayment method
2021-08-07 20:30:52.474  INFO chetuiwk0165 --- [nio-8080-exec-6] o.u.d.i.UserDaoImpl                      : Entering Into getFeeNameByFeeId method
2021-08-07 20:30:52.758  INFO chetuiwk0165 --- [nio-8080-exec-6] o.u.d.i.UserDaoImpl                      : Exit From getFeeNameByFeeId method
2021-08-07 20:30:52.759  INFO chetuiwk0165 --- [nio-8080-exec-6] o.u.d.i.UserDaoImpl                      : Entering Into getFeeNameByFeeId method
2021-08-07 20:30:53.044  INFO chetuiwk0165 --- [nio-8080-exec-6] o.u.d.i.UserDaoImpl                      : Exit From getFeeNameByFeeId method
2021-08-07 20:30:53.044  INFO chetuiwk0165 --- [nio-8080-exec-6] o.u.d.i.UserDaoImpl                      : Entering Into getFeeNameByFeeId method
2021-08-07 20:30:53.330  INFO chetuiwk0165 --- [nio-8080-exec-6] o.u.d.i.UserDaoImpl                      : Exit From getFeeNameByFeeId method
2021-08-07 20:30:53.330  INFO chetuiwk0165 --- [nio-8080-exec-6] o.u.d.i.UserDaoImpl                      : Entering Into getFeeNameByFeeId method
2021-08-07 20:30:53.615  INFO chetuiwk0165 --- [nio-8080-exec-6] o.u.d.i.UserDaoImpl                      : Exit From getFeeNameByFeeId method
2021-08-07 20:30:53.615  INFO chetuiwk0165 --- [nio-8080-exec-6] o.u.s.i.PaymentsInProcessServiceImpl     : Exit from getPaymentsInProcessList method
2021-08-07 20:31:35.936  INFO chetuiwk0165 --- [io-8080-exec-10] o.u.c.ProcessPaymnetsController          : get process payments list API called
2021-08-07 20:31:35.936  INFO chetuiwk0165 --- [io-8080-exec-10] o.u.s.i.GetProcessPaymentsListImpl       : Entering into getProcessPaymentsList method
2021-08-07 20:31:35.937  INFO chetuiwk0165 --- [io-8080-exec-10] o.u.d.i.UserDaoImpl                      : Entering into getPaymentsInProcessList method
2021-08-07 20:31:36.230  INFO chetuiwk0165 --- [io-8080-exec-10] o.u.d.i.UserDaoImpl                      : Exit from getPaymentsInProcessList method
2021-08-07 20:31:36.231  INFO chetuiwk0165 --- [io-8080-exec-10] o.u.d.i.UserDaoImpl                      : Entering into getOtherFeeListForPayment method
2021-08-07 20:31:36.533  INFO chetuiwk0165 --- [io-8080-exec-10] o.u.d.i.UserDaoImpl                      : Other Fee List : 
2021-08-07 20:31:36.533  INFO chetuiwk0165 --- [io-8080-exec-10] o.u.d.i.UserDaoImpl                      : Exit from getOtherFeeListForPayment method
2021-08-07 20:31:36.533  INFO chetuiwk0165 --- [io-8080-exec-10] o.u.d.i.UserDaoImpl                      : Entering Into getFeeNameByFeeId method
2021-08-07 20:31:36.823  INFO chetuiwk0165 --- [io-8080-exec-10] o.u.d.i.UserDaoImpl                      : Exit From getFeeNameByFeeId method
2021-08-07 20:31:36.823  INFO chetuiwk0165 --- [io-8080-exec-10] o.u.d.i.UserDaoImpl                      : Entering Into getFeeNameByFeeId method
2021-08-07 20:31:37.112  INFO chetuiwk0165 --- [io-8080-exec-10] o.u.d.i.UserDaoImpl                      : Exit From getFeeNameByFeeId method
2021-08-07 20:31:37.112  INFO chetuiwk0165 --- [io-8080-exec-10] o.u.d.i.UserDaoImpl                      : Entering Into getFeeNameByFeeId method
2021-08-07 20:31:37.406  INFO chetuiwk0165 --- [io-8080-exec-10] o.u.d.i.UserDaoImpl                      : Exit From getFeeNameByFeeId method
2021-08-07 20:31:37.406  INFO chetuiwk0165 --- [io-8080-exec-10] o.u.d.i.UserDaoImpl                      : Entering Into getFeeNameByFeeId method
2021-08-07 20:31:37.703  INFO chetuiwk0165 --- [io-8080-exec-10] o.u.d.i.UserDaoImpl                      : Exit From getFeeNameByFeeId method
2021-08-07 20:31:37.703  INFO chetuiwk0165 --- [io-8080-exec-10] o.u.d.i.UserDaoImpl                      : Entering Into getFeeNameByFeeId method
2021-08-07 20:31:38.077  INFO chetuiwk0165 --- [io-8080-exec-10] o.u.d.i.UserDaoImpl                      : Exit From getFeeNameByFeeId method
2021-08-07 20:31:38.077  INFO chetuiwk0165 --- [io-8080-exec-10] o.u.d.i.UserDaoImpl                      : Entering Into getFeeNameByFeeId method
2021-08-07 20:31:38.369  INFO chetuiwk0165 --- [io-8080-exec-10] o.u.d.i.UserDaoImpl                      : Exit From getFeeNameByFeeId method
2021-08-07 20:31:38.369  INFO chetuiwk0165 --- [io-8080-exec-10] o.u.d.i.UserDaoImpl                      : Entering into getOtherFeeListForPayment method
2021-08-07 20:31:38.655  INFO chetuiwk0165 --- [io-8080-exec-10] o.u.d.i.UserDaoImpl                      : Other Fee List : 
2021-08-07 20:31:38.656  INFO chetuiwk0165 --- [io-8080-exec-10] o.u.d.i.UserDaoImpl                      : Exit from getOtherFeeListForPayment method
2021-08-07 20:31:38.656  INFO chetuiwk0165 --- [io-8080-exec-10] o.u.d.i.UserDaoImpl                      : Entering Into getFeeNameByFeeId method
2021-08-07 20:31:38.948  INFO chetuiwk0165 --- [io-8080-exec-10] o.u.d.i.UserDaoImpl                      : Exit From getFeeNameByFeeId method
2021-08-07 20:31:38.948  INFO chetuiwk0165 --- [io-8080-exec-10] o.u.d.i.UserDaoImpl                      : Entering Into getFeeNameByFeeId method
2021-08-07 20:31:39.236  INFO chetuiwk0165 --- [io-8080-exec-10] o.u.d.i.UserDaoImpl                      : Exit From getFeeNameByFeeId method
2021-08-07 20:31:39.236  INFO chetuiwk0165 --- [io-8080-exec-10] o.u.d.i.UserDaoImpl                      : Entering Into getFeeNameByFeeId method
2021-08-07 20:31:39.526  INFO chetuiwk0165 --- [io-8080-exec-10] o.u.d.i.UserDaoImpl                      : Exit From getFeeNameByFeeId method
2021-08-07 20:31:39.526  INFO chetuiwk0165 --- [io-8080-exec-10] o.u.d.i.UserDaoImpl                      : Entering Into getFeeNameByFeeId method
2021-08-07 20:31:39.810  INFO chetuiwk0165 --- [io-8080-exec-10] o.u.d.i.UserDaoImpl                      : Exit From getFeeNameByFeeId method
2021-08-07 20:31:39.810  INFO chetuiwk0165 --- [io-8080-exec-10] o.u.d.i.UserDaoImpl                      : Entering Into getFeeNameByFeeId method
2021-08-07 20:31:40.106  INFO chetuiwk0165 --- [io-8080-exec-10] o.u.d.i.UserDaoImpl                      : Exit From getFeeNameByFeeId method
2021-08-07 20:31:40.106  INFO chetuiwk0165 --- [io-8080-exec-10] o.u.d.i.UserDaoImpl                      : Entering Into getFeeNameByFeeId method
2021-08-07 20:31:40.407  INFO chetuiwk0165 --- [io-8080-exec-10] o.u.d.i.UserDaoImpl                      : Exit From getFeeNameByFeeId method
2021-08-07 20:31:40.407  INFO chetuiwk0165 --- [io-8080-exec-10] o.u.d.i.UserDaoImpl                      : Entering into getOtherFeeListForPayment method
2021-08-07 20:31:40.703  INFO chetuiwk0165 --- [io-8080-exec-10] o.u.d.i.UserDaoImpl                      : Other Fee List : 
2021-08-07 20:31:40.703  INFO chetuiwk0165 --- [io-8080-exec-10] o.u.d.i.UserDaoImpl                      : Exit from getOtherFeeListForPayment method
2021-08-07 20:31:40.703  INFO chetuiwk0165 --- [io-8080-exec-10] o.u.d.i.UserDaoImpl                      : Entering Into getFeeNameByFeeId method
2021-08-07 20:31:40.988  INFO chetuiwk0165 --- [io-8080-exec-10] o.u.d.i.UserDaoImpl                      : Exit From getFeeNameByFeeId method
2021-08-07 20:31:40.989  INFO chetuiwk0165 --- [io-8080-exec-10] o.u.d.i.UserDaoImpl                      : Entering Into getFeeNameByFeeId method
2021-08-07 20:31:41.276  INFO chetuiwk0165 --- [io-8080-exec-10] o.u.d.i.UserDaoImpl                      : Exit From getFeeNameByFeeId method
2021-08-07 20:31:41.276  INFO chetuiwk0165 --- [io-8080-exec-10] o.u.d.i.UserDaoImpl                      : Entering Into getFeeNameByFeeId method
2021-08-07 20:31:41.563  INFO chetuiwk0165 --- [io-8080-exec-10] o.u.d.i.UserDaoImpl                      : Exit From getFeeNameByFeeId method
2021-08-07 20:31:41.563  INFO chetuiwk0165 --- [io-8080-exec-10] o.u.d.i.UserDaoImpl                      : Entering Into getFeeNameByFeeId method
2021-08-07 20:31:41.851  INFO chetuiwk0165 --- [io-8080-exec-10] o.u.d.i.UserDaoImpl                      : Exit From getFeeNameByFeeId method
2021-08-07 20:31:41.851  INFO chetuiwk0165 --- [io-8080-exec-10] o.u.d.i.UserDaoImpl                      : Entering Into getFeeNameByFeeId method
2021-08-07 20:31:42.138  INFO chetuiwk0165 --- [io-8080-exec-10] o.u.d.i.UserDaoImpl                      : Exit From getFeeNameByFeeId method
2021-08-07 20:31:42.138  INFO chetuiwk0165 --- [io-8080-exec-10] o.u.d.i.UserDaoImpl                      : Entering Into getFeeNameByFeeId method
2021-08-07 20:31:42.427  INFO chetuiwk0165 --- [io-8080-exec-10] o.u.d.i.UserDaoImpl                      : Exit From getFeeNameByFeeId method
2021-08-07 20:31:42.427  INFO chetuiwk0165 --- [io-8080-exec-10] o.u.d.i.UserDaoImpl                      : Entering into getOtherFeeListForPayment method
2021-08-07 20:31:42.713  INFO chetuiwk0165 --- [io-8080-exec-10] o.u.d.i.UserDaoImpl                      : Other Fee List : 
2021-08-07 20:31:42.713  INFO chetuiwk0165 --- [io-8080-exec-10] o.u.d.i.UserDaoImpl                      : Exit from getOtherFeeListForPayment method
2021-08-07 20:31:42.713  INFO chetuiwk0165 --- [io-8080-exec-10] o.u.d.i.UserDaoImpl                      : Entering Into getFeeNameByFeeId method
2021-08-07 20:31:42.999  INFO chetuiwk0165 --- [io-8080-exec-10] o.u.d.i.UserDaoImpl                      : Exit From getFeeNameByFeeId method
2021-08-07 20:31:42.999  INFO chetuiwk0165 --- [io-8080-exec-10] o.u.d.i.UserDaoImpl                      : Entering Into getFeeNameByFeeId method
2021-08-07 20:31:43.293  INFO chetuiwk0165 --- [io-8080-exec-10] o.u.d.i.UserDaoImpl                      : Exit From getFeeNameByFeeId method
2021-08-07 20:31:43.293  INFO chetuiwk0165 --- [io-8080-exec-10] o.u.d.i.UserDaoImpl                      : Entering Into getFeeNameByFeeId method
2021-08-07 20:31:43.589  INFO chetuiwk0165 --- [io-8080-exec-10] o.u.d.i.UserDaoImpl                      : Exit From getFeeNameByFeeId method
2021-08-07 20:31:43.589  INFO chetuiwk0165 --- [io-8080-exec-10] o.u.d.i.UserDaoImpl                      : Entering Into getFeeNameByFeeId method
2021-08-07 20:31:43.873  INFO chetuiwk0165 --- [io-8080-exec-10] o.u.d.i.UserDaoImpl                      : Exit From getFeeNameByFeeId method
2021-08-07 20:31:43.873  INFO chetuiwk0165 --- [io-8080-exec-10] o.u.d.i.UserDaoImpl                      : Entering into getOtherFeeListForPayment method
2021-08-07 20:31:44.161  INFO chetuiwk0165 --- [io-8080-exec-10] o.u.d.i.UserDaoImpl                      : Other Fee List : 
2021-08-07 20:31:44.161  INFO chetuiwk0165 --- [io-8080-exec-10] o.u.d.i.UserDaoImpl                      : Exit from getOtherFeeListForPayment method
2021-08-07 20:31:44.161  INFO chetuiwk0165 --- [io-8080-exec-10] o.u.d.i.UserDaoImpl                      : Entering Into getFeeNameByFeeId method
2021-08-07 20:31:44.449  INFO chetuiwk0165 --- [io-8080-exec-10] o.u.d.i.UserDaoImpl                      : Exit From getFeeNameByFeeId method
2021-08-07 20:31:44.450  INFO chetuiwk0165 --- [io-8080-exec-10] o.u.d.i.UserDaoImpl                      : Entering Into getFeeNameByFeeId method
2021-08-07 20:31:44.742  INFO chetuiwk0165 --- [io-8080-exec-10] o.u.d.i.UserDaoImpl                      : Exit From getFeeNameByFeeId method
2021-08-07 20:31:44.742  INFO chetuiwk0165 --- [io-8080-exec-10] o.u.d.i.UserDaoImpl                      : Entering Into getFeeNameByFeeId method
2021-08-07 20:31:45.028  INFO chetuiwk0165 --- [io-8080-exec-10] o.u.d.i.UserDaoImpl                      : Exit From getFeeNameByFeeId method
2021-08-07 20:31:45.028  INFO chetuiwk0165 --- [io-8080-exec-10] o.u.d.i.UserDaoImpl                      : Entering Into getFeeNameByFeeId method
2021-08-07 20:31:45.315  INFO chetuiwk0165 --- [io-8080-exec-10] o.u.d.i.UserDaoImpl                      : Exit From getFeeNameByFeeId method
2021-08-07 20:31:45.315  INFO chetuiwk0165 --- [io-8080-exec-10] o.u.d.i.UserDaoImpl                      : Entering into getOtherFeeListForPayment method
2021-08-07 20:31:45.607  INFO chetuiwk0165 --- [io-8080-exec-10] o.u.d.i.UserDaoImpl                      : Other Fee List : 
2021-08-07 20:31:45.607  INFO chetuiwk0165 --- [io-8080-exec-10] o.u.d.i.UserDaoImpl                      : Exit from getOtherFeeListForPayment method
2021-08-07 20:31:45.607  INFO chetuiwk0165 --- [io-8080-exec-10] o.u.d.i.UserDaoImpl                      : Entering Into getFeeNameByFeeId method
2021-08-07 20:31:45.894  INFO chetuiwk0165 --- [io-8080-exec-10] o.u.d.i.UserDaoImpl                      : Exit From getFeeNameByFeeId method
2021-08-07 20:31:45.894  INFO chetuiwk0165 --- [io-8080-exec-10] o.u.d.i.UserDaoImpl                      : Entering Into getFeeNameByFeeId method
2021-08-07 20:31:46.179  INFO chetuiwk0165 --- [io-8080-exec-10] o.u.d.i.UserDaoImpl                      : Exit From getFeeNameByFeeId method
2021-08-07 20:31:46.180  INFO chetuiwk0165 --- [io-8080-exec-10] o.u.d.i.UserDaoImpl                      : Entering Into getFeeNameByFeeId method
2021-08-07 20:31:46.468  INFO chetuiwk0165 --- [io-8080-exec-10] o.u.d.i.UserDaoImpl                      : Exit From getFeeNameByFeeId method
2021-08-07 20:31:46.468  INFO chetuiwk0165 --- [io-8080-exec-10] o.u.d.i.UserDaoImpl                      : Entering Into getFeeNameByFeeId method
2021-08-07 20:31:46.752  INFO chetuiwk0165 --- [io-8080-exec-10] o.u.d.i.UserDaoImpl                      : Exit From getFeeNameByFeeId method
2021-08-07 20:31:46.764  INFO chetuiwk0165 --- [io-8080-exec-10] o.u.s.i.GetProcessPaymentsListImpl       : DATA SENT TO PPS:
[GetProcessPaymentsListDto [paymentId=2798, loanNumber=1038060, monthlyAmount=1194.27, additionalPrincipal=0.00, additionalEscrow=0.00, lateFee=0.00, nsfFee=0.00, createDate=2021-08-07 08:56:02, confirmationNumber=310073  , nameOnAccount=JUSTIN WEST, agentName=admin testuser, accountNumber=32131231, routingNumber=324377516, accountType=C, phonePayFee=10.00, corporateAdvance=0, otherTypePayments=0, advice=true, adviceType=1, adviceNote=paying for test111, emails=mbva@uthc.org, line1=4543 WEST 6165 SOUTH, city=SALT LAKE CITY, state=UT, zip=84118], GetProcessPaymentsListDto [paymentId=2802, loanNumber=1218720, monthlyAmount=1546.54, additionalPrincipal=0.00, additionalEscrow=0.00, lateFee=0.00, nsfFee=0.00, createDate=2021-08-07 08:57:41, confirmationNumber=739656  , nameOnAccount=MANUEL GUTIERREZ, agentName=admin testuser, accountNumber=442342, routingNumber=324377516, accountType=C, phonePayFee=10.00, corporateAdvance=0, otherTypePayments=0, advice=true, adviceType=1, adviceNote=paying for test111, emails=mbarkerallred@uthc.org, line1=8475 W HARTWICK CT, city=MAGNA, state=UT, zip=84044], GetProcessPaymentsListDto [paymentId=2800, loanNumber=1398970, monthlyAmount=2141.76, additionalPrincipal=0.00, additionalEscrow=0.00, lateFee=0.00, nsfFee=0.00, createDate=2021-08-07 08:57:09, confirmationNumber=215705  , nameOnAccount=KAREN ROJAS HERNANDEZ, agentName=admin testuser, accountNumber=543534, routingNumber=324377516, accountType=C, phonePayFee=10.00, corporateAdvance=0, otherTypePayments=0, advice=true, adviceType=1, adviceNote=paying for test111, emails=mbva@uthc.org, line1=5574 W  HUNTER DR, city=WEST VALLEY, state=UT, zip=84120], GetProcessPaymentsListDto [paymentId=2799, loanNumber=91038060, monthlyAmount=42.87, additionalPrincipal=0.00, additionalEscrow=0, lateFee=0.00, nsfFee=0.00, createDate=2021-08-07 08:56:03, confirmationNumber=015830  , nameOnAccount=JUSTIN WEST, agentName=admin testuser, accountNumber=32131231, routingNumber=324377516, accountType=C, phonePayFee=0, corporateAdvance=0, otherTypePayments=0, advice=true, adviceType=1, adviceNote=test secondary, emails=mbva@uthc.org, line1=4543 WEST 6165 SOUTH, city=SALT LAKE CITY, state=UT, zip=84118], GetProcessPaymentsListDto [paymentId=2803, loanNumber=91218720, monthlyAmount=87.71, additionalPrincipal=0.00, additionalEscrow=0, lateFee=0.00, nsfFee=0.00, createDate=2021-08-07 08:57:41, confirmationNumber=555122  , nameOnAccount=MANUEL GUTIERREZ, agentName=admin testuser, accountNumber=442342, routingNumber=324377516, accountType=C, phonePayFee=0, corporateAdvance=0, otherTypePayments=0, advice=true, adviceType=1, adviceNote=test secondary, emails=mbarkerallred@uthc.org, line1=8475 W HARTWICK CT, city=MAGNA, state=UT, zip=84044], GetProcessPaymentsListDto [paymentId=2801, loanNumber=91398970, monthlyAmount=125.04, additionalPrincipal=0.00, additionalEscrow=0, lateFee=0.00, nsfFee=0.00, createDate=2021-08-07 08:57:09, confirmationNumber=676923  , nameOnAccount=KAREN ROJAS HERNANDEZ, agentName=admin testuser, accountNumber=543534, routingNumber=324377516, accountType=C, phonePayFee=0, corporateAdvance=0, otherTypePayments=0, advice=true, adviceType=1, adviceNote=test secondary, emails=mbva@uthc.org, line1=5574 W  HUNTER DR, city=WEST VALLEY, state=UT, zip=84120]]
2021-08-07 20:31:54.037  INFO chetuiwk0165 --- [io-8080-exec-10] o.u.d.i.UserDaoImpl                      : Entering into insertProcessedPaymentBatch method
2021-08-07 20:31:54.501  INFO chetuiwk0165 --- [io-8080-exec-10] o.u.d.i.UserDaoImpl                      : Exit from insertProcessedPaymentBatch method
2021-08-07 20:31:54.501  INFO chetuiwk0165 --- [io-8080-exec-10] o.u.d.i.UserDaoImpl                      : Entering into getLastUpdatedPaymentBatchId method
2021-08-07 20:31:54.788  INFO chetuiwk0165 --- [io-8080-exec-10] o.u.d.i.UserDaoImpl                      : Exit from getLastUpdatedPaymentBatchId method
2021-08-07 20:31:54.788  INFO chetuiwk0165 --- [io-8080-exec-10] o.u.d.i.UserDaoImpl                      : Entering Into updateProcessedPaymentsDate method
2021-08-07 20:31:55.163  INFO chetuiwk0165 --- [io-8080-exec-10] o.u.d.i.UserDaoImpl                      : Processed payments was successfully updated. Payment ID: {}[2798, 2802, 2800, 2799, 2803, 2801]
2021-08-07 20:31:55.163  INFO chetuiwk0165 --- [io-8080-exec-10] o.u.d.i.UserDaoImpl                      : Exit From updateProcessedPaymentsDate method
2021-08-07 20:31:55.164  INFO chetuiwk0165 --- [io-8080-exec-10] o.u.s.i.GetProcessPaymentsListImpl       : count6
2021-08-07 20:31:55.164  INFO chetuiwk0165 --- [io-8080-exec-10] o.u.s.i.GetProcessPaymentsListImpl       : Exit from getProcessPaymentsList method
2021-08-07 20:31:55.212  INFO chetuiwk0165 --- [nio-8080-exec-2] o.u.c.ProcessPaymnetsController          : get process payments Notification list API called
2021-08-07 20:31:55.237  INFO chetuiwk0165 --- [nio-8080-exec-2] o.u.s.i.GetProcessPaymentsListImpl       : emailConfirmationDto :>>>>>>>>>:  ConfirmationEmailInfoDTO [bankAccountEnding=1231, emailList=[mbva@uthc.org], loanPaymentList=[LoanPaymentDto [maskedLoanNumber=1038****, confirmationNumber=310073, monthlyPayment=1194.27, additionalPrincipal=0, additionalEscrow=0, lateCharge=0, nsfFee=0, corporateAdvanceFee=0, other=0, transactionFee=10, loanNumber=1038060, payerName=JUSTIN WEST], LoanPaymentDto [maskedLoanNumber=91038****, confirmationNumber=015830, monthlyPayment=42.87, additionalPrincipal=0, additionalEscrow=0, lateCharge=0, nsfFee=0, corporateAdvanceFee=0, other=0, transactionFee=0, loanNumber=91038060, payerName=JUSTIN WEST]], nameOfException=, status=, transactionDate=2021-08-07]
2021-08-07 20:31:55.237  INFO chetuiwk0165 --- [nio-8080-exec-2] o.u.s.i.GetProcessPaymentsListImpl       : emailpaymentListDto :>>>>>>>>>:  [LoanPaymentDto [maskedLoanNumber=1038****, confirmationNumber=310073, monthlyPayment=1194.27, additionalPrincipal=0, additionalEscrow=0, lateCharge=0, nsfFee=0, corporateAdvanceFee=0, other=0, transactionFee=10, loanNumber=1038060, payerName=JUSTIN WEST], LoanPaymentDto [maskedLoanNumber=91038****, confirmationNumber=015830, monthlyPayment=42.87, additionalPrincipal=0, additionalEscrow=0, lateCharge=0, nsfFee=0, corporateAdvanceFee=0, other=0, transactionFee=0, loanNumber=91038060, payerName=JUSTIN WEST]]
2021-08-07 20:31:55.237  INFO chetuiwk0165 --- [nio-8080-exec-2] o.u.s.i.GetProcessPaymentsListImpl       : emailConfirmationDto :>>>>>>>>>:  ConfirmationEmailInfoDTO [bankAccountEnding=2342, emailList=[mbarkerallred@uthc.org], loanPaymentList=[LoanPaymentDto [maskedLoanNumber=1218****, confirmationNumber=739656, monthlyPayment=1546.54, additionalPrincipal=0, additionalEscrow=0, lateCharge=0, nsfFee=0, corporateAdvanceFee=0, other=0, transactionFee=10, loanNumber=1218720, payerName=MANUEL GUTIERREZ], LoanPaymentDto [maskedLoanNumber=91218****, confirmationNumber=555122, monthlyPayment=87.71, additionalPrincipal=0, additionalEscrow=0, lateCharge=0, nsfFee=0, corporateAdvanceFee=0, other=0, transactionFee=0, loanNumber=91218720, payerName=MANUEL GUTIERREZ]], nameOfException=, status=, transactionDate=2021-08-07]
2021-08-07 20:31:55.237  INFO chetuiwk0165 --- [nio-8080-exec-2] o.u.s.i.GetProcessPaymentsListImpl       : emailpaymentListDto :>>>>>>>>>:  [LoanPaymentDto [maskedLoanNumber=1218****, confirmationNumber=739656, monthlyPayment=1546.54, additionalPrincipal=0, additionalEscrow=0, lateCharge=0, nsfFee=0, corporateAdvanceFee=0, other=0, transactionFee=10, loanNumber=1218720, payerName=MANUEL GUTIERREZ], LoanPaymentDto [maskedLoanNumber=91218****, confirmationNumber=555122, monthlyPayment=87.71, additionalPrincipal=0, additionalEscrow=0, lateCharge=0, nsfFee=0, corporateAdvanceFee=0, other=0, transactionFee=0, loanNumber=91218720, payerName=MANUEL GUTIERREZ]]
2021-08-07 20:31:55.237  INFO chetuiwk0165 --- [nio-8080-exec-2] o.u.s.i.GetProcessPaymentsListImpl       : emailConfirmationDto :>>>>>>>>>:  ConfirmationEmailInfoDTO [bankAccountEnding=3534, emailList=[mbva@uthc.org], loanPaymentList=[LoanPaymentDto [maskedLoanNumber=1398****, confirmationNumber=215705, monthlyPayment=2141.76, additionalPrincipal=0, additionalEscrow=0, lateCharge=0, nsfFee=0, corporateAdvanceFee=0, other=0, transactionFee=10, loanNumber=1398970, payerName=KAREN ROJAS HERNANDEZ], LoanPaymentDto [maskedLoanNumber=91398****, confirmationNumber=676923, monthlyPayment=125.04, additionalPrincipal=0, additionalEscrow=0, lateCharge=0, nsfFee=0, corporateAdvanceFee=0, other=0, transactionFee=0, loanNumber=91398970, payerName=KAREN ROJAS HERNANDEZ]], nameOfException=, status=, transactionDate=2021-08-07]
2021-08-07 20:31:55.237  INFO chetuiwk0165 --- [nio-8080-exec-2] o.u.s.i.GetProcessPaymentsListImpl       : emailpaymentListDto :>>>>>>>>>:  [LoanPaymentDto [maskedLoanNumber=1398****, confirmationNumber=215705, monthlyPayment=2141.76, additionalPrincipal=0, additionalEscrow=0, lateCharge=0, nsfFee=0, corporateAdvanceFee=0, other=0, transactionFee=10, loanNumber=1398970, payerName=KAREN ROJAS HERNANDEZ], LoanPaymentDto [maskedLoanNumber=91398****, confirmationNumber=676923, monthlyPayment=125.04, additionalPrincipal=0, additionalEscrow=0, lateCharge=0, nsfFee=0, corporateAdvanceFee=0, other=0, transactionFee=0, loanNumber=91398970, payerName=KAREN ROJAS HERNANDEZ]]
2021-08-07 20:32:21.374  INFO chetuiwk0165 --- [nio-8080-exec-2] o.u.s.i.GetProcessPaymentsListImpl       : Email Confirmation Response: <207 Multi-Status,[{"emailList":["mbva@uthc.org"],"transactionDate":"2021-08-07","bankAccountEnding":"1231","loanPaymentList":[{"confirmationNumber":"310073","maskedLoanNumber":"1038****","monthlyPayment":1194.27,"additionalPrincipal":0,"additionalEscrow":0,"lateCharge":0,"nsfFee":0,"other":0,"transactionFee":10,"corporateAdvanceFee":0,"loanNumber":1038060,"payerName":"JUSTIN WEST"},{"confirmationNumber":"015830","maskedLoanNumber":"91038****","monthlyPayment":42.87,"additionalPrincipal":0,"additionalEscrow":0,"lateCharge":0,"nsfFee":0,"other":0,"transactionFee":0,"corporateAdvanceFee":0,"loanNumber":91038060,"payerName":"JUSTIN WEST"}],"status":"Fail","nameOfException":"MailSendException"},{"emailList":["mbarkerallred@uthc.org"],"transactionDate":"2021-08-07","bankAccountEnding":"2342","loanPaymentList":[{"confirmationNumber":"739656","maskedLoanNumber":"1218****","monthlyPayment":1546.54,"additionalPrincipal":0,"additionalEscrow":0,"lateCharge":0,"nsfFee":0,"other":0,"transactionFee":10,"corporateAdvanceFee":0,"loanNumber":1218720,"payerName":"MANUEL GUTIERREZ"},{"confirmationNumber":"555122","maskedLoanNumber":"91218****","monthlyPayment":87.71,"additionalPrincipal":0,"additionalEscrow":0,"lateCharge":0,"nsfFee":0,"other":0,"transactionFee":0,"corporateAdvanceFee":0,"loanNumber":91218720,"payerName":"MANUEL GUTIERREZ"}],"status":"Success","nameOfException":""},{"emailList":["mbva@uthc.org"],"transactionDate":"2021-08-07","bankAccountEnding":"3534","loanPaymentList":[{"confirmationNumber":"215705","maskedLoanNumber":"1398****","monthlyPayment":2141.76,"additionalPrincipal":0,"additionalEscrow":0,"lateCharge":0,"nsfFee":0,"other":0,"transactionFee":10,"corporateAdvanceFee":0,"loanNumber":1398970,"payerName":"KAREN ROJAS HERNANDEZ"},{"confirmationNumber":"676923","maskedLoanNumber":"91398****","monthlyPayment":125.04,"additionalPrincipal":0,"additionalEscrow":0,"lateCharge":0,"nsfFee":0,"other":0,"transactionFee":0,"corporateAdvanceFee":0,"loanNumber":91398970,"payerName":"KAREN ROJAS HERNANDEZ"}],"status":"Fail","nameOfException":"MailSendException"}],{Content-Type=[application/json], Transfer-Encoding=[chunked], Date=[Sat, 07 Aug 2021 15:02:21 GMT], Keep-Alive=[timeout=60], Connection=[keep-alive]}>
2021-08-07 20:32:21.374  INFO chetuiwk0165 --- [nio-8080-exec-2] o.u.s.i.GetProcessPaymentsListImpl       : emailConfirmationListDto: [ConfirmationEmailInfoDTO [bankAccountEnding=1231, emailList=[mbva@uthc.org], loanPaymentList=[LoanPaymentDto [maskedLoanNumber=1038****, confirmationNumber=310073, monthlyPayment=1194.27, additionalPrincipal=0, additionalEscrow=0, lateCharge=0, nsfFee=0, corporateAdvanceFee=0, other=0, transactionFee=10, loanNumber=1038060, payerName=JUSTIN WEST], LoanPaymentDto [maskedLoanNumber=91038****, confirmationNumber=015830, monthlyPayment=42.87, additionalPrincipal=0, additionalEscrow=0, lateCharge=0, nsfFee=0, corporateAdvanceFee=0, other=0, transactionFee=0, loanNumber=91038060, payerName=JUSTIN WEST]], nameOfException=, status=, transactionDate=2021-08-07], ConfirmationEmailInfoDTO [bankAccountEnding=2342, emailList=[mbarkerallred@uthc.org], loanPaymentList=[LoanPaymentDto [maskedLoanNumber=1218****, confirmationNumber=739656, monthlyPayment=1546.54, additionalPrincipal=0, additionalEscrow=0, lateCharge=0, nsfFee=0, corporateAdvanceFee=0, other=0, transactionFee=10, loanNumber=1218720, payerName=MANUEL GUTIERREZ], LoanPaymentDto [maskedLoanNumber=91218****, confirmationNumber=555122, monthlyPayment=87.71, additionalPrincipal=0, additionalEscrow=0, lateCharge=0, nsfFee=0, corporateAdvanceFee=0, other=0, transactionFee=0, loanNumber=91218720, payerName=MANUEL GUTIERREZ]], nameOfException=, status=, transactionDate=2021-08-07], ConfirmationEmailInfoDTO [bankAccountEnding=3534, emailList=[mbva@uthc.org], loanPaymentList=[LoanPaymentDto [maskedLoanNumber=1398****, confirmationNumber=215705, monthlyPayment=2141.76, additionalPrincipal=0, additionalEscrow=0, lateCharge=0, nsfFee=0, corporateAdvanceFee=0, other=0, transactionFee=10, loanNumber=1398970, payerName=KAREN ROJAS HERNANDEZ], LoanPaymentDto [maskedLoanNumber=91398****, confirmationNumber=676923, monthlyPayment=125.04, additionalPrincipal=0, additionalEscrow=0, lateCharge=0, nsfFee=0, corporateAdvanceFee=0, other=0, transactionFee=0, loanNumber=91398970, payerName=KAREN ROJAS HERNANDEZ]], nameOfException=, status=, transactionDate=2021-08-07]]
2021-08-07 20:32:21.375  INFO chetuiwk0165 --- [nio-8080-exec-2] o.u.s.i.GetProcessPaymentsListImpl       : s1: [{"emailList":["mbva@uthc.org"],"transactionDate":"2021-08-07","bankAccountEnding":"1231","loanPaymentList":[{"confirmationNumber":"310073","maskedLoanNumber":"1038****","monthlyPayment":1194.27,"additionalPrincipal":0,"additionalEscrow":0,"lateCharge":0,"nsfFee":0,"other":0,"transactionFee":10,"corporateAdvanceFee":0,"loanNumber":1038060,"payerName":"JUSTIN WEST"},{"confirmationNumber":"015830","maskedLoanNumber":"91038****","monthlyPayment":42.87,"additionalPrincipal":0,"additionalEscrow":0,"lateCharge":0,"nsfFee":0,"other":0,"transactionFee":0,"corporateAdvanceFee":0,"loanNumber":91038060,"payerName":"JUSTIN WEST"}],"status":"Fail","nameOfException":"MailSendException"},{"emailList":["mbarkerallred@uthc.org"],"transactionDate":"2021-08-07","bankAccountEnding":"2342","loanPaymentList":[{"confirmationNumber":"739656","maskedLoanNumber":"1218****","monthlyPayment":1546.54,"additionalPrincipal":0,"additionalEscrow":0,"lateCharge":0,"nsfFee":0,"other":0,"transactionFee":10,"corporateAdvanceFee":0,"loanNumber":1218720,"payerName":"MANUEL GUTIERREZ"},{"confirmationNumber":"555122","maskedLoanNumber":"91218****","monthlyPayment":87.71,"additionalPrincipal":0,"additionalEscrow":0,"lateCharge":0,"nsfFee":0,"other":0,"transactionFee":0,"corporateAdvanceFee":0,"loanNumber":91218720,"payerName":"MANUEL GUTIERREZ"}],"status":"Success","nameOfException":""},{"emailList":["mbva@uthc.org"],"transactionDate":"2021-08-07","bankAccountEnding":"3534","loanPaymentList":[{"confirmationNumber":"215705","maskedLoanNumber":"1398****","monthlyPayment":2141.76,"additionalPrincipal":0,"additionalEscrow":0,"lateCharge":0,"nsfFee":0,"other":0,"transactionFee":10,"corporateAdvanceFee":0,"loanNumber":1398970,"payerName":"KAREN ROJAS HERNANDEZ"},{"confirmationNumber":"676923","maskedLoanNumber":"91398****","monthlyPayment":125.04,"additionalPrincipal":0,"additionalEscrow":0,"lateCharge":0,"nsfFee":0,"other":0,"transactionFee":0,"corporateAdvanceFee":0,"loanNumber":91398970,"payerName":"KAREN ROJAS HERNANDEZ"}],"status":"Fail","nameOfException":"MailSendException"}]
2021-08-07 20:32:21.384  INFO chetuiwk0165 --- [nio-8080-exec-2] o.u.s.i.GetProcessPaymentsListImpl       : failedEmailsListDtos: [FailedEmailsDto [loanNumber=1038060, totalFee=1204.27, payerName=JUSTIN WEST]]
2021-08-07 20:32:21.385  INFO chetuiwk0165 --- [nio-8080-exec-2] o.u.s.i.GetProcessPaymentsListImpl       : failedSecondaryEmailsListDtos: [FailedEmailsDto [loanNumber=1038060, totalFee=1204.27, payerName=JUSTIN WEST], FailedEmailsDto [loanNumber=91038060, totalFee=42.87, payerName=JUSTIN WEST]]
2021-08-07 20:32:21.385  INFO chetuiwk0165 --- [nio-8080-exec-2] o.u.s.i.GetProcessPaymentsListImpl       : failedEmailsListDtos: [FailedEmailsDto [loanNumber=1398970, totalFee=2151.76, payerName=KAREN ROJAS HERNANDEZ]]
2021-08-07 20:32:21.385  INFO chetuiwk0165 --- [nio-8080-exec-2] o.u.s.i.GetProcessPaymentsListImpl       : failedSecondaryEmailsListDtos: [FailedEmailsDto [loanNumber=1398970, totalFee=2151.76, payerName=KAREN ROJAS HERNANDEZ], FailedEmailsDto [loanNumber=91398970, totalFee=125.04, payerName=KAREN ROJAS HERNANDEZ]]
2021-08-07 20:32:21.385  INFO chetuiwk0165 --- [nio-8080-exec-2] o.u.s.i.GetProcessPaymentsListImpl       : Email Confirmation Response: 1 : 2
2021-08-07 20:32:21.408  INFO chetuiwk0165 --- [nio-8080-exec-4] o.u.c.ProcessPaymnetsController          : get process payments letter Notification list API called
2021-08-07 20:32:21.412  INFO chetuiwk0165 --- [nio-8080-exec-4] o.u.s.i.GetProcessPaymentsListImpl       : letterConfirmationDto :>>>>>>>>>:  ConfirmationLetterInfoDTO [processorName=admin testuser, payerName=JUSTIN WEST, address=AddressDto [line1=4543 WEST 6165 SOUTH, city=SALT LAKE CITY, state=UT, zip=84118], transactionDate=2021-08-07, bankName=, bankAccountEnding=1231, nameOfException=, status=,accountType=C, loanPaymentList=[LoanPaymentDto [maskedLoanNumber=1038****, confirmationNumber=310073, monthlyPayment=1194.27, additionalPrincipal=0, additionalEscrow=0, lateCharge=0, nsfFee=0, corporateAdvanceFee=0, other=0, transactionFee=10, loanNumber=1038060, payerName=JUSTIN WEST], LoanPaymentDto [maskedLoanNumber=91038****, confirmationNumber=015830, monthlyPayment=42.87, additionalPrincipal=0, additionalEscrow=0, lateCharge=0, nsfFee=0, corporateAdvanceFee=0, other=0, transactionFee=0, loanNumber=91038060, payerName=JUSTIN WEST]]]
2021-08-07 20:32:21.413  INFO chetuiwk0165 --- [nio-8080-exec-4] o.u.s.i.GetProcessPaymentsListImpl       : letterConfirmationDto :>>>>>>>>>:  ConfirmationLetterInfoDTO [processorName=admin testuser, payerName=MANUEL GUTIERREZ, address=AddressDto [line1=8475 W HARTWICK CT, city=MAGNA, state=UT, zip=84044], transactionDate=2021-08-07, bankName=, bankAccountEnding=2342, nameOfException=, status=,accountType=C, loanPaymentList=[LoanPaymentDto [maskedLoanNumber=1218****, confirmationNumber=739656, monthlyPayment=1546.54, additionalPrincipal=0, additionalEscrow=0, lateCharge=0, nsfFee=0, corporateAdvanceFee=0, other=0, transactionFee=10, loanNumber=1218720, payerName=MANUEL GUTIERREZ], LoanPaymentDto [maskedLoanNumber=91218****, confirmationNumber=555122, monthlyPayment=87.71, additionalPrincipal=0, additionalEscrow=0, lateCharge=0, nsfFee=0, corporateAdvanceFee=0, other=0, transactionFee=0, loanNumber=91218720, payerName=MANUEL GUTIERREZ]]]
2021-08-07 20:32:21.413  INFO chetuiwk0165 --- [nio-8080-exec-4] o.u.s.i.GetProcessPaymentsListImpl       : letterConfirmationDto :>>>>>>>>>:  ConfirmationLetterInfoDTO [processorName=admin testuser, payerName=KAREN ROJAS HERNANDEZ, address=AddressDto [line1=5574 W  HUNTER DR, city=WEST VALLEY, state=UT, zip=84120], transactionDate=2021-08-07, bankName=, bankAccountEnding=3534, nameOfException=, status=,accountType=C, loanPaymentList=[LoanPaymentDto [maskedLoanNumber=1398****, confirmationNumber=215705, monthlyPayment=2141.76, additionalPrincipal=0, additionalEscrow=0, lateCharge=0, nsfFee=0, corporateAdvanceFee=0, other=0, transactionFee=10, loanNumber=1398970, payerName=KAREN ROJAS HERNANDEZ], LoanPaymentDto [maskedLoanNumber=91398****, confirmationNumber=676923, monthlyPayment=125.04, additionalPrincipal=0, additionalEscrow=0, lateCharge=0, nsfFee=0, corporateAdvanceFee=0, other=0, transactionFee=0, loanNumber=91398970, payerName=KAREN ROJAS HERNANDEZ]]]
2021-08-07 20:33:04.532  INFO chetuiwk0165 --- [nio-8080-exec-4] o.u.s.i.GetProcessPaymentsListImpl       : Letter Confirmation Response: <200 OK,[{"processorName":"admin testuser","payerName":"JUSTIN WEST","address":{"line1":"4543 WEST 6165 SOUTH","city":"SALT LAKE CITY","state":"UT","zip":"84118"},"transactionDate":"2021-08-07","bankName":"","bankAccountEnding":"1231","loanPaymentList":[{"confirmationNumber":"310073","maskedLoanNumber":"1038****","monthlyPayment":1194.27,"additionalPrincipal":0,"additionalEscrow":0,"lateCharge":0,"nsfFee":0,"other":0,"transactionFee":10,"corporateAdvanceFee":0,"loanNumber":1038060,"payerName":"JUSTIN WEST"},{"confirmationNumber":"015830","maskedLoanNumber":"91038****","monthlyPayment":42.87,"additionalPrincipal":0,"additionalEscrow":0,"lateCharge":0,"nsfFee":0,"other":0,"transactionFee":0,"corporateAdvanceFee":0,"loanNumber":91038060,"payerName":"JUSTIN WEST"}],"status":"Success","nameOfException":"","accountType":"C"},{"processorName":"admin testuser","payerName":"MANUEL GUTIERREZ","address":{"line1":"8475 W HARTWICK CT","city":"MAGNA","state":"UT","zip":"84044"},"transactionDate":"2021-08-07","bankName":"","bankAccountEnding":"2342","loanPaymentList":[{"confirmationNumber":"739656","maskedLoanNumber":"1218****","monthlyPayment":1546.54,"additionalPrincipal":0,"additionalEscrow":0,"lateCharge":0,"nsfFee":0,"other":0,"transactionFee":10,"corporateAdvanceFee":0,"loanNumber":1218720,"payerName":"MANUEL GUTIERREZ"},{"confirmationNumber":"555122","maskedLoanNumber":"91218****","monthlyPayment":87.71,"additionalPrincipal":0,"additionalEscrow":0,"lateCharge":0,"nsfFee":0,"other":0,"transactionFee":0,"corporateAdvanceFee":0,"loanNumber":91218720,"payerName":"MANUEL GUTIERREZ"}],"status":"Success","nameOfException":"","accountType":"C"},{"processorName":"admin testuser","payerName":"KAREN ROJAS HERNANDEZ","address":{"line1":"5574 W  HUNTER DR","city":"WEST VALLEY","state":"UT","zip":"84120"},"transactionDate":"2021-08-07","bankName":"","bankAccountEnding":"3534","loanPaymentList":[{"confirmationNumber":"215705","maskedLoanNumber":"1398****","monthlyPayment":2141.76,"additionalPrincipal":0,"additionalEscrow":0,"lateCharge":0,"nsfFee":0,"other":0,"transactionFee":10,"corporateAdvanceFee":0,"loanNumber":1398970,"payerName":"KAREN ROJAS HERNANDEZ"},{"confirmationNumber":"676923","maskedLoanNumber":"91398****","monthlyPayment":125.04,"additionalPrincipal":0,"additionalEscrow":0,"lateCharge":0,"nsfFee":0,"other":0,"transactionFee":0,"corporateAdvanceFee":0,"loanNumber":91398970,"payerName":"KAREN ROJAS HERNANDEZ"}],"status":"Success","nameOfException":"","accountType":"C"}],{Content-Type=[application/json], Transfer-Encoding=[chunked], Date=[Sat, 07 Aug 2021 15:03:04 GMT], Keep-Alive=[timeout=60], Connection=[keep-alive]}>
2021-08-07 20:33:04.533  INFO chetuiwk0165 --- [nio-8080-exec-4] o.u.s.i.GetProcessPaymentsListImpl       : Letter Confirmation Response: 3 : 0
2021-08-07 20:38:43.047  INFO chetuiwk0165 --- [nio-8080-exec-6] o.u.c.PaymentsInProcessController        : get payments in process API called
2021-08-07 20:38:43.047  INFO chetuiwk0165 --- [nio-8080-exec-6] o.u.s.i.PaymentsInProcessServiceImpl     : Entering into getPaymentsInProcessList method
2021-08-07 20:38:43.047  INFO chetuiwk0165 --- [nio-8080-exec-6] o.u.d.i.UserDaoImpl                      : Entering into getPaymentsInProcessList method
2021-08-07 20:38:43.048  INFO chetuiwk0165 --- [nio-8080-exec-7] o.u.c.GetPaymentBatchController          : get payment batch API called
2021-08-07 20:38:43.048  INFO chetuiwk0165 --- [nio-8080-exec-7] o.u.s.i.GetProcessPaymentsListImpl       : Entering into getPaymentBatchDetails method
2021-08-07 20:38:43.048  INFO chetuiwk0165 --- [nio-8080-exec-7] o.u.d.i.UserDaoImpl                      : Entering Into getPaymentBatchDetails method
2021-08-07 20:38:43.339  INFO chetuiwk0165 --- [nio-8080-exec-6] o.u.d.i.UserDaoImpl                      : Exit from getPaymentsInProcessList method
2021-08-07 20:38:43.339  INFO chetuiwk0165 --- [nio-8080-exec-7] o.u.d.i.UserDaoImpl                      : Exit From getPaymentBatchDetails method
2021-08-07 20:38:43.339  INFO chetuiwk0165 --- [nio-8080-exec-6] o.u.d.i.UserDaoImpl                      : Entering into getLoanAccountsByLoanNumber method
2021-08-07 20:38:43.340  INFO chetuiwk0165 --- [nio-8080-exec-7] o.u.s.i.GetProcessPaymentsListImpl       : Exit from getPaymentBatchDetails method
2021-08-07 20:38:43.340  INFO chetuiwk0165 --- [nio-8080-exec-6] o.u.d.i.UserDaoImpl                      : To loan number, user name enterd is :1218720
2021-08-07 20:38:45.114  INFO chetuiwk0165 --- [nio-8080-exec-6] o.u.d.i.UserDaoImpl                      : List of loan number is: [1218720, 91218720]
2021-08-07 20:38:45.114  INFO chetuiwk0165 --- [nio-8080-exec-6] o.u.d.i.UserDaoImpl                      : Exit from getLoanAccountsByLoanNumber method1218720
2021-08-07 20:38:45.114  INFO chetuiwk0165 --- [nio-8080-exec-6] o.u.d.i.UserDaoImpl                      : Entering into getLoanAccountDetailsByLoanNum method
2021-08-07 20:38:45.114  INFO chetuiwk0165 --- [nio-8080-exec-6] o.u.d.i.UserDaoImpl                      : For getting Loan Account details, Loan number entered is
2021-08-07 20:38:46.883  INFO chetuiwk0165 --- [nio-8080-exec-6] o.u.d.i.UserDaoImpl                      : Loan account details by loan number is :
2021-08-07 20:38:46.883  INFO chetuiwk0165 --- [nio-8080-exec-6] o.u.d.i.UserDaoImpl                      : Exit from getLoanAccountDetailsByLoanNum method
2021-08-07 20:38:46.884  INFO chetuiwk0165 --- [nio-8080-exec-6] o.u.d.i.UserDaoImpl                      : Entering into getLoanAccountDetailsByLoanNum method
2021-08-07 20:38:46.884  INFO chetuiwk0165 --- [nio-8080-exec-6] o.u.d.i.UserDaoImpl                      : For getting Loan Account details, Loan number entered is
2021-08-07 20:38:48.679  INFO chetuiwk0165 --- [nio-8080-exec-6] o.u.d.i.UserDaoImpl                      : Loan account details by loan number is :
2021-08-07 20:38:48.679  INFO chetuiwk0165 --- [nio-8080-exec-6] o.u.d.i.UserDaoImpl                      : Exit from getLoanAccountDetailsByLoanNum method
2021-08-07 20:38:48.679  INFO chetuiwk0165 --- [nio-8080-exec-6] o.u.d.i.UserDaoImpl                      : Entering into getOtherFeeListForPayment method
2021-08-07 20:38:48.971  INFO chetuiwk0165 --- [nio-8080-exec-6] o.u.d.i.UserDaoImpl                      : Other Fee List : 
2021-08-07 20:38:48.971  INFO chetuiwk0165 --- [nio-8080-exec-6] o.u.d.i.UserDaoImpl                      : Exit from getOtherFeeListForPayment method
2021-08-07 20:38:48.971  INFO chetuiwk0165 --- [nio-8080-exec-6] o.u.d.i.UserDaoImpl                      : Entering Into getFeeNameByFeeId method
2021-08-07 20:38:49.267  INFO chetuiwk0165 --- [nio-8080-exec-6] o.u.d.i.UserDaoImpl                      : Exit From getFeeNameByFeeId method
2021-08-07 20:38:49.268  INFO chetuiwk0165 --- [nio-8080-exec-6] o.u.d.i.UserDaoImpl                      : Entering Into getFeeNameByFeeId method
2021-08-07 20:38:49.553  INFO chetuiwk0165 --- [nio-8080-exec-6] o.u.d.i.UserDaoImpl                      : Exit From getFeeNameByFeeId method
2021-08-07 20:38:49.553  INFO chetuiwk0165 --- [nio-8080-exec-6] o.u.d.i.UserDaoImpl                      : Entering Into getFeeNameByFeeId method
2021-08-07 20:38:49.838  INFO chetuiwk0165 --- [nio-8080-exec-6] o.u.d.i.UserDaoImpl                      : Exit From getFeeNameByFeeId method
2021-08-07 20:38:49.838  INFO chetuiwk0165 --- [nio-8080-exec-6] o.u.d.i.UserDaoImpl                      : Entering Into getFeeNameByFeeId method
2021-08-07 20:38:50.122  INFO chetuiwk0165 --- [nio-8080-exec-6] o.u.d.i.UserDaoImpl                      : Exit From getFeeNameByFeeId method
2021-08-07 20:38:50.122  INFO chetuiwk0165 --- [nio-8080-exec-6] o.u.d.i.UserDaoImpl                      : Entering Into getFeeNameByFeeId method
2021-08-07 20:38:50.407  INFO chetuiwk0165 --- [nio-8080-exec-6] o.u.d.i.UserDaoImpl                      : Exit From getFeeNameByFeeId method
2021-08-07 20:38:50.407  INFO chetuiwk0165 --- [nio-8080-exec-6] o.u.d.i.UserDaoImpl                      : Entering Into getFeeNameByFeeId method
2021-08-07 20:38:50.694  INFO chetuiwk0165 --- [nio-8080-exec-6] o.u.d.i.UserDaoImpl                      : Exit From getFeeNameByFeeId method
2021-08-07 20:38:50.695  INFO chetuiwk0165 --- [nio-8080-exec-6] o.u.d.i.UserDaoImpl                      : Entering into getLoanAccountsByLoanNumber method
2021-08-07 20:38:50.695  INFO chetuiwk0165 --- [nio-8080-exec-6] o.u.d.i.UserDaoImpl                      : To loan number, user name enterd is :91218720
2021-08-07 20:38:52.407  INFO chetuiwk0165 --- [nio-8080-exec-6] o.u.d.i.UserDaoImpl                      : List of loan number is: [1218720, 91218720]
2021-08-07 20:38:52.407  INFO chetuiwk0165 --- [nio-8080-exec-6] o.u.d.i.UserDaoImpl                      : Exit from getLoanAccountsByLoanNumber method91218720
2021-08-07 20:38:52.408  INFO chetuiwk0165 --- [nio-8080-exec-6] o.u.d.i.UserDaoImpl                      : Entering into getLoanAccountDetailsByLoanNum method
2021-08-07 20:38:52.408  INFO chetuiwk0165 --- [nio-8080-exec-6] o.u.d.i.UserDaoImpl                      : For getting Loan Account details, Loan number entered is
2021-08-07 20:38:54.183  INFO chetuiwk0165 --- [nio-8080-exec-6] o.u.d.i.UserDaoImpl                      : Loan account details by loan number is :
2021-08-07 20:38:54.183  INFO chetuiwk0165 --- [nio-8080-exec-6] o.u.d.i.UserDaoImpl                      : Exit from getLoanAccountDetailsByLoanNum method
2021-08-07 20:38:54.184  INFO chetuiwk0165 --- [nio-8080-exec-6] o.u.d.i.UserDaoImpl                      : Entering into getLoanAccountDetailsByLoanNum method
2021-08-07 20:38:54.184  INFO chetuiwk0165 --- [nio-8080-exec-6] o.u.d.i.UserDaoImpl                      : For getting Loan Account details, Loan number entered is
2021-08-07 20:38:55.966  INFO chetuiwk0165 --- [nio-8080-exec-6] o.u.d.i.UserDaoImpl                      : Loan account details by loan number is :
2021-08-07 20:38:55.966  INFO chetuiwk0165 --- [nio-8080-exec-6] o.u.d.i.UserDaoImpl                      : Exit from getLoanAccountDetailsByLoanNum method
2021-08-07 20:38:55.967  INFO chetuiwk0165 --- [nio-8080-exec-6] o.u.d.i.UserDaoImpl                      : Entering into getOtherFeeListForPayment method
2021-08-07 20:38:56.266  INFO chetuiwk0165 --- [nio-8080-exec-6] o.u.d.i.UserDaoImpl                      : Other Fee List : 
2021-08-07 20:38:56.267  INFO chetuiwk0165 --- [nio-8080-exec-6] o.u.d.i.UserDaoImpl                      : Exit from getOtherFeeListForPayment method
2021-08-07 20:38:56.267  INFO chetuiwk0165 --- [nio-8080-exec-6] o.u.d.i.UserDaoImpl                      : Entering Into getFeeNameByFeeId method
2021-08-07 20:38:56.558  INFO chetuiwk0165 --- [nio-8080-exec-6] o.u.d.i.UserDaoImpl                      : Exit From getFeeNameByFeeId method
2021-08-07 20:38:56.558  INFO chetuiwk0165 --- [nio-8080-exec-6] o.u.d.i.UserDaoImpl                      : Entering Into getFeeNameByFeeId method
2021-08-07 20:38:56.849  INFO chetuiwk0165 --- [nio-8080-exec-6] o.u.d.i.UserDaoImpl                      : Exit From getFeeNameByFeeId method
2021-08-07 20:38:56.849  INFO chetuiwk0165 --- [nio-8080-exec-6] o.u.d.i.UserDaoImpl                      : Entering Into getFeeNameByFeeId method
2021-08-07 20:38:57.137  INFO chetuiwk0165 --- [nio-8080-exec-6] o.u.d.i.UserDaoImpl                      : Exit From getFeeNameByFeeId method
2021-08-07 20:38:57.137  INFO chetuiwk0165 --- [nio-8080-exec-6] o.u.d.i.UserDaoImpl                      : Entering Into getFeeNameByFeeId method
2021-08-07 20:38:57.422  INFO chetuiwk0165 --- [nio-8080-exec-6] o.u.d.i.UserDaoImpl                      : Exit From getFeeNameByFeeId method
2021-08-07 20:38:57.422  INFO chetuiwk0165 --- [nio-8080-exec-6] o.u.s.i.PaymentsInProcessServiceImpl     : Exit from getPaymentsInProcessList method
2021-08-07 20:39:00.539  INFO chetuiwk0165 --- [io-8080-exec-10] o.u.c.ProcessPaymnetsController          : get process payments list API called
2021-08-07 20:39:00.539  INFO chetuiwk0165 --- [io-8080-exec-10] o.u.s.i.GetProcessPaymentsListImpl       : Entering into getProcessPaymentsList method
2021-08-07 20:39:00.539  INFO chetuiwk0165 --- [io-8080-exec-10] o.u.d.i.UserDaoImpl                      : Entering into getPaymentsInProcessList method
2021-08-07 20:39:00.851  INFO chetuiwk0165 --- [io-8080-exec-10] o.u.d.i.UserDaoImpl                      : Exit from getPaymentsInProcessList method
2021-08-07 20:39:00.851  INFO chetuiwk0165 --- [io-8080-exec-10] o.u.d.i.UserDaoImpl                      : Entering into getOtherFeeListForPayment method
2021-08-07 20:39:01.138  INFO chetuiwk0165 --- [io-8080-exec-10] o.u.d.i.UserDaoImpl                      : Other Fee List : 
2021-08-07 20:39:01.138  INFO chetuiwk0165 --- [io-8080-exec-10] o.u.d.i.UserDaoImpl                      : Exit from getOtherFeeListForPayment method
2021-08-07 20:39:01.138  INFO chetuiwk0165 --- [io-8080-exec-10] o.u.d.i.UserDaoImpl                      : Entering Into getFeeNameByFeeId method
2021-08-07 20:39:01.428  INFO chetuiwk0165 --- [io-8080-exec-10] o.u.d.i.UserDaoImpl                      : Exit From getFeeNameByFeeId method
2021-08-07 20:39:01.428  INFO chetuiwk0165 --- [io-8080-exec-10] o.u.d.i.UserDaoImpl                      : Entering Into getFeeNameByFeeId method
2021-08-07 20:39:01.716  INFO chetuiwk0165 --- [io-8080-exec-10] o.u.d.i.UserDaoImpl                      : Exit From getFeeNameByFeeId method
2021-08-07 20:39:01.716  INFO chetuiwk0165 --- [io-8080-exec-10] o.u.d.i.UserDaoImpl                      : Entering Into getFeeNameByFeeId method
2021-08-07 20:39:02.002  INFO chetuiwk0165 --- [io-8080-exec-10] o.u.d.i.UserDaoImpl                      : Exit From getFeeNameByFeeId method
2021-08-07 20:39:02.002  INFO chetuiwk0165 --- [io-8080-exec-10] o.u.d.i.UserDaoImpl                      : Entering Into getFeeNameByFeeId method
2021-08-07 20:39:02.287  INFO chetuiwk0165 --- [io-8080-exec-10] o.u.d.i.UserDaoImpl                      : Exit From getFeeNameByFeeId method
2021-08-07 20:39:02.287  INFO chetuiwk0165 --- [io-8080-exec-10] o.u.d.i.UserDaoImpl                      : Entering Into getFeeNameByFeeId method
2021-08-07 20:39:02.572  INFO chetuiwk0165 --- [io-8080-exec-10] o.u.d.i.UserDaoImpl                      : Exit From getFeeNameByFeeId method
2021-08-07 20:39:02.572  INFO chetuiwk0165 --- [io-8080-exec-10] o.u.d.i.UserDaoImpl                      : Entering Into getFeeNameByFeeId method
2021-08-07 20:39:02.859  INFO chetuiwk0165 --- [io-8080-exec-10] o.u.d.i.UserDaoImpl                      : Exit From getFeeNameByFeeId method
2021-08-07 20:39:02.859  INFO chetuiwk0165 --- [io-8080-exec-10] o.u.d.i.UserDaoImpl                      : Entering into getOtherFeeListForPayment method
2021-08-07 20:39:03.145  INFO chetuiwk0165 --- [io-8080-exec-10] o.u.d.i.UserDaoImpl                      : Other Fee List : 
2021-08-07 20:39:03.145  INFO chetuiwk0165 --- [io-8080-exec-10] o.u.d.i.UserDaoImpl                      : Exit from getOtherFeeListForPayment method
2021-08-07 20:39:03.145  INFO chetuiwk0165 --- [io-8080-exec-10] o.u.d.i.UserDaoImpl                      : Entering Into getFeeNameByFeeId method
2021-08-07 20:39:03.431  INFO chetuiwk0165 --- [io-8080-exec-10] o.u.d.i.UserDaoImpl                      : Exit From getFeeNameByFeeId method
2021-08-07 20:39:03.431  INFO chetuiwk0165 --- [io-8080-exec-10] o.u.d.i.UserDaoImpl                      : Entering Into getFeeNameByFeeId method
2021-08-07 20:39:03.729  INFO chetuiwk0165 --- [io-8080-exec-10] o.u.d.i.UserDaoImpl                      : Exit From getFeeNameByFeeId method
2021-08-07 20:39:03.729  INFO chetuiwk0165 --- [io-8080-exec-10] o.u.d.i.UserDaoImpl                      : Entering Into getFeeNameByFeeId method
2021-08-07 20:39:04.015  INFO chetuiwk0165 --- [io-8080-exec-10] o.u.d.i.UserDaoImpl                      : Exit From getFeeNameByFeeId method
2021-08-07 20:39:04.015  INFO chetuiwk0165 --- [io-8080-exec-10] o.u.d.i.UserDaoImpl                      : Entering Into getFeeNameByFeeId method
2021-08-07 20:39:04.301  INFO chetuiwk0165 --- [io-8080-exec-10] o.u.d.i.UserDaoImpl                      : Exit From getFeeNameByFeeId method
2021-08-07 20:39:04.310  INFO chetuiwk0165 --- [io-8080-exec-10] o.u.s.i.GetProcessPaymentsListImpl       : DATA SENT TO PPS:
[GetProcessPaymentsListDto [paymentId=2804, loanNumber=1218720, monthlyAmount=1546.54, additionalPrincipal=0.00, additionalEscrow=0.00, lateFee=0.00, nsfFee=0.00, createDate=2021-08-07 09:07:41, confirmationNumber=601099  , nameOnAccount=MANUEL GUTIERREZ, agentName=admin testuser, accountNumber=565456, routingNumber=324377516, accountType=C, phonePayFee=10.00, corporateAdvance=0, otherTypePayments=0, advice=true, adviceType=1, adviceNote=paying for test111, emails=mbarkerallred@uthc.org, line1=8475 W HARTWICK CT, city=MAGNA, state=UT, zip=84044], GetProcessPaymentsListDto [paymentId=2805, loanNumber=91218720, monthlyAmount=87.71, additionalPrincipal=0.00, additionalEscrow=0, lateFee=0.00, nsfFee=0.00, createDate=2021-08-07 09:07:41, confirmationNumber=915755  , nameOnAccount=MANUEL GUTIERREZ, agentName=admin testuser, accountNumber=565456, routingNumber=324377516, accountType=C, phonePayFee=0, corporateAdvance=0, otherTypePayments=0, advice=true, adviceType=1, adviceNote=test secondary, emails=mbarkerallred@uthc.org, line1=8475 W HARTWICK CT, city=MAGNA, state=UT, zip=84044]]
2021-08-07 20:39:06.622  INFO chetuiwk0165 --- [io-8080-exec-10] o.u.d.i.UserDaoImpl                      : Entering into insertProcessedPaymentBatch method
2021-08-07 20:39:06.917  INFO chetuiwk0165 --- [io-8080-exec-10] o.u.d.i.UserDaoImpl                      : Exit from insertProcessedPaymentBatch method
2021-08-07 20:39:06.917  INFO chetuiwk0165 --- [io-8080-exec-10] o.u.d.i.UserDaoImpl                      : Entering into getLastUpdatedPaymentBatchId method
2021-08-07 20:39:07.201  INFO chetuiwk0165 --- [io-8080-exec-10] o.u.d.i.UserDaoImpl                      : Exit from getLastUpdatedPaymentBatchId method
2021-08-07 20:39:07.201  INFO chetuiwk0165 --- [io-8080-exec-10] o.u.d.i.UserDaoImpl                      : Entering Into updateProcessedPaymentsDate method
2021-08-07 20:39:07.491  INFO chetuiwk0165 --- [io-8080-exec-10] o.u.d.i.UserDaoImpl                      : Processed payments was successfully updated. Payment ID: {}[2804, 2805]
2021-08-07 20:39:07.491  INFO chetuiwk0165 --- [io-8080-exec-10] o.u.d.i.UserDaoImpl                      : Exit From updateProcessedPaymentsDate method
2021-08-07 20:39:07.491  INFO chetuiwk0165 --- [io-8080-exec-10] o.u.s.i.GetProcessPaymentsListImpl       : count2
2021-08-07 20:39:07.491  INFO chetuiwk0165 --- [io-8080-exec-10] o.u.s.i.GetProcessPaymentsListImpl       : Exit from getProcessPaymentsList method
2021-08-07 20:39:07.521  INFO chetuiwk0165 --- [nio-8080-exec-1] o.u.c.ProcessPaymnetsController          : get process payments Notification list API called
2021-08-07 20:39:07.521  INFO chetuiwk0165 --- [nio-8080-exec-1] o.u.s.i.GetProcessPaymentsListImpl       : emailConfirmationDto :>>>>>>>>>:  ConfirmationEmailInfoDTO [bankAccountEnding=5456, emailList=[mbarkerallred@uthc.org], loanPaymentList=[LoanPaymentDto [maskedLoanNumber=1218****, confirmationNumber=601099, monthlyPayment=1546.54, additionalPrincipal=0, additionalEscrow=0, lateCharge=0, nsfFee=0, corporateAdvanceFee=0, other=0, transactionFee=10, loanNumber=1218720, payerName=MANUEL GUTIERREZ], LoanPaymentDto [maskedLoanNumber=91218****, confirmationNumber=915755, monthlyPayment=87.71, additionalPrincipal=0, additionalEscrow=0, lateCharge=0, nsfFee=0, corporateAdvanceFee=0, other=0, transactionFee=0, loanNumber=91218720, payerName=MANUEL GUTIERREZ]], nameOfException=, status=, transactionDate=2021-08-07]
2021-08-07 20:39:07.521  INFO chetuiwk0165 --- [nio-8080-exec-1] o.u.s.i.GetProcessPaymentsListImpl       : emailpaymentListDto :>>>>>>>>>:  [LoanPaymentDto [maskedLoanNumber=1218****, confirmationNumber=601099, monthlyPayment=1546.54, additionalPrincipal=0, additionalEscrow=0, lateCharge=0, nsfFee=0, corporateAdvanceFee=0, other=0, transactionFee=10, loanNumber=1218720, payerName=MANUEL GUTIERREZ], LoanPaymentDto [maskedLoanNumber=91218****, confirmationNumber=915755, monthlyPayment=87.71, additionalPrincipal=0, additionalEscrow=0, lateCharge=0, nsfFee=0, corporateAdvanceFee=0, other=0, transactionFee=0, loanNumber=91218720, payerName=MANUEL GUTIERREZ]]
2021-08-07 20:39:17.835  INFO chetuiwk0165 --- [nio-8080-exec-1] o.u.s.i.GetProcessPaymentsListImpl       : Email Confirmation Response: <200 OK,[{"emailList":["mbarkerallred@uthc.org"],"transactionDate":"2021-08-07","bankAccountEnding":"5456","loanPaymentList":[{"confirmationNumber":"601099","maskedLoanNumber":"1218****","monthlyPayment":1546.54,"additionalPrincipal":0,"additionalEscrow":0,"lateCharge":0,"nsfFee":0,"other":0,"transactionFee":10,"corporateAdvanceFee":0,"loanNumber":1218720,"payerName":"MANUEL GUTIERREZ"},{"confirmationNumber":"915755","maskedLoanNumber":"91218****","monthlyPayment":87.71,"additionalPrincipal":0,"additionalEscrow":0,"lateCharge":0,"nsfFee":0,"other":0,"transactionFee":0,"corporateAdvanceFee":0,"loanNumber":91218720,"payerName":"MANUEL GUTIERREZ"}],"status":"Success","nameOfException":""}],{Content-Type=[application/json], Transfer-Encoding=[chunked], Date=[Sat, 07 Aug 2021 15:09:17 GMT], Keep-Alive=[timeout=60], Connection=[keep-alive]}>
2021-08-07 20:39:17.835  INFO chetuiwk0165 --- [nio-8080-exec-1] o.u.s.i.GetProcessPaymentsListImpl       : emailConfirmationListDto: [ConfirmationEmailInfoDTO [bankAccountEnding=5456, emailList=[mbarkerallred@uthc.org], loanPaymentList=[LoanPaymentDto [maskedLoanNumber=1218****, confirmationNumber=601099, monthlyPayment=1546.54, additionalPrincipal=0, additionalEscrow=0, lateCharge=0, nsfFee=0, corporateAdvanceFee=0, other=0, transactionFee=10, loanNumber=1218720, payerName=MANUEL GUTIERREZ], LoanPaymentDto [maskedLoanNumber=91218****, confirmationNumber=915755, monthlyPayment=87.71, additionalPrincipal=0, additionalEscrow=0, lateCharge=0, nsfFee=0, corporateAdvanceFee=0, other=0, transactionFee=0, loanNumber=91218720, payerName=MANUEL GUTIERREZ]], nameOfException=, status=, transactionDate=2021-08-07]]
2021-08-07 20:39:17.835  INFO chetuiwk0165 --- [nio-8080-exec-1] o.u.s.i.GetProcessPaymentsListImpl       : s1: [{"emailList":["mbarkerallred@uthc.org"],"transactionDate":"2021-08-07","bankAccountEnding":"5456","loanPaymentList":[{"confirmationNumber":"601099","maskedLoanNumber":"1218****","monthlyPayment":1546.54,"additionalPrincipal":0,"additionalEscrow":0,"lateCharge":0,"nsfFee":0,"other":0,"transactionFee":10,"corporateAdvanceFee":0,"loanNumber":1218720,"payerName":"MANUEL GUTIERREZ"},{"confirmationNumber":"915755","maskedLoanNumber":"91218****","monthlyPayment":87.71,"additionalPrincipal":0,"additionalEscrow":0,"lateCharge":0,"nsfFee":0,"other":0,"transactionFee":0,"corporateAdvanceFee":0,"loanNumber":91218720,"payerName":"MANUEL GUTIERREZ"}],"status":"Success","nameOfException":""}]
2021-08-07 20:39:17.836  INFO chetuiwk0165 --- [nio-8080-exec-1] o.u.s.i.GetProcessPaymentsListImpl       : Email Confirmation Response: 1 : 0
2021-08-07 20:39:17.846  INFO chetuiwk0165 --- [nio-8080-exec-2] o.u.c.ProcessPaymnetsController          : get process payments letter Notification list API called
2021-08-07 20:39:17.847  INFO chetuiwk0165 --- [nio-8080-exec-2] o.u.s.i.GetProcessPaymentsListImpl       : letterConfirmationDto :>>>>>>>>>:  ConfirmationLetterInfoDTO [processorName=admin testuser, payerName=MANUEL GUTIERREZ, address=AddressDto [line1=8475 W HARTWICK CT, city=MAGNA, state=UT, zip=84044], transactionDate=2021-08-07, bankName=, bankAccountEnding=5456, nameOfException=, status=,accountType=C, loanPaymentList=[LoanPaymentDto [maskedLoanNumber=1218****, confirmationNumber=601099, monthlyPayment=1546.54, additionalPrincipal=0, additionalEscrow=0, lateCharge=0, nsfFee=0, corporateAdvanceFee=0, other=0, transactionFee=10, loanNumber=1218720, payerName=MANUEL GUTIERREZ], LoanPaymentDto [maskedLoanNumber=91218****, confirmationNumber=915755, monthlyPayment=87.71, additionalPrincipal=0, additionalEscrow=0, lateCharge=0, nsfFee=0, corporateAdvanceFee=0, other=0, transactionFee=0, loanNumber=91218720, payerName=MANUEL GUTIERREZ]]]
2021-08-07 20:39:29.551  INFO chetuiwk0165 --- [nio-8080-exec-2] o.u.s.i.GetProcessPaymentsListImpl       : Letter Confirmation Response: <200 OK,[{"processorName":"admin testuser","payerName":"MANUEL GUTIERREZ","address":{"line1":"8475 W HARTWICK CT","city":"MAGNA","state":"UT","zip":"84044"},"transactionDate":"2021-08-07","bankName":"","bankAccountEnding":"5456","loanPaymentList":[{"confirmationNumber":"601099","maskedLoanNumber":"1218****","monthlyPayment":1546.54,"additionalPrincipal":0,"additionalEscrow":0,"lateCharge":0,"nsfFee":0,"other":0,"transactionFee":10,"corporateAdvanceFee":0,"loanNumber":1218720,"payerName":"MANUEL GUTIERREZ"},{"confirmationNumber":"915755","maskedLoanNumber":"91218****","monthlyPayment":87.71,"additionalPrincipal":0,"additionalEscrow":0,"lateCharge":0,"nsfFee":0,"other":0,"transactionFee":0,"corporateAdvanceFee":0,"loanNumber":91218720,"payerName":"MANUEL GUTIERREZ"}],"status":"Success","nameOfException":"","accountType":"C"}],{Content-Type=[application/json], Transfer-Encoding=[chunked], Date=[Sat, 07 Aug 2021 15:09:29 GMT], Keep-Alive=[timeout=60], Connection=[keep-alive]}>
2021-08-07 20:39:29.551  INFO chetuiwk0165 --- [nio-8080-exec-2] o.u.s.i.GetProcessPaymentsListImpl       : Letter Confirmation Response: 1 : 0
