2021-11-11 14:53:51.010  INFO chetuiwk0165 --- [           main] o.u.PhonePayAPIApplication               : Starting PhonePayAPIApplication on chetuiwk0165 with PID 26172 (E:\UtahHousingCorp-MGLD\PhonePayWorkspace_12April\PhonePayBackend\target\classes started by pradeepy in E:\UtahHousingCorp-MGLD\PhonePayWorkspace_12April\PhonePayBackend)
2021-11-11 14:53:51.026  INFO chetuiwk0165 --- [           main] o.u.PhonePayAPIApplication               : No active profile set, falling back to default profiles: default
2021-11-11 14:53:51.055  INFO chetuiwk0165 --- [           main] ationConfigEmbeddedWebApplicationContext : Refreshing org.springframework.boot.context.embedded.AnnotationConfigEmbeddedWebApplicationContext@5542c4ed: startup date [Thu Nov 11 14:53:51 IST 2021]; root of context hierarchy
2021-11-11 14:53:51.164  INFO chetuiwk0165 --- [kground-preinit] o.h.v.i.u.Version                        : HV000001: Hibernate Validator 5.3.5.Final
2021-11-11 14:53:52.306  INFO chetuiwk0165 --- [           main] s.b.c.e.t.TomcatEmbeddedServletContainer : Tomcat initialized with port(s): 8080 (http)
2021-11-11 14:53:52.319  INFO chetuiwk0165 --- [           main] o.a.c.c.StandardService                  : Starting service [Tomcat]
2021-11-11 14:53:52.320  INFO chetuiwk0165 --- [           main] o.a.c.c.StandardEngine                   : Starting Servlet Engine: Apache Tomcat/8.5.16
2021-11-11 14:53:52.411  INFO chetuiwk0165 --- [ost-startStop-1] o.a.c.c.C.[.[.[/]                        : Initializing Spring embedded WebApplicationContext
2021-11-11 14:53:52.411  INFO chetuiwk0165 --- [ost-startStop-1] o.s.w.c.ContextLoader                    : Root WebApplicationContext: initialization completed in 1358 ms
2021-11-11 14:53:52.522  INFO chetuiwk0165 --- [ost-startStop-1] o.s.b.w.s.FilterRegistrationBean         : Mapping filter: 'CORSFilter' to: [/*]
2021-11-11 14:53:52.523  INFO chetuiwk0165 --- [ost-startStop-1] o.s.b.w.s.FilterRegistrationBean         : Mapping filter: 'characterEncodingFilter' to: [/*]
2021-11-11 14:53:52.523  INFO chetuiwk0165 --- [ost-startStop-1] o.s.b.w.s.FilterRegistrationBean         : Mapping filter: 'hiddenHttpMethodFilter' to: [/*]
2021-11-11 14:53:52.523  INFO chetuiwk0165 --- [ost-startStop-1] o.s.b.w.s.FilterRegistrationBean         : Mapping filter: 'httpPutFormContentFilter' to: [/*]
2021-11-11 14:53:52.523  INFO chetuiwk0165 --- [ost-startStop-1] o.s.b.w.s.FilterRegistrationBean         : Mapping filter: 'requestContextFilter' to: [/*]
2021-11-11 14:53:52.524  INFO chetuiwk0165 --- [ost-startStop-1] .s.DelegatingFilterProxyRegistrationBean : Mapping filter: 'springSecurityFilterChain' to: [/*]
2021-11-11 14:53:52.524  INFO chetuiwk0165 --- [ost-startStop-1] o.s.b.w.s.ServletRegistrationBean        : Mapping servlet: 'dispatcherServlet' to [/]
2021-11-11 14:53:52.911  INFO chetuiwk0165 --- [           main] b.a.s.AuthenticationManagerConfiguration : 

Using default security password: 6e0ea046-c870-4597-ae30-2940bfeddb84

2021-11-11 14:53:53.019  INFO chetuiwk0165 --- [           main] o.s.s.w.DefaultSecurityFilterChain       : Creating filter chain: org.springframework.security.web.util.matcher.AnyRequestMatcher@1, [org.springframework.security.web.context.request.async.WebAsyncManagerIntegrationFilter@367b22e5, org.springframework.security.web.context.SecurityContextPersistenceFilter@6d2dc9d2, org.springframework.security.web.header.HeaderWriterFilter@5f780a86, org.springframework.security.web.authentication.logout.LogoutFilter@6940f685, org.springframework.security.web.savedrequest.RequestCacheAwareFilter@b2f4ece, org.springframework.security.web.servletapi.SecurityContextHolderAwareRequestFilter@41fed14f, org.springframework.security.web.authentication.AnonymousAuthenticationFilter@fca387, org.springframework.security.web.session.SessionManagementFilter@4f67e3df, org.springframework.security.web.access.ExceptionTranslationFilter@68f32020, org.springframework.security.web.access.intercept.FilterSecurityInterceptor@7cb8437d]
2021-11-11 14:53:53.183  INFO chetuiwk0165 --- [           main] s.w.s.m.m.a.RequestMappingHandlerAdapter : Looking for @ControllerAdvice: org.springframework.boot.context.embedded.AnnotationConfigEmbeddedWebApplicationContext@5542c4ed: startup date [Thu Nov 11 14:53:51 IST 2021]; root of context hierarchy
2021-11-11 14:53:53.239  INFO chetuiwk0165 --- [           main] s.w.s.m.m.a.RequestMappingHandlerMapping : Mapped "{[/bankingInfo],methods=[POST]}" onto public java.lang.Object org.uhc.controller.BankingInfoController.bankingInfoAPI(org.uhc.envelop.request.BankingInfoRequest)
2021-11-11 14:53:53.242  INFO chetuiwk0165 --- [           main] s.w.s.m.m.a.RequestMappingHandlerMapping : Mapped "{[/cancelPayment],methods=[POST]}" onto public java.lang.Object org.uhc.controller.CancelPaymentController.cancelPaymentAPI(org.uhc.envelop.request.CancelPaymentRequest)
2021-11-11 14:53:53.242  INFO chetuiwk0165 --- [           main] s.w.s.m.m.a.RequestMappingHandlerMapping : Mapped "{[/isLoanExistStopFile/{loanNumber}],methods=[POST]}" onto public java.lang.Object org.uhc.controller.CheckStopFileExistanceController.isLoanAccountInStopFileAPI(long)
2021-11-11 14:53:53.244  INFO chetuiwk0165 --- [           main] s.w.s.m.m.a.RequestMappingHandlerMapping : Mapped "{[/getFirstNamesForFirstAndLastName],methods=[POST]}" onto public java.lang.Object org.uhc.controller.GetNamesController.getFirstNamesListByFirstAndLastNameAPI(org.uhc.envelop.request.GetNamesRequest)
2021-11-11 14:53:53.244  INFO chetuiwk0165 --- [           main] s.w.s.m.m.a.RequestMappingHandlerMapping : Mapped "{[/getFirstAndLastNamesListForAutocomplete],methods=[POST]}" onto public java.lang.Object org.uhc.controller.GetNamesController.getFirstAndLastNamesListForAutocompleteAPI(org.uhc.envelop.request.GetNamesRequest)
2021-11-11 14:53:53.244  INFO chetuiwk0165 --- [           main] s.w.s.m.m.a.RequestMappingHandlerMapping : Mapped "{[/getLastNamesForFirstAndLastName],methods=[POST]}" onto public java.lang.Object org.uhc.controller.GetNamesController.getLastNamesListByFirstAndLastNameAPI(org.uhc.envelop.request.GetNamesRequest)
2021-11-11 14:53:53.245  INFO chetuiwk0165 --- [           main] s.w.s.m.m.a.RequestMappingHandlerMapping : Mapped "{[/getFirstNames],methods=[POST]}" onto public java.lang.Object org.uhc.controller.GetNamesController.getFirstNamesListAPI(org.uhc.envelop.request.GetNamesRequest)
2021-11-11 14:53:53.245  INFO chetuiwk0165 --- [           main] s.w.s.m.m.a.RequestMappingHandlerMapping : Mapped "{[/getLastNames],methods=[POST]}" onto public java.lang.Object org.uhc.controller.GetNamesController.getLastNamesListAPI(org.uhc.envelop.request.GetNamesRequest)
2021-11-11 14:53:53.246  INFO chetuiwk0165 --- [           main] s.w.s.m.m.a.RequestMappingHandlerMapping : Mapped "{[/paymentBatch],methods=[POST]}" onto public java.lang.Object org.uhc.controller.GetPaymentBatchController.getPaymentBatchAPI()
2021-11-11 14:53:53.246  INFO chetuiwk0165 --- [           main] s.w.s.m.m.a.RequestMappingHandlerMapping : Mapped "{[/getScheduledPaymentList],methods=[POST]}" onto public java.lang.Object org.uhc.controller.GetScheduledPaymentListController.getScheduledPaymentListAPI()
2021-11-11 14:53:53.247  INFO chetuiwk0165 --- [           main] s.w.s.m.m.a.RequestMappingHandlerMapping : Mapped "{[/getStatisticDetails],methods=[POST]}" onto public java.lang.Object org.uhc.controller.GetStatisticDetailsController.getStatisticDetailsAPI(org.uhc.envelop.request.GetStatisticDetailsRequest)
2021-11-11 14:53:53.251  INFO chetuiwk0165 --- [           main] s.w.s.m.m.a.RequestMappingHandlerMapping : Mapped "{[/paymentAdvice],methods=[POST]}" onto public java.lang.Object org.uhc.controller.PaymentAdviceController.paymentAdviceAPI(org.uhc.envelop.request.PaymentAdviceReq)
2021-11-11 14:53:53.252  INFO chetuiwk0165 --- [           main] s.w.s.m.m.a.RequestMappingHandlerMapping : Mapped "{[/updatePaymentAdvice],methods=[POST]}" onto public java.lang.Object org.uhc.controller.PaymentAdviceController.updatePaymentAdviceAPI(org.uhc.envelop.request.UpdatePaymentAdviceReq)
2021-11-11 14:53:53.252  INFO chetuiwk0165 --- [           main] s.w.s.m.m.a.RequestMappingHandlerMapping : Mapped "{[/deletProcessAdvicePayment],methods=[POST]}" onto public java.lang.Object org.uhc.controller.PaymentAdviceController.deletProcessAdvicePaymentAPI(org.uhc.envelop.request.DeleteProcessAdvicePaymentReq)
2021-11-11 14:53:53.253  INFO chetuiwk0165 --- [           main] s.w.s.m.m.a.RequestMappingHandlerMapping : Mapped "{[/allPaymentAdvice],methods=[POST]}" onto public java.lang.Object org.uhc.controller.PaymentAdviceController.allPaymentAdviceAPI()
2021-11-11 14:53:53.253  INFO chetuiwk0165 --- [           main] s.w.s.m.m.a.RequestMappingHandlerMapping : Mapped "{[/updatePaymentAdviceType],methods=[POST]}" onto public java.lang.Object org.uhc.controller.PaymentAdviceController.updatePaymentAdviceTypeAPI(org.uhc.envelop.request.UpdatePaymentAdviceTypeReq)
2021-11-11 14:53:53.253  INFO chetuiwk0165 --- [           main] s.w.s.m.m.a.RequestMappingHandlerMapping : Mapped "{[/getPaymentsInProcess],methods=[POST]}" onto public java.lang.Object org.uhc.controller.PaymentsInProcessController.getPaymentsInProcessAPI()
2021-11-11 14:53:53.254  INFO chetuiwk0165 --- [           main] s.w.s.m.m.a.RequestMappingHandlerMapping : Mapped "{[/phonepayCheck/{loanNumber}],methods=[POST]}" onto public java.lang.Object org.uhc.controller.PhonepayCheckController.phonepayCheckAPI(long)
2021-11-11 14:53:53.255  INFO chetuiwk0165 --- [           main] s.w.s.m.m.a.RequestMappingHandlerMapping : Mapped "{[/getProcessPaymentsNotificationList],methods=[POST]}" onto public java.lang.Object org.uhc.controller.ProcessPaymnetsController.getProcessPaymentsNotificationListAPI(org.uhc.envelop.request.ProcessPaymentSendEmailReq)
2021-11-11 14:53:53.256  INFO chetuiwk0165 --- [           main] s.w.s.m.m.a.RequestMappingHandlerMapping : Mapped "{[/getProcessPaymentsLetterNotificationList],methods=[POST]}" onto public java.lang.Object org.uhc.controller.ProcessPaymnetsController.getProcessPaymentsLetterNotificationListAPI(org.uhc.envelop.request.ProcessPaymentPrintLetterReq)
2021-11-11 14:53:53.256  INFO chetuiwk0165 --- [           main] s.w.s.m.m.a.RequestMappingHandlerMapping : Mapped "{[/getProcessPaymentsList],methods=[POST]}" onto public java.lang.Object org.uhc.controller.ProcessPaymnetsController.getProcessPaymentsListAPI()
2021-11-11 14:53:53.257  INFO chetuiwk0165 --- [           main] s.w.s.m.m.a.RequestMappingHandlerMapping : Mapped "{[/getResearchPaymentDetails],methods=[POST]}" onto public java.lang.Object org.uhc.controller.ResearchPaymentController.getResearchPaymentInfoAPI(org.uhc.envelop.request.GetResearchPaymentRequest)
2021-11-11 14:53:53.257  INFO chetuiwk0165 --- [           main] s.w.s.m.m.a.RequestMappingHandlerMapping : Mapped "{[/researchPayment],methods=[POST]}" onto public java.lang.Object org.uhc.controller.ResearchPaymentController.researchPaymentInfoAPI(org.uhc.envelop.request.ResearchPaymentRequest)
2021-11-11 14:53:53.257  INFO chetuiwk0165 --- [           main] s.w.s.m.m.a.RequestMappingHandlerMapping : Mapped "{[/scheduleCheckPayment],methods=[POST]}" onto public java.lang.Object org.uhc.controller.ScheduledCheckPaymentController.scheduleCheckPaymentAPI(org.uhc.envelop.request.CheckPaymentRequest) throws java.lang.Exception
2021-11-11 14:53:53.257  INFO chetuiwk0165 --- [           main] s.w.s.m.m.a.RequestMappingHandlerMapping : Mapped "{[/validateUser],methods=[POST]}" onto public java.lang.Object org.uhc.controller.ValidateUserController.validateUserAPI(org.uhc.envelop.request.ValidateUserRequest)
2021-11-11 14:53:53.259  INFO chetuiwk0165 --- [           main] s.w.s.m.m.a.RequestMappingHandlerMapping : Mapped "{[/error]}" onto public org.springframework.http.ResponseEntity<java.util.Map<java.lang.String, java.lang.Object>> org.springframework.boot.autoconfigure.web.BasicErrorController.error(javax.servlet.http.HttpServletRequest)
2021-11-11 14:53:53.259  INFO chetuiwk0165 --- [           main] s.w.s.m.m.a.RequestMappingHandlerMapping : Mapped "{[/error],produces=[text/html]}" onto public org.springframework.web.servlet.ModelAndView org.springframework.boot.autoconfigure.web.BasicErrorController.errorHtml(javax.servlet.http.HttpServletRequest,javax.servlet.http.HttpServletResponse)
2021-11-11 14:53:53.278  INFO chetuiwk0165 --- [           main] o.s.w.s.h.SimpleUrlHandlerMapping        : Mapped URL path [/webjars/**] onto handler of type [class org.springframework.web.servlet.resource.ResourceHttpRequestHandler]
2021-11-11 14:53:53.278  INFO chetuiwk0165 --- [           main] o.s.w.s.h.SimpleUrlHandlerMapping        : Mapped URL path [/**] onto handler of type [class org.springframework.web.servlet.resource.ResourceHttpRequestHandler]
2021-11-11 14:53:53.305  INFO chetuiwk0165 --- [           main] o.s.w.s.h.SimpleUrlHandlerMapping        : Mapped URL path [/**/favicon.ico] onto handler of type [class org.springframework.web.servlet.resource.ResourceHttpRequestHandler]
2021-11-11 14:53:53.413  INFO chetuiwk0165 --- [           main] o.s.j.e.a.AnnotationMBeanExporter        : Registering beans for JMX exposure on startup
2021-11-11 14:53:53.428  INFO chetuiwk0165 --- [           main] o.a.c.h.Http11NioProtocol                : Initializing ProtocolHandler ["http-nio-8080"]
2021-11-11 14:53:53.438  INFO chetuiwk0165 --- [           main] o.a.c.h.Http11NioProtocol                : Starting ProtocolHandler ["http-nio-8080"]
2021-11-11 14:53:53.462  INFO chetuiwk0165 --- [           main] o.a.t.u.n.NioSelectorPool                : Using a shared selector for servlet write/read
2021-11-11 14:53:53.527  INFO chetuiwk0165 --- [           main] s.b.c.e.t.TomcatEmbeddedServletContainer : Tomcat started on port(s): 8080 (http)
2021-11-11 14:53:53.530  INFO chetuiwk0165 --- [           main] o.u.PhonePayAPIApplication               : Started PhonePayAPIApplication in 2.679 seconds (JVM running for 3.259)
2021-11-11 16:42:00.936  INFO chetuiwk0165 --- [           main] o.u.PhonePayAPIApplication               : Starting PhonePayAPIApplication on chetuiwk0165 with PID 20472 (E:\UtahHousingCorp-MGLD\PhonePayWorkspace_12April\PhonePayBackend\target\classes started by pradeepy in E:\UtahHousingCorp-MGLD\PhonePayWorkspace_12April\PhonePayBackend)
2021-11-11 16:42:00.939  INFO chetuiwk0165 --- [           main] o.u.PhonePayAPIApplication               : No active profile set, falling back to default profiles: default
2021-11-11 16:42:00.976  INFO chetuiwk0165 --- [           main] ationConfigEmbeddedWebApplicationContext : Refreshing org.springframework.boot.context.embedded.AnnotationConfigEmbeddedWebApplicationContext@5542c4ed: startup date [Thu Nov 11 16:42:00 IST 2021]; root of context hierarchy
2021-11-11 16:42:01.137  INFO chetuiwk0165 --- [kground-preinit] o.h.v.i.u.Version                        : HV000001: Hibernate Validator 5.3.5.Final
2021-11-11 16:42:02.361  INFO chetuiwk0165 --- [           main] s.b.c.e.t.TomcatEmbeddedServletContainer : Tomcat initialized with port(s): 8080 (http)
2021-11-11 16:42:02.373  INFO chetuiwk0165 --- [           main] o.a.c.c.StandardService                  : Starting service [Tomcat]
2021-11-11 16:42:02.374  INFO chetuiwk0165 --- [           main] o.a.c.c.StandardEngine                   : Starting Servlet Engine: Apache Tomcat/8.5.16
2021-11-11 16:42:02.474  INFO chetuiwk0165 --- [ost-startStop-1] o.a.c.c.C.[.[.[/]                        : Initializing Spring embedded WebApplicationContext
2021-11-11 16:42:02.474  INFO chetuiwk0165 --- [ost-startStop-1] o.s.w.c.ContextLoader                    : Root WebApplicationContext: initialization completed in 1501 ms
2021-11-11 16:42:02.610  INFO chetuiwk0165 --- [ost-startStop-1] o.s.b.w.s.FilterRegistrationBean         : Mapping filter: 'CORSFilter' to: [/*]
2021-11-11 16:42:02.611  INFO chetuiwk0165 --- [ost-startStop-1] o.s.b.w.s.FilterRegistrationBean         : Mapping filter: 'characterEncodingFilter' to: [/*]
2021-11-11 16:42:02.611  INFO chetuiwk0165 --- [ost-startStop-1] o.s.b.w.s.FilterRegistrationBean         : Mapping filter: 'hiddenHttpMethodFilter' to: [/*]
2021-11-11 16:42:02.611  INFO chetuiwk0165 --- [ost-startStop-1] o.s.b.w.s.FilterRegistrationBean         : Mapping filter: 'httpPutFormContentFilter' to: [/*]
2021-11-11 16:42:02.611  INFO chetuiwk0165 --- [ost-startStop-1] o.s.b.w.s.FilterRegistrationBean         : Mapping filter: 'requestContextFilter' to: [/*]
2021-11-11 16:42:02.612  INFO chetuiwk0165 --- [ost-startStop-1] .s.DelegatingFilterProxyRegistrationBean : Mapping filter: 'springSecurityFilterChain' to: [/*]
2021-11-11 16:42:02.613  INFO chetuiwk0165 --- [ost-startStop-1] o.s.b.w.s.ServletRegistrationBean        : Mapping servlet: 'dispatcherServlet' to [/]
2021-11-11 16:42:03.057  INFO chetuiwk0165 --- [           main] b.a.s.AuthenticationManagerConfiguration : 

Using default security password: 0c5fab91-ef82-4d75-92ae-86250de6c337

2021-11-11 16:42:03.154  INFO chetuiwk0165 --- [           main] o.s.s.w.DefaultSecurityFilterChain       : Creating filter chain: org.springframework.security.web.util.matcher.AnyRequestMatcher@1, [org.springframework.security.web.context.request.async.WebAsyncManagerIntegrationFilter@6009bea, org.springframework.security.web.context.SecurityContextPersistenceFilter@dab48d3, org.springframework.security.web.header.HeaderWriterFilter@5d1b9c3d, org.springframework.security.web.authentication.logout.LogoutFilter@34819867, org.springframework.security.web.savedrequest.RequestCacheAwareFilter@7159a5cd, org.springframework.security.web.servletapi.SecurityContextHolderAwareRequestFilter@7c853486, org.springframework.security.web.authentication.AnonymousAuthenticationFilter@7bc6d27a, org.springframework.security.web.session.SessionManagementFilter@1eb2d371, org.springframework.security.web.access.ExceptionTranslationFilter@31f20c9f, org.springframework.security.web.access.intercept.FilterSecurityInterceptor@5533dc72]
2021-11-11 16:42:03.338  INFO chetuiwk0165 --- [           main] s.w.s.m.m.a.RequestMappingHandlerAdapter : Looking for @ControllerAdvice: org.springframework.boot.context.embedded.AnnotationConfigEmbeddedWebApplicationContext@5542c4ed: startup date [Thu Nov 11 16:42:00 IST 2021]; root of context hierarchy
2021-11-11 16:42:03.400  INFO chetuiwk0165 --- [           main] s.w.s.m.m.a.RequestMappingHandlerMapping : Mapped "{[/bankingInfo],methods=[POST]}" onto public java.lang.Object org.uhc.controller.BankingInfoController.bankingInfoAPI(org.uhc.envelop.request.BankingInfoRequest)
2021-11-11 16:42:03.402  INFO chetuiwk0165 --- [           main] s.w.s.m.m.a.RequestMappingHandlerMapping : Mapped "{[/cancelPayment],methods=[POST]}" onto public java.lang.Object org.uhc.controller.CancelPaymentController.cancelPaymentAPI(org.uhc.envelop.request.CancelPaymentRequest)
2021-11-11 16:42:03.403  INFO chetuiwk0165 --- [           main] s.w.s.m.m.a.RequestMappingHandlerMapping : Mapped "{[/isLoanExistStopFile/{loanNumber}],methods=[POST]}" onto public java.lang.Object org.uhc.controller.CheckStopFileExistanceController.isLoanAccountInStopFileAPI(long)
2021-11-11 16:42:03.404  INFO chetuiwk0165 --- [           main] s.w.s.m.m.a.RequestMappingHandlerMapping : Mapped "{[/getFirstNamesForFirstAndLastName],methods=[POST]}" onto public java.lang.Object org.uhc.controller.GetNamesController.getFirstNamesListByFirstAndLastNameAPI(org.uhc.envelop.request.GetNamesRequest)
2021-11-11 16:42:03.404  INFO chetuiwk0165 --- [           main] s.w.s.m.m.a.RequestMappingHandlerMapping : Mapped "{[/getFirstAndLastNamesListForAutocomplete],methods=[POST]}" onto public java.lang.Object org.uhc.controller.GetNamesController.getFirstAndLastNamesListForAutocompleteAPI(org.uhc.envelop.request.GetNamesRequest)
2021-11-11 16:42:03.404  INFO chetuiwk0165 --- [           main] s.w.s.m.m.a.RequestMappingHandlerMapping : Mapped "{[/getLastNamesForFirstAndLastName],methods=[POST]}" onto public java.lang.Object org.uhc.controller.GetNamesController.getLastNamesListByFirstAndLastNameAPI(org.uhc.envelop.request.GetNamesRequest)
2021-11-11 16:42:03.405  INFO chetuiwk0165 --- [           main] s.w.s.m.m.a.RequestMappingHandlerMapping : Mapped "{[/getLastNames],methods=[POST]}" onto public java.lang.Object org.uhc.controller.GetNamesController.getLastNamesListAPI(org.uhc.envelop.request.GetNamesRequest)
2021-11-11 16:42:03.405  INFO chetuiwk0165 --- [           main] s.w.s.m.m.a.RequestMappingHandlerMapping : Mapped "{[/getFirstNames],methods=[POST]}" onto public java.lang.Object org.uhc.controller.GetNamesController.getFirstNamesListAPI(org.uhc.envelop.request.GetNamesRequest)
2021-11-11 16:42:03.405  INFO chetuiwk0165 --- [           main] s.w.s.m.m.a.RequestMappingHandlerMapping : Mapped "{[/paymentBatch],methods=[POST]}" onto public java.lang.Object org.uhc.controller.GetPaymentBatchController.getPaymentBatchAPI()
2021-11-11 16:42:03.406  INFO chetuiwk0165 --- [           main] s.w.s.m.m.a.RequestMappingHandlerMapping : Mapped "{[/getScheduledPaymentList],methods=[POST]}" onto public java.lang.Object org.uhc.controller.GetScheduledPaymentListController.getScheduledPaymentListAPI()
2021-11-11 16:42:03.407  INFO chetuiwk0165 --- [           main] s.w.s.m.m.a.RequestMappingHandlerMapping : Mapped "{[/getStatisticDetails],methods=[POST]}" onto public java.lang.Object org.uhc.controller.GetStatisticDetailsController.getStatisticDetailsAPI(org.uhc.envelop.request.GetStatisticDetailsRequest)
2021-11-11 16:42:03.410  INFO chetuiwk0165 --- [           main] s.w.s.m.m.a.RequestMappingHandlerMapping : Mapped "{[/updatePaymentAdviceType],methods=[POST]}" onto public java.lang.Object org.uhc.controller.PaymentAdviceController.updatePaymentAdviceTypeAPI(org.uhc.envelop.request.UpdatePaymentAdviceTypeReq)
2021-11-11 16:42:03.410  INFO chetuiwk0165 --- [           main] s.w.s.m.m.a.RequestMappingHandlerMapping : Mapped "{[/deletProcessAdvicePayment],methods=[POST]}" onto public java.lang.Object org.uhc.controller.PaymentAdviceController.deletProcessAdvicePaymentAPI(org.uhc.envelop.request.DeleteProcessAdvicePaymentReq)
2021-11-11 16:42:03.410  INFO chetuiwk0165 --- [           main] s.w.s.m.m.a.RequestMappingHandlerMapping : Mapped "{[/updatePaymentAdvice],methods=[POST]}" onto public java.lang.Object org.uhc.controller.PaymentAdviceController.updatePaymentAdviceAPI(org.uhc.envelop.request.UpdatePaymentAdviceReq)
2021-11-11 16:42:03.410  INFO chetuiwk0165 --- [           main] s.w.s.m.m.a.RequestMappingHandlerMapping : Mapped "{[/allPaymentAdvice],methods=[POST]}" onto public java.lang.Object org.uhc.controller.PaymentAdviceController.allPaymentAdviceAPI()
2021-11-11 16:42:03.411  INFO chetuiwk0165 --- [           main] s.w.s.m.m.a.RequestMappingHandlerMapping : Mapped "{[/paymentAdvice],methods=[POST]}" onto public java.lang.Object org.uhc.controller.PaymentAdviceController.paymentAdviceAPI(org.uhc.envelop.request.PaymentAdviceReq)
2021-11-11 16:42:03.411  INFO chetuiwk0165 --- [           main] s.w.s.m.m.a.RequestMappingHandlerMapping : Mapped "{[/getPaymentsInProcess],methods=[POST]}" onto public java.lang.Object org.uhc.controller.PaymentsInProcessController.getPaymentsInProcessAPI()
2021-11-11 16:42:03.411  INFO chetuiwk0165 --- [           main] s.w.s.m.m.a.RequestMappingHandlerMapping : Mapped "{[/phonepayCheck/{loanNumber}],methods=[POST]}" onto public java.lang.Object org.uhc.controller.PhonepayCheckController.phonepayCheckAPI(long)
2021-11-11 16:42:03.413  INFO chetuiwk0165 --- [           main] s.w.s.m.m.a.RequestMappingHandlerMapping : Mapped "{[/getProcessPaymentsNotificationList],methods=[POST]}" onto public java.lang.Object org.uhc.controller.ProcessPaymnetsController.getProcessPaymentsNotificationListAPI(org.uhc.envelop.request.ProcessPaymentSendEmailReq)
2021-11-11 16:42:03.414  INFO chetuiwk0165 --- [           main] s.w.s.m.m.a.RequestMappingHandlerMapping : Mapped "{[/getProcessPaymentsLetterNotificationList],methods=[POST]}" onto public java.lang.Object org.uhc.controller.ProcessPaymnetsController.getProcessPaymentsLetterNotificationListAPI(org.uhc.envelop.request.ProcessPaymentPrintLetterReq)
2021-11-11 16:42:03.414  INFO chetuiwk0165 --- [           main] s.w.s.m.m.a.RequestMappingHandlerMapping : Mapped "{[/getProcessPaymentsList],methods=[POST]}" onto public java.lang.Object org.uhc.controller.ProcessPaymnetsController.getProcessPaymentsListAPI()
2021-11-11 16:42:03.414  INFO chetuiwk0165 --- [           main] s.w.s.m.m.a.RequestMappingHandlerMapping : Mapped "{[/researchPayment],methods=[POST]}" onto public java.lang.Object org.uhc.controller.ResearchPaymentController.researchPaymentInfoAPI(org.uhc.envelop.request.ResearchPaymentRequest)
2021-11-11 16:42:03.415  INFO chetuiwk0165 --- [           main] s.w.s.m.m.a.RequestMappingHandlerMapping : Mapped "{[/getResearchPaymentDetails],methods=[POST]}" onto public java.lang.Object org.uhc.controller.ResearchPaymentController.getResearchPaymentInfoAPI(org.uhc.envelop.request.GetResearchPaymentRequest)
2021-11-11 16:42:03.415  INFO chetuiwk0165 --- [           main] s.w.s.m.m.a.RequestMappingHandlerMapping : Mapped "{[/scheduleCheckPayment],methods=[POST]}" onto public java.lang.Object org.uhc.controller.ScheduledCheckPaymentController.scheduleCheckPaymentAPI(org.uhc.envelop.request.CheckPaymentRequest) throws java.lang.Exception
2021-11-11 16:42:03.415  INFO chetuiwk0165 --- [           main] s.w.s.m.m.a.RequestMappingHandlerMapping : Mapped "{[/validateUser],methods=[POST]}" onto public java.lang.Object org.uhc.controller.ValidateUserController.validateUserAPI(org.uhc.envelop.request.ValidateUserRequest)
2021-11-11 16:42:03.417  INFO chetuiwk0165 --- [           main] s.w.s.m.m.a.RequestMappingHandlerMapping : Mapped "{[/error]}" onto public org.springframework.http.ResponseEntity<java.util.Map<java.lang.String, java.lang.Object>> org.springframework.boot.autoconfigure.web.BasicErrorController.error(javax.servlet.http.HttpServletRequest)
2021-11-11 16:42:03.417  INFO chetuiwk0165 --- [           main] s.w.s.m.m.a.RequestMappingHandlerMapping : Mapped "{[/error],produces=[text/html]}" onto public org.springframework.web.servlet.ModelAndView org.springframework.boot.autoconfigure.web.BasicErrorController.errorHtml(javax.servlet.http.HttpServletRequest,javax.servlet.http.HttpServletResponse)
2021-11-11 16:42:03.432  INFO chetuiwk0165 --- [           main] o.s.w.s.h.SimpleUrlHandlerMapping        : Mapped URL path [/webjars/**] onto handler of type [class org.springframework.web.servlet.resource.ResourceHttpRequestHandler]
2021-11-11 16:42:03.432  INFO chetuiwk0165 --- [           main] o.s.w.s.h.SimpleUrlHandlerMapping        : Mapped URL path [/**] onto handler of type [class org.springframework.web.servlet.resource.ResourceHttpRequestHandler]
2021-11-11 16:42:03.456  INFO chetuiwk0165 --- [           main] o.s.w.s.h.SimpleUrlHandlerMapping        : Mapped URL path [/**/favicon.ico] onto handler of type [class org.springframework.web.servlet.resource.ResourceHttpRequestHandler]
2021-11-11 16:42:03.638  INFO chetuiwk0165 --- [           main] o.s.j.e.a.AnnotationMBeanExporter        : Registering beans for JMX exposure on startup
2021-11-11 16:42:03.668  INFO chetuiwk0165 --- [           main] o.a.c.h.Http11NioProtocol                : Initializing ProtocolHandler ["http-nio-8080"]
2021-11-11 16:42:03.682  INFO chetuiwk0165 --- [           main] o.a.c.h.Http11NioProtocol                : Starting ProtocolHandler ["http-nio-8080"]
2021-11-11 16:42:03.713  INFO chetuiwk0165 --- [           main] o.a.t.u.n.NioSelectorPool                : Using a shared selector for servlet write/read
2021-11-11 16:42:03.734  INFO chetuiwk0165 --- [           main] s.b.c.e.t.TomcatEmbeddedServletContainer : Tomcat started on port(s): 8080 (http)
2021-11-11 16:42:03.737  INFO chetuiwk0165 --- [           main] o.u.PhonePayAPIApplication               : Started PhonePayAPIApplication in 2.999 seconds (JVM running for 3.774)
2021-11-11 21:18:28.547  INFO chetuiwk0165 --- [nio-8080-exec-1] o.a.c.c.C.[.[.[/]                        : Initializing Spring FrameworkServlet 'dispatcherServlet'
2021-11-11 21:18:28.555  INFO chetuiwk0165 --- [nio-8080-exec-1] o.s.w.s.DispatcherServlet                : FrameworkServlet 'dispatcherServlet': initialization started
2021-11-11 21:18:28.666  INFO chetuiwk0165 --- [nio-8080-exec-1] o.s.w.s.DispatcherServlet                : FrameworkServlet 'dispatcherServlet': initialization completed in 111 ms
2021-11-11 21:18:28.956  INFO chetuiwk0165 --- [nio-8080-exec-1] o.u.c.GetStatisticDetailsController      : getStatisticDetails API called: org.uhc.envelop.request.GetStatisticDetailsRequest@311913ef
2021-11-11 21:18:42.131  INFO chetuiwk0165 --- [nio-8080-exec-1] o.u.d.i.UserDaoImpl                      : Other Fee List : 
2021-11-11 21:18:43.829  INFO chetuiwk0165 --- [nio-8080-exec-1] o.u.d.i.UserDaoImpl                      : The loan number, user name enterd is :
2021-11-11 21:19:15.127  INFO chetuiwk0165 --- [nio-8080-exec-1] o.u.d.i.UserDaoImpl                      : List of Borrower is: [org.uhc.dao.dto.BorrowerInfoDto@31625124, org.uhc.dao.dto.BorrowerInfoDto@5202bec4]
2021-11-11 21:19:15.694  INFO chetuiwk0165 --- [nio-8080-exec-1] o.u.d.i.UserDaoImpl                      : Other Fee List : 
2021-11-11 21:19:17.959  INFO chetuiwk0165 --- [nio-8080-exec-1] o.u.d.i.UserDaoImpl                      : The loan number, user name enterd is :
2021-11-11 21:19:19.660  INFO chetuiwk0165 --- [nio-8080-exec-1] o.u.d.i.UserDaoImpl                      : List of Borrower is: [org.uhc.dao.dto.BorrowerInfoDto@174bb7b9, org.uhc.dao.dto.BorrowerInfoDto@3169d340]
2021-11-11 21:19:20.228  INFO chetuiwk0165 --- [nio-8080-exec-1] o.u.d.i.UserDaoImpl                      : Other Fee List : 
2021-11-11 21:19:22.494  INFO chetuiwk0165 --- [nio-8080-exec-1] o.u.d.i.UserDaoImpl                      : The loan number, user name enterd is :
2021-11-11 21:19:24.191  INFO chetuiwk0165 --- [nio-8080-exec-1] o.u.d.i.UserDaoImpl                      : List of Borrower is: [org.uhc.dao.dto.BorrowerInfoDto@1cba49b7, org.uhc.dao.dto.BorrowerInfoDto@279b3ec9]
2021-11-11 21:19:24.758  INFO chetuiwk0165 --- [nio-8080-exec-1] o.u.d.i.UserDaoImpl                      : Other Fee List : 
2021-11-11 21:19:26.458  INFO chetuiwk0165 --- [nio-8080-exec-1] o.u.d.i.UserDaoImpl                      : The loan number, user name enterd is :
2021-11-11 21:19:28.159  INFO chetuiwk0165 --- [nio-8080-exec-1] o.u.d.i.UserDaoImpl                      : List of Borrower is: [org.uhc.dao.dto.BorrowerInfoDto@6da7a3fc, org.uhc.dao.dto.BorrowerInfoDto@122b8edb]
2021-11-11 21:19:28.726  INFO chetuiwk0165 --- [nio-8080-exec-1] o.u.d.i.UserDaoImpl                      : Other Fee List : 
2021-11-11 21:19:30.422  INFO chetuiwk0165 --- [nio-8080-exec-1] o.u.d.i.UserDaoImpl                      : The loan number, user name enterd is :
2021-11-11 21:19:32.122  INFO chetuiwk0165 --- [nio-8080-exec-1] o.u.d.i.UserDaoImpl                      : List of Borrower is: [org.uhc.dao.dto.BorrowerInfoDto@72e9651a, org.uhc.dao.dto.BorrowerInfoDto@3cfa70ca]
2021-11-11 21:19:32.689  INFO chetuiwk0165 --- [nio-8080-exec-1] o.u.d.i.UserDaoImpl                      : Other Fee List : 
2021-11-11 21:19:34.105  INFO chetuiwk0165 --- [nio-8080-exec-1] o.u.d.i.UserDaoImpl                      : The loan number, user name enterd is :
2021-11-11 21:19:35.803  INFO chetuiwk0165 --- [nio-8080-exec-1] o.u.d.i.UserDaoImpl                      : List of Borrower is: [org.uhc.dao.dto.BorrowerInfoDto@74f669c7, org.uhc.dao.dto.BorrowerInfoDto@5a0e831e]
2021-11-11 21:19:36.370  INFO chetuiwk0165 --- [nio-8080-exec-1] o.u.d.i.UserDaoImpl                      : Other Fee List : 
2021-11-11 21:19:38.076  INFO chetuiwk0165 --- [nio-8080-exec-1] o.u.d.i.UserDaoImpl                      : The loan number, user name enterd is :
2021-11-11 21:19:39.769  INFO chetuiwk0165 --- [nio-8080-exec-1] o.u.d.i.UserDaoImpl                      : List of Borrower is: [org.uhc.dao.dto.BorrowerInfoDto@6376fcf0, org.uhc.dao.dto.BorrowerInfoDto@c65bc74]
2021-11-11 21:19:40.337  INFO chetuiwk0165 --- [nio-8080-exec-1] o.u.d.i.UserDaoImpl                      : Other Fee List : 
2021-11-11 21:19:41.753  INFO chetuiwk0165 --- [nio-8080-exec-1] o.u.d.i.UserDaoImpl                      : The loan number, user name enterd is :
2021-11-11 21:19:43.448  INFO chetuiwk0165 --- [nio-8080-exec-1] o.u.d.i.UserDaoImpl                      : List of Borrower is: [org.uhc.dao.dto.BorrowerInfoDto@4b9a446e, org.uhc.dao.dto.BorrowerInfoDto@65a23870]
2021-11-11 21:19:43.731  INFO chetuiwk0165 --- [nio-8080-exec-1] o.u.d.i.UserDaoImpl                      : Other Fee List : 
2021-11-11 21:19:45.428  INFO chetuiwk0165 --- [nio-8080-exec-1] o.u.d.i.UserDaoImpl                      : The loan number, user name enterd is :
2021-11-11 21:19:47.120  INFO chetuiwk0165 --- [nio-8080-exec-1] o.u.d.i.UserDaoImpl                      : List of Borrower is: [org.uhc.dao.dto.BorrowerInfoDto@3167c948, org.uhc.dao.dto.BorrowerInfoDto@1040450c]
2021-11-11 21:19:47.404  INFO chetuiwk0165 --- [nio-8080-exec-1] o.u.d.i.UserDaoImpl                      : Other Fee List : 
2021-11-11 21:19:48.539  INFO chetuiwk0165 --- [nio-8080-exec-1] o.u.d.i.UserDaoImpl                      : The loan number, user name enterd is :
2021-11-11 21:19:50.233  INFO chetuiwk0165 --- [nio-8080-exec-1] o.u.d.i.UserDaoImpl                      : List of Borrower is: [org.uhc.dao.dto.BorrowerInfoDto@9e0ca5e, org.uhc.dao.dto.BorrowerInfoDto@7d7512aa]
2021-11-11 21:19:51.085  INFO chetuiwk0165 --- [nio-8080-exec-1] o.u.d.i.UserDaoImpl                      : Other Fee List : 
2021-11-11 21:19:52.782  INFO chetuiwk0165 --- [nio-8080-exec-1] o.u.d.i.UserDaoImpl                      : The loan number, user name enterd is :
2021-11-11 21:19:54.474  INFO chetuiwk0165 --- [nio-8080-exec-1] o.u.d.i.UserDaoImpl                      : List of Borrower is: [org.uhc.dao.dto.BorrowerInfoDto@72d7a9c5, org.uhc.dao.dto.BorrowerInfoDto@60adeab6]
2021-11-11 21:19:55.041  INFO chetuiwk0165 --- [nio-8080-exec-1] o.u.d.i.UserDaoImpl                      : Other Fee List : 
2021-11-11 21:19:56.173  INFO chetuiwk0165 --- [nio-8080-exec-1] o.u.d.i.UserDaoImpl                      : The loan number, user name enterd is :
2021-11-11 21:19:57.867  INFO chetuiwk0165 --- [nio-8080-exec-1] o.u.d.i.UserDaoImpl                      : List of Borrower is: [org.uhc.dao.dto.BorrowerInfoDto@6f106ec7, org.uhc.dao.dto.BorrowerInfoDto@3aa5c1cd]
2021-11-11 21:19:58.433  INFO chetuiwk0165 --- [nio-8080-exec-1] o.u.d.i.UserDaoImpl                      : Other Fee List : 
2021-11-11 21:20:00.139  INFO chetuiwk0165 --- [nio-8080-exec-1] o.u.d.i.UserDaoImpl                      : The loan number, user name enterd is :
2021-11-11 21:20:01.836  INFO chetuiwk0165 --- [nio-8080-exec-1] o.u.d.i.UserDaoImpl                      : List of Borrower is: [org.uhc.dao.dto.BorrowerInfoDto@75f3dedd, org.uhc.dao.dto.BorrowerInfoDto@7a04628f]
2021-11-11 21:20:02.402  INFO chetuiwk0165 --- [nio-8080-exec-1] o.u.d.i.UserDaoImpl                      : Other Fee List : 
2021-11-11 21:20:03.535  INFO chetuiwk0165 --- [nio-8080-exec-1] o.u.d.i.UserDaoImpl                      : The loan number, user name enterd is :
2021-11-11 21:20:05.230  INFO chetuiwk0165 --- [nio-8080-exec-1] o.u.d.i.UserDaoImpl                      : List of Borrower is: [org.uhc.dao.dto.BorrowerInfoDto@168e4d5e, org.uhc.dao.dto.BorrowerInfoDto@2314deb]
2021-11-11 21:20:06.083  INFO chetuiwk0165 --- [nio-8080-exec-1] o.u.d.i.UserDaoImpl                      : Other Fee List : 
2021-11-11 21:20:07.781  INFO chetuiwk0165 --- [nio-8080-exec-1] o.u.d.i.UserDaoImpl                      : The loan number, user name enterd is :
2021-11-11 21:20:09.486  INFO chetuiwk0165 --- [nio-8080-exec-1] o.u.d.i.UserDaoImpl                      : List of Borrower is: [org.uhc.dao.dto.BorrowerInfoDto@695f7e46, org.uhc.dao.dto.BorrowerInfoDto@309679f8]
2021-11-11 21:20:10.058  INFO chetuiwk0165 --- [nio-8080-exec-1] o.u.d.i.UserDaoImpl                      : Other Fee List : 
2021-11-11 21:20:11.199  INFO chetuiwk0165 --- [nio-8080-exec-1] o.u.d.i.UserDaoImpl                      : The loan number, user name enterd is :
2021-11-11 21:20:12.894  INFO chetuiwk0165 --- [nio-8080-exec-1] o.u.d.i.UserDaoImpl                      : List of Borrower is: [org.uhc.dao.dto.BorrowerInfoDto@54163609, org.uhc.dao.dto.BorrowerInfoDto@5cc06775]
2021-11-11 21:20:13.876  INFO chetuiwk0165 --- [nio-8080-exec-1] o.u.d.i.UserDaoImpl                      : Other Fee List : 
2021-11-11 21:20:15.328  INFO chetuiwk0165 --- [nio-8080-exec-1] o.u.d.i.UserDaoImpl                      : The loan number, user name enterd is :
2021-11-11 21:20:17.052  INFO chetuiwk0165 --- [nio-8080-exec-1] o.u.d.i.UserDaoImpl                      : List of Borrower is: [org.uhc.dao.dto.BorrowerInfoDto@4eff8fe5, org.uhc.dao.dto.BorrowerInfoDto@4da5767b]
2021-11-11 21:20:17.911  INFO chetuiwk0165 --- [nio-8080-exec-1] o.u.d.i.UserDaoImpl                      : Other Fee List : 
2021-11-11 21:20:19.616  INFO chetuiwk0165 --- [nio-8080-exec-1] o.u.d.i.UserDaoImpl                      : The loan number, user name enterd is :
2021-11-11 21:20:21.311  INFO chetuiwk0165 --- [nio-8080-exec-1] o.u.d.i.UserDaoImpl                      : List of Borrower is: [org.uhc.dao.dto.BorrowerInfoDto@77c2960e, org.uhc.dao.dto.BorrowerInfoDto@4570afb4]
2021-11-11 21:22:27.956  INFO chetuiwk0165 --- [nio-8080-exec-3] o.u.c.GetStatisticDetailsController      : getStatisticDetails API called: org.uhc.envelop.request.GetStatisticDetailsRequest@66e8419c
2021-11-11 21:22:29.098  INFO chetuiwk0165 --- [nio-8080-exec-3] o.u.d.i.UserDaoImpl                      : Other Fee List : 
2021-11-11 21:22:30.801  INFO chetuiwk0165 --- [nio-8080-exec-3] o.u.d.i.UserDaoImpl                      : The loan number, user name enterd is :
2021-11-11 21:22:32.503  INFO chetuiwk0165 --- [nio-8080-exec-3] o.u.d.i.UserDaoImpl                      : List of Borrower is: [org.uhc.dao.dto.BorrowerInfoDto@18f175a5, org.uhc.dao.dto.BorrowerInfoDto@75db7b1d]
2021-11-11 21:22:33.070  INFO chetuiwk0165 --- [nio-8080-exec-3] o.u.d.i.UserDaoImpl                      : Other Fee List : 
2021-11-11 21:22:35.341  INFO chetuiwk0165 --- [nio-8080-exec-3] o.u.d.i.UserDaoImpl                      : The loan number, user name enterd is :
2021-11-11 21:22:37.036  INFO chetuiwk0165 --- [nio-8080-exec-3] o.u.d.i.UserDaoImpl                      : List of Borrower is: [org.uhc.dao.dto.BorrowerInfoDto@493d4645, org.uhc.dao.dto.BorrowerInfoDto@53bd9436]
2021-11-11 21:22:37.605  INFO chetuiwk0165 --- [nio-8080-exec-3] o.u.d.i.UserDaoImpl                      : Other Fee List : 
2021-11-11 21:22:39.869  INFO chetuiwk0165 --- [nio-8080-exec-3] o.u.d.i.UserDaoImpl                      : The loan number, user name enterd is :
2021-11-11 21:22:41.564  INFO chetuiwk0165 --- [nio-8080-exec-3] o.u.d.i.UserDaoImpl                      : List of Borrower is: [org.uhc.dao.dto.BorrowerInfoDto@40729fb9, org.uhc.dao.dto.BorrowerInfoDto@6edf1739]
2021-11-11 21:22:42.134  INFO chetuiwk0165 --- [nio-8080-exec-3] o.u.d.i.UserDaoImpl                      : Other Fee List : 
2021-11-11 21:22:43.833  INFO chetuiwk0165 --- [nio-8080-exec-3] o.u.d.i.UserDaoImpl                      : The loan number, user name enterd is :
2021-11-11 21:22:45.533  INFO chetuiwk0165 --- [nio-8080-exec-3] o.u.d.i.UserDaoImpl                      : List of Borrower is: [org.uhc.dao.dto.BorrowerInfoDto@4d737bc9, org.uhc.dao.dto.BorrowerInfoDto@72d05a75]
2021-11-11 21:22:46.108  INFO chetuiwk0165 --- [nio-8080-exec-3] o.u.d.i.UserDaoImpl                      : Other Fee List : 
2021-11-11 21:22:47.806  INFO chetuiwk0165 --- [nio-8080-exec-3] o.u.d.i.UserDaoImpl                      : The loan number, user name enterd is :
2021-11-11 21:22:49.502  INFO chetuiwk0165 --- [nio-8080-exec-3] o.u.d.i.UserDaoImpl                      : List of Borrower is: [org.uhc.dao.dto.BorrowerInfoDto@260b8cc1, org.uhc.dao.dto.BorrowerInfoDto@30fb31e6]
2021-11-11 21:22:50.070  INFO chetuiwk0165 --- [nio-8080-exec-3] o.u.d.i.UserDaoImpl                      : Other Fee List : 
2021-11-11 21:22:51.490  INFO chetuiwk0165 --- [nio-8080-exec-3] o.u.d.i.UserDaoImpl                      : The loan number, user name enterd is :
2021-11-11 21:22:53.188  INFO chetuiwk0165 --- [nio-8080-exec-3] o.u.d.i.UserDaoImpl                      : List of Borrower is: [org.uhc.dao.dto.BorrowerInfoDto@6600b903, org.uhc.dao.dto.BorrowerInfoDto@16f35444]
2021-11-11 21:22:53.761  INFO chetuiwk0165 --- [nio-8080-exec-3] o.u.d.i.UserDaoImpl                      : Other Fee List : 
2021-11-11 21:22:55.457  INFO chetuiwk0165 --- [nio-8080-exec-3] o.u.d.i.UserDaoImpl                      : The loan number, user name enterd is :
2021-11-11 21:22:57.153  INFO chetuiwk0165 --- [nio-8080-exec-3] o.u.d.i.UserDaoImpl                      : List of Borrower is: [org.uhc.dao.dto.BorrowerInfoDto@6ce4bfdf, org.uhc.dao.dto.BorrowerInfoDto@5f9c7a4]
2021-11-11 21:22:57.721  INFO chetuiwk0165 --- [nio-8080-exec-3] o.u.d.i.UserDaoImpl                      : Other Fee List : 
2021-11-11 21:22:59.141  INFO chetuiwk0165 --- [nio-8080-exec-3] o.u.d.i.UserDaoImpl                      : The loan number, user name enterd is :
2021-11-11 21:23:00.836  INFO chetuiwk0165 --- [nio-8080-exec-3] o.u.d.i.UserDaoImpl                      : List of Borrower is: [org.uhc.dao.dto.BorrowerInfoDto@66d2aeb9, org.uhc.dao.dto.BorrowerInfoDto@6a0f9753]
2021-11-11 21:23:01.120  INFO chetuiwk0165 --- [nio-8080-exec-3] o.u.d.i.UserDaoImpl                      : Other Fee List : 
2021-11-11 21:23:02.821  INFO chetuiwk0165 --- [nio-8080-exec-3] o.u.d.i.UserDaoImpl                      : The loan number, user name enterd is :
2021-11-11 21:23:04.521  INFO chetuiwk0165 --- [nio-8080-exec-3] o.u.d.i.UserDaoImpl                      : List of Borrower is: [org.uhc.dao.dto.BorrowerInfoDto@235cc78a, org.uhc.dao.dto.BorrowerInfoDto@6853e0a2]
2021-11-11 21:23:04.805  INFO chetuiwk0165 --- [nio-8080-exec-3] o.u.d.i.UserDaoImpl                      : Other Fee List : 
2021-11-11 21:23:05.939  INFO chetuiwk0165 --- [nio-8080-exec-3] o.u.d.i.UserDaoImpl                      : The loan number, user name enterd is :
2021-11-11 21:23:07.634  INFO chetuiwk0165 --- [nio-8080-exec-3] o.u.d.i.UserDaoImpl                      : List of Borrower is: [org.uhc.dao.dto.BorrowerInfoDto@1b873c77, org.uhc.dao.dto.BorrowerInfoDto@d24955b]
2021-11-11 21:23:08.491  INFO chetuiwk0165 --- [nio-8080-exec-3] o.u.d.i.UserDaoImpl                      : Other Fee List : 
2021-11-11 21:23:10.195  INFO chetuiwk0165 --- [nio-8080-exec-3] o.u.d.i.UserDaoImpl                      : The loan number, user name enterd is :
2021-11-11 21:23:11.890  INFO chetuiwk0165 --- [nio-8080-exec-3] o.u.d.i.UserDaoImpl                      : List of Borrower is: [org.uhc.dao.dto.BorrowerInfoDto@488173e2, org.uhc.dao.dto.BorrowerInfoDto@3fa0dca0]
2021-11-11 21:23:12.457  INFO chetuiwk0165 --- [nio-8080-exec-3] o.u.d.i.UserDaoImpl                      : Other Fee List : 
2021-11-11 21:23:13.593  INFO chetuiwk0165 --- [nio-8080-exec-3] o.u.d.i.UserDaoImpl                      : The loan number, user name enterd is :
2021-11-11 21:23:15.286  INFO chetuiwk0165 --- [nio-8080-exec-3] o.u.d.i.UserDaoImpl                      : List of Borrower is: [org.uhc.dao.dto.BorrowerInfoDto@1d663ba7, org.uhc.dao.dto.BorrowerInfoDto@3441eb1d]
2021-11-11 21:23:15.853  INFO chetuiwk0165 --- [nio-8080-exec-3] o.u.d.i.UserDaoImpl                      : Other Fee List : 
2021-11-11 21:23:17.550  INFO chetuiwk0165 --- [nio-8080-exec-3] o.u.d.i.UserDaoImpl                      : The loan number, user name enterd is :
2021-11-11 21:23:19.242  INFO chetuiwk0165 --- [nio-8080-exec-3] o.u.d.i.UserDaoImpl                      : List of Borrower is: [org.uhc.dao.dto.BorrowerInfoDto@771c9014, org.uhc.dao.dto.BorrowerInfoDto@4e60078b]
2021-11-11 21:23:19.809  INFO chetuiwk0165 --- [nio-8080-exec-3] o.u.d.i.UserDaoImpl                      : Other Fee List : 
2021-11-11 21:23:20.939  INFO chetuiwk0165 --- [nio-8080-exec-3] o.u.d.i.UserDaoImpl                      : The loan number, user name enterd is :
2021-11-11 21:23:22.632  INFO chetuiwk0165 --- [nio-8080-exec-3] o.u.d.i.UserDaoImpl                      : List of Borrower is: [org.uhc.dao.dto.BorrowerInfoDto@6277b6e3, org.uhc.dao.dto.BorrowerInfoDto@5955b0b3]
2021-11-11 21:23:23.484  INFO chetuiwk0165 --- [nio-8080-exec-3] o.u.d.i.UserDaoImpl                      : Other Fee List : 
2021-11-11 21:23:25.188  INFO chetuiwk0165 --- [nio-8080-exec-3] o.u.d.i.UserDaoImpl                      : The loan number, user name enterd is :
2021-11-11 21:23:26.883  INFO chetuiwk0165 --- [nio-8080-exec-3] o.u.d.i.UserDaoImpl                      : List of Borrower is: [org.uhc.dao.dto.BorrowerInfoDto@4a5a07bd, org.uhc.dao.dto.BorrowerInfoDto@4480d22]
2021-11-11 21:23:27.449  INFO chetuiwk0165 --- [nio-8080-exec-3] o.u.d.i.UserDaoImpl                      : Other Fee List : 
2021-11-11 21:23:28.579  INFO chetuiwk0165 --- [nio-8080-exec-3] o.u.d.i.UserDaoImpl                      : The loan number, user name enterd is :
2021-11-11 21:23:30.275  INFO chetuiwk0165 --- [nio-8080-exec-3] o.u.d.i.UserDaoImpl                      : List of Borrower is: [org.uhc.dao.dto.BorrowerInfoDto@5bd763e6, org.uhc.dao.dto.BorrowerInfoDto@2f739007]
2021-11-11 21:23:31.125  INFO chetuiwk0165 --- [nio-8080-exec-3] o.u.d.i.UserDaoImpl                      : Other Fee List : 
2021-11-11 21:23:32.539  INFO chetuiwk0165 --- [nio-8080-exec-3] o.u.d.i.UserDaoImpl                      : The loan number, user name enterd is :
2021-11-11 21:23:34.231  INFO chetuiwk0165 --- [nio-8080-exec-3] o.u.d.i.UserDaoImpl                      : List of Borrower is: [org.uhc.dao.dto.BorrowerInfoDto@358e1dbb, org.uhc.dao.dto.BorrowerInfoDto@71eb3735]
2021-11-11 21:23:35.082  INFO chetuiwk0165 --- [nio-8080-exec-3] o.u.d.i.UserDaoImpl                      : Other Fee List : 
2021-11-11 21:23:36.775  INFO chetuiwk0165 --- [nio-8080-exec-3] o.u.d.i.UserDaoImpl                      : The loan number, user name enterd is :
2021-11-11 21:23:38.470  INFO chetuiwk0165 --- [nio-8080-exec-3] o.u.d.i.UserDaoImpl                      : List of Borrower is: [org.uhc.dao.dto.BorrowerInfoDto@11c3b2bd, org.uhc.dao.dto.BorrowerInfoDto@2283eb2a]
2021-11-11 21:27:53.058  INFO chetuiwk0165 --- [nio-8080-exec-5] o.u.c.GetStatisticDetailsController      : getStatisticDetails API called: org.uhc.envelop.request.GetStatisticDetailsRequest@100c39d4
2021-11-11 21:27:54.198  INFO chetuiwk0165 --- [nio-8080-exec-5] o.u.d.i.UserDaoImpl                      : Other Fee List : 
2021-11-11 21:27:55.896  INFO chetuiwk0165 --- [nio-8080-exec-5] o.u.d.i.UserDaoImpl                      : The loan number, user name enterd is :
2021-11-11 21:27:57.594  INFO chetuiwk0165 --- [nio-8080-exec-5] o.u.d.i.UserDaoImpl                      : List of Borrower is: [org.uhc.dao.dto.BorrowerInfoDto@1ecbc5a5, org.uhc.dao.dto.BorrowerInfoDto@1af452a4]
2021-11-11 21:27:58.162  INFO chetuiwk0165 --- [nio-8080-exec-5] o.u.d.i.UserDaoImpl                      : Other Fee List : 
2021-11-11 21:28:00.426  INFO chetuiwk0165 --- [nio-8080-exec-5] o.u.d.i.UserDaoImpl                      : The loan number, user name enterd is :
2021-11-11 21:28:02.125  INFO chetuiwk0165 --- [nio-8080-exec-5] o.u.d.i.UserDaoImpl                      : List of Borrower is: [org.uhc.dao.dto.BorrowerInfoDto@5ff6cf9e, org.uhc.dao.dto.BorrowerInfoDto@2e458f2d]
2021-11-11 21:28:02.694  INFO chetuiwk0165 --- [nio-8080-exec-5] o.u.d.i.UserDaoImpl                      : Other Fee List : 
2021-11-11 21:28:04.959  INFO chetuiwk0165 --- [nio-8080-exec-5] o.u.d.i.UserDaoImpl                      : The loan number, user name enterd is :
2021-11-11 21:28:06.654  INFO chetuiwk0165 --- [nio-8080-exec-5] o.u.d.i.UserDaoImpl                      : List of Borrower is: [org.uhc.dao.dto.BorrowerInfoDto@6e6391ad, org.uhc.dao.dto.BorrowerInfoDto@563a8fb7]
2021-11-11 21:28:07.222  INFO chetuiwk0165 --- [nio-8080-exec-5] o.u.d.i.UserDaoImpl                      : Other Fee List : 
2021-11-11 21:28:08.917  INFO chetuiwk0165 --- [nio-8080-exec-5] o.u.d.i.UserDaoImpl                      : The loan number, user name enterd is :
2021-11-11 21:28:10.610  INFO chetuiwk0165 --- [nio-8080-exec-5] o.u.d.i.UserDaoImpl                      : List of Borrower is: [org.uhc.dao.dto.BorrowerInfoDto@3fd930d1, org.uhc.dao.dto.BorrowerInfoDto@3d67ece0]
2021-11-11 21:28:11.176  INFO chetuiwk0165 --- [nio-8080-exec-5] o.u.d.i.UserDaoImpl                      : Other Fee List : 
2021-11-11 21:28:12.872  INFO chetuiwk0165 --- [nio-8080-exec-5] o.u.d.i.UserDaoImpl                      : The loan number, user name enterd is :
2021-11-11 21:28:14.570  INFO chetuiwk0165 --- [nio-8080-exec-5] o.u.d.i.UserDaoImpl                      : List of Borrower is: [org.uhc.dao.dto.BorrowerInfoDto@4ffbec18, org.uhc.dao.dto.BorrowerInfoDto@4d3e8567]
2021-11-11 21:28:15.137  INFO chetuiwk0165 --- [nio-8080-exec-5] o.u.d.i.UserDaoImpl                      : Other Fee List : 
2021-11-11 21:28:16.554  INFO chetuiwk0165 --- [nio-8080-exec-5] o.u.d.i.UserDaoImpl                      : The loan number, user name enterd is :
2021-11-11 21:28:18.249  INFO chetuiwk0165 --- [nio-8080-exec-5] o.u.d.i.UserDaoImpl                      : List of Borrower is: [org.uhc.dao.dto.BorrowerInfoDto@3b976ba9, org.uhc.dao.dto.BorrowerInfoDto@391590d7]
2021-11-11 21:28:18.816  INFO chetuiwk0165 --- [nio-8080-exec-5] o.u.d.i.UserDaoImpl                      : Other Fee List : 
2021-11-11 21:28:20.513  INFO chetuiwk0165 --- [nio-8080-exec-5] o.u.d.i.UserDaoImpl                      : The loan number, user name enterd is :
2021-11-11 21:28:22.209  INFO chetuiwk0165 --- [nio-8080-exec-5] o.u.d.i.UserDaoImpl                      : List of Borrower is: [org.uhc.dao.dto.BorrowerInfoDto@299e20c1, org.uhc.dao.dto.BorrowerInfoDto@10328d28]
2021-11-11 21:28:22.775  INFO chetuiwk0165 --- [nio-8080-exec-5] o.u.d.i.UserDaoImpl                      : Other Fee List : 
2021-11-11 21:28:24.188  INFO chetuiwk0165 --- [nio-8080-exec-5] o.u.d.i.UserDaoImpl                      : The loan number, user name enterd is :
2021-11-11 21:28:25.885  INFO chetuiwk0165 --- [nio-8080-exec-5] o.u.d.i.UserDaoImpl                      : List of Borrower is: [org.uhc.dao.dto.BorrowerInfoDto@10f876a4, org.uhc.dao.dto.BorrowerInfoDto@5fedf44]
2021-11-11 21:28:26.171  INFO chetuiwk0165 --- [nio-8080-exec-5] o.u.d.i.UserDaoImpl                      : Other Fee List : 
2021-11-11 21:28:27.874  INFO chetuiwk0165 --- [nio-8080-exec-5] o.u.d.i.UserDaoImpl                      : The loan number, user name enterd is :
2021-11-11 21:28:29.578  INFO chetuiwk0165 --- [nio-8080-exec-5] o.u.d.i.UserDaoImpl                      : List of Borrower is: [org.uhc.dao.dto.BorrowerInfoDto@5dbe6f12, org.uhc.dao.dto.BorrowerInfoDto@59e1e240]
2021-11-11 21:28:29.862  INFO chetuiwk0165 --- [nio-8080-exec-5] o.u.d.i.UserDaoImpl                      : Other Fee List : 
2021-11-11 21:28:30.990  INFO chetuiwk0165 --- [nio-8080-exec-5] o.u.d.i.UserDaoImpl                      : The loan number, user name enterd is :
2021-11-11 21:28:32.683  INFO chetuiwk0165 --- [nio-8080-exec-5] o.u.d.i.UserDaoImpl                      : List of Borrower is: [org.uhc.dao.dto.BorrowerInfoDto@affe28e, org.uhc.dao.dto.BorrowerInfoDto@7908086a]
2021-11-11 21:28:33.535  INFO chetuiwk0165 --- [nio-8080-exec-5] o.u.d.i.UserDaoImpl                      : Other Fee List : 
2021-11-11 21:28:35.235  INFO chetuiwk0165 --- [nio-8080-exec-5] o.u.d.i.UserDaoImpl                      : The loan number, user name enterd is :
2021-11-11 21:28:36.928  INFO chetuiwk0165 --- [nio-8080-exec-5] o.u.d.i.UserDaoImpl                      : List of Borrower is: [org.uhc.dao.dto.BorrowerInfoDto@57e03ea6, org.uhc.dao.dto.BorrowerInfoDto@1c525f8]
2021-11-11 21:28:37.496  INFO chetuiwk0165 --- [nio-8080-exec-5] o.u.d.i.UserDaoImpl                      : Other Fee List : 
2021-11-11 21:28:38.630  INFO chetuiwk0165 --- [nio-8080-exec-5] o.u.d.i.UserDaoImpl                      : The loan number, user name enterd is :
2021-11-11 21:28:40.330  INFO chetuiwk0165 --- [nio-8080-exec-5] o.u.d.i.UserDaoImpl                      : List of Borrower is: [org.uhc.dao.dto.BorrowerInfoDto@745b4cdc, org.uhc.dao.dto.BorrowerInfoDto@4d294165]
2021-11-11 21:28:40.895  INFO chetuiwk0165 --- [nio-8080-exec-5] o.u.d.i.UserDaoImpl                      : Other Fee List : 
2021-11-11 21:28:42.592  INFO chetuiwk0165 --- [nio-8080-exec-5] o.u.d.i.UserDaoImpl                      : The loan number, user name enterd is :
2021-11-11 21:28:44.285  INFO chetuiwk0165 --- [nio-8080-exec-5] o.u.d.i.UserDaoImpl                      : List of Borrower is: [org.uhc.dao.dto.BorrowerInfoDto@1b6a4368, org.uhc.dao.dto.BorrowerInfoDto@33285f18]
2021-11-11 21:28:44.852  INFO chetuiwk0165 --- [nio-8080-exec-5] o.u.d.i.UserDaoImpl                      : Other Fee List : 
2021-11-11 21:28:45.983  INFO chetuiwk0165 --- [nio-8080-exec-5] o.u.d.i.UserDaoImpl                      : The loan number, user name enterd is :
2021-11-11 21:28:47.682  INFO chetuiwk0165 --- [nio-8080-exec-5] o.u.d.i.UserDaoImpl                      : List of Borrower is: [org.uhc.dao.dto.BorrowerInfoDto@1d3bc80d, org.uhc.dao.dto.BorrowerInfoDto@1a9e80a6]
2021-11-11 21:28:48.532  INFO chetuiwk0165 --- [nio-8080-exec-5] o.u.d.i.UserDaoImpl                      : Other Fee List : 
2021-11-11 21:28:50.228  INFO chetuiwk0165 --- [nio-8080-exec-5] o.u.d.i.UserDaoImpl                      : The loan number, user name enterd is :
2021-11-11 21:28:51.920  INFO chetuiwk0165 --- [nio-8080-exec-5] o.u.d.i.UserDaoImpl                      : List of Borrower is: [org.uhc.dao.dto.BorrowerInfoDto@5326e19e, org.uhc.dao.dto.BorrowerInfoDto@2287a47d]
2021-11-11 21:28:52.487  INFO chetuiwk0165 --- [nio-8080-exec-5] o.u.d.i.UserDaoImpl                      : Other Fee List : 
2021-11-11 21:28:53.619  INFO chetuiwk0165 --- [nio-8080-exec-5] o.u.d.i.UserDaoImpl                      : The loan number, user name enterd is :
2021-11-11 21:28:55.312  INFO chetuiwk0165 --- [nio-8080-exec-5] o.u.d.i.UserDaoImpl                      : List of Borrower is: [org.uhc.dao.dto.BorrowerInfoDto@613f7b80, org.uhc.dao.dto.BorrowerInfoDto@fca4cb1]
2021-11-11 21:28:56.163  INFO chetuiwk0165 --- [nio-8080-exec-5] o.u.d.i.UserDaoImpl                      : Other Fee List : 
2021-11-11 21:28:57.576  INFO chetuiwk0165 --- [nio-8080-exec-5] o.u.d.i.UserDaoImpl                      : The loan number, user name enterd is :
2021-11-11 21:28:59.286  INFO chetuiwk0165 --- [nio-8080-exec-5] o.u.d.i.UserDaoImpl                      : List of Borrower is: [org.uhc.dao.dto.BorrowerInfoDto@6b8466c7, org.uhc.dao.dto.BorrowerInfoDto@743f9386]
2021-11-11 21:29:00.138  INFO chetuiwk0165 --- [nio-8080-exec-5] o.u.d.i.UserDaoImpl                      : Other Fee List : 
2021-11-11 21:29:01.851  INFO chetuiwk0165 --- [nio-8080-exec-5] o.u.d.i.UserDaoImpl                      : The loan number, user name enterd is :
2021-11-11 21:29:03.547  INFO chetuiwk0165 --- [nio-8080-exec-5] o.u.d.i.UserDaoImpl                      : List of Borrower is: [org.uhc.dao.dto.BorrowerInfoDto@6ec615fa, org.uhc.dao.dto.BorrowerInfoDto@33b46357]
2021-11-11 21:46:09.616  INFO chetuiwk0165 --- [nio-8080-exec-7] o.u.c.GetStatisticDetailsController      : getStatisticDetails API called: org.uhc.envelop.request.GetStatisticDetailsRequest@666aedda
2021-11-11 21:46:10.470  INFO chetuiwk0165 --- [nio-8080-exec-7] o.u.d.i.UserDaoImpl                      : Other Fee List : 
2021-11-11 21:46:11.608  INFO chetuiwk0165 --- [nio-8080-exec-7] o.u.d.i.UserDaoImpl                      : The loan number, user name enterd is :
2021-11-11 21:46:13.306  INFO chetuiwk0165 --- [nio-8080-exec-7] o.u.d.i.UserDaoImpl                      : List of Borrower is: [org.uhc.dao.dto.BorrowerInfoDto@68ad0f67, org.uhc.dao.dto.BorrowerInfoDto@6c9286aa]
2021-11-11 21:46:13.598  INFO chetuiwk0165 --- [nio-8080-exec-7] o.u.d.i.UserDaoImpl                      : Other Fee List : 
2021-11-11 21:46:15.295  INFO chetuiwk0165 --- [nio-8080-exec-7] o.u.d.i.UserDaoImpl                      : The loan number, user name enterd is :
2021-11-11 21:46:17.004  INFO chetuiwk0165 --- [nio-8080-exec-7] o.u.d.i.UserDaoImpl                      : List of Borrower is: [org.uhc.dao.dto.BorrowerInfoDto@2990055c, org.uhc.dao.dto.BorrowerInfoDto@18253989]
2021-11-11 21:46:17.288  INFO chetuiwk0165 --- [nio-8080-exec-7] o.u.d.i.UserDaoImpl                      : Other Fee List : 
2021-11-11 21:46:18.989  INFO chetuiwk0165 --- [nio-8080-exec-7] o.u.d.i.UserDaoImpl                      : The loan number, user name enterd is :
2021-11-11 21:46:20.702  INFO chetuiwk0165 --- [nio-8080-exec-7] o.u.d.i.UserDaoImpl                      : List of Borrower is: [org.uhc.dao.dto.BorrowerInfoDto@18f3cbdd, org.uhc.dao.dto.BorrowerInfoDto@60aca9bf]
2021-11-11 21:46:20.987  INFO chetuiwk0165 --- [nio-8080-exec-7] o.u.d.i.UserDaoImpl                      : Other Fee List : 
2021-11-11 21:46:22.120  INFO chetuiwk0165 --- [nio-8080-exec-7] o.u.d.i.UserDaoImpl                      : The loan number, user name enterd is :
2021-11-11 21:46:23.824  INFO chetuiwk0165 --- [nio-8080-exec-7] o.u.d.i.UserDaoImpl                      : List of Borrower is: [org.uhc.dao.dto.BorrowerInfoDto@49bffa13, org.uhc.dao.dto.BorrowerInfoDto@78e77bdc]
2021-11-11 21:46:24.109  INFO chetuiwk0165 --- [nio-8080-exec-7] o.u.d.i.UserDaoImpl                      : Other Fee List : 
2021-11-11 21:46:25.815  INFO chetuiwk0165 --- [nio-8080-exec-7] o.u.d.i.UserDaoImpl                      : The loan number, user name enterd is :
2021-11-11 21:46:27.534  INFO chetuiwk0165 --- [nio-8080-exec-7] o.u.d.i.UserDaoImpl                      : List of Borrower is: [org.uhc.dao.dto.BorrowerInfoDto@7e4cfa3e, org.uhc.dao.dto.BorrowerInfoDto@7ba84519]
2021-11-11 21:46:27.826  INFO chetuiwk0165 --- [nio-8080-exec-7] o.u.d.i.UserDaoImpl                      : Other Fee List : 
2021-11-11 21:46:28.962  INFO chetuiwk0165 --- [nio-8080-exec-7] o.u.d.i.UserDaoImpl                      : The loan number, user name enterd is :
2021-11-11 21:46:30.662  INFO chetuiwk0165 --- [nio-8080-exec-7] o.u.d.i.UserDaoImpl                      : List of Borrower is: [org.uhc.dao.dto.BorrowerInfoDto@4df1471d, org.uhc.dao.dto.BorrowerInfoDto@e8bece4]
2021-11-11 21:46:30.946  INFO chetuiwk0165 --- [nio-8080-exec-7] o.u.d.i.UserDaoImpl                      : Other Fee List : 
2021-11-11 21:46:32.660  INFO chetuiwk0165 --- [nio-8080-exec-7] o.u.d.i.UserDaoImpl                      : The loan number, user name enterd is :
2021-11-11 21:46:34.360  INFO chetuiwk0165 --- [nio-8080-exec-7] o.u.d.i.UserDaoImpl                      : List of Borrower is: [org.uhc.dao.dto.BorrowerInfoDto@170f7a01, org.uhc.dao.dto.BorrowerInfoDto@2eb67574]
2021-11-11 21:46:35.495  INFO chetuiwk0165 --- [nio-8080-exec-7] o.u.d.i.UserDaoImpl                      : Other Fee List : 
2021-11-11 21:46:37.622  INFO chetuiwk0165 --- [nio-8080-exec-7] o.u.d.i.UserDaoImpl                      : The loan number, user name enterd is :
2021-11-11 21:46:39.384  INFO chetuiwk0165 --- [nio-8080-exec-7] o.u.d.i.UserDaoImpl                      : List of Borrower is: [org.uhc.dao.dto.BorrowerInfoDto@69b81610, org.uhc.dao.dto.BorrowerInfoDto@38052b0f]
2021-11-11 21:46:40.396  INFO chetuiwk0165 --- [nio-8080-exec-7] o.u.d.i.UserDaoImpl                      : Other Fee List : 
2021-11-11 21:46:42.729  INFO chetuiwk0165 --- [nio-8080-exec-7] o.u.d.i.UserDaoImpl                      : The loan number, user name enterd is :
2021-11-11 21:46:45.217  INFO chetuiwk0165 --- [nio-8080-exec-7] o.u.d.i.UserDaoImpl                      : List of Borrower is: [org.uhc.dao.dto.BorrowerInfoDto@54b6917c, org.uhc.dao.dto.BorrowerInfoDto@4936434b]
2021-11-11 21:46:46.110  INFO chetuiwk0165 --- [nio-8080-exec-7] o.u.d.i.UserDaoImpl                      : Other Fee List : 
2021-11-11 21:46:52.290  INFO chetuiwk0165 --- [nio-8080-exec-7] o.u.d.i.UserDaoImpl                      : The loan number, user name enterd is :
2021-11-11 21:46:54.267  INFO chetuiwk0165 --- [nio-8080-exec-7] o.u.d.i.UserDaoImpl                      : List of Borrower is: [org.uhc.dao.dto.BorrowerInfoDto@6017d4eb, org.uhc.dao.dto.BorrowerInfoDto@71dbd6b5]
2021-11-11 21:46:54.833  INFO chetuiwk0165 --- [nio-8080-exec-7] o.u.d.i.UserDaoImpl                      : Other Fee List : 
2021-11-11 21:46:56.542  INFO chetuiwk0165 --- [nio-8080-exec-7] o.u.d.i.UserDaoImpl                      : The loan number, user name enterd is :
2021-11-11 21:46:58.238  INFO chetuiwk0165 --- [nio-8080-exec-7] o.u.d.i.UserDaoImpl                      : List of Borrower is: [org.uhc.dao.dto.BorrowerInfoDto@11868483, org.uhc.dao.dto.BorrowerInfoDto@6a51a1e3]
2021-11-11 21:46:58.805  INFO chetuiwk0165 --- [nio-8080-exec-7] o.u.d.i.UserDaoImpl                      : Other Fee List : 
2021-11-11 21:47:00.504  INFO chetuiwk0165 --- [nio-8080-exec-7] o.u.d.i.UserDaoImpl                      : The loan number, user name enterd is :
2021-11-11 21:47:02.197  INFO chetuiwk0165 --- [nio-8080-exec-7] o.u.d.i.UserDaoImpl                      : List of Borrower is: [org.uhc.dao.dto.BorrowerInfoDto@343f90ce, org.uhc.dao.dto.BorrowerInfoDto@1b7e9682]
2021-11-11 21:47:02.764  INFO chetuiwk0165 --- [nio-8080-exec-7] o.u.d.i.UserDaoImpl                      : Other Fee List : 
2021-11-11 21:47:04.192  INFO chetuiwk0165 --- [nio-8080-exec-7] o.u.d.i.UserDaoImpl                      : The loan number, user name enterd is :
2021-11-11 21:47:05.886  INFO chetuiwk0165 --- [nio-8080-exec-7] o.u.d.i.UserDaoImpl                      : List of Borrower is: [org.uhc.dao.dto.BorrowerInfoDto@3e79bbf2, org.uhc.dao.dto.BorrowerInfoDto@59c05b67]
2021-11-11 21:47:06.454  INFO chetuiwk0165 --- [nio-8080-exec-7] o.u.d.i.UserDaoImpl                      : Other Fee List : 
2021-11-11 21:47:08.149  INFO chetuiwk0165 --- [nio-8080-exec-7] o.u.d.i.UserDaoImpl                      : The loan number, user name enterd is :
2021-11-11 21:47:09.851  INFO chetuiwk0165 --- [nio-8080-exec-7] o.u.d.i.UserDaoImpl                      : List of Borrower is: [org.uhc.dao.dto.BorrowerInfoDto@11311971, org.uhc.dao.dto.BorrowerInfoDto@7e944753]
2021-11-11 21:47:10.421  INFO chetuiwk0165 --- [nio-8080-exec-7] o.u.d.i.UserDaoImpl                      : Other Fee List : 
2021-11-11 21:47:11.836  INFO chetuiwk0165 --- [nio-8080-exec-7] o.u.d.i.UserDaoImpl                      : The loan number, user name enterd is :
2021-11-11 21:47:13.536  INFO chetuiwk0165 --- [nio-8080-exec-7] o.u.d.i.UserDaoImpl                      : List of Borrower is: [org.uhc.dao.dto.BorrowerInfoDto@dc1d558, org.uhc.dao.dto.BorrowerInfoDto@5601ace4]
2021-11-11 21:47:13.821  INFO chetuiwk0165 --- [nio-8080-exec-7] o.u.d.i.UserDaoImpl                      : Other Fee List : 
2021-11-11 21:47:15.526  INFO chetuiwk0165 --- [nio-8080-exec-7] o.u.d.i.UserDaoImpl                      : The loan number, user name enterd is :
2021-11-11 21:47:17.226  INFO chetuiwk0165 --- [nio-8080-exec-7] o.u.d.i.UserDaoImpl                      : List of Borrower is: [org.uhc.dao.dto.BorrowerInfoDto@4fe2ddc4, org.uhc.dao.dto.BorrowerInfoDto@1310b5b4]
2021-11-11 21:47:17.510  INFO chetuiwk0165 --- [nio-8080-exec-7] o.u.d.i.UserDaoImpl                      : Other Fee List : 
2021-11-11 21:47:18.641  INFO chetuiwk0165 --- [nio-8080-exec-7] o.u.d.i.UserDaoImpl                      : The loan number, user name enterd is :
2021-11-11 21:47:20.340  INFO chetuiwk0165 --- [nio-8080-exec-7] o.u.d.i.UserDaoImpl                      : List of Borrower is: [org.uhc.dao.dto.BorrowerInfoDto@1078d99b, org.uhc.dao.dto.BorrowerInfoDto@4bc521fc]
2021-11-11 21:47:21.191  INFO chetuiwk0165 --- [nio-8080-exec-7] o.u.d.i.UserDaoImpl                      : Other Fee List : 
2021-11-11 21:47:23.150  INFO chetuiwk0165 --- [nio-8080-exec-7] o.u.d.i.UserDaoImpl                      : The loan number, user name enterd is :
2021-11-11 21:47:24.851  INFO chetuiwk0165 --- [nio-8080-exec-7] o.u.d.i.UserDaoImpl                      : List of Borrower is: [org.uhc.dao.dto.BorrowerInfoDto@1210d9bd, org.uhc.dao.dto.BorrowerInfoDto@4bb635e]
2021-11-11 21:47:25.479  INFO chetuiwk0165 --- [nio-8080-exec-7] o.u.d.i.UserDaoImpl                      : Other Fee List : 
2021-11-11 21:47:26.643  INFO chetuiwk0165 --- [nio-8080-exec-7] o.u.d.i.UserDaoImpl                      : The loan number, user name enterd is :
2021-11-11 21:47:28.888  INFO chetuiwk0165 --- [nio-8080-exec-7] o.u.d.i.UserDaoImpl                      : List of Borrower is: [org.uhc.dao.dto.BorrowerInfoDto@5259c653, org.uhc.dao.dto.BorrowerInfoDto@30f1d725]
2021-11-11 21:47:29.459  INFO chetuiwk0165 --- [nio-8080-exec-7] o.u.d.i.UserDaoImpl                      : Other Fee List : 
2021-11-11 21:47:31.167  INFO chetuiwk0165 --- [nio-8080-exec-7] o.u.d.i.UserDaoImpl                      : The loan number, user name enterd is :
2021-11-11 21:47:32.880  INFO chetuiwk0165 --- [nio-8080-exec-7] o.u.d.i.UserDaoImpl                      : List of Borrower is: [org.uhc.dao.dto.BorrowerInfoDto@24382db7, org.uhc.dao.dto.BorrowerInfoDto@7bc60bfd]
2021-11-11 21:47:33.447  INFO chetuiwk0165 --- [nio-8080-exec-7] o.u.d.i.UserDaoImpl                      : Other Fee List : 
2021-11-11 21:47:34.577  INFO chetuiwk0165 --- [nio-8080-exec-7] o.u.d.i.UserDaoImpl                      : The loan number, user name enterd is :
2021-11-11 21:47:36.493  INFO chetuiwk0165 --- [nio-8080-exec-7] o.u.d.i.UserDaoImpl                      : List of Borrower is: [org.uhc.dao.dto.BorrowerInfoDto@67b12188, org.uhc.dao.dto.BorrowerInfoDto@59c78aa4]
2021-11-11 21:47:37.350  INFO chetuiwk0165 --- [nio-8080-exec-7] o.u.d.i.UserDaoImpl                      : Other Fee List : 
2021-11-11 21:47:39.662  INFO chetuiwk0165 --- [nio-8080-exec-7] o.u.d.i.UserDaoImpl                      : The loan number, user name enterd is :
2021-11-11 21:47:41.446  INFO chetuiwk0165 --- [nio-8080-exec-7] o.u.d.i.UserDaoImpl                      : List of Borrower is: [org.uhc.dao.dto.BorrowerInfoDto@3cf751be, org.uhc.dao.dto.BorrowerInfoDto@77a53c3e]
2021-11-11 21:47:42.013  INFO chetuiwk0165 --- [nio-8080-exec-7] o.u.d.i.UserDaoImpl                      : Other Fee List : 
2021-11-11 21:47:43.380  INFO chetuiwk0165 --- [nio-8080-exec-7] o.u.d.i.UserDaoImpl                      : The loan number, user name enterd is :
2021-11-11 21:47:45.120  INFO chetuiwk0165 --- [nio-8080-exec-7] o.u.d.i.UserDaoImpl                      : List of Borrower is: [org.uhc.dao.dto.BorrowerInfoDto@1976ee23, org.uhc.dao.dto.BorrowerInfoDto@7c01d503]
2021-11-11 21:47:45.976  INFO chetuiwk0165 --- [nio-8080-exec-7] o.u.d.i.UserDaoImpl                      : Other Fee List : 
2021-11-11 21:47:47.503  INFO chetuiwk0165 --- [nio-8080-exec-7] o.u.d.i.UserDaoImpl                      : The loan number, user name enterd is :
2021-11-11 21:47:49.293  INFO chetuiwk0165 --- [nio-8080-exec-7] o.u.d.i.UserDaoImpl                      : List of Borrower is: [org.uhc.dao.dto.BorrowerInfoDto@7a7d119c, org.uhc.dao.dto.BorrowerInfoDto@24678621]
2021-11-11 21:47:50.146  INFO chetuiwk0165 --- [nio-8080-exec-7] o.u.d.i.UserDaoImpl                      : Other Fee List : 
2021-11-11 21:47:51.913  INFO chetuiwk0165 --- [nio-8080-exec-7] o.u.d.i.UserDaoImpl                      : The loan number, user name enterd is :
2021-11-11 21:47:54.124  INFO chetuiwk0165 --- [nio-8080-exec-7] o.u.d.i.UserDaoImpl                      : List of Borrower is: [org.uhc.dao.dto.BorrowerInfoDto@ace6378, org.uhc.dao.dto.BorrowerInfoDto@789506ef]
2021-11-11 21:47:54.976  INFO chetuiwk0165 --- [nio-8080-exec-7] o.u.d.i.UserDaoImpl                      : Other Fee List : 
2021-11-11 21:47:56.388  INFO chetuiwk0165 --- [nio-8080-exec-7] o.u.d.i.UserDaoImpl                      : The loan number, user name enterd is :
2021-11-11 21:47:58.082  INFO chetuiwk0165 --- [nio-8080-exec-7] o.u.d.i.UserDaoImpl                      : List of Borrower is: [org.uhc.dao.dto.BorrowerInfoDto@6a761990, org.uhc.dao.dto.BorrowerInfoDto@72b8dc71]
