2021-08-13 14:53:54.607  INFO chetuiwk0165 --- [           main] o.u.PhonePayAPIApplication               : Starting PhonePayAPIApplication on chetuiwk0165 with PID 23860 (E:\UtahHousingCorp-MGLD\PhonePayWorkspace_12April\PhonePayBackend\target\classes started by pradeepy in E:\UtahHousingCorp-MGLD\PhonePayWorkspace_12April\PhonePayBackend)
2021-08-13 14:53:54.623  INFO chetuiwk0165 --- [           main] o.u.PhonePayAPIApplication               : No active profile set, falling back to default profiles: default
2021-08-13 14:53:54.655  INFO chetuiwk0165 --- [           main] ationConfigEmbeddedWebApplicationContext : Refreshing org.springframework.boot.context.embedded.AnnotationConfigEmbeddedWebApplicationContext@5542c4ed: startup date [Fri Aug 13 14:53:54 IST 2021]; root of context hierarchy
2021-08-13 14:53:54.777  INFO chetuiwk0165 --- [kground-preinit] o.h.v.i.u.Version                        : HV000001: Hibernate Validator 5.3.5.Final
2021-08-13 14:53:55.919  INFO chetuiwk0165 --- [           main] s.b.c.e.t.TomcatEmbeddedServletContainer : Tomcat initialized with port(s): 8080 (http)
2021-08-13 14:53:55.934  INFO chetuiwk0165 --- [           main] o.a.c.c.StandardService                  : Starting service [Tomcat]
2021-08-13 14:53:55.934  INFO chetuiwk0165 --- [           main] o.a.c.c.StandardEngine                   : Starting Servlet Engine: Apache Tomcat/8.5.16
2021-08-13 14:53:56.025  INFO chetuiwk0165 --- [ost-startStop-1] o.a.c.c.C.[.[.[/]                        : Initializing Spring embedded WebApplicationContext
2021-08-13 14:53:56.025  INFO chetuiwk0165 --- [ost-startStop-1] o.s.w.c.ContextLoader                    : Root WebApplicationContext: initialization completed in 1373 ms
2021-08-13 14:53:56.130  INFO chetuiwk0165 --- [ost-startStop-1] o.s.b.w.s.FilterRegistrationBean         : Mapping filter: 'CORSFilter' to: [/*]
2021-08-13 14:53:56.130  INFO chetuiwk0165 --- [ost-startStop-1] o.s.b.w.s.FilterRegistrationBean         : Mapping filter: 'characterEncodingFilter' to: [/*]
2021-08-13 14:53:56.130  INFO chetuiwk0165 --- [ost-startStop-1] o.s.b.w.s.FilterRegistrationBean         : Mapping filter: 'hiddenHttpMethodFilter' to: [/*]
2021-08-13 14:53:56.130  INFO chetuiwk0165 --- [ost-startStop-1] o.s.b.w.s.FilterRegistrationBean         : Mapping filter: 'httpPutFormContentFilter' to: [/*]
2021-08-13 14:53:56.130  INFO chetuiwk0165 --- [ost-startStop-1] o.s.b.w.s.FilterRegistrationBean         : Mapping filter: 'requestContextFilter' to: [/*]
2021-08-13 14:53:56.131  INFO chetuiwk0165 --- [ost-startStop-1] .s.DelegatingFilterProxyRegistrationBean : Mapping filter: 'springSecurityFilterChain' to: [/*]
2021-08-13 14:53:56.131  INFO chetuiwk0165 --- [ost-startStop-1] o.s.b.w.s.ServletRegistrationBean        : Mapping servlet: 'dispatcherServlet' to [/]
2021-08-13 14:53:56.494  INFO chetuiwk0165 --- [           main] b.a.s.AuthenticationManagerConfiguration : 

Using default security password: 2cab334f-7ec1-4c9a-83c3-84e75ea413f8

2021-08-13 14:53:56.589  INFO chetuiwk0165 --- [           main] o.s.s.w.DefaultSecurityFilterChain       : Creating filter chain: org.springframework.security.web.util.matcher.AnyRequestMatcher@1, [org.springframework.security.web.context.request.async.WebAsyncManagerIntegrationFilter@3e5d4f6b, org.springframework.security.web.context.SecurityContextPersistenceFilter@771d1ffb, org.springframework.security.web.header.HeaderWriterFilter@409986fe, org.springframework.security.web.authentication.logout.LogoutFilter@736048ed, org.springframework.security.web.savedrequest.RequestCacheAwareFilter@56681eaf, org.springframework.security.web.servletapi.SecurityContextHolderAwareRequestFilter@45d64d27, org.springframework.security.web.authentication.AnonymousAuthenticationFilter@39c1fe0b, org.springframework.security.web.session.SessionManagementFilter@34819867, org.springframework.security.web.access.ExceptionTranslationFilter@243f003c, org.springframework.security.web.access.intercept.FilterSecurityInterceptor@36fcf6c0]
2021-08-13 14:53:56.721  INFO chetuiwk0165 --- [           main] s.w.s.m.m.a.RequestMappingHandlerAdapter : Looking for @ControllerAdvice: org.springframework.boot.context.embedded.AnnotationConfigEmbeddedWebApplicationContext@5542c4ed: startup date [Fri Aug 13 14:53:54 IST 2021]; root of context hierarchy
2021-08-13 14:53:56.772  INFO chetuiwk0165 --- [           main] s.w.s.m.m.a.RequestMappingHandlerMapping : Mapped "{[/bankingInfo],methods=[POST]}" onto public java.lang.Object org.uhc.controller.BankingInfoController.bankingInfoAPI(org.uhc.envelop.request.BankingInfoRequest)
2021-08-13 14:53:56.774  INFO chetuiwk0165 --- [           main] s.w.s.m.m.a.RequestMappingHandlerMapping : Mapped "{[/cancelPayment],methods=[POST]}" onto public java.lang.Object org.uhc.controller.CancelPaymentController.cancelPaymentAPI(org.uhc.envelop.request.CancelPaymentRequest)
2021-08-13 14:53:56.775  INFO chetuiwk0165 --- [           main] s.w.s.m.m.a.RequestMappingHandlerMapping : Mapped "{[/isLoanExistStopFile/{loanNumber}],methods=[POST]}" onto public java.lang.Object org.uhc.controller.CheckStopFileExistanceController.isLoanAccountInStopFileAPI(long)
2021-08-13 14:53:56.776  INFO chetuiwk0165 --- [           main] s.w.s.m.m.a.RequestMappingHandlerMapping : Mapped "{[/getFirstNamesForFirstAndLastName],methods=[POST]}" onto public java.lang.Object org.uhc.controller.GetNamesController.getFirstNamesListByFirstAndLastNameAPI(org.uhc.envelop.request.GetNamesRequest)
2021-08-13 14:53:56.776  INFO chetuiwk0165 --- [           main] s.w.s.m.m.a.RequestMappingHandlerMapping : Mapped "{[/getFirstAndLastNamesListForAutocomplete],methods=[POST]}" onto public java.lang.Object org.uhc.controller.GetNamesController.getFirstAndLastNamesListForAutocompleteAPI(org.uhc.envelop.request.GetNamesRequest)
2021-08-13 14:53:56.776  INFO chetuiwk0165 --- [           main] s.w.s.m.m.a.RequestMappingHandlerMapping : Mapped "{[/getLastNamesForFirstAndLastName],methods=[POST]}" onto public java.lang.Object org.uhc.controller.GetNamesController.getLastNamesListByFirstAndLastNameAPI(org.uhc.envelop.request.GetNamesRequest)
2021-08-13 14:53:56.777  INFO chetuiwk0165 --- [           main] s.w.s.m.m.a.RequestMappingHandlerMapping : Mapped "{[/getLastNames],methods=[POST]}" onto public java.lang.Object org.uhc.controller.GetNamesController.getLastNamesListAPI(org.uhc.envelop.request.GetNamesRequest)
2021-08-13 14:53:56.777  INFO chetuiwk0165 --- [           main] s.w.s.m.m.a.RequestMappingHandlerMapping : Mapped "{[/getFirstNames],methods=[POST]}" onto public java.lang.Object org.uhc.controller.GetNamesController.getFirstNamesListAPI(org.uhc.envelop.request.GetNamesRequest)
2021-08-13 14:53:56.777  INFO chetuiwk0165 --- [           main] s.w.s.m.m.a.RequestMappingHandlerMapping : Mapped "{[/paymentBatch],methods=[POST]}" onto public java.lang.Object org.uhc.controller.GetPaymentBatchController.getPaymentBatchAPI()
2021-08-13 14:53:56.778  INFO chetuiwk0165 --- [           main] s.w.s.m.m.a.RequestMappingHandlerMapping : Mapped "{[/getScheduledPaymentList],methods=[POST]}" onto public java.lang.Object org.uhc.controller.GetScheduledPaymentListController.getScheduledPaymentListAPI()
2021-08-13 14:53:56.778  INFO chetuiwk0165 --- [           main] s.w.s.m.m.a.RequestMappingHandlerMapping : Mapped "{[/getStatisticDetails],methods=[POST]}" onto public java.lang.Object org.uhc.controller.GetStatisticDetailsController.getStatisticDetailsAPI(org.uhc.envelop.request.GetStatisticDetailsRequest)
2021-08-13 14:53:56.780  INFO chetuiwk0165 --- [           main] s.w.s.m.m.a.RequestMappingHandlerMapping : Mapped "{[/deletProcessAdvicePayment],methods=[POST]}" onto public java.lang.Object org.uhc.controller.PaymentAdviceController.deletProcessAdvicePaymentAPI(org.uhc.envelop.request.DeleteProcessAdvicePaymentReq)
2021-08-13 14:53:56.781  INFO chetuiwk0165 --- [           main] s.w.s.m.m.a.RequestMappingHandlerMapping : Mapped "{[/updatePaymentAdviceType],methods=[POST]}" onto public java.lang.Object org.uhc.controller.PaymentAdviceController.updatePaymentAdviceTypeAPI(org.uhc.envelop.request.UpdatePaymentAdviceTypeReq)
2021-08-13 14:53:56.781  INFO chetuiwk0165 --- [           main] s.w.s.m.m.a.RequestMappingHandlerMapping : Mapped "{[/updatePaymentAdvice],methods=[POST]}" onto public java.lang.Object org.uhc.controller.PaymentAdviceController.updatePaymentAdviceAPI(org.uhc.envelop.request.UpdatePaymentAdviceReq)
2021-08-13 14:53:56.781  INFO chetuiwk0165 --- [           main] s.w.s.m.m.a.RequestMappingHandlerMapping : Mapped "{[/allPaymentAdvice],methods=[POST]}" onto public java.lang.Object org.uhc.controller.PaymentAdviceController.allPaymentAdviceAPI()
2021-08-13 14:53:56.781  INFO chetuiwk0165 --- [           main] s.w.s.m.m.a.RequestMappingHandlerMapping : Mapped "{[/paymentAdvice],methods=[POST]}" onto public java.lang.Object org.uhc.controller.PaymentAdviceController.paymentAdviceAPI(org.uhc.envelop.request.PaymentAdviceReq)
2021-08-13 14:53:56.782  INFO chetuiwk0165 --- [           main] s.w.s.m.m.a.RequestMappingHandlerMapping : Mapped "{[/getPaymentsInProcess],methods=[POST]}" onto public java.lang.Object org.uhc.controller.PaymentsInProcessController.getPaymentsInProcessAPI()
2021-08-13 14:53:56.782  INFO chetuiwk0165 --- [           main] s.w.s.m.m.a.RequestMappingHandlerMapping : Mapped "{[/phonepayCheck/{loanNumber}],methods=[POST]}" onto public java.lang.Object org.uhc.controller.PhonepayCheckController.phonepayCheckAPI(long)
2021-08-13 14:53:56.784  INFO chetuiwk0165 --- [           main] s.w.s.m.m.a.RequestMappingHandlerMapping : Mapped "{[/getProcessPaymentsNotificationList],methods=[POST]}" onto public java.lang.Object org.uhc.controller.ProcessPaymnetsController.getProcessPaymentsNotificationListAPI(org.uhc.envelop.request.ProcessPaymentSendEmailReq)
2021-08-13 14:53:56.784  INFO chetuiwk0165 --- [           main] s.w.s.m.m.a.RequestMappingHandlerMapping : Mapped "{[/getProcessPaymentsLetterNotificationList],methods=[POST]}" onto public java.lang.Object org.uhc.controller.ProcessPaymnetsController.getProcessPaymentsLetterNotificationListAPI(org.uhc.envelop.request.ProcessPaymentPrintLetterReq)
2021-08-13 14:53:56.784  INFO chetuiwk0165 --- [           main] s.w.s.m.m.a.RequestMappingHandlerMapping : Mapped "{[/getProcessPaymentsList],methods=[POST]}" onto public java.lang.Object org.uhc.controller.ProcessPaymnetsController.getProcessPaymentsListAPI()
2021-08-13 14:53:56.785  INFO chetuiwk0165 --- [           main] s.w.s.m.m.a.RequestMappingHandlerMapping : Mapped "{[/researchPayment],methods=[POST]}" onto public java.lang.Object org.uhc.controller.ResearchPaymentController.researchPaymentInfoAPI(org.uhc.envelop.request.ResearchPaymentRequest)
2021-08-13 14:53:56.785  INFO chetuiwk0165 --- [           main] s.w.s.m.m.a.RequestMappingHandlerMapping : Mapped "{[/getResearchPaymentDetails],methods=[POST]}" onto public java.lang.Object org.uhc.controller.ResearchPaymentController.getResearchPaymentInfoAPI(org.uhc.envelop.request.GetResearchPaymentRequest)
2021-08-13 14:53:56.785  INFO chetuiwk0165 --- [           main] s.w.s.m.m.a.RequestMappingHandlerMapping : Mapped "{[/scheduleCheckPayment],methods=[POST]}" onto public java.lang.Object org.uhc.controller.ScheduledCheckPaymentController.scheduleCheckPaymentAPI(org.uhc.envelop.request.CheckPaymentRequest) throws java.lang.Exception
2021-08-13 14:53:56.786  INFO chetuiwk0165 --- [           main] s.w.s.m.m.a.RequestMappingHandlerMapping : Mapped "{[/validateUser],methods=[POST]}" onto public java.lang.Object org.uhc.controller.ValidateUserController.validateUserAPI(org.uhc.envelop.request.ValidateUserRequest)
2021-08-13 14:53:56.787  INFO chetuiwk0165 --- [           main] s.w.s.m.m.a.RequestMappingHandlerMapping : Mapped "{[/error]}" onto public org.springframework.http.ResponseEntity<java.util.Map<java.lang.String, java.lang.Object>> org.springframework.boot.autoconfigure.web.BasicErrorController.error(javax.servlet.http.HttpServletRequest)
2021-08-13 14:53:56.787  INFO chetuiwk0165 --- [           main] s.w.s.m.m.a.RequestMappingHandlerMapping : Mapped "{[/error],produces=[text/html]}" onto public org.springframework.web.servlet.ModelAndView org.springframework.boot.autoconfigure.web.BasicErrorController.errorHtml(javax.servlet.http.HttpServletRequest,javax.servlet.http.HttpServletResponse)
2021-08-13 14:53:56.806  INFO chetuiwk0165 --- [           main] o.s.w.s.h.SimpleUrlHandlerMapping        : Mapped URL path [/webjars/**] onto handler of type [class org.springframework.web.servlet.resource.ResourceHttpRequestHandler]
2021-08-13 14:53:56.806  INFO chetuiwk0165 --- [           main] o.s.w.s.h.SimpleUrlHandlerMapping        : Mapped URL path [/**] onto handler of type [class org.springframework.web.servlet.resource.ResourceHttpRequestHandler]
2021-08-13 14:53:56.826  INFO chetuiwk0165 --- [           main] o.s.w.s.h.SimpleUrlHandlerMapping        : Mapped URL path [/**/favicon.ico] onto handler of type [class org.springframework.web.servlet.resource.ResourceHttpRequestHandler]
2021-08-13 14:53:56.931  INFO chetuiwk0165 --- [           main] o.s.j.e.a.AnnotationMBeanExporter        : Registering beans for JMX exposure on startup
2021-08-13 14:53:56.942  INFO chetuiwk0165 --- [           main] o.a.c.h.Http11NioProtocol                : Initializing ProtocolHandler ["http-nio-8080"]
2021-08-13 14:53:56.950  INFO chetuiwk0165 --- [           main] o.a.c.h.Http11NioProtocol                : Starting ProtocolHandler ["http-nio-8080"]
2021-08-13 14:53:56.971  INFO chetuiwk0165 --- [           main] o.a.t.u.n.NioSelectorPool                : Using a shared selector for servlet write/read
2021-08-13 14:53:57.032  INFO chetuiwk0165 --- [           main] s.b.c.e.t.TomcatEmbeddedServletContainer : Tomcat started on port(s): 8080 (http)
2021-08-13 14:53:57.035  INFO chetuiwk0165 --- [           main] o.u.PhonePayAPIApplication               : Started PhonePayAPIApplication in 2.612 seconds (JVM running for 3.306)
2021-08-13 15:18:01.250  INFO chetuiwk0165 --- [nio-8080-exec-1] o.a.c.c.C.[.[.[/]                        : Initializing Spring FrameworkServlet 'dispatcherServlet'
2021-08-13 15:18:01.251  INFO chetuiwk0165 --- [nio-8080-exec-1] o.s.w.s.DispatcherServlet                : FrameworkServlet 'dispatcherServlet': initialization started
2021-08-13 15:18:01.261  INFO chetuiwk0165 --- [nio-8080-exec-1] o.s.w.s.DispatcherServlet                : FrameworkServlet 'dispatcherServlet': initialization completed in 10 ms
2021-08-13 15:18:01.290  INFO chetuiwk0165 --- [nio-8080-exec-3] o.u.c.GetPaymentBatchController          : get payment batch API called
2021-08-13 15:18:01.290  INFO chetuiwk0165 --- [nio-8080-exec-4] o.u.c.PaymentsInProcessController        : get payments in process API called
2021-08-13 15:18:01.291  INFO chetuiwk0165 --- [nio-8080-exec-3] o.u.s.i.GetProcessPaymentsListImpl       : Entering into getPaymentBatchDetails method
2021-08-13 15:18:01.291  INFO chetuiwk0165 --- [nio-8080-exec-4] o.u.s.i.PaymentsInProcessServiceImpl     : Entering into getPaymentsInProcessList method
2021-08-13 15:18:01.300  INFO chetuiwk0165 --- [nio-8080-exec-4] o.u.d.i.UserDaoImpl                      : Entering into getPaymentsInProcessList method
2021-08-13 15:18:01.300  INFO chetuiwk0165 --- [nio-8080-exec-3] o.u.d.i.UserDaoImpl                      : Entering Into getPaymentBatchDetails method
2021-08-13 15:18:14.118  INFO chetuiwk0165 --- [nio-8080-exec-4] o.u.d.i.UserDaoImpl                      : Exit from getPaymentsInProcessList method
2021-08-13 15:18:14.120  INFO chetuiwk0165 --- [nio-8080-exec-4] o.u.d.i.UserDaoImpl                      : Entering into getLoanAccountsByLoanNumber method
2021-08-13 15:18:14.120  INFO chetuiwk0165 --- [nio-8080-exec-4] o.u.d.i.UserDaoImpl                      : To loan number, user name enterd is :1038060
2021-08-13 15:18:14.148 ERROR chetuiwk0165 --- [nio-8080-exec-3] o.u.d.i.UserDaoImpl                      : could not get payment batch info
2021-08-13 15:18:14.148  INFO chetuiwk0165 --- [nio-8080-exec-3] o.u.d.i.UserDaoImpl                      : Exit From getPaymentBatchDetails method
2021-08-13 15:18:14.148  INFO chetuiwk0165 --- [nio-8080-exec-3] o.u.s.i.GetProcessPaymentsListImpl       : Exit from getPaymentBatchDetails method
2021-08-13 15:18:46.437  INFO chetuiwk0165 --- [nio-8080-exec-4] o.u.d.i.UserDaoImpl                      : List of loan number is: [1038060, 91038060]
2021-08-13 15:18:46.437  INFO chetuiwk0165 --- [nio-8080-exec-4] o.u.d.i.UserDaoImpl                      : Exit from getLoanAccountsByLoanNumber method1038060
2021-08-13 15:18:46.438  INFO chetuiwk0165 --- [nio-8080-exec-4] o.u.d.i.UserDaoImpl                      : Entering into getLoanAccountDetailsByLoanNum method
2021-08-13 15:18:46.438  INFO chetuiwk0165 --- [nio-8080-exec-4] o.u.d.i.UserDaoImpl                      : For getting Loan Account details, Loan number entered is
2021-08-13 15:18:48.349  INFO chetuiwk0165 --- [nio-8080-exec-4] o.u.d.i.UserDaoImpl                      : Loan account details by loan number is :
2021-08-13 15:18:48.349  INFO chetuiwk0165 --- [nio-8080-exec-4] o.u.d.i.UserDaoImpl                      : Exit from getLoanAccountDetailsByLoanNum method
2021-08-13 15:18:48.350  INFO chetuiwk0165 --- [nio-8080-exec-4] o.u.d.i.UserDaoImpl                      : Entering into getLoanAccountDetailsByLoanNum method
2021-08-13 15:18:48.350  INFO chetuiwk0165 --- [nio-8080-exec-4] o.u.d.i.UserDaoImpl                      : For getting Loan Account details, Loan number entered is
2021-08-13 15:18:50.139  INFO chetuiwk0165 --- [nio-8080-exec-4] o.u.d.i.UserDaoImpl                      : Loan account details by loan number is :
2021-08-13 15:18:50.140  INFO chetuiwk0165 --- [nio-8080-exec-4] o.u.d.i.UserDaoImpl                      : Exit from getLoanAccountDetailsByLoanNum method
2021-08-13 15:18:50.143  INFO chetuiwk0165 --- [nio-8080-exec-4] o.u.d.i.UserDaoImpl                      : Entering into getOtherFeeListForPayment method
2021-08-13 15:18:50.443  INFO chetuiwk0165 --- [nio-8080-exec-4] o.u.d.i.UserDaoImpl                      : Other Fee List : 
2021-08-13 15:18:50.444  INFO chetuiwk0165 --- [nio-8080-exec-4] o.u.d.i.UserDaoImpl                      : Exit from getOtherFeeListForPayment method
2021-08-13 15:18:50.444  INFO chetuiwk0165 --- [nio-8080-exec-4] o.u.d.i.UserDaoImpl                      : Entering Into getFeeNameByFeeId method
2021-08-13 15:18:50.750  INFO chetuiwk0165 --- [nio-8080-exec-4] o.u.d.i.UserDaoImpl                      : Exit From getFeeNameByFeeId method
2021-08-13 15:18:50.750  INFO chetuiwk0165 --- [nio-8080-exec-4] o.u.d.i.UserDaoImpl                      : Entering Into getFeeNameByFeeId method
2021-08-13 15:18:51.047  INFO chetuiwk0165 --- [nio-8080-exec-4] o.u.d.i.UserDaoImpl                      : Exit From getFeeNameByFeeId method
2021-08-13 15:18:51.047  INFO chetuiwk0165 --- [nio-8080-exec-4] o.u.d.i.UserDaoImpl                      : Entering Into getFeeNameByFeeId method
2021-08-13 15:18:51.346  INFO chetuiwk0165 --- [nio-8080-exec-4] o.u.d.i.UserDaoImpl                      : Exit From getFeeNameByFeeId method
2021-08-13 15:18:51.346  INFO chetuiwk0165 --- [nio-8080-exec-4] o.u.d.i.UserDaoImpl                      : Entering Into getFeeNameByFeeId method
2021-08-13 15:18:51.635  INFO chetuiwk0165 --- [nio-8080-exec-4] o.u.d.i.UserDaoImpl                      : Exit From getFeeNameByFeeId method
2021-08-13 15:18:51.635  INFO chetuiwk0165 --- [nio-8080-exec-4] o.u.d.i.UserDaoImpl                      : Entering Into getFeeNameByFeeId method
2021-08-13 15:18:51.919  INFO chetuiwk0165 --- [nio-8080-exec-4] o.u.d.i.UserDaoImpl                      : Exit From getFeeNameByFeeId method
2021-08-13 15:18:51.919  INFO chetuiwk0165 --- [nio-8080-exec-4] o.u.d.i.UserDaoImpl                      : Entering Into getFeeNameByFeeId method
2021-08-13 15:18:52.208  INFO chetuiwk0165 --- [nio-8080-exec-4] o.u.d.i.UserDaoImpl                      : Exit From getFeeNameByFeeId method
2021-08-13 15:18:52.209  INFO chetuiwk0165 --- [nio-8080-exec-4] o.u.d.i.UserDaoImpl                      : Entering into getLoanAccountsByLoanNumber method
2021-08-13 15:18:52.209  INFO chetuiwk0165 --- [nio-8080-exec-4] o.u.d.i.UserDaoImpl                      : To loan number, user name enterd is :91038060
2021-08-13 15:18:53.957  INFO chetuiwk0165 --- [nio-8080-exec-4] o.u.d.i.UserDaoImpl                      : List of loan number is: [1038060, 91038060]
2021-08-13 15:18:53.957  INFO chetuiwk0165 --- [nio-8080-exec-4] o.u.d.i.UserDaoImpl                      : Exit from getLoanAccountsByLoanNumber method91038060
2021-08-13 15:18:53.957  INFO chetuiwk0165 --- [nio-8080-exec-4] o.u.d.i.UserDaoImpl                      : Entering into getLoanAccountDetailsByLoanNum method
2021-08-13 15:18:53.957  INFO chetuiwk0165 --- [nio-8080-exec-4] o.u.d.i.UserDaoImpl                      : For getting Loan Account details, Loan number entered is
2021-08-13 15:18:55.782  INFO chetuiwk0165 --- [nio-8080-exec-4] o.u.d.i.UserDaoImpl                      : Loan account details by loan number is :
2021-08-13 15:18:55.782  INFO chetuiwk0165 --- [nio-8080-exec-4] o.u.d.i.UserDaoImpl                      : Exit from getLoanAccountDetailsByLoanNum method
2021-08-13 15:18:55.782  INFO chetuiwk0165 --- [nio-8080-exec-4] o.u.d.i.UserDaoImpl                      : Entering into getLoanAccountDetailsByLoanNum method
2021-08-13 15:18:55.782  INFO chetuiwk0165 --- [nio-8080-exec-4] o.u.d.i.UserDaoImpl                      : For getting Loan Account details, Loan number entered is
2021-08-13 15:18:57.584  INFO chetuiwk0165 --- [nio-8080-exec-4] o.u.d.i.UserDaoImpl                      : Loan account details by loan number is :
2021-08-13 15:18:57.584  INFO chetuiwk0165 --- [nio-8080-exec-4] o.u.d.i.UserDaoImpl                      : Exit from getLoanAccountDetailsByLoanNum method
2021-08-13 15:18:57.584  INFO chetuiwk0165 --- [nio-8080-exec-4] o.u.d.i.UserDaoImpl                      : Entering into getOtherFeeListForPayment method
2021-08-13 15:18:57.875  INFO chetuiwk0165 --- [nio-8080-exec-4] o.u.d.i.UserDaoImpl                      : Other Fee List : 
2021-08-13 15:18:57.876  INFO chetuiwk0165 --- [nio-8080-exec-4] o.u.d.i.UserDaoImpl                      : Exit from getOtherFeeListForPayment method
2021-08-13 15:18:57.876  INFO chetuiwk0165 --- [nio-8080-exec-4] o.u.d.i.UserDaoImpl                      : Entering Into getFeeNameByFeeId method
2021-08-13 15:18:58.167  INFO chetuiwk0165 --- [nio-8080-exec-4] o.u.d.i.UserDaoImpl                      : Exit From getFeeNameByFeeId method
2021-08-13 15:18:58.167  INFO chetuiwk0165 --- [nio-8080-exec-4] o.u.d.i.UserDaoImpl                      : Entering Into getFeeNameByFeeId method
2021-08-13 15:18:58.455  INFO chetuiwk0165 --- [nio-8080-exec-4] o.u.d.i.UserDaoImpl                      : Exit From getFeeNameByFeeId method
2021-08-13 15:18:58.455  INFO chetuiwk0165 --- [nio-8080-exec-4] o.u.d.i.UserDaoImpl                      : Entering Into getFeeNameByFeeId method
2021-08-13 15:18:58.759  INFO chetuiwk0165 --- [nio-8080-exec-4] o.u.d.i.UserDaoImpl                      : Exit From getFeeNameByFeeId method
2021-08-13 15:18:58.759  INFO chetuiwk0165 --- [nio-8080-exec-4] o.u.d.i.UserDaoImpl                      : Entering Into getFeeNameByFeeId method
2021-08-13 15:18:59.043  INFO chetuiwk0165 --- [nio-8080-exec-4] o.u.d.i.UserDaoImpl                      : Exit From getFeeNameByFeeId method
2021-08-13 15:18:59.043  INFO chetuiwk0165 --- [nio-8080-exec-4] o.u.s.i.PaymentsInProcessServiceImpl     : Exit from getPaymentsInProcessList method
2021-08-13 17:03:25.997  INFO chetuiwk0165 --- [           main] o.u.PhonePayAPIApplication               : Starting PhonePayAPIApplication on chetuiwk0165 with PID 13880 (E:\UtahHousingCorp-MGLD\PhonePayWorkspace_12April\PhonePayBackend\target\classes started by pradeepy in E:\UtahHousingCorp-MGLD\PhonePayWorkspace_12April\PhonePayBackend)
2021-08-13 17:03:25.999  INFO chetuiwk0165 --- [           main] o.u.PhonePayAPIApplication               : No active profile set, falling back to default profiles: default
2021-08-13 17:03:26.026  INFO chetuiwk0165 --- [           main] ationConfigEmbeddedWebApplicationContext : Refreshing org.springframework.boot.context.embedded.AnnotationConfigEmbeddedWebApplicationContext@5542c4ed: startup date [Fri Aug 13 17:03:26 IST 2021]; root of context hierarchy
2021-08-13 17:03:26.142  INFO chetuiwk0165 --- [kground-preinit] o.h.v.i.u.Version                        : HV000001: Hibernate Validator 5.3.5.Final
2021-08-13 17:03:27.157  INFO chetuiwk0165 --- [           main] s.b.c.e.t.TomcatEmbeddedServletContainer : Tomcat initialized with port(s): 8080 (http)
2021-08-13 17:03:27.168  INFO chetuiwk0165 --- [           main] o.a.c.c.StandardService                  : Starting service [Tomcat]
2021-08-13 17:03:27.169  INFO chetuiwk0165 --- [           main] o.a.c.c.StandardEngine                   : Starting Servlet Engine: Apache Tomcat/8.5.16
2021-08-13 17:03:27.250  INFO chetuiwk0165 --- [ost-startStop-1] o.a.c.c.C.[.[.[/]                        : Initializing Spring embedded WebApplicationContext
2021-08-13 17:03:27.250  INFO chetuiwk0165 --- [ost-startStop-1] o.s.w.c.ContextLoader                    : Root WebApplicationContext: initialization completed in 1227 ms
2021-08-13 17:03:27.354  INFO chetuiwk0165 --- [ost-startStop-1] o.s.b.w.s.FilterRegistrationBean         : Mapping filter: 'CORSFilter' to: [/*]
2021-08-13 17:03:27.354  INFO chetuiwk0165 --- [ost-startStop-1] o.s.b.w.s.FilterRegistrationBean         : Mapping filter: 'characterEncodingFilter' to: [/*]
2021-08-13 17:03:27.354  INFO chetuiwk0165 --- [ost-startStop-1] o.s.b.w.s.FilterRegistrationBean         : Mapping filter: 'hiddenHttpMethodFilter' to: [/*]
2021-08-13 17:03:27.354  INFO chetuiwk0165 --- [ost-startStop-1] o.s.b.w.s.FilterRegistrationBean         : Mapping filter: 'httpPutFormContentFilter' to: [/*]
2021-08-13 17:03:27.355  INFO chetuiwk0165 --- [ost-startStop-1] o.s.b.w.s.FilterRegistrationBean         : Mapping filter: 'requestContextFilter' to: [/*]
2021-08-13 17:03:27.355  INFO chetuiwk0165 --- [ost-startStop-1] .s.DelegatingFilterProxyRegistrationBean : Mapping filter: 'springSecurityFilterChain' to: [/*]
2021-08-13 17:03:27.356  INFO chetuiwk0165 --- [ost-startStop-1] o.s.b.w.s.ServletRegistrationBean        : Mapping servlet: 'dispatcherServlet' to [/]
2021-08-13 17:03:27.687  INFO chetuiwk0165 --- [           main] b.a.s.AuthenticationManagerConfiguration : 

Using default security password: 575401e2-67ea-4edd-89d3-5e6207831b90

2021-08-13 17:03:27.763  INFO chetuiwk0165 --- [           main] o.s.s.w.DefaultSecurityFilterChain       : Creating filter chain: org.springframework.security.web.util.matcher.AnyRequestMatcher@1, [org.springframework.security.web.context.request.async.WebAsyncManagerIntegrationFilter@664e5dee, org.springframework.security.web.context.SecurityContextPersistenceFilter@7063686f, org.springframework.security.web.header.HeaderWriterFilter@4315e9af, org.springframework.security.web.authentication.logout.LogoutFilter@72d0f2b4, org.springframework.security.web.savedrequest.RequestCacheAwareFilter@76f856a8, org.springframework.security.web.servletapi.SecurityContextHolderAwareRequestFilter@3491e86e, org.springframework.security.web.authentication.AnonymousAuthenticationFilter@431f1eaf, org.springframework.security.web.session.SessionManagementFilter@4f966719, org.springframework.security.web.access.ExceptionTranslationFilter@69e05f61, org.springframework.security.web.access.intercept.FilterSecurityInterceptor@6107165]
2021-08-13 17:03:27.903  INFO chetuiwk0165 --- [           main] s.w.s.m.m.a.RequestMappingHandlerAdapter : Looking for @ControllerAdvice: org.springframework.boot.context.embedded.AnnotationConfigEmbeddedWebApplicationContext@5542c4ed: startup date [Fri Aug 13 17:03:26 IST 2021]; root of context hierarchy
2021-08-13 17:03:27.950  INFO chetuiwk0165 --- [           main] s.w.s.m.m.a.RequestMappingHandlerMapping : Mapped "{[/bankingInfo],methods=[POST]}" onto public java.lang.Object org.uhc.controller.BankingInfoController.bankingInfoAPI(org.uhc.envelop.request.BankingInfoRequest)
2021-08-13 17:03:27.952  INFO chetuiwk0165 --- [           main] s.w.s.m.m.a.RequestMappingHandlerMapping : Mapped "{[/cancelPayment],methods=[POST]}" onto public java.lang.Object org.uhc.controller.CancelPaymentController.cancelPaymentAPI(org.uhc.envelop.request.CancelPaymentRequest)
2021-08-13 17:03:27.952  INFO chetuiwk0165 --- [           main] s.w.s.m.m.a.RequestMappingHandlerMapping : Mapped "{[/isLoanExistStopFile/{loanNumber}],methods=[POST]}" onto public java.lang.Object org.uhc.controller.CheckStopFileExistanceController.isLoanAccountInStopFileAPI(long)
2021-08-13 17:03:27.953  INFO chetuiwk0165 --- [           main] s.w.s.m.m.a.RequestMappingHandlerMapping : Mapped "{[/getFirstAndLastNamesListForAutocomplete],methods=[POST]}" onto public java.lang.Object org.uhc.controller.GetNamesController.getFirstAndLastNamesListForAutocompleteAPI(org.uhc.envelop.request.GetNamesRequest)
2021-08-13 17:03:27.954  INFO chetuiwk0165 --- [           main] s.w.s.m.m.a.RequestMappingHandlerMapping : Mapped "{[/getFirstNamesForFirstAndLastName],methods=[POST]}" onto public java.lang.Object org.uhc.controller.GetNamesController.getFirstNamesListByFirstAndLastNameAPI(org.uhc.envelop.request.GetNamesRequest)
2021-08-13 17:03:27.954  INFO chetuiwk0165 --- [           main] s.w.s.m.m.a.RequestMappingHandlerMapping : Mapped "{[/getLastNamesForFirstAndLastName],methods=[POST]}" onto public java.lang.Object org.uhc.controller.GetNamesController.getLastNamesListByFirstAndLastNameAPI(org.uhc.envelop.request.GetNamesRequest)
2021-08-13 17:03:27.954  INFO chetuiwk0165 --- [           main] s.w.s.m.m.a.RequestMappingHandlerMapping : Mapped "{[/getLastNames],methods=[POST]}" onto public java.lang.Object org.uhc.controller.GetNamesController.getLastNamesListAPI(org.uhc.envelop.request.GetNamesRequest)
2021-08-13 17:03:27.955  INFO chetuiwk0165 --- [           main] s.w.s.m.m.a.RequestMappingHandlerMapping : Mapped "{[/getFirstNames],methods=[POST]}" onto public java.lang.Object org.uhc.controller.GetNamesController.getFirstNamesListAPI(org.uhc.envelop.request.GetNamesRequest)
2021-08-13 17:03:27.955  INFO chetuiwk0165 --- [           main] s.w.s.m.m.a.RequestMappingHandlerMapping : Mapped "{[/paymentBatch],methods=[POST]}" onto public java.lang.Object org.uhc.controller.GetPaymentBatchController.getPaymentBatchAPI()
2021-08-13 17:03:27.956  INFO chetuiwk0165 --- [           main] s.w.s.m.m.a.RequestMappingHandlerMapping : Mapped "{[/getScheduledPaymentList],methods=[POST]}" onto public java.lang.Object org.uhc.controller.GetScheduledPaymentListController.getScheduledPaymentListAPI()
2021-08-13 17:03:27.956  INFO chetuiwk0165 --- [           main] s.w.s.m.m.a.RequestMappingHandlerMapping : Mapped "{[/getStatisticDetails],methods=[POST]}" onto public java.lang.Object org.uhc.controller.GetStatisticDetailsController.getStatisticDetailsAPI(org.uhc.envelop.request.GetStatisticDetailsRequest)
2021-08-13 17:03:27.959  INFO chetuiwk0165 --- [           main] s.w.s.m.m.a.RequestMappingHandlerMapping : Mapped "{[/updatePaymentAdvice],methods=[POST]}" onto public java.lang.Object org.uhc.controller.PaymentAdviceController.updatePaymentAdviceAPI(org.uhc.envelop.request.UpdatePaymentAdviceReq)
2021-08-13 17:03:27.960  INFO chetuiwk0165 --- [           main] s.w.s.m.m.a.RequestMappingHandlerMapping : Mapped "{[/allPaymentAdvice],methods=[POST]}" onto public java.lang.Object org.uhc.controller.PaymentAdviceController.allPaymentAdviceAPI()
2021-08-13 17:03:27.960  INFO chetuiwk0165 --- [           main] s.w.s.m.m.a.RequestMappingHandlerMapping : Mapped "{[/updatePaymentAdviceType],methods=[POST]}" onto public java.lang.Object org.uhc.controller.PaymentAdviceController.updatePaymentAdviceTypeAPI(org.uhc.envelop.request.UpdatePaymentAdviceTypeReq)
2021-08-13 17:03:27.960  INFO chetuiwk0165 --- [           main] s.w.s.m.m.a.RequestMappingHandlerMapping : Mapped "{[/deletProcessAdvicePayment],methods=[POST]}" onto public java.lang.Object org.uhc.controller.PaymentAdviceController.deletProcessAdvicePaymentAPI(org.uhc.envelop.request.DeleteProcessAdvicePaymentReq)
2021-08-13 17:03:27.960  INFO chetuiwk0165 --- [           main] s.w.s.m.m.a.RequestMappingHandlerMapping : Mapped "{[/paymentAdvice],methods=[POST]}" onto public java.lang.Object org.uhc.controller.PaymentAdviceController.paymentAdviceAPI(org.uhc.envelop.request.PaymentAdviceReq)
2021-08-13 17:03:27.961  INFO chetuiwk0165 --- [           main] s.w.s.m.m.a.RequestMappingHandlerMapping : Mapped "{[/getPaymentsInProcess],methods=[POST]}" onto public java.lang.Object org.uhc.controller.PaymentsInProcessController.getPaymentsInProcessAPI()
2021-08-13 17:03:27.961  INFO chetuiwk0165 --- [           main] s.w.s.m.m.a.RequestMappingHandlerMapping : Mapped "{[/phonepayCheck/{loanNumber}],methods=[POST]}" onto public java.lang.Object org.uhc.controller.PhonepayCheckController.phonepayCheckAPI(long)
2021-08-13 17:03:27.963  INFO chetuiwk0165 --- [           main] s.w.s.m.m.a.RequestMappingHandlerMapping : Mapped "{[/getProcessPaymentsNotificationList],methods=[POST]}" onto public java.lang.Object org.uhc.controller.ProcessPaymnetsController.getProcessPaymentsNotificationListAPI(org.uhc.envelop.request.ProcessPaymentSendEmailReq)
2021-08-13 17:03:27.964  INFO chetuiwk0165 --- [           main] s.w.s.m.m.a.RequestMappingHandlerMapping : Mapped "{[/getProcessPaymentsLetterNotificationList],methods=[POST]}" onto public java.lang.Object org.uhc.controller.ProcessPaymnetsController.getProcessPaymentsLetterNotificationListAPI(org.uhc.envelop.request.ProcessPaymentPrintLetterReq)
2021-08-13 17:03:27.964  INFO chetuiwk0165 --- [           main] s.w.s.m.m.a.RequestMappingHandlerMapping : Mapped "{[/getProcessPaymentsList],methods=[POST]}" onto public java.lang.Object org.uhc.controller.ProcessPaymnetsController.getProcessPaymentsListAPI()
2021-08-13 17:03:27.964  INFO chetuiwk0165 --- [           main] s.w.s.m.m.a.RequestMappingHandlerMapping : Mapped "{[/researchPayment],methods=[POST]}" onto public java.lang.Object org.uhc.controller.ResearchPaymentController.researchPaymentInfoAPI(org.uhc.envelop.request.ResearchPaymentRequest)
2021-08-13 17:03:27.965  INFO chetuiwk0165 --- [           main] s.w.s.m.m.a.RequestMappingHandlerMapping : Mapped "{[/getResearchPaymentDetails],methods=[POST]}" onto public java.lang.Object org.uhc.controller.ResearchPaymentController.getResearchPaymentInfoAPI(org.uhc.envelop.request.GetResearchPaymentRequest)
2021-08-13 17:03:27.965  INFO chetuiwk0165 --- [           main] s.w.s.m.m.a.RequestMappingHandlerMapping : Mapped "{[/scheduleCheckPayment],methods=[POST]}" onto public java.lang.Object org.uhc.controller.ScheduledCheckPaymentController.scheduleCheckPaymentAPI(org.uhc.envelop.request.CheckPaymentRequest) throws java.lang.Exception
2021-08-13 17:03:27.965  INFO chetuiwk0165 --- [           main] s.w.s.m.m.a.RequestMappingHandlerMapping : Mapped "{[/validateUser],methods=[POST]}" onto public java.lang.Object org.uhc.controller.ValidateUserController.validateUserAPI(org.uhc.envelop.request.ValidateUserRequest)
2021-08-13 17:03:27.967  INFO chetuiwk0165 --- [           main] s.w.s.m.m.a.RequestMappingHandlerMapping : Mapped "{[/error]}" onto public org.springframework.http.ResponseEntity<java.util.Map<java.lang.String, java.lang.Object>> org.springframework.boot.autoconfigure.web.BasicErrorController.error(javax.servlet.http.HttpServletRequest)
2021-08-13 17:03:27.967  INFO chetuiwk0165 --- [           main] s.w.s.m.m.a.RequestMappingHandlerMapping : Mapped "{[/error],produces=[text/html]}" onto public org.springframework.web.servlet.ModelAndView org.springframework.boot.autoconfigure.web.BasicErrorController.errorHtml(javax.servlet.http.HttpServletRequest,javax.servlet.http.HttpServletResponse)
2021-08-13 17:03:27.987  INFO chetuiwk0165 --- [           main] o.s.w.s.h.SimpleUrlHandlerMapping        : Mapped URL path [/webjars/**] onto handler of type [class org.springframework.web.servlet.resource.ResourceHttpRequestHandler]
2021-08-13 17:03:27.987  INFO chetuiwk0165 --- [           main] o.s.w.s.h.SimpleUrlHandlerMapping        : Mapped URL path [/**] onto handler of type [class org.springframework.web.servlet.resource.ResourceHttpRequestHandler]
2021-08-13 17:03:28.010  INFO chetuiwk0165 --- [           main] o.s.w.s.h.SimpleUrlHandlerMapping        : Mapped URL path [/**/favicon.ico] onto handler of type [class org.springframework.web.servlet.resource.ResourceHttpRequestHandler]
2021-08-13 17:03:28.099  INFO chetuiwk0165 --- [           main] o.s.j.e.a.AnnotationMBeanExporter        : Registering beans for JMX exposure on startup
2021-08-13 17:03:28.111  INFO chetuiwk0165 --- [           main] o.a.c.h.Http11NioProtocol                : Initializing ProtocolHandler ["http-nio-8080"]
2021-08-13 17:03:28.118  INFO chetuiwk0165 --- [           main] o.a.c.h.Http11NioProtocol                : Starting ProtocolHandler ["http-nio-8080"]
2021-08-13 17:03:28.137  INFO chetuiwk0165 --- [           main] o.a.t.u.n.NioSelectorPool                : Using a shared selector for servlet write/read
2021-08-13 17:03:28.220  INFO chetuiwk0165 --- [           main] s.b.c.e.t.TomcatEmbeddedServletContainer : Tomcat started on port(s): 8080 (http)
2021-08-13 17:03:28.223  INFO chetuiwk0165 --- [           main] o.u.PhonePayAPIApplication               : Started PhonePayAPIApplication in 2.372 seconds (JVM running for 2.881)
2021-08-13 17:03:33.359  INFO chetuiwk0165 --- [           main] o.u.PhonePayAPIApplication               : Starting PhonePayAPIApplication on chetuiwk0165 with PID 16856 (E:\UtahHousingCorp-MGLD\PhonePayWorkspace_12April\PhonePayBackend\target\classes started by pradeepy in E:\UtahHousingCorp-MGLD\PhonePayWorkspace_12April\PhonePayBackend)
2021-08-13 17:03:33.363  INFO chetuiwk0165 --- [           main] o.u.PhonePayAPIApplication               : No active profile set, falling back to default profiles: default
2021-08-13 17:03:33.402  INFO chetuiwk0165 --- [           main] ationConfigEmbeddedWebApplicationContext : Refreshing org.springframework.boot.context.embedded.AnnotationConfigEmbeddedWebApplicationContext@3a0d172f: startup date [Fri Aug 13 17:03:33 IST 2021]; root of context hierarchy
2021-08-13 17:03:33.564  INFO chetuiwk0165 --- [kground-preinit] o.h.v.i.u.Version                        : HV000001: Hibernate Validator 5.3.5.Final
2021-08-13 17:03:35.012  INFO chetuiwk0165 --- [           main] s.b.c.e.t.TomcatEmbeddedServletContainer : Tomcat initialized with port(s): 8080 (http)
2021-08-13 17:03:35.032  INFO chetuiwk0165 --- [           main] o.a.c.c.StandardService                  : Starting service [Tomcat]
2021-08-13 17:03:35.033  INFO chetuiwk0165 --- [           main] o.a.c.c.StandardEngine                   : Starting Servlet Engine: Apache Tomcat/8.5.16
2021-08-13 17:03:35.161  INFO chetuiwk0165 --- [ost-startStop-1] o.a.c.c.C.[.[.[/]                        : Initializing Spring embedded WebApplicationContext
2021-08-13 17:03:35.161  INFO chetuiwk0165 --- [ost-startStop-1] o.s.w.c.ContextLoader                    : Root WebApplicationContext: initialization completed in 1761 ms
2021-08-13 17:03:35.335  INFO chetuiwk0165 --- [ost-startStop-1] o.s.b.w.s.FilterRegistrationBean         : Mapping filter: 'CORSFilter' to: [/*]
2021-08-13 17:03:35.336  INFO chetuiwk0165 --- [ost-startStop-1] o.s.b.w.s.FilterRegistrationBean         : Mapping filter: 'characterEncodingFilter' to: [/*]
2021-08-13 17:03:35.336  INFO chetuiwk0165 --- [ost-startStop-1] o.s.b.w.s.FilterRegistrationBean         : Mapping filter: 'hiddenHttpMethodFilter' to: [/*]
2021-08-13 17:03:35.336  INFO chetuiwk0165 --- [ost-startStop-1] o.s.b.w.s.FilterRegistrationBean         : Mapping filter: 'httpPutFormContentFilter' to: [/*]
2021-08-13 17:03:35.336  INFO chetuiwk0165 --- [ost-startStop-1] o.s.b.w.s.FilterRegistrationBean         : Mapping filter: 'requestContextFilter' to: [/*]
2021-08-13 17:03:35.338  INFO chetuiwk0165 --- [ost-startStop-1] .s.DelegatingFilterProxyRegistrationBean : Mapping filter: 'springSecurityFilterChain' to: [/*]
2021-08-13 17:03:35.338  INFO chetuiwk0165 --- [ost-startStop-1] o.s.b.w.s.ServletRegistrationBean        : Mapping servlet: 'dispatcherServlet' to [/]
2021-08-13 17:03:35.891  INFO chetuiwk0165 --- [           main] b.a.s.AuthenticationManagerConfiguration : 

Using default security password: 201fb87c-4e37-4ed0-a322-5ae9f0a049dd

2021-08-13 17:03:36.023  INFO chetuiwk0165 --- [           main] o.s.s.w.DefaultSecurityFilterChain       : Creating filter chain: org.springframework.security.web.util.matcher.AnyRequestMatcher@1, [org.springframework.security.web.context.request.async.WebAsyncManagerIntegrationFilter@4451f60c, org.springframework.security.web.context.SecurityContextPersistenceFilter@1cc8416a, org.springframework.security.web.header.HeaderWriterFilter@4fc165f6, org.springframework.security.web.authentication.logout.LogoutFilter@21de60a7, org.springframework.security.web.savedrequest.RequestCacheAwareFilter@2e5e6fc4, org.springframework.security.web.servletapi.SecurityContextHolderAwareRequestFilter@6eb089e6, org.springframework.security.web.authentication.AnonymousAuthenticationFilter@6b357eb6, org.springframework.security.web.session.SessionManagementFilter@6cae2e4d, org.springframework.security.web.access.ExceptionTranslationFilter@750f64fe, org.springframework.security.web.access.intercept.FilterSecurityInterceptor@71e7adbb]
2021-08-13 17:03:36.210  INFO chetuiwk0165 --- [           main] s.w.s.m.m.a.RequestMappingHandlerAdapter : Looking for @ControllerAdvice: org.springframework.boot.context.embedded.AnnotationConfigEmbeddedWebApplicationContext@3a0d172f: startup date [Fri Aug 13 17:03:33 IST 2021]; root of context hierarchy
2021-08-13 17:03:36.720  INFO chetuiwk0165 --- [           main] s.w.s.m.m.a.RequestMappingHandlerMapping : Mapped "{[/bankingInfo],methods=[POST]}" onto public java.lang.Object org.uhc.controller.BankingInfoController.bankingInfoAPI(org.uhc.envelop.request.BankingInfoRequest)
2021-08-13 17:03:36.793  INFO chetuiwk0165 --- [           main] s.w.s.m.m.a.RequestMappingHandlerMapping : Mapped "{[/cancelPayment],methods=[POST]}" onto public java.lang.Object org.uhc.controller.CancelPaymentController.cancelPaymentAPI(org.uhc.envelop.request.CancelPaymentRequest)
2021-08-13 17:03:36.794  INFO chetuiwk0165 --- [           main] s.w.s.m.m.a.RequestMappingHandlerMapping : Mapped "{[/isLoanExistStopFile/{loanNumber}],methods=[POST]}" onto public java.lang.Object org.uhc.controller.CheckStopFileExistanceController.isLoanAccountInStopFileAPI(long)
2021-08-13 17:03:36.796  INFO chetuiwk0165 --- [           main] s.w.s.m.m.a.RequestMappingHandlerMapping : Mapped "{[/getFirstNamesForFirstAndLastName],methods=[POST]}" onto public java.lang.Object org.uhc.controller.GetNamesController.getFirstNamesListByFirstAndLastNameAPI(org.uhc.envelop.request.GetNamesRequest)
2021-08-13 17:03:36.797  INFO chetuiwk0165 --- [           main] s.w.s.m.m.a.RequestMappingHandlerMapping : Mapped "{[/getLastNamesForFirstAndLastName],methods=[POST]}" onto public java.lang.Object org.uhc.controller.GetNamesController.getLastNamesListByFirstAndLastNameAPI(org.uhc.envelop.request.GetNamesRequest)
2021-08-13 17:03:36.797  INFO chetuiwk0165 --- [           main] s.w.s.m.m.a.RequestMappingHandlerMapping : Mapped "{[/getFirstAndLastNamesListForAutocomplete],methods=[POST]}" onto public java.lang.Object org.uhc.controller.GetNamesController.getFirstAndLastNamesListForAutocompleteAPI(org.uhc.envelop.request.GetNamesRequest)
2021-08-13 17:03:36.798  INFO chetuiwk0165 --- [           main] s.w.s.m.m.a.RequestMappingHandlerMapping : Mapped "{[/getFirstNames],methods=[POST]}" onto public java.lang.Object org.uhc.controller.GetNamesController.getFirstNamesListAPI(org.uhc.envelop.request.GetNamesRequest)
2021-08-13 17:03:36.798  INFO chetuiwk0165 --- [           main] s.w.s.m.m.a.RequestMappingHandlerMapping : Mapped "{[/getLastNames],methods=[POST]}" onto public java.lang.Object org.uhc.controller.GetNamesController.getLastNamesListAPI(org.uhc.envelop.request.GetNamesRequest)
2021-08-13 17:03:36.799  INFO chetuiwk0165 --- [           main] s.w.s.m.m.a.RequestMappingHandlerMapping : Mapped "{[/paymentBatch],methods=[POST]}" onto public java.lang.Object org.uhc.controller.GetPaymentBatchController.getPaymentBatchAPI()
2021-08-13 17:03:36.800  INFO chetuiwk0165 --- [           main] s.w.s.m.m.a.RequestMappingHandlerMapping : Mapped "{[/getScheduledPaymentList],methods=[POST]}" onto public java.lang.Object org.uhc.controller.GetScheduledPaymentListController.getScheduledPaymentListAPI()
2021-08-13 17:03:36.800  INFO chetuiwk0165 --- [           main] s.w.s.m.m.a.RequestMappingHandlerMapping : Mapped "{[/getStatisticDetails],methods=[POST]}" onto public java.lang.Object org.uhc.controller.GetStatisticDetailsController.getStatisticDetailsAPI(org.uhc.envelop.request.GetStatisticDetailsRequest)
2021-08-13 17:03:36.804  INFO chetuiwk0165 --- [           main] s.w.s.m.m.a.RequestMappingHandlerMapping : Mapped "{[/paymentAdvice],methods=[POST]}" onto public java.lang.Object org.uhc.controller.PaymentAdviceController.paymentAdviceAPI(org.uhc.envelop.request.PaymentAdviceReq)
2021-08-13 17:03:36.805  INFO chetuiwk0165 --- [           main] s.w.s.m.m.a.RequestMappingHandlerMapping : Mapped "{[/allPaymentAdvice],methods=[POST]}" onto public java.lang.Object org.uhc.controller.PaymentAdviceController.allPaymentAdviceAPI()
2021-08-13 17:03:36.806  INFO chetuiwk0165 --- [           main] s.w.s.m.m.a.RequestMappingHandlerMapping : Mapped "{[/updatePaymentAdviceType],methods=[POST]}" onto public java.lang.Object org.uhc.controller.PaymentAdviceController.updatePaymentAdviceTypeAPI(org.uhc.envelop.request.UpdatePaymentAdviceTypeReq)
2021-08-13 17:03:36.806  INFO chetuiwk0165 --- [           main] s.w.s.m.m.a.RequestMappingHandlerMapping : Mapped "{[/updatePaymentAdvice],methods=[POST]}" onto public java.lang.Object org.uhc.controller.PaymentAdviceController.updatePaymentAdviceAPI(org.uhc.envelop.request.UpdatePaymentAdviceReq)
2021-08-13 17:03:36.806  INFO chetuiwk0165 --- [           main] s.w.s.m.m.a.RequestMappingHandlerMapping : Mapped "{[/deletProcessAdvicePayment],methods=[POST]}" onto public java.lang.Object org.uhc.controller.PaymentAdviceController.deletProcessAdvicePaymentAPI(org.uhc.envelop.request.DeleteProcessAdvicePaymentReq)
2021-08-13 17:03:36.807  INFO chetuiwk0165 --- [           main] s.w.s.m.m.a.RequestMappingHandlerMapping : Mapped "{[/getPaymentsInProcess],methods=[POST]}" onto public java.lang.Object org.uhc.controller.PaymentsInProcessController.getPaymentsInProcessAPI()
2021-08-13 17:03:36.808  INFO chetuiwk0165 --- [           main] s.w.s.m.m.a.RequestMappingHandlerMapping : Mapped "{[/phonepayCheck/{loanNumber}],methods=[POST]}" onto public java.lang.Object org.uhc.controller.PhonepayCheckController.phonepayCheckAPI(long)
2021-08-13 17:03:36.810  INFO chetuiwk0165 --- [           main] s.w.s.m.m.a.RequestMappingHandlerMapping : Mapped "{[/getProcessPaymentsLetterNotificationList],methods=[POST]}" onto public java.lang.Object org.uhc.controller.ProcessPaymnetsController.getProcessPaymentsLetterNotificationListAPI(org.uhc.envelop.request.ProcessPaymentPrintLetterReq)
2021-08-13 17:03:36.811  INFO chetuiwk0165 --- [           main] s.w.s.m.m.a.RequestMappingHandlerMapping : Mapped "{[/getProcessPaymentsNotificationList],methods=[POST]}" onto public java.lang.Object org.uhc.controller.ProcessPaymnetsController.getProcessPaymentsNotificationListAPI(org.uhc.envelop.request.ProcessPaymentSendEmailReq)
2021-08-13 17:03:36.811  INFO chetuiwk0165 --- [           main] s.w.s.m.m.a.RequestMappingHandlerMapping : Mapped "{[/getProcessPaymentsList],methods=[POST]}" onto public java.lang.Object org.uhc.controller.ProcessPaymnetsController.getProcessPaymentsListAPI()
2021-08-13 17:03:36.812  INFO chetuiwk0165 --- [           main] s.w.s.m.m.a.RequestMappingHandlerMapping : Mapped "{[/researchPayment],methods=[POST]}" onto public java.lang.Object org.uhc.controller.ResearchPaymentController.researchPaymentInfoAPI(org.uhc.envelop.request.ResearchPaymentRequest)
2021-08-13 17:03:36.812  INFO chetuiwk0165 --- [           main] s.w.s.m.m.a.RequestMappingHandlerMapping : Mapped "{[/getResearchPaymentDetails],methods=[POST]}" onto public java.lang.Object org.uhc.controller.ResearchPaymentController.getResearchPaymentInfoAPI(org.uhc.envelop.request.GetResearchPaymentRequest)
2021-08-13 17:03:36.813  INFO chetuiwk0165 --- [           main] s.w.s.m.m.a.RequestMappingHandlerMapping : Mapped "{[/scheduleCheckPayment],methods=[POST]}" onto public java.lang.Object org.uhc.controller.ScheduledCheckPaymentController.scheduleCheckPaymentAPI(org.uhc.envelop.request.CheckPaymentRequest) throws java.lang.Exception
2021-08-13 17:03:36.813  INFO chetuiwk0165 --- [           main] s.w.s.m.m.a.RequestMappingHandlerMapping : Mapped "{[/validateUser],methods=[POST]}" onto public java.lang.Object org.uhc.controller.ValidateUserController.validateUserAPI(org.uhc.envelop.request.ValidateUserRequest)
2021-08-13 17:03:36.816  INFO chetuiwk0165 --- [           main] s.w.s.m.m.a.RequestMappingHandlerMapping : Mapped "{[/error]}" onto public org.springframework.http.ResponseEntity<java.util.Map<java.lang.String, java.lang.Object>> org.springframework.boot.autoconfigure.web.BasicErrorController.error(javax.servlet.http.HttpServletRequest)
2021-08-13 17:03:36.817  INFO chetuiwk0165 --- [           main] s.w.s.m.m.a.RequestMappingHandlerMapping : Mapped "{[/error],produces=[text/html]}" onto public org.springframework.web.servlet.ModelAndView org.springframework.boot.autoconfigure.web.BasicErrorController.errorHtml(javax.servlet.http.HttpServletRequest,javax.servlet.http.HttpServletResponse)
2021-08-13 17:03:36.861  INFO chetuiwk0165 --- [           main] o.s.w.s.h.SimpleUrlHandlerMapping        : Mapped URL path [/webjars/**] onto handler of type [class org.springframework.web.servlet.resource.ResourceHttpRequestHandler]
2021-08-13 17:03:36.862  INFO chetuiwk0165 --- [           main] o.s.w.s.h.SimpleUrlHandlerMapping        : Mapped URL path [/**] onto handler of type [class org.springframework.web.servlet.resource.ResourceHttpRequestHandler]
2021-08-13 17:03:36.904  INFO chetuiwk0165 --- [           main] o.s.w.s.h.SimpleUrlHandlerMapping        : Mapped URL path [/**/favicon.ico] onto handler of type [class org.springframework.web.servlet.resource.ResourceHttpRequestHandler]
2021-08-13 17:03:37.106  INFO chetuiwk0165 --- [           main] o.s.j.e.a.AnnotationMBeanExporter        : Registering beans for JMX exposure on startup
2021-08-13 17:03:37.121  INFO chetuiwk0165 --- [           main] o.a.c.h.Http11NioProtocol                : Initializing ProtocolHandler ["http-nio-8080"]
2021-08-13 17:03:37.131  INFO chetuiwk0165 --- [           main] o.a.c.h.Http11NioProtocol                : Starting ProtocolHandler ["http-nio-8080"]
2021-08-13 17:03:37.137 ERROR chetuiwk0165 --- [           main] o.a.c.h.Http11NioProtocol                : Failed to start end point associated with ProtocolHandler ["http-nio-8080"]
java.net.BindException: Address already in use: bind
	at sun.nio.ch.Net.bind0(Native Method)
	at sun.nio.ch.Net.bind(Unknown Source)
	at sun.nio.ch.Net.bind(Unknown Source)
	at sun.nio.ch.ServerSocketChannelImpl.bind(Unknown Source)
	at sun.nio.ch.ServerSocketAdaptor.bind(Unknown Source)
	at org.apache.tomcat.util.net.NioEndpoint.bind(NioEndpoint.java:210)
	at org.apache.tomcat.util.net.AbstractEndpoint.start(AbstractEndpoint.java:990)
	at org.apache.coyote.AbstractProtocol.start(AbstractProtocol.java:635)
	at org.apache.catalina.connector.Connector.startInternal(Connector.java:1022)
	at org.apache.catalina.util.LifecycleBase.start(LifecycleBase.java:150)
	at org.apache.catalina.core.StandardService.addConnector(StandardService.java:225)
	at org.springframework.boot.context.embedded.tomcat.TomcatEmbeddedServletContainer.addPreviouslyRemovedConnectors(TomcatEmbeddedServletContainer.java:250)
	at org.springframework.boot.context.embedded.tomcat.TomcatEmbeddedServletContainer.start(TomcatEmbeddedServletContainer.java:193)
	at org.springframework.boot.context.embedded.EmbeddedWebApplicationContext.startEmbeddedServletContainer(EmbeddedWebApplicationContext.java:297)
	at org.springframework.boot.context.embedded.EmbeddedWebApplicationContext.finishRefresh(EmbeddedWebApplicationContext.java:145)
	at org.springframework.context.support.AbstractApplicationContext.refresh(AbstractApplicationContext.java:546)
	at org.springframework.boot.context.embedded.EmbeddedWebApplicationContext.refresh(EmbeddedWebApplicationContext.java:122)
	at org.springframework.boot.SpringApplication.refresh(SpringApplication.java:693)
	at org.springframework.boot.SpringApplication.refreshContext(SpringApplication.java:360)
	at org.springframework.boot.SpringApplication.run(SpringApplication.java:303)
	at org.springframework.boot.SpringApplication.run(SpringApplication.java:1118)
	at org.springframework.boot.SpringApplication.run(SpringApplication.java:1107)
	at org.uhc.PhonePayAPIApplication.main(PhonePayAPIApplication.java:13)
2021-08-13 17:03:37.141 ERROR chetuiwk0165 --- [           main] o.a.c.c.StandardService                  : Failed to start connector [Connector[HTTP/1.1-8080]]
org.apache.catalina.LifecycleException: Failed to start component [Connector[HTTP/1.1-8080]]
	at org.apache.catalina.util.LifecycleBase.start(LifecycleBase.java:167)
	at org.apache.catalina.core.StandardService.addConnector(StandardService.java:225)
	at org.springframework.boot.context.embedded.tomcat.TomcatEmbeddedServletContainer.addPreviouslyRemovedConnectors(TomcatEmbeddedServletContainer.java:250)
	at org.springframework.boot.context.embedded.tomcat.TomcatEmbeddedServletContainer.start(TomcatEmbeddedServletContainer.java:193)
	at org.springframework.boot.context.embedded.EmbeddedWebApplicationContext.startEmbeddedServletContainer(EmbeddedWebApplicationContext.java:297)
	at org.springframework.boot.context.embedded.EmbeddedWebApplicationContext.finishRefresh(EmbeddedWebApplicationContext.java:145)
	at org.springframework.context.support.AbstractApplicationContext.refresh(AbstractApplicationContext.java:546)
	at org.springframework.boot.context.embedded.EmbeddedWebApplicationContext.refresh(EmbeddedWebApplicationContext.java:122)
	at org.springframework.boot.SpringApplication.refresh(SpringApplication.java:693)
	at org.springframework.boot.SpringApplication.refreshContext(SpringApplication.java:360)
	at org.springframework.boot.SpringApplication.run(SpringApplication.java:303)
	at org.springframework.boot.SpringApplication.run(SpringApplication.java:1118)
	at org.springframework.boot.SpringApplication.run(SpringApplication.java:1107)
	at org.uhc.PhonePayAPIApplication.main(PhonePayAPIApplication.java:13)
Caused by: org.apache.catalina.LifecycleException: service.getName(): "Tomcat";  Protocol handler start failed
	at org.apache.catalina.connector.Connector.startInternal(Connector.java:1029)
	at org.apache.catalina.util.LifecycleBase.start(LifecycleBase.java:150)
	... 13 more
Caused by: java.net.BindException: Address already in use: bind
	at sun.nio.ch.Net.bind0(Native Method)
	at sun.nio.ch.Net.bind(Unknown Source)
	at sun.nio.ch.Net.bind(Unknown Source)
	at sun.nio.ch.ServerSocketChannelImpl.bind(Unknown Source)
	at sun.nio.ch.ServerSocketAdaptor.bind(Unknown Source)
	at org.apache.tomcat.util.net.NioEndpoint.bind(NioEndpoint.java:210)
	at org.apache.tomcat.util.net.AbstractEndpoint.start(AbstractEndpoint.java:990)
	at org.apache.coyote.AbstractProtocol.start(AbstractProtocol.java:635)
	at org.apache.catalina.connector.Connector.startInternal(Connector.java:1022)
	... 14 more
2021-08-13 17:03:37.149  INFO chetuiwk0165 --- [           main] o.a.c.h.Http11NioProtocol                : Pausing ProtocolHandler ["http-nio-8080"]
2021-08-13 17:03:37.149  INFO chetuiwk0165 --- [           main] o.a.c.c.StandardService                  : Stopping service [Tomcat]
2021-08-13 17:03:37.173  INFO chetuiwk0165 --- [           main] o.a.c.u.LifecycleBase                    : The stop() method was called on component [StandardServer[-1]] after stop() had already been called. The second call will be ignored.
2021-08-13 17:03:37.173  INFO chetuiwk0165 --- [           main] o.a.c.h.Http11NioProtocol                : Stopping ProtocolHandler ["http-nio-8080"]
2021-08-13 17:03:37.174  INFO chetuiwk0165 --- [           main] o.a.c.h.Http11NioProtocol                : Destroying ProtocolHandler ["http-nio-8080"]
2021-08-13 17:03:37.177  INFO chetuiwk0165 --- [           main] utoConfigurationReportLoggingInitializer : 

Error starting ApplicationContext. To display the auto-configuration report re-run your application with 'debug' enabled.
2021-08-13 17:03:37.181 ERROR chetuiwk0165 --- [           main] o.s.b.d.LoggingFailureAnalysisReporter   : 

***************************
APPLICATION FAILED TO START
***************************

Description:

The Tomcat connector configured to listen on port 8080 failed to start. The port may already be in use or the connector may be misconfigured.

Action:

Verify the connector's configuration, identify and stop any process that's listening on port 8080, or configure this application to listen on another port.

2021-08-13 17:03:37.182  INFO chetuiwk0165 --- [           main] ationConfigEmbeddedWebApplicationContext : Closing org.springframework.boot.context.embedded.AnnotationConfigEmbeddedWebApplicationContext@3a0d172f: startup date [Fri Aug 13 17:03:33 IST 2021]; root of context hierarchy
2021-08-13 17:03:37.183  INFO chetuiwk0165 --- [           main] o.s.j.e.a.AnnotationMBeanExporter        : Unregistering JMX-exposed beans on shutdown
2021-08-13 17:03:57.604  INFO chetuiwk0165 --- [nio-8080-exec-1] o.a.c.c.C.[.[.[/]                        : Initializing Spring FrameworkServlet 'dispatcherServlet'
2021-08-13 17:03:57.605  INFO chetuiwk0165 --- [nio-8080-exec-1] o.s.w.s.DispatcherServlet                : FrameworkServlet 'dispatcherServlet': initialization started
2021-08-13 17:03:57.617  INFO chetuiwk0165 --- [nio-8080-exec-1] o.s.w.s.DispatcherServlet                : FrameworkServlet 'dispatcherServlet': initialization completed in 12 ms
2021-08-13 17:03:57.646  INFO chetuiwk0165 --- [nio-8080-exec-2] o.u.c.PhonepayCheckController            : Phone-Pay Check API called for : 1218720
2021-08-13 17:03:57.646  INFO chetuiwk0165 --- [nio-8080-exec-2] o.u.s.i.PhonepayCheckServiceImpl         : Entering into getBorrowersInfo method with loan number : 1218720
2021-08-13 17:03:57.656  INFO chetuiwk0165 --- [nio-8080-exec-2] o.u.d.i.UserDaoImpl                      : Entering into getBorroweListByLoanNumber method
2021-08-13 17:03:57.656  INFO chetuiwk0165 --- [nio-8080-exec-2] o.u.d.i.UserDaoImpl                      : The loan number, user name enterd is :
2021-08-13 17:04:31.577  INFO chetuiwk0165 --- [nio-8080-exec-2] o.u.d.i.UserDaoImpl                      : List of Borrower is: [org.uhc.dao.dto.BorrowerInfoDto@173d367, org.uhc.dao.dto.BorrowerInfoDto@61c561d3]
2021-08-13 17:04:31.577  INFO chetuiwk0165 --- [nio-8080-exec-2] o.u.d.i.UserDaoImpl                      : Exit from getBorroweListByLoanNumber method
2021-08-13 17:04:31.577  INFO chetuiwk0165 --- [nio-8080-exec-2] o.u.d.i.UserDaoImpl                      : Entering into getUserByLoanNumber method
2021-08-13 17:04:31.577  INFO chetuiwk0165 --- [nio-8080-exec-2] o.u.d.i.UserDaoImpl                      : getUserByLoanNumber, loanNumber = 
2021-08-13 17:04:33.349  INFO chetuiwk0165 --- [nio-8080-exec-2] o.u.d.i.UserDaoImpl                      : Exit from getUserByLoanNumber method
2021-08-13 17:04:33.351  INFO chetuiwk0165 --- [nio-8080-exec-2] o.u.d.i.UserDaoImpl                      : Entering into getPropertyInfoByLoanNum method
2021-08-13 17:04:33.352  INFO chetuiwk0165 --- [nio-8080-exec-2] o.u.d.i.UserDaoImpl                      : For Property Details, Loan number entered is 
2021-08-13 17:04:35.133  INFO chetuiwk0165 --- [nio-8080-exec-2] o.u.d.i.UserDaoImpl                      : Property Details are : org.uhc.dao.dto.PropertyDto@22250fda
2021-08-13 17:04:35.133  INFO chetuiwk0165 --- [nio-8080-exec-2] o.u.d.i.UserDaoImpl                      : Exit from getPropertyInfoByLoanNum method
2021-08-13 17:04:35.133  INFO chetuiwk0165 --- [nio-8080-exec-2] o.u.d.i.UserDaoImpl                      : Entering into getLoanAccountsByLoanNumber method
2021-08-13 17:04:35.133  INFO chetuiwk0165 --- [nio-8080-exec-2] o.u.d.i.UserDaoImpl                      : To loan number, user name enterd is :1218720
2021-08-13 17:04:36.880  INFO chetuiwk0165 --- [nio-8080-exec-2] o.u.d.i.UserDaoImpl                      : List of loan number is: [1218720, 91218720]
2021-08-13 17:04:36.880  INFO chetuiwk0165 --- [nio-8080-exec-2] o.u.d.i.UserDaoImpl                      : Exit from getLoanAccountsByLoanNumber method1218720
2021-08-13 17:04:36.880  INFO chetuiwk0165 --- [nio-8080-exec-2] o.u.d.i.UserDaoImpl                      : Entering into getMailingAddressByLoanNum method
2021-08-13 17:04:36.880  INFO chetuiwk0165 --- [nio-8080-exec-2] o.u.d.i.UserDaoImpl                      : For Getting Mailing Adress, Loan number entered is 
2021-08-13 17:04:38.747  INFO chetuiwk0165 --- [nio-8080-exec-2] o.u.d.i.UserDaoImpl                      : Mailing Adress is : org.uhc.dao.dto.MailingAddressDto@1b731981
2021-08-13 17:04:38.747  INFO chetuiwk0165 --- [nio-8080-exec-2] o.u.d.i.UserDaoImpl                      : Exit from getMailingAddressByLoanNum method
2021-08-13 17:04:38.747  INFO chetuiwk0165 --- [nio-8080-exec-2] o.u.d.i.UserDaoImpl                      : Entering into getLoanAccountDetailsByLoanNum method
2021-08-13 17:04:38.747  INFO chetuiwk0165 --- [nio-8080-exec-2] o.u.d.i.UserDaoImpl                      : For getting Loan Account details, Loan number entered is
2021-08-13 17:04:40.613  INFO chetuiwk0165 --- [nio-8080-exec-2] o.u.d.i.UserDaoImpl                      : Loan account details by loan number is :
2021-08-13 17:04:40.614  INFO chetuiwk0165 --- [nio-8080-exec-2] o.u.d.i.UserDaoImpl                      : Exit from getLoanAccountDetailsByLoanNum method
2021-08-13 17:04:40.614  INFO chetuiwk0165 --- [nio-8080-exec-2] o.u.s.i.PhonepayCheckServiceImpl         : Entering into isThereAnActiveTodayPayment method
2021-08-13 17:04:40.614  INFO chetuiwk0165 --- [nio-8080-exec-2] o.u.d.i.UserDaoImpl                      : Entering into getActivePaymentByPaymentType method
2021-08-13 17:04:40.614  INFO chetuiwk0165 --- [nio-8080-exec-2] o.u.d.i.UserDaoImpl                      : query active payments that the type is: Today
2021-08-13 17:04:53.245  INFO chetuiwk0165 --- [nio-8080-exec-2] o.u.d.i.UserDaoImpl                      : Exit From getActivePaymentByPaymentType method
2021-08-13 17:04:53.245  INFO chetuiwk0165 --- [nio-8080-exec-2] o.u.s.i.PhonepayCheckServiceImpl         : No active today-type payment found.
2021-08-13 17:04:53.245  INFO chetuiwk0165 --- [nio-8080-exec-2] o.u.s.i.PhonepayCheckServiceImpl         : Entering into buildPaymentConfirmationNumber method
2021-08-13 17:04:55.044  INFO chetuiwk0165 --- [nio-8080-exec-2] o.u.s.i.PhonepayCheckServiceImpl         : Generated confirmation number: 638330 for userId: 33229
2021-08-13 17:04:55.045  INFO chetuiwk0165 --- [nio-8080-exec-2] o.u.s.i.PhonepayCheckServiceImpl         : Exit from buildPaymentConfirmationNumber method
2021-08-13 17:04:55.045  INFO chetuiwk0165 --- [nio-8080-exec-2] o.u.d.i.UserDaoImpl                      : Entering into getLoanAccountDetailsByLoanNum method
2021-08-13 17:04:55.045  INFO chetuiwk0165 --- [nio-8080-exec-2] o.u.d.i.UserDaoImpl                      : For getting Loan Account details, Loan number entered is
2021-08-13 17:04:56.927  INFO chetuiwk0165 --- [nio-8080-exec-2] o.u.d.i.UserDaoImpl                      : Loan account details by loan number is :
2021-08-13 17:04:56.927  INFO chetuiwk0165 --- [nio-8080-exec-2] o.u.d.i.UserDaoImpl                      : Exit from getLoanAccountDetailsByLoanNum method
2021-08-13 17:04:56.927  INFO chetuiwk0165 --- [nio-8080-exec-2] o.u.s.i.PhonepayCheckServiceImpl         : Entering into isThereAnActiveTodayPayment method
2021-08-13 17:04:56.927  INFO chetuiwk0165 --- [nio-8080-exec-2] o.u.d.i.UserDaoImpl                      : Entering into getActivePaymentByPaymentType method
2021-08-13 17:04:56.927  INFO chetuiwk0165 --- [nio-8080-exec-2] o.u.d.i.UserDaoImpl                      : query active payments that the type is: Today
2021-08-13 17:04:57.226  INFO chetuiwk0165 --- [nio-8080-exec-2] o.u.d.i.UserDaoImpl                      : Exit From getActivePaymentByPaymentType method
2021-08-13 17:04:57.226  INFO chetuiwk0165 --- [nio-8080-exec-2] o.u.s.i.PhonepayCheckServiceImpl         : No active today-type payment found.
2021-08-13 17:04:57.227  INFO chetuiwk0165 --- [nio-8080-exec-2] o.u.s.i.PhonepayCheckServiceImpl         : Entering into buildPaymentConfirmationNumber method
2021-08-13 17:04:59.033  INFO chetuiwk0165 --- [nio-8080-exec-2] o.u.s.i.PhonepayCheckServiceImpl         : Generated confirmation number: 784322 for userId: 33229
2021-08-13 17:04:59.033  INFO chetuiwk0165 --- [nio-8080-exec-2] o.u.s.i.PhonepayCheckServiceImpl         : Exit from buildPaymentConfirmationNumber method
2021-08-13 17:04:59.034  INFO chetuiwk0165 --- [nio-8080-exec-2] o.u.s.i.PhonepayCheckServiceImpl         : No active today-type payment found.
2021-08-13 17:04:59.034  INFO chetuiwk0165 --- [nio-8080-exec-2] o.u.d.i.UserDaoImpl                      : Entering into getPhonePayFeeList service
2021-08-13 17:04:59.362  INFO chetuiwk0165 --- [nio-8080-exec-2] o.u.d.i.UserDaoImpl                      : Exit from getPhonePayFeeList method
2021-08-13 17:04:59.363  INFO chetuiwk0165 --- [nio-8080-exec-2] o.u.s.i.PhonepayCheckServiceImpl         : Exit from getBorrowersInfo method
2021-08-13 18:56:56.271  INFO chetuiwk0165 --- [           main] o.u.PhonePayAPIApplication               : Starting PhonePayAPIApplication on chetuiwk0165 with PID 24444 (E:\UtahHousingCorp-MGLD\PhonePayWorkspace_12April\PhonePayBackend\target\classes started by pradeepy in E:\UtahHousingCorp-MGLD\PhonePayWorkspace_12April\PhonePayBackend)
2021-08-13 18:56:56.273  INFO chetuiwk0165 --- [           main] o.u.PhonePayAPIApplication               : No active profile set, falling back to default profiles: default
2021-08-13 18:56:56.300  INFO chetuiwk0165 --- [           main] ationConfigEmbeddedWebApplicationContext : Refreshing org.springframework.boot.context.embedded.AnnotationConfigEmbeddedWebApplicationContext@5542c4ed: startup date [Fri Aug 13 18:56:56 IST 2021]; root of context hierarchy
2021-08-13 18:56:56.417  INFO chetuiwk0165 --- [kground-preinit] o.h.v.i.u.Version                        : HV000001: Hibernate Validator 5.3.5.Final
2021-08-13 18:56:57.466  INFO chetuiwk0165 --- [           main] s.b.c.e.t.TomcatEmbeddedServletContainer : Tomcat initialized with port(s): 8080 (http)
2021-08-13 18:56:57.477  INFO chetuiwk0165 --- [           main] o.a.c.c.StandardService                  : Starting service [Tomcat]
2021-08-13 18:56:57.477  INFO chetuiwk0165 --- [           main] o.a.c.c.StandardEngine                   : Starting Servlet Engine: Apache Tomcat/8.5.16
2021-08-13 18:56:57.566  INFO chetuiwk0165 --- [ost-startStop-1] o.a.c.c.C.[.[.[/]                        : Initializing Spring embedded WebApplicationContext
2021-08-13 18:56:57.566  INFO chetuiwk0165 --- [ost-startStop-1] o.s.w.c.ContextLoader                    : Root WebApplicationContext: initialization completed in 1269 ms
2021-08-13 18:56:57.679  INFO chetuiwk0165 --- [ost-startStop-1] o.s.b.w.s.FilterRegistrationBean         : Mapping filter: 'CORSFilter' to: [/*]
2021-08-13 18:56:57.680  INFO chetuiwk0165 --- [ost-startStop-1] o.s.b.w.s.FilterRegistrationBean         : Mapping filter: 'characterEncodingFilter' to: [/*]
2021-08-13 18:56:57.680  INFO chetuiwk0165 --- [ost-startStop-1] o.s.b.w.s.FilterRegistrationBean         : Mapping filter: 'hiddenHttpMethodFilter' to: [/*]
2021-08-13 18:56:57.680  INFO chetuiwk0165 --- [ost-startStop-1] o.s.b.w.s.FilterRegistrationBean         : Mapping filter: 'httpPutFormContentFilter' to: [/*]
2021-08-13 18:56:57.680  INFO chetuiwk0165 --- [ost-startStop-1] o.s.b.w.s.FilterRegistrationBean         : Mapping filter: 'requestContextFilter' to: [/*]
2021-08-13 18:56:57.681  INFO chetuiwk0165 --- [ost-startStop-1] .s.DelegatingFilterProxyRegistrationBean : Mapping filter: 'springSecurityFilterChain' to: [/*]
2021-08-13 18:56:57.681  INFO chetuiwk0165 --- [ost-startStop-1] o.s.b.w.s.ServletRegistrationBean        : Mapping servlet: 'dispatcherServlet' to [/]
2021-08-13 18:56:58.028  INFO chetuiwk0165 --- [           main] b.a.s.AuthenticationManagerConfiguration : 

Using default security password: ebf11320-f9c4-4ca4-9180-8d32a32c9bda

2021-08-13 18:56:58.138  INFO chetuiwk0165 --- [           main] o.s.s.w.DefaultSecurityFilterChain       : Creating filter chain: org.springframework.security.web.util.matcher.AnyRequestMatcher@1, [org.springframework.security.web.context.request.async.WebAsyncManagerIntegrationFilter@664e5dee, org.springframework.security.web.context.SecurityContextPersistenceFilter@7063686f, org.springframework.security.web.header.HeaderWriterFilter@4315e9af, org.springframework.security.web.authentication.logout.LogoutFilter@72d0f2b4, org.springframework.security.web.savedrequest.RequestCacheAwareFilter@76f856a8, org.springframework.security.web.servletapi.SecurityContextHolderAwareRequestFilter@3491e86e, org.springframework.security.web.authentication.AnonymousAuthenticationFilter@431f1eaf, org.springframework.security.web.session.SessionManagementFilter@4f966719, org.springframework.security.web.access.ExceptionTranslationFilter@69e05f61, org.springframework.security.web.access.intercept.FilterSecurityInterceptor@6107165]
2021-08-13 18:56:58.283  INFO chetuiwk0165 --- [           main] s.w.s.m.m.a.RequestMappingHandlerAdapter : Looking for @ControllerAdvice: org.springframework.boot.context.embedded.AnnotationConfigEmbeddedWebApplicationContext@5542c4ed: startup date [Fri Aug 13 18:56:56 IST 2021]; root of context hierarchy
2021-08-13 18:56:58.340  INFO chetuiwk0165 --- [           main] s.w.s.m.m.a.RequestMappingHandlerMapping : Mapped "{[/bankingInfo],methods=[POST]}" onto public java.lang.Object org.uhc.controller.BankingInfoController.bankingInfoAPI(org.uhc.envelop.request.BankingInfoRequest)
2021-08-13 18:56:58.343  INFO chetuiwk0165 --- [           main] s.w.s.m.m.a.RequestMappingHandlerMapping : Mapped "{[/cancelPayment],methods=[POST]}" onto public java.lang.Object org.uhc.controller.CancelPaymentController.cancelPaymentAPI(org.uhc.envelop.request.CancelPaymentRequest)
2021-08-13 18:56:58.343  INFO chetuiwk0165 --- [           main] s.w.s.m.m.a.RequestMappingHandlerMapping : Mapped "{[/isLoanExistStopFile/{loanNumber}],methods=[POST]}" onto public java.lang.Object org.uhc.controller.CheckStopFileExistanceController.isLoanAccountInStopFileAPI(long)
2021-08-13 18:56:58.345  INFO chetuiwk0165 --- [           main] s.w.s.m.m.a.RequestMappingHandlerMapping : Mapped "{[/getFirstAndLastNamesListForAutocomplete],methods=[POST]}" onto public java.lang.Object org.uhc.controller.GetNamesController.getFirstAndLastNamesListForAutocompleteAPI(org.uhc.envelop.request.GetNamesRequest)
2021-08-13 18:56:58.345  INFO chetuiwk0165 --- [           main] s.w.s.m.m.a.RequestMappingHandlerMapping : Mapped "{[/getLastNamesForFirstAndLastName],methods=[POST]}" onto public java.lang.Object org.uhc.controller.GetNamesController.getLastNamesListByFirstAndLastNameAPI(org.uhc.envelop.request.GetNamesRequest)
2021-08-13 18:56:58.346  INFO chetuiwk0165 --- [           main] s.w.s.m.m.a.RequestMappingHandlerMapping : Mapped "{[/getFirstNamesForFirstAndLastName],methods=[POST]}" onto public java.lang.Object org.uhc.controller.GetNamesController.getFirstNamesListByFirstAndLastNameAPI(org.uhc.envelop.request.GetNamesRequest)
2021-08-13 18:56:58.346  INFO chetuiwk0165 --- [           main] s.w.s.m.m.a.RequestMappingHandlerMapping : Mapped "{[/getFirstNames],methods=[POST]}" onto public java.lang.Object org.uhc.controller.GetNamesController.getFirstNamesListAPI(org.uhc.envelop.request.GetNamesRequest)
2021-08-13 18:56:58.346  INFO chetuiwk0165 --- [           main] s.w.s.m.m.a.RequestMappingHandlerMapping : Mapped "{[/getLastNames],methods=[POST]}" onto public java.lang.Object org.uhc.controller.GetNamesController.getLastNamesListAPI(org.uhc.envelop.request.GetNamesRequest)
2021-08-13 18:56:58.347  INFO chetuiwk0165 --- [           main] s.w.s.m.m.a.RequestMappingHandlerMapping : Mapped "{[/paymentBatch],methods=[POST]}" onto public java.lang.Object org.uhc.controller.GetPaymentBatchController.getPaymentBatchAPI()
2021-08-13 18:56:58.348  INFO chetuiwk0165 --- [           main] s.w.s.m.m.a.RequestMappingHandlerMapping : Mapped "{[/getScheduledPaymentList],methods=[POST]}" onto public java.lang.Object org.uhc.controller.GetScheduledPaymentListController.getScheduledPaymentListAPI()
2021-08-13 18:56:58.348  INFO chetuiwk0165 --- [           main] s.w.s.m.m.a.RequestMappingHandlerMapping : Mapped "{[/getStatisticDetails],methods=[POST]}" onto public java.lang.Object org.uhc.controller.GetStatisticDetailsController.getStatisticDetailsAPI(org.uhc.envelop.request.GetStatisticDetailsRequest)
2021-08-13 18:56:58.352  INFO chetuiwk0165 --- [           main] s.w.s.m.m.a.RequestMappingHandlerMapping : Mapped "{[/updatePaymentAdvice],methods=[POST]}" onto public java.lang.Object org.uhc.controller.PaymentAdviceController.updatePaymentAdviceAPI(org.uhc.envelop.request.UpdatePaymentAdviceReq)
2021-08-13 18:56:58.352  INFO chetuiwk0165 --- [           main] s.w.s.m.m.a.RequestMappingHandlerMapping : Mapped "{[/updatePaymentAdviceType],methods=[POST]}" onto public java.lang.Object org.uhc.controller.PaymentAdviceController.updatePaymentAdviceTypeAPI(org.uhc.envelop.request.UpdatePaymentAdviceTypeReq)
2021-08-13 18:56:58.353  INFO chetuiwk0165 --- [           main] s.w.s.m.m.a.RequestMappingHandlerMapping : Mapped "{[/deletProcessAdvicePayment],methods=[POST]}" onto public java.lang.Object org.uhc.controller.PaymentAdviceController.deletProcessAdvicePaymentAPI(org.uhc.envelop.request.DeleteProcessAdvicePaymentReq)
2021-08-13 18:56:58.353  INFO chetuiwk0165 --- [           main] s.w.s.m.m.a.RequestMappingHandlerMapping : Mapped "{[/allPaymentAdvice],methods=[POST]}" onto public java.lang.Object org.uhc.controller.PaymentAdviceController.allPaymentAdviceAPI()
2021-08-13 18:56:58.353  INFO chetuiwk0165 --- [           main] s.w.s.m.m.a.RequestMappingHandlerMapping : Mapped "{[/paymentAdvice],methods=[POST]}" onto public java.lang.Object org.uhc.controller.PaymentAdviceController.paymentAdviceAPI(org.uhc.envelop.request.PaymentAdviceReq)
2021-08-13 18:56:58.354  INFO chetuiwk0165 --- [           main] s.w.s.m.m.a.RequestMappingHandlerMapping : Mapped "{[/getPaymentsInProcess],methods=[POST]}" onto public java.lang.Object org.uhc.controller.PaymentsInProcessController.getPaymentsInProcessAPI()
2021-08-13 18:56:58.355  INFO chetuiwk0165 --- [           main] s.w.s.m.m.a.RequestMappingHandlerMapping : Mapped "{[/phonepayCheck/{loanNumber}],methods=[POST]}" onto public java.lang.Object org.uhc.controller.PhonepayCheckController.phonepayCheckAPI(long)
2021-08-13 18:56:58.357  INFO chetuiwk0165 --- [           main] s.w.s.m.m.a.RequestMappingHandlerMapping : Mapped "{[/getProcessPaymentsNotificationList],methods=[POST]}" onto public java.lang.Object org.uhc.controller.ProcessPaymnetsController.getProcessPaymentsNotificationListAPI(org.uhc.envelop.request.ProcessPaymentSendEmailReq)
2021-08-13 18:56:58.358  INFO chetuiwk0165 --- [           main] s.w.s.m.m.a.RequestMappingHandlerMapping : Mapped "{[/getProcessPaymentsLetterNotificationList],methods=[POST]}" onto public java.lang.Object org.uhc.controller.ProcessPaymnetsController.getProcessPaymentsLetterNotificationListAPI(org.uhc.envelop.request.ProcessPaymentPrintLetterReq)
2021-08-13 18:56:58.358  INFO chetuiwk0165 --- [           main] s.w.s.m.m.a.RequestMappingHandlerMapping : Mapped "{[/getProcessPaymentsList],methods=[POST]}" onto public java.lang.Object org.uhc.controller.ProcessPaymnetsController.getProcessPaymentsListAPI()
2021-08-13 18:56:58.359  INFO chetuiwk0165 --- [           main] s.w.s.m.m.a.RequestMappingHandlerMapping : Mapped "{[/researchPayment],methods=[POST]}" onto public java.lang.Object org.uhc.controller.ResearchPaymentController.researchPaymentInfoAPI(org.uhc.envelop.request.ResearchPaymentRequest)
2021-08-13 18:56:58.359  INFO chetuiwk0165 --- [           main] s.w.s.m.m.a.RequestMappingHandlerMapping : Mapped "{[/getResearchPaymentDetails],methods=[POST]}" onto public java.lang.Object org.uhc.controller.ResearchPaymentController.getResearchPaymentInfoAPI(org.uhc.envelop.request.GetResearchPaymentRequest)
2021-08-13 18:56:58.360  INFO chetuiwk0165 --- [           main] s.w.s.m.m.a.RequestMappingHandlerMapping : Mapped "{[/scheduleCheckPayment],methods=[POST]}" onto public java.lang.Object org.uhc.controller.ScheduledCheckPaymentController.scheduleCheckPaymentAPI(org.uhc.envelop.request.CheckPaymentRequest) throws java.lang.Exception
2021-08-13 18:56:58.360  INFO chetuiwk0165 --- [           main] s.w.s.m.m.a.RequestMappingHandlerMapping : Mapped "{[/validateUser],methods=[POST]}" onto public java.lang.Object org.uhc.controller.ValidateUserController.validateUserAPI(org.uhc.envelop.request.ValidateUserRequest)
2021-08-13 18:56:58.362  INFO chetuiwk0165 --- [           main] s.w.s.m.m.a.RequestMappingHandlerMapping : Mapped "{[/error]}" onto public org.springframework.http.ResponseEntity<java.util.Map<java.lang.String, java.lang.Object>> org.springframework.boot.autoconfigure.web.BasicErrorController.error(javax.servlet.http.HttpServletRequest)
2021-08-13 18:56:58.362  INFO chetuiwk0165 --- [           main] s.w.s.m.m.a.RequestMappingHandlerMapping : Mapped "{[/error],produces=[text/html]}" onto public org.springframework.web.servlet.ModelAndView org.springframework.boot.autoconfigure.web.BasicErrorController.errorHtml(javax.servlet.http.HttpServletRequest,javax.servlet.http.HttpServletResponse)
2021-08-13 18:56:58.382  INFO chetuiwk0165 --- [           main] o.s.w.s.h.SimpleUrlHandlerMapping        : Mapped URL path [/webjars/**] onto handler of type [class org.springframework.web.servlet.resource.ResourceHttpRequestHandler]
2021-08-13 18:56:58.382  INFO chetuiwk0165 --- [           main] o.s.w.s.h.SimpleUrlHandlerMapping        : Mapped URL path [/**] onto handler of type [class org.springframework.web.servlet.resource.ResourceHttpRequestHandler]
2021-08-13 18:56:58.409  INFO chetuiwk0165 --- [           main] o.s.w.s.h.SimpleUrlHandlerMapping        : Mapped URL path [/**/favicon.ico] onto handler of type [class org.springframework.web.servlet.resource.ResourceHttpRequestHandler]
2021-08-13 18:56:58.503  INFO chetuiwk0165 --- [           main] o.s.j.e.a.AnnotationMBeanExporter        : Registering beans for JMX exposure on startup
2021-08-13 18:56:58.515  INFO chetuiwk0165 --- [           main] o.a.c.h.Http11NioProtocol                : Initializing ProtocolHandler ["http-nio-8080"]
2021-08-13 18:56:58.523  INFO chetuiwk0165 --- [           main] o.a.c.h.Http11NioProtocol                : Starting ProtocolHandler ["http-nio-8080"]
2021-08-13 18:56:58.542  INFO chetuiwk0165 --- [           main] o.a.t.u.n.NioSelectorPool                : Using a shared selector for servlet write/read
2021-08-13 18:56:58.554  INFO chetuiwk0165 --- [           main] s.b.c.e.t.TomcatEmbeddedServletContainer : Tomcat started on port(s): 8080 (http)
2021-08-13 18:56:58.557  INFO chetuiwk0165 --- [           main] o.u.PhonePayAPIApplication               : Started PhonePayAPIApplication in 2.428 seconds (JVM running for 2.949)
