2021-10-04 14:55:28.226  INFO chetuiwk0165 --- [           main] o.u.PhonePayAPIApplication               : Starting PhonePayAPIApplication on chetuiwk0165 with PID 9052 (E:\UtahHousingCorp-MGLD\PhonePayWorkspace_12April\PhonePayBackend\target\classes started by pradeepy in E:\UtahHousingCorp-MGLD\PhonePayWorkspace_12April\PhonePayBackend)
2021-10-04 14:55:28.237  INFO chetuiwk0165 --- [           main] o.u.PhonePayAPIApplication               : No active profile set, falling back to default profiles: default
2021-10-04 14:55:28.266  INFO chetuiwk0165 --- [           main] ationConfigEmbeddedWebApplicationContext : Refreshing org.springframework.boot.context.embedded.AnnotationConfigEmbeddedWebApplicationContext@5542c4ed: startup date [Mon Oct 04 14:55:28 IST 2021]; root of context hierarchy
2021-10-04 14:55:28.391  INFO chetuiwk0165 --- [kground-preinit] o.h.v.i.u.Version                        : HV000001: Hibernate Validator 5.3.5.Final
2021-10-04 14:55:29.670  INFO chetuiwk0165 --- [           main] s.b.c.e.t.TomcatEmbeddedServletContainer : Tomcat initialized with port(s): 8080 (http)
2021-10-04 14:55:29.682  INFO chetuiwk0165 --- [           main] o.a.c.c.StandardService                  : Starting service [Tomcat]
2021-10-04 14:55:29.682  INFO chetuiwk0165 --- [           main] o.a.c.c.StandardEngine                   : Starting Servlet Engine: Apache Tomcat/8.5.16
2021-10-04 14:55:29.766  INFO chetuiwk0165 --- [ost-startStop-1] o.a.c.c.C.[.[.[/]                        : Initializing Spring embedded WebApplicationContext
2021-10-04 14:55:29.766  INFO chetuiwk0165 --- [ost-startStop-1] o.s.w.c.ContextLoader                    : Root WebApplicationContext: initialization completed in 1501 ms
2021-10-04 14:55:29.869  INFO chetuiwk0165 --- [ost-startStop-1] o.s.b.w.s.FilterRegistrationBean         : Mapping filter: 'CORSFilter' to: [/*]
2021-10-04 14:55:29.869  INFO chetuiwk0165 --- [ost-startStop-1] o.s.b.w.s.FilterRegistrationBean         : Mapping filter: 'characterEncodingFilter' to: [/*]
2021-10-04 14:55:29.869  INFO chetuiwk0165 --- [ost-startStop-1] o.s.b.w.s.FilterRegistrationBean         : Mapping filter: 'hiddenHttpMethodFilter' to: [/*]
2021-10-04 14:55:29.869  INFO chetuiwk0165 --- [ost-startStop-1] o.s.b.w.s.FilterRegistrationBean         : Mapping filter: 'httpPutFormContentFilter' to: [/*]
2021-10-04 14:55:29.869  INFO chetuiwk0165 --- [ost-startStop-1] o.s.b.w.s.FilterRegistrationBean         : Mapping filter: 'requestContextFilter' to: [/*]
2021-10-04 14:55:29.870  INFO chetuiwk0165 --- [ost-startStop-1] .s.DelegatingFilterProxyRegistrationBean : Mapping filter: 'springSecurityFilterChain' to: [/*]
2021-10-04 14:55:29.870  INFO chetuiwk0165 --- [ost-startStop-1] o.s.b.w.s.ServletRegistrationBean        : Mapping servlet: 'dispatcherServlet' to [/]
2021-10-04 14:55:30.237  INFO chetuiwk0165 --- [           main] b.a.s.AuthenticationManagerConfiguration : 

Using default security password: 89212eb0-e904-469f-9e5f-17e157aed950

2021-10-04 14:55:30.333  INFO chetuiwk0165 --- [           main] o.s.s.w.DefaultSecurityFilterChain       : Creating filter chain: org.springframework.security.web.util.matcher.AnyRequestMatcher@1, [org.springframework.security.web.context.request.async.WebAsyncManagerIntegrationFilter@55e3d6c3, org.springframework.security.web.context.SecurityContextPersistenceFilter@7dff6d05, org.springframework.security.web.header.HeaderWriterFilter@34819867, org.springframework.security.web.authentication.logout.LogoutFilter@783115d9, org.springframework.security.web.savedrequest.RequestCacheAwareFilter@34fe326d, org.springframework.security.web.servletapi.SecurityContextHolderAwareRequestFilter@3bae64d0, org.springframework.security.web.authentication.AnonymousAuthenticationFilter@30e6a763, org.springframework.security.web.session.SessionManagementFilter@1da4b6b3, org.springframework.security.web.access.ExceptionTranslationFilter@53dad875, org.springframework.security.web.access.intercept.FilterSecurityInterceptor@4fad6218]
2021-10-04 14:55:30.464  INFO chetuiwk0165 --- [           main] s.w.s.m.m.a.RequestMappingHandlerAdapter : Looking for @ControllerAdvice: org.springframework.boot.context.embedded.AnnotationConfigEmbeddedWebApplicationContext@5542c4ed: startup date [Mon Oct 04 14:55:28 IST 2021]; root of context hierarchy
2021-10-04 14:55:30.511  INFO chetuiwk0165 --- [           main] s.w.s.m.m.a.RequestMappingHandlerMapping : Mapped "{[/bankingInfo],methods=[POST]}" onto public java.lang.Object org.uhc.controller.BankingInfoController.bankingInfoAPI(org.uhc.envelop.request.BankingInfoRequest)
2021-10-04 14:55:30.513  INFO chetuiwk0165 --- [           main] s.w.s.m.m.a.RequestMappingHandlerMapping : Mapped "{[/cancelPayment],methods=[POST]}" onto public java.lang.Object org.uhc.controller.CancelPaymentController.cancelPaymentAPI(org.uhc.envelop.request.CancelPaymentRequest)
2021-10-04 14:55:30.513  INFO chetuiwk0165 --- [           main] s.w.s.m.m.a.RequestMappingHandlerMapping : Mapped "{[/isLoanExistStopFile/{loanNumber}],methods=[POST]}" onto public java.lang.Object org.uhc.controller.CheckStopFileExistanceController.isLoanAccountInStopFileAPI(long)
2021-10-04 14:55:30.514  INFO chetuiwk0165 --- [           main] s.w.s.m.m.a.RequestMappingHandlerMapping : Mapped "{[/getFirstNames],methods=[POST]}" onto public java.lang.Object org.uhc.controller.GetNamesController.getFirstNamesListAPI(org.uhc.envelop.request.GetNamesRequest)
2021-10-04 14:55:30.514  INFO chetuiwk0165 --- [           main] s.w.s.m.m.a.RequestMappingHandlerMapping : Mapped "{[/getLastNames],methods=[POST]}" onto public java.lang.Object org.uhc.controller.GetNamesController.getLastNamesListAPI(org.uhc.envelop.request.GetNamesRequest)
2021-10-04 14:55:30.515  INFO chetuiwk0165 --- [           main] s.w.s.m.m.a.RequestMappingHandlerMapping : Mapped "{[/getFirstNamesForFirstAndLastName],methods=[POST]}" onto public java.lang.Object org.uhc.controller.GetNamesController.getFirstNamesListByFirstAndLastNameAPI(org.uhc.envelop.request.GetNamesRequest)
2021-10-04 14:55:30.515  INFO chetuiwk0165 --- [           main] s.w.s.m.m.a.RequestMappingHandlerMapping : Mapped "{[/getLastNamesForFirstAndLastName],methods=[POST]}" onto public java.lang.Object org.uhc.controller.GetNamesController.getLastNamesListByFirstAndLastNameAPI(org.uhc.envelop.request.GetNamesRequest)
2021-10-04 14:55:30.515  INFO chetuiwk0165 --- [           main] s.w.s.m.m.a.RequestMappingHandlerMapping : Mapped "{[/getFirstAndLastNamesListForAutocomplete],methods=[POST]}" onto public java.lang.Object org.uhc.controller.GetNamesController.getFirstAndLastNamesListForAutocompleteAPI(org.uhc.envelop.request.GetNamesRequest)
2021-10-04 14:55:30.515  INFO chetuiwk0165 --- [           main] s.w.s.m.m.a.RequestMappingHandlerMapping : Mapped "{[/paymentBatch],methods=[POST]}" onto public java.lang.Object org.uhc.controller.GetPaymentBatchController.getPaymentBatchAPI()
2021-10-04 14:55:30.516  INFO chetuiwk0165 --- [           main] s.w.s.m.m.a.RequestMappingHandlerMapping : Mapped "{[/getScheduledPaymentList],methods=[POST]}" onto public java.lang.Object org.uhc.controller.GetScheduledPaymentListController.getScheduledPaymentListAPI()
2021-10-04 14:55:30.516  INFO chetuiwk0165 --- [           main] s.w.s.m.m.a.RequestMappingHandlerMapping : Mapped "{[/getStatisticDetails],methods=[POST]}" onto public java.lang.Object org.uhc.controller.GetStatisticDetailsController.getStatisticDetailsAPI(org.uhc.envelop.request.GetStatisticDetailsRequest)
2021-10-04 14:55:30.518  INFO chetuiwk0165 --- [           main] s.w.s.m.m.a.RequestMappingHandlerMapping : Mapped "{[/deletProcessAdvicePayment],methods=[POST]}" onto public java.lang.Object org.uhc.controller.PaymentAdviceController.deletProcessAdvicePaymentAPI(org.uhc.envelop.request.DeleteProcessAdvicePaymentReq)
2021-10-04 14:55:30.519  INFO chetuiwk0165 --- [           main] s.w.s.m.m.a.RequestMappingHandlerMapping : Mapped "{[/updatePaymentAdvice],methods=[POST]}" onto public java.lang.Object org.uhc.controller.PaymentAdviceController.updatePaymentAdviceAPI(org.uhc.envelop.request.UpdatePaymentAdviceReq)
2021-10-04 14:55:30.519  INFO chetuiwk0165 --- [           main] s.w.s.m.m.a.RequestMappingHandlerMapping : Mapped "{[/allPaymentAdvice],methods=[POST]}" onto public java.lang.Object org.uhc.controller.PaymentAdviceController.allPaymentAdviceAPI()
2021-10-04 14:55:30.519  INFO chetuiwk0165 --- [           main] s.w.s.m.m.a.RequestMappingHandlerMapping : Mapped "{[/updatePaymentAdviceType],methods=[POST]}" onto public java.lang.Object org.uhc.controller.PaymentAdviceController.updatePaymentAdviceTypeAPI(org.uhc.envelop.request.UpdatePaymentAdviceTypeReq)
2021-10-04 14:55:30.520  INFO chetuiwk0165 --- [           main] s.w.s.m.m.a.RequestMappingHandlerMapping : Mapped "{[/paymentAdvice],methods=[POST]}" onto public java.lang.Object org.uhc.controller.PaymentAdviceController.paymentAdviceAPI(org.uhc.envelop.request.PaymentAdviceReq)
2021-10-04 14:55:30.520  INFO chetuiwk0165 --- [           main] s.w.s.m.m.a.RequestMappingHandlerMapping : Mapped "{[/getPaymentsInProcess],methods=[POST]}" onto public java.lang.Object org.uhc.controller.PaymentsInProcessController.getPaymentsInProcessAPI()
2021-10-04 14:55:30.520  INFO chetuiwk0165 --- [           main] s.w.s.m.m.a.RequestMappingHandlerMapping : Mapped "{[/phonepayCheck/{loanNumber}],methods=[POST]}" onto public java.lang.Object org.uhc.controller.PhonepayCheckController.phonepayCheckAPI(long)
2021-10-04 14:55:30.522  INFO chetuiwk0165 --- [           main] s.w.s.m.m.a.RequestMappingHandlerMapping : Mapped "{[/getProcessPaymentsList],methods=[POST]}" onto public java.lang.Object org.uhc.controller.ProcessPaymnetsController.getProcessPaymentsListAPI()
2021-10-04 14:55:30.522  INFO chetuiwk0165 --- [           main] s.w.s.m.m.a.RequestMappingHandlerMapping : Mapped "{[/getProcessPaymentsLetterNotificationList],methods=[POST]}" onto public java.lang.Object org.uhc.controller.ProcessPaymnetsController.getProcessPaymentsLetterNotificationListAPI(org.uhc.envelop.request.ProcessPaymentPrintLetterReq)
2021-10-04 14:55:30.523  INFO chetuiwk0165 --- [           main] s.w.s.m.m.a.RequestMappingHandlerMapping : Mapped "{[/getProcessPaymentsNotificationList],methods=[POST]}" onto public java.lang.Object org.uhc.controller.ProcessPaymnetsController.getProcessPaymentsNotificationListAPI(org.uhc.envelop.request.ProcessPaymentSendEmailReq)
2021-10-04 14:55:30.523  INFO chetuiwk0165 --- [           main] s.w.s.m.m.a.RequestMappingHandlerMapping : Mapped "{[/getResearchPaymentDetails],methods=[POST]}" onto public java.lang.Object org.uhc.controller.ResearchPaymentController.getResearchPaymentInfoAPI(org.uhc.envelop.request.GetResearchPaymentRequest)
2021-10-04 14:55:30.523  INFO chetuiwk0165 --- [           main] s.w.s.m.m.a.RequestMappingHandlerMapping : Mapped "{[/researchPayment],methods=[POST]}" onto public java.lang.Object org.uhc.controller.ResearchPaymentController.researchPaymentInfoAPI(org.uhc.envelop.request.ResearchPaymentRequest)
2021-10-04 14:55:30.524  INFO chetuiwk0165 --- [           main] s.w.s.m.m.a.RequestMappingHandlerMapping : Mapped "{[/scheduleCheckPayment],methods=[POST]}" onto public java.lang.Object org.uhc.controller.ScheduledCheckPaymentController.scheduleCheckPaymentAPI(org.uhc.envelop.request.CheckPaymentRequest) throws java.lang.Exception
2021-10-04 14:55:30.524  INFO chetuiwk0165 --- [           main] s.w.s.m.m.a.RequestMappingHandlerMapping : Mapped "{[/validateUser],methods=[POST]}" onto public java.lang.Object org.uhc.controller.ValidateUserController.validateUserAPI(org.uhc.envelop.request.ValidateUserRequest)
2021-10-04 14:55:30.526  INFO chetuiwk0165 --- [           main] s.w.s.m.m.a.RequestMappingHandlerMapping : Mapped "{[/error]}" onto public org.springframework.http.ResponseEntity<java.util.Map<java.lang.String, java.lang.Object>> org.springframework.boot.autoconfigure.web.BasicErrorController.error(javax.servlet.http.HttpServletRequest)
2021-10-04 14:55:30.526  INFO chetuiwk0165 --- [           main] s.w.s.m.m.a.RequestMappingHandlerMapping : Mapped "{[/error],produces=[text/html]}" onto public org.springframework.web.servlet.ModelAndView org.springframework.boot.autoconfigure.web.BasicErrorController.errorHtml(javax.servlet.http.HttpServletRequest,javax.servlet.http.HttpServletResponse)
2021-10-04 14:55:30.542  INFO chetuiwk0165 --- [           main] o.s.w.s.h.SimpleUrlHandlerMapping        : Mapped URL path [/webjars/**] onto handler of type [class org.springframework.web.servlet.resource.ResourceHttpRequestHandler]
2021-10-04 14:55:30.542  INFO chetuiwk0165 --- [           main] o.s.w.s.h.SimpleUrlHandlerMapping        : Mapped URL path [/**] onto handler of type [class org.springframework.web.servlet.resource.ResourceHttpRequestHandler]
2021-10-04 14:55:30.564  INFO chetuiwk0165 --- [           main] o.s.w.s.h.SimpleUrlHandlerMapping        : Mapped URL path [/**/favicon.ico] onto handler of type [class org.springframework.web.servlet.resource.ResourceHttpRequestHandler]
2021-10-04 14:55:30.645  INFO chetuiwk0165 --- [           main] o.s.j.e.a.AnnotationMBeanExporter        : Registering beans for JMX exposure on startup
2021-10-04 14:55:30.656  INFO chetuiwk0165 --- [           main] o.a.c.h.Http11NioProtocol                : Initializing ProtocolHandler ["http-nio-8080"]
2021-10-04 14:55:30.663  INFO chetuiwk0165 --- [           main] o.a.c.h.Http11NioProtocol                : Starting ProtocolHandler ["http-nio-8080"]
2021-10-04 14:55:30.675  INFO chetuiwk0165 --- [           main] o.a.t.u.n.NioSelectorPool                : Using a shared selector for servlet write/read
2021-10-04 14:55:30.730  INFO chetuiwk0165 --- [           main] s.b.c.e.t.TomcatEmbeddedServletContainer : Tomcat started on port(s): 8080 (http)
2021-10-04 14:55:30.733  INFO chetuiwk0165 --- [           main] o.u.PhonePayAPIApplication               : Started PhonePayAPIApplication in 2.679 seconds (JVM running for 3.293)
2021-10-04 16:47:06.553  INFO chetuiwk0165 --- [           main] o.u.PhonePayAPIApplication               : Starting PhonePayAPIApplication on chetuiwk0165 with PID 6576 (E:\UtahHousingCorp-MGLD\PhonePayWorkspace_12April\PhonePayBackend\target\classes started by pradeepy in E:\UtahHousingCorp-MGLD\PhonePayWorkspace_12April\PhonePayBackend)
2021-10-04 16:47:06.555  INFO chetuiwk0165 --- [           main] o.u.PhonePayAPIApplication               : No active profile set, falling back to default profiles: default
2021-10-04 16:47:06.584  INFO chetuiwk0165 --- [           main] ationConfigEmbeddedWebApplicationContext : Refreshing org.springframework.boot.context.embedded.AnnotationConfigEmbeddedWebApplicationContext@5542c4ed: startup date [Mon Oct 04 16:47:06 IST 2021]; root of context hierarchy
2021-10-04 16:47:06.714  INFO chetuiwk0165 --- [kground-preinit] o.h.v.i.u.Version                        : HV000001: Hibernate Validator 5.3.5.Final
2021-10-04 16:47:07.824  INFO chetuiwk0165 --- [           main] s.b.c.e.t.TomcatEmbeddedServletContainer : Tomcat initialized with port(s): 8080 (http)
2021-10-04 16:47:07.836  INFO chetuiwk0165 --- [           main] o.a.c.c.StandardService                  : Starting service [Tomcat]
2021-10-04 16:47:07.837  INFO chetuiwk0165 --- [           main] o.a.c.c.StandardEngine                   : Starting Servlet Engine: Apache Tomcat/8.5.16
2021-10-04 16:47:07.926  INFO chetuiwk0165 --- [ost-startStop-1] o.a.c.c.C.[.[.[/]                        : Initializing Spring embedded WebApplicationContext
2021-10-04 16:47:07.927  INFO chetuiwk0165 --- [ost-startStop-1] o.s.w.c.ContextLoader                    : Root WebApplicationContext: initialization completed in 1345 ms
2021-10-04 16:47:08.049  INFO chetuiwk0165 --- [ost-startStop-1] o.s.b.w.s.FilterRegistrationBean         : Mapping filter: 'CORSFilter' to: [/*]
2021-10-04 16:47:08.049  INFO chetuiwk0165 --- [ost-startStop-1] o.s.b.w.s.FilterRegistrationBean         : Mapping filter: 'characterEncodingFilter' to: [/*]
2021-10-04 16:47:08.049  INFO chetuiwk0165 --- [ost-startStop-1] o.s.b.w.s.FilterRegistrationBean         : Mapping filter: 'hiddenHttpMethodFilter' to: [/*]
2021-10-04 16:47:08.049  INFO chetuiwk0165 --- [ost-startStop-1] o.s.b.w.s.FilterRegistrationBean         : Mapping filter: 'httpPutFormContentFilter' to: [/*]
2021-10-04 16:47:08.050  INFO chetuiwk0165 --- [ost-startStop-1] o.s.b.w.s.FilterRegistrationBean         : Mapping filter: 'requestContextFilter' to: [/*]
2021-10-04 16:47:08.050  INFO chetuiwk0165 --- [ost-startStop-1] .s.DelegatingFilterProxyRegistrationBean : Mapping filter: 'springSecurityFilterChain' to: [/*]
2021-10-04 16:47:08.050  INFO chetuiwk0165 --- [ost-startStop-1] o.s.b.w.s.ServletRegistrationBean        : Mapping servlet: 'dispatcherServlet' to [/]
2021-10-04 16:47:08.436  INFO chetuiwk0165 --- [           main] b.a.s.AuthenticationManagerConfiguration : 

Using default security password: 5bb6e9f9-d42c-4553-94d2-40856743375a

2021-10-04 16:47:08.533  INFO chetuiwk0165 --- [           main] o.s.s.w.DefaultSecurityFilterChain       : Creating filter chain: org.springframework.security.web.util.matcher.AnyRequestMatcher@1, [org.springframework.security.web.context.request.async.WebAsyncManagerIntegrationFilter@664e5dee, org.springframework.security.web.context.SecurityContextPersistenceFilter@7063686f, org.springframework.security.web.header.HeaderWriterFilter@4315e9af, org.springframework.security.web.authentication.logout.LogoutFilter@72d0f2b4, org.springframework.security.web.savedrequest.RequestCacheAwareFilter@76f856a8, org.springframework.security.web.servletapi.SecurityContextHolderAwareRequestFilter@3491e86e, org.springframework.security.web.authentication.AnonymousAuthenticationFilter@431f1eaf, org.springframework.security.web.session.SessionManagementFilter@4f966719, org.springframework.security.web.access.ExceptionTranslationFilter@69e05f61, org.springframework.security.web.access.intercept.FilterSecurityInterceptor@6107165]
2021-10-04 16:47:08.679  INFO chetuiwk0165 --- [           main] s.w.s.m.m.a.RequestMappingHandlerAdapter : Looking for @ControllerAdvice: org.springframework.boot.context.embedded.AnnotationConfigEmbeddedWebApplicationContext@5542c4ed: startup date [Mon Oct 04 16:47:06 IST 2021]; root of context hierarchy
2021-10-04 16:47:08.728  INFO chetuiwk0165 --- [           main] s.w.s.m.m.a.RequestMappingHandlerMapping : Mapped "{[/bankingInfo],methods=[POST]}" onto public java.lang.Object org.uhc.controller.BankingInfoController.bankingInfoAPI(org.uhc.envelop.request.BankingInfoRequest)
2021-10-04 16:47:08.729  INFO chetuiwk0165 --- [           main] s.w.s.m.m.a.RequestMappingHandlerMapping : Mapped "{[/cancelPayment],methods=[POST]}" onto public java.lang.Object org.uhc.controller.CancelPaymentController.cancelPaymentAPI(org.uhc.envelop.request.CancelPaymentRequest)
2021-10-04 16:47:08.730  INFO chetuiwk0165 --- [           main] s.w.s.m.m.a.RequestMappingHandlerMapping : Mapped "{[/isLoanExistStopFile/{loanNumber}],methods=[POST]}" onto public java.lang.Object org.uhc.controller.CheckStopFileExistanceController.isLoanAccountInStopFileAPI(long)
2021-10-04 16:47:08.731  INFO chetuiwk0165 --- [           main] s.w.s.m.m.a.RequestMappingHandlerMapping : Mapped "{[/getFirstNamesForFirstAndLastName],methods=[POST]}" onto public java.lang.Object org.uhc.controller.GetNamesController.getFirstNamesListByFirstAndLastNameAPI(org.uhc.envelop.request.GetNamesRequest)
2021-10-04 16:47:08.731  INFO chetuiwk0165 --- [           main] s.w.s.m.m.a.RequestMappingHandlerMapping : Mapped "{[/getFirstAndLastNamesListForAutocomplete],methods=[POST]}" onto public java.lang.Object org.uhc.controller.GetNamesController.getFirstAndLastNamesListForAutocompleteAPI(org.uhc.envelop.request.GetNamesRequest)
2021-10-04 16:47:08.731  INFO chetuiwk0165 --- [           main] s.w.s.m.m.a.RequestMappingHandlerMapping : Mapped "{[/getLastNamesForFirstAndLastName],methods=[POST]}" onto public java.lang.Object org.uhc.controller.GetNamesController.getLastNamesListByFirstAndLastNameAPI(org.uhc.envelop.request.GetNamesRequest)
2021-10-04 16:47:08.731  INFO chetuiwk0165 --- [           main] s.w.s.m.m.a.RequestMappingHandlerMapping : Mapped "{[/getLastNames],methods=[POST]}" onto public java.lang.Object org.uhc.controller.GetNamesController.getLastNamesListAPI(org.uhc.envelop.request.GetNamesRequest)
2021-10-04 16:47:08.732  INFO chetuiwk0165 --- [           main] s.w.s.m.m.a.RequestMappingHandlerMapping : Mapped "{[/getFirstNames],methods=[POST]}" onto public java.lang.Object org.uhc.controller.GetNamesController.getFirstNamesListAPI(org.uhc.envelop.request.GetNamesRequest)
2021-10-04 16:47:08.732  INFO chetuiwk0165 --- [           main] s.w.s.m.m.a.RequestMappingHandlerMapping : Mapped "{[/paymentBatch],methods=[POST]}" onto public java.lang.Object org.uhc.controller.GetPaymentBatchController.getPaymentBatchAPI()
2021-10-04 16:47:08.733  INFO chetuiwk0165 --- [           main] s.w.s.m.m.a.RequestMappingHandlerMapping : Mapped "{[/getScheduledPaymentList],methods=[POST]}" onto public java.lang.Object org.uhc.controller.GetScheduledPaymentListController.getScheduledPaymentListAPI()
2021-10-04 16:47:08.733  INFO chetuiwk0165 --- [           main] s.w.s.m.m.a.RequestMappingHandlerMapping : Mapped "{[/getStatisticDetails],methods=[POST]}" onto public java.lang.Object org.uhc.controller.GetStatisticDetailsController.getStatisticDetailsAPI(org.uhc.envelop.request.GetStatisticDetailsRequest)
2021-10-04 16:47:08.736  INFO chetuiwk0165 --- [           main] s.w.s.m.m.a.RequestMappingHandlerMapping : Mapped "{[/paymentAdvice],methods=[POST]}" onto public java.lang.Object org.uhc.controller.PaymentAdviceController.paymentAdviceAPI(org.uhc.envelop.request.PaymentAdviceReq)
2021-10-04 16:47:08.736  INFO chetuiwk0165 --- [           main] s.w.s.m.m.a.RequestMappingHandlerMapping : Mapped "{[/allPaymentAdvice],methods=[POST]}" onto public java.lang.Object org.uhc.controller.PaymentAdviceController.allPaymentAdviceAPI()
2021-10-04 16:47:08.737  INFO chetuiwk0165 --- [           main] s.w.s.m.m.a.RequestMappingHandlerMapping : Mapped "{[/updatePaymentAdviceType],methods=[POST]}" onto public java.lang.Object org.uhc.controller.PaymentAdviceController.updatePaymentAdviceTypeAPI(org.uhc.envelop.request.UpdatePaymentAdviceTypeReq)
2021-10-04 16:47:08.737  INFO chetuiwk0165 --- [           main] s.w.s.m.m.a.RequestMappingHandlerMapping : Mapped "{[/updatePaymentAdvice],methods=[POST]}" onto public java.lang.Object org.uhc.controller.PaymentAdviceController.updatePaymentAdviceAPI(org.uhc.envelop.request.UpdatePaymentAdviceReq)
2021-10-04 16:47:08.737  INFO chetuiwk0165 --- [           main] s.w.s.m.m.a.RequestMappingHandlerMapping : Mapped "{[/deletProcessAdvicePayment],methods=[POST]}" onto public java.lang.Object org.uhc.controller.PaymentAdviceController.deletProcessAdvicePaymentAPI(org.uhc.envelop.request.DeleteProcessAdvicePaymentReq)
2021-10-04 16:47:08.738  INFO chetuiwk0165 --- [           main] s.w.s.m.m.a.RequestMappingHandlerMapping : Mapped "{[/getPaymentsInProcess],methods=[POST]}" onto public java.lang.Object org.uhc.controller.PaymentsInProcessController.getPaymentsInProcessAPI()
2021-10-04 16:47:08.738  INFO chetuiwk0165 --- [           main] s.w.s.m.m.a.RequestMappingHandlerMapping : Mapped "{[/phonepayCheck/{loanNumber}],methods=[POST]}" onto public java.lang.Object org.uhc.controller.PhonepayCheckController.phonepayCheckAPI(long)
2021-10-04 16:47:08.740  INFO chetuiwk0165 --- [           main] s.w.s.m.m.a.RequestMappingHandlerMapping : Mapped "{[/getProcessPaymentsLetterNotificationList],methods=[POST]}" onto public java.lang.Object org.uhc.controller.ProcessPaymnetsController.getProcessPaymentsLetterNotificationListAPI(org.uhc.envelop.request.ProcessPaymentPrintLetterReq)
2021-10-04 16:47:08.740  INFO chetuiwk0165 --- [           main] s.w.s.m.m.a.RequestMappingHandlerMapping : Mapped "{[/getProcessPaymentsNotificationList],methods=[POST]}" onto public java.lang.Object org.uhc.controller.ProcessPaymnetsController.getProcessPaymentsNotificationListAPI(org.uhc.envelop.request.ProcessPaymentSendEmailReq)
2021-10-04 16:47:08.740  INFO chetuiwk0165 --- [           main] s.w.s.m.m.a.RequestMappingHandlerMapping : Mapped "{[/getProcessPaymentsList],methods=[POST]}" onto public java.lang.Object org.uhc.controller.ProcessPaymnetsController.getProcessPaymentsListAPI()
2021-10-04 16:47:08.741  INFO chetuiwk0165 --- [           main] s.w.s.m.m.a.RequestMappingHandlerMapping : Mapped "{[/researchPayment],methods=[POST]}" onto public java.lang.Object org.uhc.controller.ResearchPaymentController.researchPaymentInfoAPI(org.uhc.envelop.request.ResearchPaymentRequest)
2021-10-04 16:47:08.741  INFO chetuiwk0165 --- [           main] s.w.s.m.m.a.RequestMappingHandlerMapping : Mapped "{[/getResearchPaymentDetails],methods=[POST]}" onto public java.lang.Object org.uhc.controller.ResearchPaymentController.getResearchPaymentInfoAPI(org.uhc.envelop.request.GetResearchPaymentRequest)
2021-10-04 16:47:08.741  INFO chetuiwk0165 --- [           main] s.w.s.m.m.a.RequestMappingHandlerMapping : Mapped "{[/scheduleCheckPayment],methods=[POST]}" onto public java.lang.Object org.uhc.controller.ScheduledCheckPaymentController.scheduleCheckPaymentAPI(org.uhc.envelop.request.CheckPaymentRequest) throws java.lang.Exception
2021-10-04 16:47:08.742  INFO chetuiwk0165 --- [           main] s.w.s.m.m.a.RequestMappingHandlerMapping : Mapped "{[/validateUser],methods=[POST]}" onto public java.lang.Object org.uhc.controller.ValidateUserController.validateUserAPI(org.uhc.envelop.request.ValidateUserRequest)
2021-10-04 16:47:08.743  INFO chetuiwk0165 --- [           main] s.w.s.m.m.a.RequestMappingHandlerMapping : Mapped "{[/error]}" onto public org.springframework.http.ResponseEntity<java.util.Map<java.lang.String, java.lang.Object>> org.springframework.boot.autoconfigure.web.BasicErrorController.error(javax.servlet.http.HttpServletRequest)
2021-10-04 16:47:08.743  INFO chetuiwk0165 --- [           main] s.w.s.m.m.a.RequestMappingHandlerMapping : Mapped "{[/error],produces=[text/html]}" onto public org.springframework.web.servlet.ModelAndView org.springframework.boot.autoconfigure.web.BasicErrorController.errorHtml(javax.servlet.http.HttpServletRequest,javax.servlet.http.HttpServletResponse)
2021-10-04 16:47:08.762  INFO chetuiwk0165 --- [           main] o.s.w.s.h.SimpleUrlHandlerMapping        : Mapped URL path [/webjars/**] onto handler of type [class org.springframework.web.servlet.resource.ResourceHttpRequestHandler]
2021-10-04 16:47:08.762  INFO chetuiwk0165 --- [           main] o.s.w.s.h.SimpleUrlHandlerMapping        : Mapped URL path [/**] onto handler of type [class org.springframework.web.servlet.resource.ResourceHttpRequestHandler]
2021-10-04 16:47:08.784  INFO chetuiwk0165 --- [           main] o.s.w.s.h.SimpleUrlHandlerMapping        : Mapped URL path [/**/favicon.ico] onto handler of type [class org.springframework.web.servlet.resource.ResourceHttpRequestHandler]
2021-10-04 16:47:08.893  INFO chetuiwk0165 --- [           main] o.s.j.e.a.AnnotationMBeanExporter        : Registering beans for JMX exposure on startup
2021-10-04 16:47:08.907  INFO chetuiwk0165 --- [           main] o.a.c.h.Http11NioProtocol                : Initializing ProtocolHandler ["http-nio-8080"]
2021-10-04 16:47:08.916  INFO chetuiwk0165 --- [           main] o.a.c.h.Http11NioProtocol                : Starting ProtocolHandler ["http-nio-8080"]
2021-10-04 16:47:08.933  INFO chetuiwk0165 --- [           main] o.a.t.u.n.NioSelectorPool                : Using a shared selector for servlet write/read
2021-10-04 16:47:08.944  INFO chetuiwk0165 --- [           main] s.b.c.e.t.TomcatEmbeddedServletContainer : Tomcat started on port(s): 8080 (http)
2021-10-04 16:47:08.948  INFO chetuiwk0165 --- [           main] o.u.PhonePayAPIApplication               : Started PhonePayAPIApplication in 2.535 seconds (JVM running for 3.064)
