2021-09-30 14:51:24.629  INFO chetuiwk0165 --- [           main] o.u.PhonePayAPIApplication               : Starting PhonePayAPIApplication on chetuiwk0165 with PID 10544 (E:\UtahHousingCorp-MGLD\PhonePayWorkspace_12April\PhonePayBackend\target\classes started by pradeepy in E:\UtahHousingCorp-MGLD\PhonePayWorkspace_12April\PhonePayBackend)
2021-09-30 14:51:25.010  INFO chetuiwk0165 --- [           main] o.u.PhonePayAPIApplication               : No active profile set, falling back to default profiles: default
2021-09-30 14:51:26.109  INFO chetuiwk0165 --- [           main] ationConfigEmbeddedWebApplicationContext : Refreshing org.springframework.boot.context.embedded.AnnotationConfigEmbeddedWebApplicationContext@5542c4ed: startup date [Thu Sep 30 14:51:26 IST 2021]; root of context hierarchy
2021-09-30 14:51:27.871  INFO chetuiwk0165 --- [kground-preinit] o.h.v.i.u.Version                        : HV000001: Hibernate Validator 5.3.5.Final
2021-09-30 14:51:35.583  INFO chetuiwk0165 --- [           main] s.b.c.e.t.TomcatEmbeddedServletContainer : Tomcat initialized with port(s): 8080 (http)
2021-09-30 14:51:35.596  INFO chetuiwk0165 --- [           main] o.a.c.c.StandardService                  : Starting service [Tomcat]
2021-09-30 14:51:35.597  INFO chetuiwk0165 --- [           main] o.a.c.c.StandardEngine                   : Starting Servlet Engine: Apache Tomcat/8.5.16
2021-09-30 14:51:35.686  INFO chetuiwk0165 --- [ost-startStop-1] o.a.c.c.C.[.[.[/]                        : Initializing Spring embedded WebApplicationContext
2021-09-30 14:51:35.686  INFO chetuiwk0165 --- [ost-startStop-1] o.s.w.c.ContextLoader                    : Root WebApplicationContext: initialization completed in 9580 ms
2021-09-30 14:51:35.798  INFO chetuiwk0165 --- [ost-startStop-1] o.s.b.w.s.FilterRegistrationBean         : Mapping filter: 'CORSFilter' to: [/*]
2021-09-30 14:51:35.799  INFO chetuiwk0165 --- [ost-startStop-1] o.s.b.w.s.FilterRegistrationBean         : Mapping filter: 'characterEncodingFilter' to: [/*]
2021-09-30 14:51:35.799  INFO chetuiwk0165 --- [ost-startStop-1] o.s.b.w.s.FilterRegistrationBean         : Mapping filter: 'hiddenHttpMethodFilter' to: [/*]
2021-09-30 14:51:35.799  INFO chetuiwk0165 --- [ost-startStop-1] o.s.b.w.s.FilterRegistrationBean         : Mapping filter: 'httpPutFormContentFilter' to: [/*]
2021-09-30 14:51:35.799  INFO chetuiwk0165 --- [ost-startStop-1] o.s.b.w.s.FilterRegistrationBean         : Mapping filter: 'requestContextFilter' to: [/*]
2021-09-30 14:51:35.800  INFO chetuiwk0165 --- [ost-startStop-1] .s.DelegatingFilterProxyRegistrationBean : Mapping filter: 'springSecurityFilterChain' to: [/*]
2021-09-30 14:51:35.800  INFO chetuiwk0165 --- [ost-startStop-1] o.s.b.w.s.ServletRegistrationBean        : Mapping servlet: 'dispatcherServlet' to [/]
2021-09-30 14:51:36.188  INFO chetuiwk0165 --- [           main] b.a.s.AuthenticationManagerConfiguration : 

Using default security password: e46899e7-50a6-4564-890b-09d4476adba5

2021-09-30 14:51:36.277  INFO chetuiwk0165 --- [           main] o.s.s.w.DefaultSecurityFilterChain       : Creating filter chain: org.springframework.security.web.util.matcher.AnyRequestMatcher@1, [org.springframework.security.web.context.request.async.WebAsyncManagerIntegrationFilter@10bd9df0, org.springframework.security.web.context.SecurityContextPersistenceFilter@b2f4ece, org.springframework.security.web.header.HeaderWriterFilter@2eaef76d, org.springframework.security.web.authentication.logout.LogoutFilter@39008c9f, org.springframework.security.web.savedrequest.RequestCacheAwareFilter@7dff6d05, org.springframework.security.web.servletapi.SecurityContextHolderAwareRequestFilter@a33b4e3, org.springframework.security.web.authentication.AnonymousAuthenticationFilter@3ae0b770, org.springframework.security.web.session.SessionManagementFilter@72d0f2b4, org.springframework.security.web.access.ExceptionTranslationFilter@19b047fe, org.springframework.security.web.access.intercept.FilterSecurityInterceptor@43f61afb]
2021-09-30 14:51:36.412  INFO chetuiwk0165 --- [           main] s.w.s.m.m.a.RequestMappingHandlerAdapter : Looking for @ControllerAdvice: org.springframework.boot.context.embedded.AnnotationConfigEmbeddedWebApplicationContext@5542c4ed: startup date [Thu Sep 30 14:51:26 IST 2021]; root of context hierarchy
2021-09-30 14:51:36.460  INFO chetuiwk0165 --- [           main] s.w.s.m.m.a.RequestMappingHandlerMapping : Mapped "{[/bankingInfo],methods=[POST]}" onto public java.lang.Object org.uhc.controller.BankingInfoController.bankingInfoAPI(org.uhc.envelop.request.BankingInfoRequest)
2021-09-30 14:51:36.462  INFO chetuiwk0165 --- [           main] s.w.s.m.m.a.RequestMappingHandlerMapping : Mapped "{[/cancelPayment],methods=[POST]}" onto public java.lang.Object org.uhc.controller.CancelPaymentController.cancelPaymentAPI(org.uhc.envelop.request.CancelPaymentRequest)
2021-09-30 14:51:36.462  INFO chetuiwk0165 --- [           main] s.w.s.m.m.a.RequestMappingHandlerMapping : Mapped "{[/isLoanExistStopFile/{loanNumber}],methods=[POST]}" onto public java.lang.Object org.uhc.controller.CheckStopFileExistanceController.isLoanAccountInStopFileAPI(long)
2021-09-30 14:51:36.464  INFO chetuiwk0165 --- [           main] s.w.s.m.m.a.RequestMappingHandlerMapping : Mapped "{[/getFirstNamesForFirstAndLastName],methods=[POST]}" onto public java.lang.Object org.uhc.controller.GetNamesController.getFirstNamesListByFirstAndLastNameAPI(org.uhc.envelop.request.GetNamesRequest)
2021-09-30 14:51:36.464  INFO chetuiwk0165 --- [           main] s.w.s.m.m.a.RequestMappingHandlerMapping : Mapped "{[/getFirstAndLastNamesListForAutocomplete],methods=[POST]}" onto public java.lang.Object org.uhc.controller.GetNamesController.getFirstAndLastNamesListForAutocompleteAPI(org.uhc.envelop.request.GetNamesRequest)
2021-09-30 14:51:36.464  INFO chetuiwk0165 --- [           main] s.w.s.m.m.a.RequestMappingHandlerMapping : Mapped "{[/getLastNamesForFirstAndLastName],methods=[POST]}" onto public java.lang.Object org.uhc.controller.GetNamesController.getLastNamesListByFirstAndLastNameAPI(org.uhc.envelop.request.GetNamesRequest)
2021-09-30 14:51:36.465  INFO chetuiwk0165 --- [           main] s.w.s.m.m.a.RequestMappingHandlerMapping : Mapped "{[/getFirstNames],methods=[POST]}" onto public java.lang.Object org.uhc.controller.GetNamesController.getFirstNamesListAPI(org.uhc.envelop.request.GetNamesRequest)
2021-09-30 14:51:36.465  INFO chetuiwk0165 --- [           main] s.w.s.m.m.a.RequestMappingHandlerMapping : Mapped "{[/getLastNames],methods=[POST]}" onto public java.lang.Object org.uhc.controller.GetNamesController.getLastNamesListAPI(org.uhc.envelop.request.GetNamesRequest)
2021-09-30 14:51:36.466  INFO chetuiwk0165 --- [           main] s.w.s.m.m.a.RequestMappingHandlerMapping : Mapped "{[/paymentBatch],methods=[POST]}" onto public java.lang.Object org.uhc.controller.GetPaymentBatchController.getPaymentBatchAPI()
2021-09-30 14:51:36.467  INFO chetuiwk0165 --- [           main] s.w.s.m.m.a.RequestMappingHandlerMapping : Mapped "{[/getScheduledPaymentList],methods=[POST]}" onto public java.lang.Object org.uhc.controller.GetScheduledPaymentListController.getScheduledPaymentListAPI()
2021-09-30 14:51:36.467  INFO chetuiwk0165 --- [           main] s.w.s.m.m.a.RequestMappingHandlerMapping : Mapped "{[/getStatisticDetails],methods=[POST]}" onto public java.lang.Object org.uhc.controller.GetStatisticDetailsController.getStatisticDetailsAPI(org.uhc.envelop.request.GetStatisticDetailsRequest)
2021-09-30 14:51:36.470  INFO chetuiwk0165 --- [           main] s.w.s.m.m.a.RequestMappingHandlerMapping : Mapped "{[/updatePaymentAdvice],methods=[POST]}" onto public java.lang.Object org.uhc.controller.PaymentAdviceController.updatePaymentAdviceAPI(org.uhc.envelop.request.UpdatePaymentAdviceReq)
2021-09-30 14:51:36.471  INFO chetuiwk0165 --- [           main] s.w.s.m.m.a.RequestMappingHandlerMapping : Mapped "{[/updatePaymentAdviceType],methods=[POST]}" onto public java.lang.Object org.uhc.controller.PaymentAdviceController.updatePaymentAdviceTypeAPI(org.uhc.envelop.request.UpdatePaymentAdviceTypeReq)
2021-09-30 14:51:36.471  INFO chetuiwk0165 --- [           main] s.w.s.m.m.a.RequestMappingHandlerMapping : Mapped "{[/deletProcessAdvicePayment],methods=[POST]}" onto public java.lang.Object org.uhc.controller.PaymentAdviceController.deletProcessAdvicePaymentAPI(org.uhc.envelop.request.DeleteProcessAdvicePaymentReq)
2021-09-30 14:51:36.472  INFO chetuiwk0165 --- [           main] s.w.s.m.m.a.RequestMappingHandlerMapping : Mapped "{[/allPaymentAdvice],methods=[POST]}" onto public java.lang.Object org.uhc.controller.PaymentAdviceController.allPaymentAdviceAPI()
2021-09-30 14:51:36.472  INFO chetuiwk0165 --- [           main] s.w.s.m.m.a.RequestMappingHandlerMapping : Mapped "{[/paymentAdvice],methods=[POST]}" onto public java.lang.Object org.uhc.controller.PaymentAdviceController.paymentAdviceAPI(org.uhc.envelop.request.PaymentAdviceReq)
2021-09-30 14:51:36.472  INFO chetuiwk0165 --- [           main] s.w.s.m.m.a.RequestMappingHandlerMapping : Mapped "{[/getPaymentsInProcess],methods=[POST]}" onto public java.lang.Object org.uhc.controller.PaymentsInProcessController.getPaymentsInProcessAPI()
2021-09-30 14:51:36.473  INFO chetuiwk0165 --- [           main] s.w.s.m.m.a.RequestMappingHandlerMapping : Mapped "{[/phonepayCheck/{loanNumber}],methods=[POST]}" onto public java.lang.Object org.uhc.controller.PhonepayCheckController.phonepayCheckAPI(long)
2021-09-30 14:51:36.475  INFO chetuiwk0165 --- [           main] s.w.s.m.m.a.RequestMappingHandlerMapping : Mapped "{[/getProcessPaymentsNotificationList],methods=[POST]}" onto public java.lang.Object org.uhc.controller.ProcessPaymnetsController.getProcessPaymentsNotificationListAPI(org.uhc.envelop.request.ProcessPaymentSendEmailReq)
2021-09-30 14:51:36.476  INFO chetuiwk0165 --- [           main] s.w.s.m.m.a.RequestMappingHandlerMapping : Mapped "{[/getProcessPaymentsLetterNotificationList],methods=[POST]}" onto public java.lang.Object org.uhc.controller.ProcessPaymnetsController.getProcessPaymentsLetterNotificationListAPI(org.uhc.envelop.request.ProcessPaymentPrintLetterReq)
2021-09-30 14:51:36.476  INFO chetuiwk0165 --- [           main] s.w.s.m.m.a.RequestMappingHandlerMapping : Mapped "{[/getProcessPaymentsList],methods=[POST]}" onto public java.lang.Object org.uhc.controller.ProcessPaymnetsController.getProcessPaymentsListAPI()
2021-09-30 14:51:36.476  INFO chetuiwk0165 --- [           main] s.w.s.m.m.a.RequestMappingHandlerMapping : Mapped "{[/researchPayment],methods=[POST]}" onto public java.lang.Object org.uhc.controller.ResearchPaymentController.researchPaymentInfoAPI(org.uhc.envelop.request.ResearchPaymentRequest)
2021-09-30 14:51:36.477  INFO chetuiwk0165 --- [           main] s.w.s.m.m.a.RequestMappingHandlerMapping : Mapped "{[/getResearchPaymentDetails],methods=[POST]}" onto public java.lang.Object org.uhc.controller.ResearchPaymentController.getResearchPaymentInfoAPI(org.uhc.envelop.request.GetResearchPaymentRequest)
2021-09-30 14:51:36.477  INFO chetuiwk0165 --- [           main] s.w.s.m.m.a.RequestMappingHandlerMapping : Mapped "{[/scheduleCheckPayment],methods=[POST]}" onto public java.lang.Object org.uhc.controller.ScheduledCheckPaymentController.scheduleCheckPaymentAPI(org.uhc.envelop.request.CheckPaymentRequest) throws java.lang.Exception
2021-09-30 14:51:36.477  INFO chetuiwk0165 --- [           main] s.w.s.m.m.a.RequestMappingHandlerMapping : Mapped "{[/validateUser],methods=[POST]}" onto public java.lang.Object org.uhc.controller.ValidateUserController.validateUserAPI(org.uhc.envelop.request.ValidateUserRequest)
2021-09-30 14:51:36.478  INFO chetuiwk0165 --- [           main] s.w.s.m.m.a.RequestMappingHandlerMapping : Mapped "{[/error]}" onto public org.springframework.http.ResponseEntity<java.util.Map<java.lang.String, java.lang.Object>> org.springframework.boot.autoconfigure.web.BasicErrorController.error(javax.servlet.http.HttpServletRequest)
2021-09-30 14:51:36.479  INFO chetuiwk0165 --- [           main] s.w.s.m.m.a.RequestMappingHandlerMapping : Mapped "{[/error],produces=[text/html]}" onto public org.springframework.web.servlet.ModelAndView org.springframework.boot.autoconfigure.web.BasicErrorController.errorHtml(javax.servlet.http.HttpServletRequest,javax.servlet.http.HttpServletResponse)
2021-09-30 14:51:36.493  INFO chetuiwk0165 --- [           main] o.s.w.s.h.SimpleUrlHandlerMapping        : Mapped URL path [/webjars/**] onto handler of type [class org.springframework.web.servlet.resource.ResourceHttpRequestHandler]
2021-09-30 14:51:36.493  INFO chetuiwk0165 --- [           main] o.s.w.s.h.SimpleUrlHandlerMapping        : Mapped URL path [/**] onto handler of type [class org.springframework.web.servlet.resource.ResourceHttpRequestHandler]
2021-09-30 14:51:36.513  INFO chetuiwk0165 --- [           main] o.s.w.s.h.SimpleUrlHandlerMapping        : Mapped URL path [/**/favicon.ico] onto handler of type [class org.springframework.web.servlet.resource.ResourceHttpRequestHandler]
2021-09-30 14:51:36.627  INFO chetuiwk0165 --- [           main] o.s.j.e.a.AnnotationMBeanExporter        : Registering beans for JMX exposure on startup
2021-09-30 14:51:36.638  INFO chetuiwk0165 --- [           main] o.a.c.h.Http11NioProtocol                : Initializing ProtocolHandler ["http-nio-8080"]
2021-09-30 14:51:36.645  INFO chetuiwk0165 --- [           main] o.a.c.h.Http11NioProtocol                : Starting ProtocolHandler ["http-nio-8080"]
2021-09-30 14:51:36.654  INFO chetuiwk0165 --- [           main] o.a.t.u.n.NioSelectorPool                : Using a shared selector for servlet write/read
2021-09-30 14:51:36.746  INFO chetuiwk0165 --- [           main] s.b.c.e.t.TomcatEmbeddedServletContainer : Tomcat started on port(s): 8080 (http)
2021-09-30 14:51:36.748  INFO chetuiwk0165 --- [           main] o.u.PhonePayAPIApplication               : Started PhonePayAPIApplication in 14.681 seconds (JVM running for 15.268)
2021-09-30 18:17:22.480  INFO chetuiwk0165 --- [           main] o.u.PhonePayAPIApplication               : Starting PhonePayAPIApplication on chetuiwk0165 with PID 19156 (E:\UtahHousingCorp-MGLD\PhonePayWorkspace_12April\PhonePayBackend\target\classes started by pradeepy in E:\UtahHousingCorp-MGLD\PhonePayWorkspace_12April\PhonePayBackend)
2021-09-30 18:17:22.483  INFO chetuiwk0165 --- [           main] o.u.PhonePayAPIApplication               : No active profile set, falling back to default profiles: default
2021-09-30 18:17:22.514  INFO chetuiwk0165 --- [           main] ationConfigEmbeddedWebApplicationContext : Refreshing org.springframework.boot.context.embedded.AnnotationConfigEmbeddedWebApplicationContext@5542c4ed: startup date [Thu Sep 30 18:17:22 IST 2021]; root of context hierarchy
2021-09-30 18:17:22.645  INFO chetuiwk0165 --- [kground-preinit] o.h.v.i.u.Version                        : HV000001: Hibernate Validator 5.3.5.Final
2021-09-30 18:17:23.728  INFO chetuiwk0165 --- [           main] s.b.c.e.t.TomcatEmbeddedServletContainer : Tomcat initialized with port(s): 8080 (http)
2021-09-30 18:17:23.739  INFO chetuiwk0165 --- [           main] o.a.c.c.StandardService                  : Starting service [Tomcat]
2021-09-30 18:17:23.740  INFO chetuiwk0165 --- [           main] o.a.c.c.StandardEngine                   : Starting Servlet Engine: Apache Tomcat/8.5.16
2021-09-30 18:17:23.823  INFO chetuiwk0165 --- [ost-startStop-1] o.a.c.c.C.[.[.[/]                        : Initializing Spring embedded WebApplicationContext
2021-09-30 18:17:23.823  INFO chetuiwk0165 --- [ost-startStop-1] o.s.w.c.ContextLoader                    : Root WebApplicationContext: initialization completed in 1310 ms
2021-09-30 18:17:23.932  INFO chetuiwk0165 --- [ost-startStop-1] o.s.b.w.s.FilterRegistrationBean         : Mapping filter: 'CORSFilter' to: [/*]
2021-09-30 18:17:23.933  INFO chetuiwk0165 --- [ost-startStop-1] o.s.b.w.s.FilterRegistrationBean         : Mapping filter: 'characterEncodingFilter' to: [/*]
2021-09-30 18:17:23.933  INFO chetuiwk0165 --- [ost-startStop-1] o.s.b.w.s.FilterRegistrationBean         : Mapping filter: 'hiddenHttpMethodFilter' to: [/*]
2021-09-30 18:17:23.933  INFO chetuiwk0165 --- [ost-startStop-1] o.s.b.w.s.FilterRegistrationBean         : Mapping filter: 'httpPutFormContentFilter' to: [/*]
2021-09-30 18:17:23.933  INFO chetuiwk0165 --- [ost-startStop-1] o.s.b.w.s.FilterRegistrationBean         : Mapping filter: 'requestContextFilter' to: [/*]
2021-09-30 18:17:23.934  INFO chetuiwk0165 --- [ost-startStop-1] .s.DelegatingFilterProxyRegistrationBean : Mapping filter: 'springSecurityFilterChain' to: [/*]
2021-09-30 18:17:23.934  INFO chetuiwk0165 --- [ost-startStop-1] o.s.b.w.s.ServletRegistrationBean        : Mapping servlet: 'dispatcherServlet' to [/]
2021-09-30 18:17:24.301  INFO chetuiwk0165 --- [           main] b.a.s.AuthenticationManagerConfiguration : 

Using default security password: 60e54d46-866c-4ac6-b533-4a01fcda76eb

2021-09-30 18:17:24.392  INFO chetuiwk0165 --- [           main] o.s.s.w.DefaultSecurityFilterChain       : Creating filter chain: org.springframework.security.web.util.matcher.AnyRequestMatcher@1, [org.springframework.security.web.context.request.async.WebAsyncManagerIntegrationFilter@36fcf6c0, org.springframework.security.web.context.SecurityContextPersistenceFilter@68f32020, org.springframework.security.web.header.HeaderWriterFilter@4ca8dbfa, org.springframework.security.web.authentication.logout.LogoutFilter@41fed14f, org.springframework.security.web.savedrequest.RequestCacheAwareFilter@19b047fe, org.springframework.security.web.servletapi.SecurityContextHolderAwareRequestFilter@34819867, org.springframework.security.web.authentication.AnonymousAuthenticationFilter@1aac188d, org.springframework.security.web.session.SessionManagementFilter@71cb3139, org.springframework.security.web.access.ExceptionTranslationFilter@dab48d3, org.springframework.security.web.access.intercept.FilterSecurityInterceptor@6ab4ba9f]
2021-09-30 18:17:24.522  INFO chetuiwk0165 --- [           main] s.w.s.m.m.a.RequestMappingHandlerAdapter : Looking for @ControllerAdvice: org.springframework.boot.context.embedded.AnnotationConfigEmbeddedWebApplicationContext@5542c4ed: startup date [Thu Sep 30 18:17:22 IST 2021]; root of context hierarchy
2021-09-30 18:17:24.570  INFO chetuiwk0165 --- [           main] s.w.s.m.m.a.RequestMappingHandlerMapping : Mapped "{[/bankingInfo],methods=[POST]}" onto public java.lang.Object org.uhc.controller.BankingInfoController.bankingInfoAPI(org.uhc.envelop.request.BankingInfoRequest)
2021-09-30 18:17:24.572  INFO chetuiwk0165 --- [           main] s.w.s.m.m.a.RequestMappingHandlerMapping : Mapped "{[/cancelPayment],methods=[POST]}" onto public java.lang.Object org.uhc.controller.CancelPaymentController.cancelPaymentAPI(org.uhc.envelop.request.CancelPaymentRequest)
2021-09-30 18:17:24.573  INFO chetuiwk0165 --- [           main] s.w.s.m.m.a.RequestMappingHandlerMapping : Mapped "{[/isLoanExistStopFile/{loanNumber}],methods=[POST]}" onto public java.lang.Object org.uhc.controller.CheckStopFileExistanceController.isLoanAccountInStopFileAPI(long)
2021-09-30 18:17:24.574  INFO chetuiwk0165 --- [           main] s.w.s.m.m.a.RequestMappingHandlerMapping : Mapped "{[/getLastNames],methods=[POST]}" onto public java.lang.Object org.uhc.controller.GetNamesController.getLastNamesListAPI(org.uhc.envelop.request.GetNamesRequest)
2021-09-30 18:17:24.574  INFO chetuiwk0165 --- [           main] s.w.s.m.m.a.RequestMappingHandlerMapping : Mapped "{[/getFirstNames],methods=[POST]}" onto public java.lang.Object org.uhc.controller.GetNamesController.getFirstNamesListAPI(org.uhc.envelop.request.GetNamesRequest)
2021-09-30 18:17:24.574  INFO chetuiwk0165 --- [           main] s.w.s.m.m.a.RequestMappingHandlerMapping : Mapped "{[/getFirstAndLastNamesListForAutocomplete],methods=[POST]}" onto public java.lang.Object org.uhc.controller.GetNamesController.getFirstAndLastNamesListForAutocompleteAPI(org.uhc.envelop.request.GetNamesRequest)
2021-09-30 18:17:24.574  INFO chetuiwk0165 --- [           main] s.w.s.m.m.a.RequestMappingHandlerMapping : Mapped "{[/getLastNamesForFirstAndLastName],methods=[POST]}" onto public java.lang.Object org.uhc.controller.GetNamesController.getLastNamesListByFirstAndLastNameAPI(org.uhc.envelop.request.GetNamesRequest)
2021-09-30 18:17:24.575  INFO chetuiwk0165 --- [           main] s.w.s.m.m.a.RequestMappingHandlerMapping : Mapped "{[/getFirstNamesForFirstAndLastName],methods=[POST]}" onto public java.lang.Object org.uhc.controller.GetNamesController.getFirstNamesListByFirstAndLastNameAPI(org.uhc.envelop.request.GetNamesRequest)
2021-09-30 18:17:24.575  INFO chetuiwk0165 --- [           main] s.w.s.m.m.a.RequestMappingHandlerMapping : Mapped "{[/paymentBatch],methods=[POST]}" onto public java.lang.Object org.uhc.controller.GetPaymentBatchController.getPaymentBatchAPI()
2021-09-30 18:17:24.576  INFO chetuiwk0165 --- [           main] s.w.s.m.m.a.RequestMappingHandlerMapping : Mapped "{[/getScheduledPaymentList],methods=[POST]}" onto public java.lang.Object org.uhc.controller.GetScheduledPaymentListController.getScheduledPaymentListAPI()
2021-09-30 18:17:24.576  INFO chetuiwk0165 --- [           main] s.w.s.m.m.a.RequestMappingHandlerMapping : Mapped "{[/getStatisticDetails],methods=[POST]}" onto public java.lang.Object org.uhc.controller.GetStatisticDetailsController.getStatisticDetailsAPI(org.uhc.envelop.request.GetStatisticDetailsRequest)
2021-09-30 18:17:24.578  INFO chetuiwk0165 --- [           main] s.w.s.m.m.a.RequestMappingHandlerMapping : Mapped "{[/paymentAdvice],methods=[POST]}" onto public java.lang.Object org.uhc.controller.PaymentAdviceController.paymentAdviceAPI(org.uhc.envelop.request.PaymentAdviceReq)
2021-09-30 18:17:24.578  INFO chetuiwk0165 --- [           main] s.w.s.m.m.a.RequestMappingHandlerMapping : Mapped "{[/updatePaymentAdvice],methods=[POST]}" onto public java.lang.Object org.uhc.controller.PaymentAdviceController.updatePaymentAdviceAPI(org.uhc.envelop.request.UpdatePaymentAdviceReq)
2021-09-30 18:17:24.579  INFO chetuiwk0165 --- [           main] s.w.s.m.m.a.RequestMappingHandlerMapping : Mapped "{[/allPaymentAdvice],methods=[POST]}" onto public java.lang.Object org.uhc.controller.PaymentAdviceController.allPaymentAdviceAPI()
2021-09-30 18:17:24.579  INFO chetuiwk0165 --- [           main] s.w.s.m.m.a.RequestMappingHandlerMapping : Mapped "{[/deletProcessAdvicePayment],methods=[POST]}" onto public java.lang.Object org.uhc.controller.PaymentAdviceController.deletProcessAdvicePaymentAPI(org.uhc.envelop.request.DeleteProcessAdvicePaymentReq)
2021-09-30 18:17:24.579  INFO chetuiwk0165 --- [           main] s.w.s.m.m.a.RequestMappingHandlerMapping : Mapped "{[/updatePaymentAdviceType],methods=[POST]}" onto public java.lang.Object org.uhc.controller.PaymentAdviceController.updatePaymentAdviceTypeAPI(org.uhc.envelop.request.UpdatePaymentAdviceTypeReq)
2021-09-30 18:17:24.580  INFO chetuiwk0165 --- [           main] s.w.s.m.m.a.RequestMappingHandlerMapping : Mapped "{[/getPaymentsInProcess],methods=[POST]}" onto public java.lang.Object org.uhc.controller.PaymentsInProcessController.getPaymentsInProcessAPI()
2021-09-30 18:17:24.580  INFO chetuiwk0165 --- [           main] s.w.s.m.m.a.RequestMappingHandlerMapping : Mapped "{[/phonepayCheck/{loanNumber}],methods=[POST]}" onto public java.lang.Object org.uhc.controller.PhonepayCheckController.phonepayCheckAPI(long)
2021-09-30 18:17:24.582  INFO chetuiwk0165 --- [           main] s.w.s.m.m.a.RequestMappingHandlerMapping : Mapped "{[/getProcessPaymentsNotificationList],methods=[POST]}" onto public java.lang.Object org.uhc.controller.ProcessPaymnetsController.getProcessPaymentsNotificationListAPI(org.uhc.envelop.request.ProcessPaymentSendEmailReq)
2021-09-30 18:17:24.582  INFO chetuiwk0165 --- [           main] s.w.s.m.m.a.RequestMappingHandlerMapping : Mapped "{[/getProcessPaymentsLetterNotificationList],methods=[POST]}" onto public java.lang.Object org.uhc.controller.ProcessPaymnetsController.getProcessPaymentsLetterNotificationListAPI(org.uhc.envelop.request.ProcessPaymentPrintLetterReq)
2021-09-30 18:17:24.582  INFO chetuiwk0165 --- [           main] s.w.s.m.m.a.RequestMappingHandlerMapping : Mapped "{[/getProcessPaymentsList],methods=[POST]}" onto public java.lang.Object org.uhc.controller.ProcessPaymnetsController.getProcessPaymentsListAPI()
2021-09-30 18:17:24.583  INFO chetuiwk0165 --- [           main] s.w.s.m.m.a.RequestMappingHandlerMapping : Mapped "{[/researchPayment],methods=[POST]}" onto public java.lang.Object org.uhc.controller.ResearchPaymentController.researchPaymentInfoAPI(org.uhc.envelop.request.ResearchPaymentRequest)
2021-09-30 18:17:24.583  INFO chetuiwk0165 --- [           main] s.w.s.m.m.a.RequestMappingHandlerMapping : Mapped "{[/getResearchPaymentDetails],methods=[POST]}" onto public java.lang.Object org.uhc.controller.ResearchPaymentController.getResearchPaymentInfoAPI(org.uhc.envelop.request.GetResearchPaymentRequest)
2021-09-30 18:17:24.583  INFO chetuiwk0165 --- [           main] s.w.s.m.m.a.RequestMappingHandlerMapping : Mapped "{[/scheduleCheckPayment],methods=[POST]}" onto public java.lang.Object org.uhc.controller.ScheduledCheckPaymentController.scheduleCheckPaymentAPI(org.uhc.envelop.request.CheckPaymentRequest) throws java.lang.Exception
2021-09-30 18:17:24.584  INFO chetuiwk0165 --- [           main] s.w.s.m.m.a.RequestMappingHandlerMapping : Mapped "{[/validateUser],methods=[POST]}" onto public java.lang.Object org.uhc.controller.ValidateUserController.validateUserAPI(org.uhc.envelop.request.ValidateUserRequest)
2021-09-30 18:17:24.585  INFO chetuiwk0165 --- [           main] s.w.s.m.m.a.RequestMappingHandlerMapping : Mapped "{[/error]}" onto public org.springframework.http.ResponseEntity<java.util.Map<java.lang.String, java.lang.Object>> org.springframework.boot.autoconfigure.web.BasicErrorController.error(javax.servlet.http.HttpServletRequest)
2021-09-30 18:17:24.585  INFO chetuiwk0165 --- [           main] s.w.s.m.m.a.RequestMappingHandlerMapping : Mapped "{[/error],produces=[text/html]}" onto public org.springframework.web.servlet.ModelAndView org.springframework.boot.autoconfigure.web.BasicErrorController.errorHtml(javax.servlet.http.HttpServletRequest,javax.servlet.http.HttpServletResponse)
2021-09-30 18:17:24.602  INFO chetuiwk0165 --- [           main] o.s.w.s.h.SimpleUrlHandlerMapping        : Mapped URL path [/webjars/**] onto handler of type [class org.springframework.web.servlet.resource.ResourceHttpRequestHandler]
2021-09-30 18:17:24.602  INFO chetuiwk0165 --- [           main] o.s.w.s.h.SimpleUrlHandlerMapping        : Mapped URL path [/**] onto handler of type [class org.springframework.web.servlet.resource.ResourceHttpRequestHandler]
2021-09-30 18:17:24.625  INFO chetuiwk0165 --- [           main] o.s.w.s.h.SimpleUrlHandlerMapping        : Mapped URL path [/**/favicon.ico] onto handler of type [class org.springframework.web.servlet.resource.ResourceHttpRequestHandler]
2021-09-30 18:17:24.712  INFO chetuiwk0165 --- [           main] o.s.j.e.a.AnnotationMBeanExporter        : Registering beans for JMX exposure on startup
2021-09-30 18:17:24.722  INFO chetuiwk0165 --- [           main] o.a.c.h.Http11NioProtocol                : Initializing ProtocolHandler ["http-nio-8080"]
2021-09-30 18:17:24.729  INFO chetuiwk0165 --- [           main] o.a.c.h.Http11NioProtocol                : Starting ProtocolHandler ["http-nio-8080"]
2021-09-30 18:17:24.739  INFO chetuiwk0165 --- [           main] o.a.t.u.n.NioSelectorPool                : Using a shared selector for servlet write/read
2021-09-30 18:17:24.750  INFO chetuiwk0165 --- [           main] s.b.c.e.t.TomcatEmbeddedServletContainer : Tomcat started on port(s): 8080 (http)
2021-09-30 18:17:24.807  INFO chetuiwk0165 --- [           main] o.u.PhonePayAPIApplication               : Started PhonePayAPIApplication in 2.503 seconds (JVM running for 3.113)
2021-09-30 19:43:27.078  INFO chetuiwk0165 --- [           main] o.u.PhonePayAPIApplication               : Starting PhonePayAPIApplication on chetuiwk0165 with PID 15492 (E:\UtahHousingCorp-MGLD\PhonePayWorkspace_12April\PhonePayBackend\target\classes started by pradeepy in E:\UtahHousingCorp-MGLD\PhonePayWorkspace_12April\PhonePayBackend)
2021-09-30 19:43:27.082  INFO chetuiwk0165 --- [           main] o.u.PhonePayAPIApplication               : No active profile set, falling back to default profiles: default
2021-09-30 19:43:27.114  INFO chetuiwk0165 --- [           main] ationConfigEmbeddedWebApplicationContext : Refreshing org.springframework.boot.context.embedded.AnnotationConfigEmbeddedWebApplicationContext@5542c4ed: startup date [Thu Sep 30 19:43:27 IST 2021]; root of context hierarchy
2021-09-30 19:43:27.271  INFO chetuiwk0165 --- [kground-preinit] o.h.v.i.u.Version                        : HV000001: Hibernate Validator 5.3.5.Final
2021-09-30 19:43:28.367  INFO chetuiwk0165 --- [           main] s.b.c.e.t.TomcatEmbeddedServletContainer : Tomcat initialized with port(s): 8080 (http)
2021-09-30 19:43:28.380  INFO chetuiwk0165 --- [           main] o.a.c.c.StandardService                  : Starting service [Tomcat]
2021-09-30 19:43:28.381  INFO chetuiwk0165 --- [           main] o.a.c.c.StandardEngine                   : Starting Servlet Engine: Apache Tomcat/8.5.16
2021-09-30 19:43:28.467  INFO chetuiwk0165 --- [ost-startStop-1] o.a.c.c.C.[.[.[/]                        : Initializing Spring embedded WebApplicationContext
2021-09-30 19:43:28.467  INFO chetuiwk0165 --- [ost-startStop-1] o.s.w.c.ContextLoader                    : Root WebApplicationContext: initialization completed in 1355 ms
2021-09-30 19:43:28.580  INFO chetuiwk0165 --- [ost-startStop-1] o.s.b.w.s.FilterRegistrationBean         : Mapping filter: 'CORSFilter' to: [/*]
2021-09-30 19:43:28.580  INFO chetuiwk0165 --- [ost-startStop-1] o.s.b.w.s.FilterRegistrationBean         : Mapping filter: 'characterEncodingFilter' to: [/*]
2021-09-30 19:43:28.580  INFO chetuiwk0165 --- [ost-startStop-1] o.s.b.w.s.FilterRegistrationBean         : Mapping filter: 'hiddenHttpMethodFilter' to: [/*]
2021-09-30 19:43:28.580  INFO chetuiwk0165 --- [ost-startStop-1] o.s.b.w.s.FilterRegistrationBean         : Mapping filter: 'httpPutFormContentFilter' to: [/*]
2021-09-30 19:43:28.581  INFO chetuiwk0165 --- [ost-startStop-1] o.s.b.w.s.FilterRegistrationBean         : Mapping filter: 'requestContextFilter' to: [/*]
2021-09-30 19:43:28.581  INFO chetuiwk0165 --- [ost-startStop-1] .s.DelegatingFilterProxyRegistrationBean : Mapping filter: 'springSecurityFilterChain' to: [/*]
2021-09-30 19:43:28.582  INFO chetuiwk0165 --- [ost-startStop-1] o.s.b.w.s.ServletRegistrationBean        : Mapping servlet: 'dispatcherServlet' to [/]
2021-09-30 19:43:28.948  INFO chetuiwk0165 --- [           main] b.a.s.AuthenticationManagerConfiguration : 

Using default security password: 00c83356-ceb0-4216-b3d1-289de30c624f

2021-09-30 19:43:29.048  INFO chetuiwk0165 --- [           main] o.s.s.w.DefaultSecurityFilterChain       : Creating filter chain: org.springframework.security.web.util.matcher.AnyRequestMatcher@1, [org.springframework.security.web.context.request.async.WebAsyncManagerIntegrationFilter@664e5dee, org.springframework.security.web.context.SecurityContextPersistenceFilter@7063686f, org.springframework.security.web.header.HeaderWriterFilter@4315e9af, org.springframework.security.web.authentication.logout.LogoutFilter@72d0f2b4, org.springframework.security.web.savedrequest.RequestCacheAwareFilter@76f856a8, org.springframework.security.web.servletapi.SecurityContextHolderAwareRequestFilter@3491e86e, org.springframework.security.web.authentication.AnonymousAuthenticationFilter@431f1eaf, org.springframework.security.web.session.SessionManagementFilter@4f966719, org.springframework.security.web.access.ExceptionTranslationFilter@69e05f61, org.springframework.security.web.access.intercept.FilterSecurityInterceptor@6107165]
2021-09-30 19:43:29.215  INFO chetuiwk0165 --- [           main] s.w.s.m.m.a.RequestMappingHandlerAdapter : Looking for @ControllerAdvice: org.springframework.boot.context.embedded.AnnotationConfigEmbeddedWebApplicationContext@5542c4ed: startup date [Thu Sep 30 19:43:27 IST 2021]; root of context hierarchy
2021-09-30 19:43:29.262  INFO chetuiwk0165 --- [           main] s.w.s.m.m.a.RequestMappingHandlerMapping : Mapped "{[/bankingInfo],methods=[POST]}" onto public java.lang.Object org.uhc.controller.BankingInfoController.bankingInfoAPI(org.uhc.envelop.request.BankingInfoRequest)
2021-09-30 19:43:29.265  INFO chetuiwk0165 --- [           main] s.w.s.m.m.a.RequestMappingHandlerMapping : Mapped "{[/cancelPayment],methods=[POST]}" onto public java.lang.Object org.uhc.controller.CancelPaymentController.cancelPaymentAPI(org.uhc.envelop.request.CancelPaymentRequest)
2021-09-30 19:43:29.265  INFO chetuiwk0165 --- [           main] s.w.s.m.m.a.RequestMappingHandlerMapping : Mapped "{[/isLoanExistStopFile/{loanNumber}],methods=[POST]}" onto public java.lang.Object org.uhc.controller.CheckStopFileExistanceController.isLoanAccountInStopFileAPI(long)
2021-09-30 19:43:29.266  INFO chetuiwk0165 --- [           main] s.w.s.m.m.a.RequestMappingHandlerMapping : Mapped "{[/getFirstNames],methods=[POST]}" onto public java.lang.Object org.uhc.controller.GetNamesController.getFirstNamesListAPI(org.uhc.envelop.request.GetNamesRequest)
2021-09-30 19:43:29.267  INFO chetuiwk0165 --- [           main] s.w.s.m.m.a.RequestMappingHandlerMapping : Mapped "{[/getLastNames],methods=[POST]}" onto public java.lang.Object org.uhc.controller.GetNamesController.getLastNamesListAPI(org.uhc.envelop.request.GetNamesRequest)
2021-09-30 19:43:29.267  INFO chetuiwk0165 --- [           main] s.w.s.m.m.a.RequestMappingHandlerMapping : Mapped "{[/getLastNamesForFirstAndLastName],methods=[POST]}" onto public java.lang.Object org.uhc.controller.GetNamesController.getLastNamesListByFirstAndLastNameAPI(org.uhc.envelop.request.GetNamesRequest)
2021-09-30 19:43:29.267  INFO chetuiwk0165 --- [           main] s.w.s.m.m.a.RequestMappingHandlerMapping : Mapped "{[/getFirstNamesForFirstAndLastName],methods=[POST]}" onto public java.lang.Object org.uhc.controller.GetNamesController.getFirstNamesListByFirstAndLastNameAPI(org.uhc.envelop.request.GetNamesRequest)
2021-09-30 19:43:29.267  INFO chetuiwk0165 --- [           main] s.w.s.m.m.a.RequestMappingHandlerMapping : Mapped "{[/getFirstAndLastNamesListForAutocomplete],methods=[POST]}" onto public java.lang.Object org.uhc.controller.GetNamesController.getFirstAndLastNamesListForAutocompleteAPI(org.uhc.envelop.request.GetNamesRequest)
2021-09-30 19:43:29.268  INFO chetuiwk0165 --- [           main] s.w.s.m.m.a.RequestMappingHandlerMapping : Mapped "{[/paymentBatch],methods=[POST]}" onto public java.lang.Object org.uhc.controller.GetPaymentBatchController.getPaymentBatchAPI()
2021-09-30 19:43:29.268  INFO chetuiwk0165 --- [           main] s.w.s.m.m.a.RequestMappingHandlerMapping : Mapped "{[/getScheduledPaymentList],methods=[POST]}" onto public java.lang.Object org.uhc.controller.GetScheduledPaymentListController.getScheduledPaymentListAPI()
2021-09-30 19:43:29.269  INFO chetuiwk0165 --- [           main] s.w.s.m.m.a.RequestMappingHandlerMapping : Mapped "{[/getStatisticDetails],methods=[POST]}" onto public java.lang.Object org.uhc.controller.GetStatisticDetailsController.getStatisticDetailsAPI(org.uhc.envelop.request.GetStatisticDetailsRequest)
2021-09-30 19:43:29.272  INFO chetuiwk0165 --- [           main] s.w.s.m.m.a.RequestMappingHandlerMapping : Mapped "{[/paymentAdvice],methods=[POST]}" onto public java.lang.Object org.uhc.controller.PaymentAdviceController.paymentAdviceAPI(org.uhc.envelop.request.PaymentAdviceReq)
2021-09-30 19:43:29.273  INFO chetuiwk0165 --- [           main] s.w.s.m.m.a.RequestMappingHandlerMapping : Mapped "{[/updatePaymentAdvice],methods=[POST]}" onto public java.lang.Object org.uhc.controller.PaymentAdviceController.updatePaymentAdviceAPI(org.uhc.envelop.request.UpdatePaymentAdviceReq)
2021-09-30 19:43:29.273  INFO chetuiwk0165 --- [           main] s.w.s.m.m.a.RequestMappingHandlerMapping : Mapped "{[/updatePaymentAdviceType],methods=[POST]}" onto public java.lang.Object org.uhc.controller.PaymentAdviceController.updatePaymentAdviceTypeAPI(org.uhc.envelop.request.UpdatePaymentAdviceTypeReq)
2021-09-30 19:43:29.273  INFO chetuiwk0165 --- [           main] s.w.s.m.m.a.RequestMappingHandlerMapping : Mapped "{[/deletProcessAdvicePayment],methods=[POST]}" onto public java.lang.Object org.uhc.controller.PaymentAdviceController.deletProcessAdvicePaymentAPI(org.uhc.envelop.request.DeleteProcessAdvicePaymentReq)
2021-09-30 19:43:29.273  INFO chetuiwk0165 --- [           main] s.w.s.m.m.a.RequestMappingHandlerMapping : Mapped "{[/allPaymentAdvice],methods=[POST]}" onto public java.lang.Object org.uhc.controller.PaymentAdviceController.allPaymentAdviceAPI()
2021-09-30 19:43:29.274  INFO chetuiwk0165 --- [           main] s.w.s.m.m.a.RequestMappingHandlerMapping : Mapped "{[/getPaymentsInProcess],methods=[POST]}" onto public java.lang.Object org.uhc.controller.PaymentsInProcessController.getPaymentsInProcessAPI()
2021-09-30 19:43:29.274  INFO chetuiwk0165 --- [           main] s.w.s.m.m.a.RequestMappingHandlerMapping : Mapped "{[/phonepayCheck/{loanNumber}],methods=[POST]}" onto public java.lang.Object org.uhc.controller.PhonepayCheckController.phonepayCheckAPI(long)
2021-09-30 19:43:29.276  INFO chetuiwk0165 --- [           main] s.w.s.m.m.a.RequestMappingHandlerMapping : Mapped "{[/getProcessPaymentsList],methods=[POST]}" onto public java.lang.Object org.uhc.controller.ProcessPaymnetsController.getProcessPaymentsListAPI()
2021-09-30 19:43:29.276  INFO chetuiwk0165 --- [           main] s.w.s.m.m.a.RequestMappingHandlerMapping : Mapped "{[/getProcessPaymentsLetterNotificationList],methods=[POST]}" onto public java.lang.Object org.uhc.controller.ProcessPaymnetsController.getProcessPaymentsLetterNotificationListAPI(org.uhc.envelop.request.ProcessPaymentPrintLetterReq)
2021-09-30 19:43:29.277  INFO chetuiwk0165 --- [           main] s.w.s.m.m.a.RequestMappingHandlerMapping : Mapped "{[/getProcessPaymentsNotificationList],methods=[POST]}" onto public java.lang.Object org.uhc.controller.ProcessPaymnetsController.getProcessPaymentsNotificationListAPI(org.uhc.envelop.request.ProcessPaymentSendEmailReq)
2021-09-30 19:43:29.277  INFO chetuiwk0165 --- [           main] s.w.s.m.m.a.RequestMappingHandlerMapping : Mapped "{[/researchPayment],methods=[POST]}" onto public java.lang.Object org.uhc.controller.ResearchPaymentController.researchPaymentInfoAPI(org.uhc.envelop.request.ResearchPaymentRequest)
2021-09-30 19:43:29.277  INFO chetuiwk0165 --- [           main] s.w.s.m.m.a.RequestMappingHandlerMapping : Mapped "{[/getResearchPaymentDetails],methods=[POST]}" onto public java.lang.Object org.uhc.controller.ResearchPaymentController.getResearchPaymentInfoAPI(org.uhc.envelop.request.GetResearchPaymentRequest)
2021-09-30 19:43:29.278  INFO chetuiwk0165 --- [           main] s.w.s.m.m.a.RequestMappingHandlerMapping : Mapped "{[/scheduleCheckPayment],methods=[POST]}" onto public java.lang.Object org.uhc.controller.ScheduledCheckPaymentController.scheduleCheckPaymentAPI(org.uhc.envelop.request.CheckPaymentRequest) throws java.lang.Exception
2021-09-30 19:43:29.278  INFO chetuiwk0165 --- [           main] s.w.s.m.m.a.RequestMappingHandlerMapping : Mapped "{[/validateUser],methods=[POST]}" onto public java.lang.Object org.uhc.controller.ValidateUserController.validateUserAPI(org.uhc.envelop.request.ValidateUserRequest)
2021-09-30 19:43:29.279  INFO chetuiwk0165 --- [           main] s.w.s.m.m.a.RequestMappingHandlerMapping : Mapped "{[/error]}" onto public org.springframework.http.ResponseEntity<java.util.Map<java.lang.String, java.lang.Object>> org.springframework.boot.autoconfigure.web.BasicErrorController.error(javax.servlet.http.HttpServletRequest)
2021-09-30 19:43:29.280  INFO chetuiwk0165 --- [           main] s.w.s.m.m.a.RequestMappingHandlerMapping : Mapped "{[/error],produces=[text/html]}" onto public org.springframework.web.servlet.ModelAndView org.springframework.boot.autoconfigure.web.BasicErrorController.errorHtml(javax.servlet.http.HttpServletRequest,javax.servlet.http.HttpServletResponse)
2021-09-30 19:43:29.299  INFO chetuiwk0165 --- [           main] o.s.w.s.h.SimpleUrlHandlerMapping        : Mapped URL path [/webjars/**] onto handler of type [class org.springframework.web.servlet.resource.ResourceHttpRequestHandler]
2021-09-30 19:43:29.300  INFO chetuiwk0165 --- [           main] o.s.w.s.h.SimpleUrlHandlerMapping        : Mapped URL path [/**] onto handler of type [class org.springframework.web.servlet.resource.ResourceHttpRequestHandler]
2021-09-30 19:43:29.325  INFO chetuiwk0165 --- [           main] o.s.w.s.h.SimpleUrlHandlerMapping        : Mapped URL path [/**/favicon.ico] onto handler of type [class org.springframework.web.servlet.resource.ResourceHttpRequestHandler]
2021-09-30 19:43:29.420  INFO chetuiwk0165 --- [           main] o.s.j.e.a.AnnotationMBeanExporter        : Registering beans for JMX exposure on startup
2021-09-30 19:43:29.431  INFO chetuiwk0165 --- [           main] o.a.c.h.Http11NioProtocol                : Initializing ProtocolHandler ["http-nio-8080"]
2021-09-30 19:43:29.440  INFO chetuiwk0165 --- [           main] o.a.c.h.Http11NioProtocol                : Starting ProtocolHandler ["http-nio-8080"]
2021-09-30 19:43:29.456  INFO chetuiwk0165 --- [           main] o.a.t.u.n.NioSelectorPool                : Using a shared selector for servlet write/read
2021-09-30 19:43:29.466  INFO chetuiwk0165 --- [           main] s.b.c.e.t.TomcatEmbeddedServletContainer : Tomcat started on port(s): 8080 (http)
2021-09-30 19:43:29.468  INFO chetuiwk0165 --- [           main] o.u.PhonePayAPIApplication               : Started PhonePayAPIApplication in 2.56 seconds (JVM running for 3.146)
