2022-01-16 14:51:26.304  INFO chetuiwk0165 --- [           main] o.u.PhonePayAPIApplication               : Starting PhonePayAPIApplication on chetuiwk0165 with PID 25668 (E:\UtahHousingCorp-MGLD\PhonePayWorkspace_12April\PhonePayBackend\target\classes started by pradeepy in E:\UtahHousingCorp-MGLD\PhonePayWorkspace_12April\PhonePayBackend)
2022-01-16 14:51:26.317  INFO chetuiwk0165 --- [           main] o.u.PhonePayAPIApplication               : No active profile set, falling back to default profiles: default
2022-01-16 14:51:26.348  INFO chetuiwk0165 --- [           main] ationConfigEmbeddedWebApplicationContext : Refreshing org.springframework.boot.context.embedded.AnnotationConfigEmbeddedWebApplicationContext@4e7912d8: startup date [Sun Jan 16 14:51:26 IST 2022]; root of context hierarchy
2022-01-16 14:51:26.538  INFO chetuiwk0165 --- [kground-preinit] o.h.v.i.u.Version                        : HV000001: Hibernate Validator 5.3.5.Final
2022-01-16 14:51:27.733  INFO chetuiwk0165 --- [           main] s.b.c.e.t.TomcatEmbeddedServletContainer : Tomcat initialized with port(s): 8080 (http)
2022-01-16 14:51:27.746  INFO chetuiwk0165 --- [           main] o.a.c.c.StandardService                  : Starting service [Tomcat]
2022-01-16 14:51:27.746  INFO chetuiwk0165 --- [           main] o.a.c.c.StandardEngine                   : Starting Servlet Engine: Apache Tomcat/8.5.16
2022-01-16 14:51:27.852  INFO chetuiwk0165 --- [ost-startStop-1] o.a.c.c.C.[.[.[/]                        : Initializing Spring embedded WebApplicationContext
2022-01-16 14:51:27.852  INFO chetuiwk0165 --- [ost-startStop-1] o.s.w.c.ContextLoader                    : Root WebApplicationContext: initialization completed in 1507 ms
2022-01-16 14:51:27.979  INFO chetuiwk0165 --- [ost-startStop-1] o.s.b.w.s.FilterRegistrationBean         : Mapping filter: 'CORSFilter' to: [/*]
2022-01-16 14:51:27.979  INFO chetuiwk0165 --- [ost-startStop-1] o.s.b.w.s.FilterRegistrationBean         : Mapping filter: 'characterEncodingFilter' to: [/*]
2022-01-16 14:51:27.981  INFO chetuiwk0165 --- [ost-startStop-1] o.s.b.w.s.FilterRegistrationBean         : Mapping filter: 'hiddenHttpMethodFilter' to: [/*]
2022-01-16 14:51:27.982  INFO chetuiwk0165 --- [ost-startStop-1] o.s.b.w.s.FilterRegistrationBean         : Mapping filter: 'httpPutFormContentFilter' to: [/*]
2022-01-16 14:51:27.982  INFO chetuiwk0165 --- [ost-startStop-1] o.s.b.w.s.FilterRegistrationBean         : Mapping filter: 'requestContextFilter' to: [/*]
2022-01-16 14:51:27.983  INFO chetuiwk0165 --- [ost-startStop-1] .s.DelegatingFilterProxyRegistrationBean : Mapping filter: 'springSecurityFilterChain' to: [/*]
2022-01-16 14:51:27.983  INFO chetuiwk0165 --- [ost-startStop-1] o.s.b.w.s.ServletRegistrationBean        : Mapping servlet: 'dispatcherServlet' to [/]
2022-01-16 14:51:28.411  INFO chetuiwk0165 --- [           main] b.a.s.AuthenticationManagerConfiguration : 

Using default security password: f7617a2a-e92e-4449-84c0-af895b16648c

2022-01-16 14:51:28.552  INFO chetuiwk0165 --- [           main] o.s.s.w.DefaultSecurityFilterChain       : Creating filter chain: org.springframework.security.web.util.matcher.AnyRequestMatcher@1, [org.springframework.security.web.context.request.async.WebAsyncManagerIntegrationFilter@476e8796, org.springframework.security.web.context.SecurityContextPersistenceFilter@8ee0c23, org.springframework.security.web.header.HeaderWriterFilter@10fbbdb, org.springframework.security.web.authentication.logout.LogoutFilter@46731692, org.springframework.security.web.savedrequest.RequestCacheAwareFilter@4dc8c0ea, org.springframework.security.web.servletapi.SecurityContextHolderAwareRequestFilter@4aedaf61, org.springframework.security.web.authentication.AnonymousAuthenticationFilter@4eed2acf, org.springframework.security.web.session.SessionManagementFilter@20a05b32, org.springframework.security.web.access.ExceptionTranslationFilter@7bca6fac, org.springframework.security.web.access.intercept.FilterSecurityInterceptor@5fbdc49b]
2022-01-16 14:51:28.693  INFO chetuiwk0165 --- [           main] s.w.s.m.m.a.RequestMappingHandlerAdapter : Looking for @ControllerAdvice: org.springframework.boot.context.embedded.AnnotationConfigEmbeddedWebApplicationContext@4e7912d8: startup date [Sun Jan 16 14:51:26 IST 2022]; root of context hierarchy
2022-01-16 14:51:28.738  INFO chetuiwk0165 --- [           main] s.w.s.m.m.a.RequestMappingHandlerMapping : Mapped "{[/bankingInfo],methods=[POST]}" onto public java.lang.Object org.uhc.controller.BankingInfoController.bankingInfoAPI(org.uhc.envelop.request.BankingInfoRequest)
2022-01-16 14:51:28.739  INFO chetuiwk0165 --- [           main] s.w.s.m.m.a.RequestMappingHandlerMapping : Mapped "{[/cancelPayment],methods=[POST]}" onto public java.lang.Object org.uhc.controller.CancelPaymentController.cancelPaymentAPI(org.uhc.envelop.request.CancelPaymentRequest)
2022-01-16 14:51:28.740  INFO chetuiwk0165 --- [           main] s.w.s.m.m.a.RequestMappingHandlerMapping : Mapped "{[/isLoanExistStopFile/{loanNumber}],methods=[POST]}" onto public java.lang.Object org.uhc.controller.CheckStopFileExistanceController.isLoanAccountInStopFileAPI(long)
2022-01-16 14:51:28.741  INFO chetuiwk0165 --- [           main] s.w.s.m.m.a.RequestMappingHandlerMapping : Mapped "{[/getLastNamesForFirstAndLastName],methods=[POST]}" onto public java.lang.Object org.uhc.controller.GetNamesController.getLastNamesListByFirstAndLastNameAPI(org.uhc.envelop.request.GetNamesRequest)
2022-01-16 14:51:28.741  INFO chetuiwk0165 --- [           main] s.w.s.m.m.a.RequestMappingHandlerMapping : Mapped "{[/getFirstNamesForFirstAndLastName],methods=[POST]}" onto public java.lang.Object org.uhc.controller.GetNamesController.getFirstNamesListByFirstAndLastNameAPI(org.uhc.envelop.request.GetNamesRequest)
2022-01-16 14:51:28.741  INFO chetuiwk0165 --- [           main] s.w.s.m.m.a.RequestMappingHandlerMapping : Mapped "{[/getFirstAndLastNamesListForAutocomplete],methods=[POST]}" onto public java.lang.Object org.uhc.controller.GetNamesController.getFirstAndLastNamesListForAutocompleteAPI(org.uhc.envelop.request.GetNamesRequest)
2022-01-16 14:51:28.742  INFO chetuiwk0165 --- [           main] s.w.s.m.m.a.RequestMappingHandlerMapping : Mapped "{[/getFirstNames],methods=[POST]}" onto public java.lang.Object org.uhc.controller.GetNamesController.getFirstNamesListAPI(org.uhc.envelop.request.GetNamesRequest)
2022-01-16 14:51:28.742  INFO chetuiwk0165 --- [           main] s.w.s.m.m.a.RequestMappingHandlerMapping : Mapped "{[/getLastNames],methods=[POST]}" onto public java.lang.Object org.uhc.controller.GetNamesController.getLastNamesListAPI(org.uhc.envelop.request.GetNamesRequest)
2022-01-16 14:51:28.742  INFO chetuiwk0165 --- [           main] s.w.s.m.m.a.RequestMappingHandlerMapping : Mapped "{[/paymentBatch],methods=[POST]}" onto public java.lang.Object org.uhc.controller.GetPaymentBatchController.getPaymentBatchAPI()
2022-01-16 14:51:28.743  INFO chetuiwk0165 --- [           main] s.w.s.m.m.a.RequestMappingHandlerMapping : Mapped "{[/getScheduledPaymentList],methods=[POST]}" onto public java.lang.Object org.uhc.controller.GetScheduledPaymentListController.getScheduledPaymentListAPI()
2022-01-16 14:51:28.743  INFO chetuiwk0165 --- [           main] s.w.s.m.m.a.RequestMappingHandlerMapping : Mapped "{[/getStatisticDetails],methods=[POST]}" onto public java.lang.Object org.uhc.controller.GetStatisticDetailsController.getStatisticDetailsAPI(org.uhc.envelop.request.GetStatisticDetailsRequest)
2022-01-16 14:51:28.745  INFO chetuiwk0165 --- [           main] s.w.s.m.m.a.RequestMappingHandlerMapping : Mapped "{[/updatePaymentAdviceType],methods=[POST]}" onto public java.lang.Object org.uhc.controller.PaymentAdviceController.updatePaymentAdviceTypeAPI(org.uhc.envelop.request.UpdatePaymentAdviceTypeReq)
2022-01-16 14:51:28.746  INFO chetuiwk0165 --- [           main] s.w.s.m.m.a.RequestMappingHandlerMapping : Mapped "{[/allPaymentAdvice],methods=[POST]}" onto public java.lang.Object org.uhc.controller.PaymentAdviceController.allPaymentAdviceAPI()
2022-01-16 14:51:28.746  INFO chetuiwk0165 --- [           main] s.w.s.m.m.a.RequestMappingHandlerMapping : Mapped "{[/deletProcessAdvicePayment],methods=[POST]}" onto public java.lang.Object org.uhc.controller.PaymentAdviceController.deletProcessAdvicePaymentAPI(org.uhc.envelop.request.DeleteProcessAdvicePaymentReq)
2022-01-16 14:51:28.746  INFO chetuiwk0165 --- [           main] s.w.s.m.m.a.RequestMappingHandlerMapping : Mapped "{[/updatePaymentAdvice],methods=[POST]}" onto public java.lang.Object org.uhc.controller.PaymentAdviceController.updatePaymentAdviceAPI(org.uhc.envelop.request.UpdatePaymentAdviceReq)
2022-01-16 14:51:28.746  INFO chetuiwk0165 --- [           main] s.w.s.m.m.a.RequestMappingHandlerMapping : Mapped "{[/paymentAdvice],methods=[POST]}" onto public java.lang.Object org.uhc.controller.PaymentAdviceController.paymentAdviceAPI(org.uhc.envelop.request.PaymentAdviceReq)
2022-01-16 14:51:28.747  INFO chetuiwk0165 --- [           main] s.w.s.m.m.a.RequestMappingHandlerMapping : Mapped "{[/getPaymentsInProcess],methods=[POST]}" onto public java.lang.Object org.uhc.controller.PaymentsInProcessController.getPaymentsInProcessAPI()
2022-01-16 14:51:28.748  INFO chetuiwk0165 --- [           main] s.w.s.m.m.a.RequestMappingHandlerMapping : Mapped "{[/phonepayCheck/{loanNumber}],methods=[POST]}" onto public java.lang.Object org.uhc.controller.PhonepayCheckController.phonepayCheckAPI(long)
2022-01-16 14:51:28.749  INFO chetuiwk0165 --- [           main] s.w.s.m.m.a.RequestMappingHandlerMapping : Mapped "{[/getProcessPaymentsNotificationList],methods=[POST]}" onto public java.lang.Object org.uhc.controller.ProcessPaymnetsController.getProcessPaymentsNotificationListAPI(org.uhc.envelop.request.ProcessPaymentSendEmailReq)
2022-01-16 14:51:28.750  INFO chetuiwk0165 --- [           main] s.w.s.m.m.a.RequestMappingHandlerMapping : Mapped "{[/getProcessPaymentsLetterNotificationList],methods=[POST]}" onto public java.lang.Object org.uhc.controller.ProcessPaymnetsController.getProcessPaymentsLetterNotificationListAPI(org.uhc.envelop.request.ProcessPaymentPrintLetterReq)
2022-01-16 14:51:28.750  INFO chetuiwk0165 --- [           main] s.w.s.m.m.a.RequestMappingHandlerMapping : Mapped "{[/getProcessPaymentsList],methods=[POST]}" onto public java.lang.Object org.uhc.controller.ProcessPaymnetsController.getProcessPaymentsListAPI()
2022-01-16 14:51:28.750  INFO chetuiwk0165 --- [           main] s.w.s.m.m.a.RequestMappingHandlerMapping : Mapped "{[/researchPayment],methods=[POST]}" onto public java.lang.Object org.uhc.controller.ResearchPaymentController.researchPaymentInfoAPI(org.uhc.envelop.request.ResearchPaymentRequest)
2022-01-16 14:51:28.751  INFO chetuiwk0165 --- [           main] s.w.s.m.m.a.RequestMappingHandlerMapping : Mapped "{[/getResearchPaymentDetails],methods=[POST]}" onto public java.lang.Object org.uhc.controller.ResearchPaymentController.getResearchPaymentInfoAPI(org.uhc.envelop.request.GetResearchPaymentRequest)
2022-01-16 14:51:28.751  INFO chetuiwk0165 --- [           main] s.w.s.m.m.a.RequestMappingHandlerMapping : Mapped "{[/scheduleCheckPayment],methods=[POST]}" onto public java.lang.Object org.uhc.controller.ScheduledCheckPaymentController.scheduleCheckPaymentAPI(org.uhc.envelop.request.CheckPaymentRequest) throws java.lang.Exception
2022-01-16 14:51:28.752  INFO chetuiwk0165 --- [           main] s.w.s.m.m.a.RequestMappingHandlerMapping : Mapped "{[/validateUser],methods=[POST]}" onto public java.lang.Object org.uhc.controller.ValidateUserController.validateUserAPI(org.uhc.envelop.request.ValidateUserRequest)
2022-01-16 14:51:28.753  INFO chetuiwk0165 --- [           main] s.w.s.m.m.a.RequestMappingHandlerMapping : Mapped "{[/error]}" onto public org.springframework.http.ResponseEntity<java.util.Map<java.lang.String, java.lang.Object>> org.springframework.boot.autoconfigure.web.BasicErrorController.error(javax.servlet.http.HttpServletRequest)
2022-01-16 14:51:28.753  INFO chetuiwk0165 --- [           main] s.w.s.m.m.a.RequestMappingHandlerMapping : Mapped "{[/error],produces=[text/html]}" onto public org.springframework.web.servlet.ModelAndView org.springframework.boot.autoconfigure.web.BasicErrorController.errorHtml(javax.servlet.http.HttpServletRequest,javax.servlet.http.HttpServletResponse)
2022-01-16 14:51:28.769  INFO chetuiwk0165 --- [           main] o.s.w.s.h.SimpleUrlHandlerMapping        : Mapped URL path [/webjars/**] onto handler of type [class org.springframework.web.servlet.resource.ResourceHttpRequestHandler]
2022-01-16 14:51:28.769  INFO chetuiwk0165 --- [           main] o.s.w.s.h.SimpleUrlHandlerMapping        : Mapped URL path [/**] onto handler of type [class org.springframework.web.servlet.resource.ResourceHttpRequestHandler]
2022-01-16 14:51:28.840  INFO chetuiwk0165 --- [           main] o.s.w.s.h.SimpleUrlHandlerMapping        : Mapped URL path [/**/favicon.ico] onto handler of type [class org.springframework.web.servlet.resource.ResourceHttpRequestHandler]
2022-01-16 14:51:28.972  INFO chetuiwk0165 --- [           main] o.s.j.e.a.AnnotationMBeanExporter        : Registering beans for JMX exposure on startup
2022-01-16 14:51:28.983  INFO chetuiwk0165 --- [           main] o.a.c.h.Http11NioProtocol                : Initializing ProtocolHandler ["http-nio-8080"]
2022-01-16 14:51:28.994  INFO chetuiwk0165 --- [           main] o.a.c.h.Http11NioProtocol                : Starting ProtocolHandler ["http-nio-8080"]
2022-01-16 14:51:29.018  INFO chetuiwk0165 --- [           main] o.a.t.u.n.NioSelectorPool                : Using a shared selector for servlet write/read
2022-01-16 14:51:29.028  INFO chetuiwk0165 --- [           main] s.b.c.e.t.TomcatEmbeddedServletContainer : Tomcat started on port(s): 8080 (http)
2022-01-16 14:51:29.031  INFO chetuiwk0165 --- [           main] o.u.PhonePayAPIApplication               : Started PhonePayAPIApplication in 2.897 seconds (JVM running for 4.001)
2022-01-16 14:52:31.603  INFO chetuiwk0165 --- [nio-8080-exec-1] o.a.c.c.C.[.[.[/]                        : Initializing Spring FrameworkServlet 'dispatcherServlet'
2022-01-16 14:52:31.603  INFO chetuiwk0165 --- [nio-8080-exec-1] o.s.w.s.DispatcherServlet                : FrameworkServlet 'dispatcherServlet': initialization started
2022-01-16 14:52:31.616  INFO chetuiwk0165 --- [nio-8080-exec-1] o.s.w.s.DispatcherServlet                : FrameworkServlet 'dispatcherServlet': initialization completed in 13 ms
2022-01-16 14:52:31.654  INFO chetuiwk0165 --- [nio-8080-exec-2] o.u.c.PhonepayCheckController            : Phone-Pay Check API called for : 1038060
2022-01-16 14:52:31.654  INFO chetuiwk0165 --- [nio-8080-exec-2] o.u.s.i.PhonepayCheckServiceImpl         : Entering into getBorrowersInfo method with loan number : 1038060
2022-01-16 14:52:31.667  INFO chetuiwk0165 --- [nio-8080-exec-2] o.u.d.i.UserDaoImpl                      : The loan number, user name enterd is :
2022-01-16 14:53:05.226  INFO chetuiwk0165 --- [nio-8080-exec-2] o.u.d.i.UserDaoImpl                      : List of Borrower is: [org.uhc.dao.dto.BorrowerInfoDto@1fdeba7e, org.uhc.dao.dto.BorrowerInfoDto@13799881]
2022-01-16 14:53:05.226  INFO chetuiwk0165 --- [nio-8080-exec-2] o.u.d.i.UserDaoImpl                      : getUserByLoanNumber, loanNumber = 
2022-01-16 14:53:07.121  INFO chetuiwk0165 --- [nio-8080-exec-2] o.u.d.i.UserDaoImpl                      : For Property Details, Loan number entered is 
2022-01-16 14:53:08.919  INFO chetuiwk0165 --- [nio-8080-exec-2] o.u.d.i.UserDaoImpl                      : Property Details are : 
2022-01-16 14:53:08.919  INFO chetuiwk0165 --- [nio-8080-exec-2] o.u.d.i.UserDaoImpl                      : To loan number, user name enterd is :
2022-01-16 14:53:10.734  INFO chetuiwk0165 --- [nio-8080-exec-2] o.u.d.i.UserDaoImpl                      : List of loan number is: [1038060, 91038060]
2022-01-16 14:53:10.734  INFO chetuiwk0165 --- [nio-8080-exec-2] o.u.d.i.UserDaoImpl                      : For Getting Mailing Adress, Loan number entered is 
2022-01-16 14:53:12.575  INFO chetuiwk0165 --- [nio-8080-exec-2] o.u.d.i.UserDaoImpl                      : Mailing Adress is : 
2022-01-16 14:53:12.575  INFO chetuiwk0165 --- [nio-8080-exec-2] o.u.d.i.UserDaoImpl                      : For getting Loan Account details, Loan number entered is
2022-01-16 14:53:14.537  INFO chetuiwk0165 --- [nio-8080-exec-2] o.u.d.i.UserDaoImpl                      : Loan account details by loan number is :
2022-01-16 14:53:14.538  INFO chetuiwk0165 --- [nio-8080-exec-2] o.u.s.i.PhonepayCheckServiceImpl         : Entering into isThereAnActiveTodayPayment method
2022-01-16 14:53:14.538  INFO chetuiwk0165 --- [nio-8080-exec-2] o.u.d.i.UserDaoImpl                      : query active payments that the type is: Today
2022-01-16 14:53:28.326  INFO chetuiwk0165 --- [nio-8080-exec-2] o.u.s.i.PhonepayCheckServiceImpl         : There is an active today-type payment.
2022-01-16 14:53:28.326  INFO chetuiwk0165 --- [nio-8080-exec-2] o.u.s.i.PhonepayCheckServiceImpl         : Exit From isThereAnActiveTodayPayment method
2022-01-16 14:53:28.326  INFO chetuiwk0165 --- [nio-8080-exec-2] o.u.s.i.PhonepayCheckServiceImpl         : Entering into buildPaymentConfirmationNumber method
2022-01-16 14:53:30.300  INFO chetuiwk0165 --- [nio-8080-exec-2] o.u.d.i.UserDaoImpl                      : For getting Loan Account details, Loan number entered is
2022-01-16 14:53:32.147  INFO chetuiwk0165 --- [nio-8080-exec-2] o.u.d.i.UserDaoImpl                      : Loan account details by loan number is :
2022-01-16 14:53:32.147  INFO chetuiwk0165 --- [nio-8080-exec-2] o.u.s.i.PhonepayCheckServiceImpl         : Entering into isThereAnActiveTodayPayment method
2022-01-16 14:53:32.148  INFO chetuiwk0165 --- [nio-8080-exec-2] o.u.d.i.UserDaoImpl                      : query active payments that the type is: Today
2022-01-16 14:53:32.448  INFO chetuiwk0165 --- [nio-8080-exec-2] o.u.s.i.PhonepayCheckServiceImpl         : There is an active today-type payment.
2022-01-16 14:53:32.448  INFO chetuiwk0165 --- [nio-8080-exec-2] o.u.s.i.PhonepayCheckServiceImpl         : Exit From isThereAnActiveTodayPayment method
2022-01-16 14:53:32.449  INFO chetuiwk0165 --- [nio-8080-exec-2] o.u.s.i.PhonepayCheckServiceImpl         : Entering into buildPaymentConfirmationNumber method
2022-01-16 14:53:34.234  INFO chetuiwk0165 --- [nio-8080-exec-2] o.u.s.i.PhonepayCheckServiceImpl         : There is an active today-type payment.
2022-01-16 14:53:34.596  INFO chetuiwk0165 --- [nio-8080-exec-2] o.u.d.i.UserDaoImpl                      : Other Fee List : 
2022-01-16 14:53:36.986  INFO chetuiwk0165 --- [nio-8080-exec-2] o.u.d.i.UserDaoImpl                      : Other Fee List : 
2022-01-16 14:53:38.785  INFO chetuiwk0165 --- [nio-8080-exec-2] o.u.s.i.PhonepayCheckServiceImpl         : Exit from getBorrowersInfo method
2022-01-16 14:53:38.952  INFO chetuiwk0165 --- [nio-8080-exec-8] o.u.c.CheckStopFileExistanceController   : Cancel Payment Service API is called: 91038060
2022-01-16 14:53:38.952  INFO chetuiwk0165 --- [nio-8080-exec-7] o.u.c.CheckStopFileExistanceController   : Cancel Payment Service API is called: 1038060
2022-01-16 14:53:38.952  INFO chetuiwk0165 --- [nio-8080-exec-7] .u.s.i.CheckStopFileExistanceServiceImpl : Entering into isLoanAccountInStopFile method with loan number : 1038060
2022-01-16 14:53:38.952  INFO chetuiwk0165 --- [nio-8080-exec-8] .u.s.i.CheckStopFileExistanceServiceImpl : Entering into isLoanAccountInStopFile method with loan number : 91038060
2022-01-16 14:53:38.974  INFO chetuiwk0165 --- [nio-8080-exec-4] o.u.c.BankingInfoController              : banking Info API called: BankingInfoRequest [routingNum=324377516]
2022-01-16 14:53:38.975  INFO chetuiwk0165 --- [nio-8080-exec-4] o.u.s.i.BankingInfoServiceImpl           : Entering into getBankingInfo method
2022-01-16 14:53:40.818  INFO chetuiwk0165 --- [nio-8080-exec-7] o.u.d.i.UserDaoImpl                      : loan account is not available in stopfile
2022-01-16 14:53:41.127  INFO chetuiwk0165 --- [nio-8080-exec-8] o.u.d.i.UserDaoImpl                      : loan account is not available in stopfile
2022-01-16 14:53:43.165  INFO chetuiwk0165 --- [nio-8080-exec-4] o.u.s.i.BankingInfoServiceImpl           : Exit from getBankingInfo method
2022-01-16 14:54:05.935  INFO chetuiwk0165 --- [nio-8080-exec-3] o.u.c.CancelPaymentController            : Cancel Payment Service API is called: org.uhc.envelop.request.CancelPaymentRequest@412b8a59
2022-01-16 14:54:05.935  INFO chetuiwk0165 --- [nio-8080-exec-3] o.u.s.i.CancelPaymentServiceImpl         : Entering into cancelPayment method
2022-01-16 14:54:05.936  INFO chetuiwk0165 --- [nio-8080-exec-3] o.u.d.i.UserDaoImpl                      : Retrieving scheduled payment by scheduledPaymentId. ScheduledPaymentId: {}4217
2022-01-16 14:54:06.250  INFO chetuiwk0165 --- [nio-8080-exec-3] o.u.d.i.UserDaoImpl                      : Attempting to cancel payment
2022-01-16 14:54:06.615  INFO chetuiwk0165 --- [nio-8080-exec-3] o.u.d.i.UserDaoImpl                      : Payment was successfully canceled. Payment ID: 4217
2022-01-16 14:54:06.615  INFO chetuiwk0165 --- [nio-8080-exec-3] o.u.d.i.UserDaoImpl                      : Retrieving scheduled payment by scheduledPaymentId. ScheduledPaymentId: {}4218
2022-01-16 14:54:06.916  INFO chetuiwk0165 --- [nio-8080-exec-3] o.u.d.i.UserDaoImpl                      : Attempting to cancel payment
2022-01-16 14:54:07.220  INFO chetuiwk0165 --- [nio-8080-exec-3] o.u.d.i.UserDaoImpl                      : Payment was successfully canceled. Payment ID: 4218
2022-01-16 14:55:43.498  INFO chetuiwk0165 --- [nio-8080-exec-6] o.u.c.PhonepayCheckController            : Phone-Pay Check API called for : 1038060
2022-01-16 14:55:43.498  INFO chetuiwk0165 --- [nio-8080-exec-6] o.u.s.i.PhonepayCheckServiceImpl         : Entering into getBorrowersInfo method with loan number : 1038060
2022-01-16 14:55:43.498  INFO chetuiwk0165 --- [nio-8080-exec-6] o.u.d.i.UserDaoImpl                      : The loan number, user name enterd is :
2022-01-16 14:55:45.386  INFO chetuiwk0165 --- [nio-8080-exec-6] o.u.d.i.UserDaoImpl                      : List of Borrower is: [org.uhc.dao.dto.BorrowerInfoDto@3df72380, org.uhc.dao.dto.BorrowerInfoDto@212afc2d]
2022-01-16 14:55:45.386  INFO chetuiwk0165 --- [nio-8080-exec-6] o.u.d.i.UserDaoImpl                      : getUserByLoanNumber, loanNumber = 
2022-01-16 14:55:47.256  INFO chetuiwk0165 --- [nio-8080-exec-6] o.u.d.i.UserDaoImpl                      : For Property Details, Loan number entered is 
2022-01-16 14:55:49.085  INFO chetuiwk0165 --- [nio-8080-exec-6] o.u.d.i.UserDaoImpl                      : Property Details are : 
2022-01-16 14:55:49.086  INFO chetuiwk0165 --- [nio-8080-exec-6] o.u.d.i.UserDaoImpl                      : To loan number, user name enterd is :
2022-01-16 14:55:51.232  INFO chetuiwk0165 --- [nio-8080-exec-6] o.u.d.i.UserDaoImpl                      : List of loan number is: [1038060, 91038060]
2022-01-16 14:55:51.232  INFO chetuiwk0165 --- [nio-8080-exec-6] o.u.d.i.UserDaoImpl                      : For Getting Mailing Adress, Loan number entered is 
2022-01-16 14:55:53.165  INFO chetuiwk0165 --- [nio-8080-exec-6] o.u.d.i.UserDaoImpl                      : Mailing Adress is : 
2022-01-16 14:55:53.166  INFO chetuiwk0165 --- [nio-8080-exec-6] o.u.d.i.UserDaoImpl                      : For getting Loan Account details, Loan number entered is
2022-01-16 14:55:55.046  INFO chetuiwk0165 --- [nio-8080-exec-6] o.u.d.i.UserDaoImpl                      : Loan account details by loan number is :
2022-01-16 14:55:55.046  INFO chetuiwk0165 --- [nio-8080-exec-6] o.u.s.i.PhonepayCheckServiceImpl         : Entering into isThereAnActiveTodayPayment method
2022-01-16 14:55:55.046  INFO chetuiwk0165 --- [nio-8080-exec-6] o.u.d.i.UserDaoImpl                      : query active payments that the type is: Today
2022-01-16 14:55:55.353  INFO chetuiwk0165 --- [nio-8080-exec-6] o.u.s.i.PhonepayCheckServiceImpl         : No active today-type payment found.
2022-01-16 14:55:55.353  INFO chetuiwk0165 --- [nio-8080-exec-6] o.u.s.i.PhonepayCheckServiceImpl         : Entering into buildPaymentConfirmationNumber method
2022-01-16 14:55:57.274  INFO chetuiwk0165 --- [nio-8080-exec-6] o.u.d.i.UserDaoImpl                      : For getting Loan Account details, Loan number entered is
2022-01-16 14:55:59.143  INFO chetuiwk0165 --- [nio-8080-exec-6] o.u.d.i.UserDaoImpl                      : Loan account details by loan number is :
2022-01-16 14:55:59.144  INFO chetuiwk0165 --- [nio-8080-exec-6] o.u.s.i.PhonepayCheckServiceImpl         : Entering into isThereAnActiveTodayPayment method
2022-01-16 14:55:59.144  INFO chetuiwk0165 --- [nio-8080-exec-6] o.u.d.i.UserDaoImpl                      : query active payments that the type is: Today
2022-01-16 14:55:59.443  INFO chetuiwk0165 --- [nio-8080-exec-6] o.u.s.i.PhonepayCheckServiceImpl         : No active today-type payment found.
2022-01-16 14:55:59.444  INFO chetuiwk0165 --- [nio-8080-exec-6] o.u.s.i.PhonepayCheckServiceImpl         : Entering into buildPaymentConfirmationNumber method
2022-01-16 14:56:01.284  INFO chetuiwk0165 --- [nio-8080-exec-6] o.u.s.i.PhonepayCheckServiceImpl         : No active today-type payment found.
2022-01-16 14:56:01.599  INFO chetuiwk0165 --- [nio-8080-exec-6] o.u.s.i.PhonepayCheckServiceImpl         : Exit from getBorrowersInfo method
